[0.060s] Invoking command in '/home/alex/ros2_ws/build/my_robot_interfaces': CMAKE_PREFIX_PATH=${CMAKE_PREFIX_PATH}:/home/alex/ros2_ws/install/my_py_pkg:/opt/ros/humble /usr/bin/cmake /home/alex/ros2_ws/src/my_robot_interfaces -DCMAKE_INSTALL_PREFIX=/home/alex/ros2_ws/install/my_robot_interfaces
[0.166s] -- The C compiler identification is GNU 11.4.0
[0.575s] -- The CXX compiler identification is GNU 11.4.0
[0.870s] -- Detecting C compiler ABI info
[0.988s] -- Detecting C compiler ABI info - done
[0.994s] -- Check for working C compiler: /usr/bin/cc - skipped
[0.994s] -- Detecting C compile features
[0.994s] -- Detecting C compile features - done
[0.997s] -- Detecting CXX compiler ABI info
[1.117s] -- Detecting CXX compiler ABI info - done
[1.123s] -- Check for working CXX compiler: /usr/bin/c++ - skipped
[1.123s] -- Detecting CXX compile features
[1.124s] -- Detecting CXX compile features - done
[1.125s] -- Found ament_cmake: 1.3.5 (/opt/ros/humble/share/ament_cmake/cmake)
[1.262s] -- Found Python3: /usr/bin/python3.10 (found version "3.10.12") found components: Interpreter 
[1.332s] -- Found rosidl_default_generators: 1.2.0 (/opt/ros/humble/share/rosidl_default_generators/cmake)
[1.335s] -- Using all available rosidl_typesupport_c: rosidl_typesupport_fastrtps_c;rosidl_typesupport_introspection_c
[1.339s] -- Found rosidl_adapter: 3.1.5 (/opt/ros/humble/share/rosidl_adapter/cmake)
[1.488s] -- Using all available rosidl_typesupport_cpp: rosidl_typesupport_fastrtps_cpp;rosidl_typesupport_introspection_cpp
[1.516s] [31mCMake Error at CMakeLists.txt:15 (rosidl_default_generators):
[1.516s]   Unknown CMake command "rosidl_default_generators".
[1.516s] 
[1.516s] [0m
[1.516s] -- Configuring incomplete, errors occurred!
[1.517s] See also "/home/alex/ros2_ws/build/my_robot_interfaces/CMakeFiles/CMakeOutput.log".
[1.524s] Invoked command in '/home/alex/ros2_ws/build/my_robot_interfaces' returned '1': CMAKE_PREFIX_PATH=${CMAKE_PREFIX_PATH}:/home/alex/ros2_ws/install/my_py_pkg:/opt/ros/humble /usr/bin/cmake /home/alex/ros2_ws/src/my_robot_interfaces -DCMAKE_INSTALL_PREFIX=/home/alex/ros2_ws/install/my_robot_interfaces
