[0.143s] Invoking command in '/home/alex/ros2_ws/build/turtlesim': CMAKE_PREFIX_PATH=/home/alex/rmf_ws/install/rmf_demos_gz_classic:/home/alex/rmf_ws/install/rmf_demos_gz:/home/alex/rmf_ws/install/rmf_demos:/home/alex/rmf_ws/install/rmf_demos_maps:/home/alex/rmf_ws/install/rmf_demos_dashboard_resources:/home/alex/rmf_ws/install/rmf_demos_assets:/home/alex/ros2_ws/install/webots_ros2_control:/home/alex/ros2_ws/install/webots_ros2_driver:/home/alex/ros2_ws/install/webots_ros2_msgs:/home/alex/rmf_ws/install/rmf_demos_tasks:/home/alex/rmf_ws/install/rmf_demos_panel:/home/alex/rmf_ws/install/rmf_demos_fleet_adapter:/home/alex/rmf_ws/install/rmf_demos_bridges:/home/alex/ros2_ws/install/webots_ros2:/home/alex/ros2_ws/install/webots_ros2_universal_robot:/home/alex/ros2_ws/install/webots_ros2_turtlebot:/home/alex/ros2_ws/install/webots_ros2_tiago:/home/alex/ros2_ws/install/webots_ros2_tests:/home/alex/ros2_ws/install/webots_ros2_tesla:/home/alex/ros2_ws/install/webots_ros2_mavic:/home/alex/ros2_ws/install/webots_ros2_epuck:/home/alex/ros2_ws/install/webots_ros2_importer:/home/alex/ros2_ws/install/my_py_pkg:/opt/ros/humble:/home/alex/ros2_ws/install/turtlesim:/home/alex/ros2_ws/install/my_robot_interfaces:/home/alex/ros2_ws/install/my_cpp_pkg /usr/bin/cmake /home/alex/ros2_ws/src/ros_tutorials/turtlesim -DCMAKE_INSTALL_PREFIX=/home/alex/ros2_ws/install/turtlesim
[0.157s] -- Found ament_cmake: 1.3.7 (/opt/ros/humble/share/ament_cmake/cmake)
[0.450s] -- Found ament_index_cpp: 1.4.0 (/opt/ros/humble/share/ament_index_cpp/cmake)
[0.451s] -- Found geometry_msgs: 4.2.3 (/opt/ros/humble/share/geometry_msgs/cmake)
[0.493s] -- Found rosidl_generator_c: 3.1.5 (/opt/ros/humble/share/rosidl_generator_c/cmake)
[0.496s] -- Found rosidl_adapter: 3.1.5 (/opt/ros/humble/share/rosidl_adapter/cmake)
[0.505s] -- Found rosidl_generator_cpp: 3.1.5 (/opt/ros/humble/share/rosidl_generator_cpp/cmake)
[0.522s] -- Using all available rosidl_typesupport_c: rosidl_typesupport_fastrtps_c;rosidl_typesupport_introspection_c
[0.550s] -- Using all available rosidl_typesupport_cpp: rosidl_typesupport_fastrtps_cpp;rosidl_typesupport_introspection_cpp
[0.747s] -- Found rclcpp: 16.0.8 (/opt/ros/humble/share/rclcpp/cmake)
[0.817s] -- Found rmw_implementation_cmake: 6.1.1 (/opt/ros/humble/share/rmw_implementation_cmake/cmake)
[0.820s] -- Found rmw_fastrtps_cpp: 6.2.6 (/opt/ros/humble/share/rmw_fastrtps_cpp/cmake)
[0.989s] -- Using RMW implementation 'rmw_fastrtps_cpp' as default
[1.176s] -- Found rclcpp_action: 16.0.8 (/opt/ros/humble/share/rclcpp_action/cmake)
[1.308s] -- Found rosidl_default_generators: 1.2.0 (/opt/ros/humble/share/rosidl_default_generators/cmake)
[1.320s] -- Found std_srvs: 4.2.3 (/opt/ros/humble/share/std_srvs/cmake)
[1.787s] -- Found ament_cmake_ros: 0.10.0 (/opt/ros/humble/share/ament_cmake_ros/cmake)
[2.241s] -- Using all available rosidl_typesupport_c: rosidl_typesupport_fastrtps_c;rosidl_typesupport_introspection_c
[2.422s] -- Using all available rosidl_typesupport_cpp: rosidl_typesupport_fastrtps_cpp;rosidl_typesupport_introspection_cpp
[2.457s] -- Found python_cmake_module: 0.10.0 (/opt/ros/humble/share/python_cmake_module/cmake)
[2.491s] -- Using PYTHON_EXECUTABLE: /usr/bin/python3
[2.492s] -- Using PYTHON_INCLUDE_DIRS: /usr/include/python3.10
[2.492s] -- Using PYTHON_LIBRARIES: /usr/lib/x86_64-linux-gnu/libpython3.10.so
[2.569s] -- Configuring done
[2.645s] -- Generating done
[2.650s] -- Build files have been written to: /home/alex/ros2_ws/build/turtlesim
[2.662s] Invoked command in '/home/alex/ros2_ws/build/turtlesim' returned '0': CMAKE_PREFIX_PATH=/home/alex/rmf_ws/install/rmf_demos_gz_classic:/home/alex/rmf_ws/install/rmf_demos_gz:/home/alex/rmf_ws/install/rmf_demos:/home/alex/rmf_ws/install/rmf_demos_maps:/home/alex/rmf_ws/install/rmf_demos_dashboard_resources:/home/alex/rmf_ws/install/rmf_demos_assets:/home/alex/ros2_ws/install/webots_ros2_control:/home/alex/ros2_ws/install/webots_ros2_driver:/home/alex/ros2_ws/install/webots_ros2_msgs:/home/alex/rmf_ws/install/rmf_demos_tasks:/home/alex/rmf_ws/install/rmf_demos_panel:/home/alex/rmf_ws/install/rmf_demos_fleet_adapter:/home/alex/rmf_ws/install/rmf_demos_bridges:/home/alex/ros2_ws/install/webots_ros2:/home/alex/ros2_ws/install/webots_ros2_universal_robot:/home/alex/ros2_ws/install/webots_ros2_turtlebot:/home/alex/ros2_ws/install/webots_ros2_tiago:/home/alex/ros2_ws/install/webots_ros2_tests:/home/alex/ros2_ws/install/webots_ros2_tesla:/home/alex/ros2_ws/install/webots_ros2_mavic:/home/alex/ros2_ws/install/webots_ros2_epuck:/home/alex/ros2_ws/install/webots_ros2_importer:/home/alex/ros2_ws/install/my_py_pkg:/opt/ros/humble:/home/alex/ros2_ws/install/turtlesim:/home/alex/ros2_ws/install/my_robot_interfaces:/home/alex/ros2_ws/install/my_cpp_pkg /usr/bin/cmake /home/alex/ros2_ws/src/ros_tutorials/turtlesim -DCMAKE_INSTALL_PREFIX=/home/alex/ros2_ws/install/turtlesim
[2.663s] Invoking command in '/home/alex/ros2_ws/build/turtlesim': CMAKE_PREFIX_PATH=/home/alex/rmf_ws/install/rmf_demos_gz_classic:/home/alex/rmf_ws/install/rmf_demos_gz:/home/alex/rmf_ws/install/rmf_demos:/home/alex/rmf_ws/install/rmf_demos_maps:/home/alex/rmf_ws/install/rmf_demos_dashboard_resources:/home/alex/rmf_ws/install/rmf_demos_assets:/home/alex/ros2_ws/install/webots_ros2_control:/home/alex/ros2_ws/install/webots_ros2_driver:/home/alex/ros2_ws/install/webots_ros2_msgs:/home/alex/rmf_ws/install/rmf_demos_tasks:/home/alex/rmf_ws/install/rmf_demos_panel:/home/alex/rmf_ws/install/rmf_demos_fleet_adapter:/home/alex/rmf_ws/install/rmf_demos_bridges:/home/alex/ros2_ws/install/webots_ros2:/home/alex/ros2_ws/install/webots_ros2_universal_robot:/home/alex/ros2_ws/install/webots_ros2_turtlebot:/home/alex/ros2_ws/install/webots_ros2_tiago:/home/alex/ros2_ws/install/webots_ros2_tests:/home/alex/ros2_ws/install/webots_ros2_tesla:/home/alex/ros2_ws/install/webots_ros2_mavic:/home/alex/ros2_ws/install/webots_ros2_epuck:/home/alex/ros2_ws/install/webots_ros2_importer:/home/alex/ros2_ws/install/my_py_pkg:/opt/ros/humble:/home/alex/ros2_ws/install/turtlesim:/home/alex/ros2_ws/install/my_robot_interfaces:/home/alex/ros2_ws/install/my_cpp_pkg /usr/bin/cmake --build /home/alex/ros2_ws/build/turtlesim -- -j8 -l8
[2.713s] [35m[1mConsolidate compiler generated dependencies of target turtlesim__rosidl_generator_c[0m
[2.728s] [  1%] Built target turtlesim__cpp
[2.733s] [  2%] [32mBuilding C object CMakeFiles/turtlesim__rosidl_generator_c.dir/rosidl_generator_c/turtlesim/msg/detail/pose__functions.c.o[0m
[2.734s] [  3%] [32mBuilding C object CMakeFiles/turtlesim__rosidl_generator_c.dir/rosidl_generator_c/turtlesim/msg/detail/color__functions.c.o[0m
[2.734s] [  4%] [32mBuilding C object CMakeFiles/turtlesim__rosidl_generator_c.dir/rosidl_generator_c/turtlesim/srv/detail/kill__functions.c.o[0m
[2.735s] [  5%] [32mBuilding C object CMakeFiles/turtlesim__rosidl_generator_c.dir/rosidl_generator_c/turtlesim/action/detail/rotate_absolute__functions.c.o[0m
[2.735s] [  6%] [32mBuilding C object CMakeFiles/turtlesim__rosidl_generator_c.dir/rosidl_generator_c/turtlesim/srv/detail/set_pen__functions.c.o[0m
[2.744s] [  7%] [32mBuilding C object CMakeFiles/turtlesim__rosidl_generator_c.dir/rosidl_generator_c/turtlesim/srv/detail/spawn__functions.c.o[0m
[2.749s] [  7%] Built target ament_cmake_python_copy_turtlesim
[2.750s] [35m[1mConsolidate compiler generated dependencies of target turtlesim__rosidl_typesupport_cpp[0m
[2.775s] [35m[1mConsolidate compiler generated dependencies of target turtlesim__rosidl_typesupport_fastrtps_cpp[0m
[2.809s] [  8%] [32mBuilding CXX object CMakeFiles/turtlesim__rosidl_typesupport_fastrtps_cpp.dir/rosidl_typesupport_fastrtps_cpp/turtlesim/action/detail/dds_fastrtps/rotate_absolute__type_support.cpp.o[0m
[2.817s] [  9%] [32mBuilding CXX object CMakeFiles/turtlesim__rosidl_typesupport_cpp.dir/rosidl_typesupport_cpp/turtlesim/action/rotate_absolute__type_support.cpp.o[0m
[2.839s] [ 10%] [32mBuilding CXX object CMakeFiles/turtlesim__rosidl_typesupport_fastrtps_cpp.dir/rosidl_typesupport_fastrtps_cpp/turtlesim/msg/detail/dds_fastrtps/color__type_support.cpp.o[0m
[2.850s] [ 11%] [32mBuilding C object CMakeFiles/turtlesim__rosidl_generator_c.dir/rosidl_generator_c/turtlesim/srv/detail/teleport_absolute__functions.c.o[0m
[2.855s] [ 12%] [32mBuilding CXX object CMakeFiles/turtlesim__rosidl_typesupport_fastrtps_cpp.dir/rosidl_typesupport_fastrtps_cpp/turtlesim/msg/detail/dds_fastrtps/pose__type_support.cpp.o[0m
[2.858s] [ 13%] [32mBuilding C object CMakeFiles/turtlesim__rosidl_generator_c.dir/rosidl_generator_c/turtlesim/srv/detail/teleport_relative__functions.c.o[0m
[2.877s] [ 14%] [32mBuilding CXX object CMakeFiles/turtlesim__rosidl_typesupport_cpp.dir/rosidl_typesupport_cpp/turtlesim/msg/color__type_support.cpp.o[0m
[2.961s] [ 15%] [32mBuilding CXX object CMakeFiles/turtlesim__rosidl_typesupport_cpp.dir/rosidl_typesupport_cpp/turtlesim/msg/pose__type_support.cpp.o[0m
[2.967s] [ 16%] [32mBuilding CXX object CMakeFiles/turtlesim__rosidl_typesupport_cpp.dir/rosidl_typesupport_cpp/turtlesim/srv/kill__type_support.cpp.o[0m
[3.076s] [ 17%] [32m[1mLinking C shared library libturtlesim__rosidl_generator_c.so[0m
[3.266s] [ 18%] Built target turtlesim__rosidl_generator_c
[3.285s] [ 19%] [32mBuilding CXX object CMakeFiles/turtlesim__rosidl_typesupport_cpp.dir/rosidl_typesupport_cpp/turtlesim/srv/set_pen__type_support.cpp.o[0m
[3.430s] [ 20%] [32mBuilding CXX object CMakeFiles/turtlesim__rosidl_typesupport_cpp.dir/rosidl_typesupport_cpp/turtlesim/srv/spawn__type_support.cpp.o[0m
[3.546s] [ 21%] [32mBuilding CXX object CMakeFiles/turtlesim__rosidl_typesupport_cpp.dir/rosidl_typesupport_cpp/turtlesim/srv/teleport_absolute__type_support.cpp.o[0m
[3.563s] [ 22%] [32mBuilding CXX object CMakeFiles/turtlesim__rosidl_typesupport_cpp.dir/rosidl_typesupport_cpp/turtlesim/srv/teleport_relative__type_support.cpp.o[0m
[3.706s] [ 23%] [32mBuilding CXX object CMakeFiles/turtlesim__rosidl_typesupport_fastrtps_cpp.dir/rosidl_typesupport_fastrtps_cpp/turtlesim/srv/detail/dds_fastrtps/kill__type_support.cpp.o[0m
[3.767s] [ 24%] [32mBuilding CXX object CMakeFiles/turtlesim__rosidl_typesupport_fastrtps_cpp.dir/rosidl_typesupport_fastrtps_cpp/turtlesim/srv/detail/dds_fastrtps/set_pen__type_support.cpp.o[0m
[3.797s] [ 25%] [32mBuilding CXX object CMakeFiles/turtlesim__rosidl_typesupport_fastrtps_cpp.dir/rosidl_typesupport_fastrtps_cpp/turtlesim/srv/detail/dds_fastrtps/spawn__type_support.cpp.o[0m
[3.852s] [ 26%] [32mBuilding CXX object CMakeFiles/turtlesim__rosidl_typesupport_fastrtps_cpp.dir/rosidl_typesupport_fastrtps_cpp/turtlesim/srv/detail/dds_fastrtps/teleport_absolute__type_support.cpp.o[0m
[3.980s] [ 27%] [32mBuilding CXX object CMakeFiles/turtlesim__rosidl_typesupport_fastrtps_cpp.dir/rosidl_typesupport_fastrtps_cpp/turtlesim/srv/detail/dds_fastrtps/teleport_relative__type_support.cpp.o[0m
[4.004s] [35m[1mConsolidate compiler generated dependencies of target turtlesim__rosidl_typesupport_introspection_cpp[0m
[4.038s] [ 28%] [32mBuilding CXX object CMakeFiles/turtlesim__rosidl_typesupport_introspection_cpp.dir/rosidl_typesupport_introspection_cpp/turtlesim/action/detail/rotate_absolute__type_support.cpp.o[0m
[4.103s] [ 29%] [32mBuilding CXX object CMakeFiles/turtlesim__rosidl_typesupport_introspection_cpp.dir/rosidl_typesupport_introspection_cpp/turtlesim/msg/detail/color__type_support.cpp.o[0m
[4.129s] [ 30%] [32m[1mLinking CXX shared library libturtlesim__rosidl_typesupport_cpp.so[0m
[4.210s] [ 31%] Built target turtlesim__rosidl_typesupport_cpp
[4.548s] [ 32%] [34m[1mGenerating include/turtlesim/moc_turtle_frame.cpp[0m
[4.632s] [35m[1mConsolidate compiler generated dependencies of target turtle_teleop_key[0m
[4.671s] [ 33%] [32mBuilding CXX object CMakeFiles/turtle_teleop_key.dir/tutorials/teleop_turtle_key.cpp.o[0m
[4.673s] [35m[1mConsolidate compiler generated dependencies of target turtlesim_node[0m
[4.679s] [35m[1mConsolidate compiler generated dependencies of target draw_square[0m
[4.711s] [35m[1mConsolidate compiler generated dependencies of target mimic[0m
[4.711s] [ 34%] [32mBuilding CXX object CMakeFiles/draw_square.dir/tutorials/draw_square.cpp.o[0m
[4.727s] [ 35%] [32mBuilding CXX object CMakeFiles/turtlesim_node.dir/src/turtlesim.cpp.o[0m
[4.743s] [ 36%] [32mBuilding CXX object CMakeFiles/mimic.dir/tutorials/mimic.cpp.o[0m
[4.813s] [ 37%] [32m[1mLinking CXX shared library libturtlesim__rosidl_typesupport_fastrtps_cpp.so[0m
[4.887s] [ 38%] [32mBuilding CXX object CMakeFiles/turtlesim__rosidl_typesupport_introspection_cpp.dir/rosidl_typesupport_introspection_cpp/turtlesim/msg/detail/pose__type_support.cpp.o[0m
[4.945s] running egg_info
[4.946s] writing turtlesim.egg-info/PKG-INFO
[4.947s] writing dependency_links to turtlesim.egg-info/dependency_links.txt
[4.947s] writing top-level names to turtlesim.egg-info/top_level.txt
[4.952s] reading manifest file 'turtlesim.egg-info/SOURCES.txt'
[4.954s] writing manifest file 'turtlesim.egg-info/SOURCES.txt'
[4.959s] [ 39%] Built target turtlesim__rosidl_typesupport_fastrtps_cpp
[4.982s] [35m[1mConsolidate compiler generated dependencies of target turtlesim__rosidl_typesupport_fastrtps_c[0m
[5.001s] [ 39%] Built target ament_cmake_python_build_turtlesim_egg
[5.019s] [ 40%] [32mBuilding CXX object CMakeFiles/turtlesim__rosidl_typesupport_fastrtps_c.dir/rosidl_typesupport_fastrtps_c/turtlesim/action/detail/rotate_absolute__type_support_c.cpp.o[0m
[5.021s] [35m[1mConsolidate compiler generated dependencies of target turtlesim__rosidl_typesupport_introspection_c[0m
[5.045s] [ 41%] [32mBuilding C object CMakeFiles/turtlesim__rosidl_typesupport_introspection_c.dir/rosidl_typesupport_introspection_c/turtlesim/action/detail/rotate_absolute__type_support.c.o[0m
[5.136s] [ 42%] [32mBuilding C object CMakeFiles/turtlesim__rosidl_typesupport_introspection_c.dir/rosidl_typesupport_introspection_c/turtlesim/msg/detail/color__type_support.c.o[0m
[5.198s] [ 43%] [32mBuilding C object CMakeFiles/turtlesim__rosidl_typesupport_introspection_c.dir/rosidl_typesupport_introspection_c/turtlesim/msg/detail/pose__type_support.c.o[0m
[5.246s] [ 44%] [32mBuilding CXX object CMakeFiles/turtlesim__rosidl_typesupport_fastrtps_c.dir/rosidl_typesupport_fastrtps_c/turtlesim/msg/detail/color__type_support_c.cpp.o[0m
[5.262s] [ 45%] [32mBuilding C object CMakeFiles/turtlesim__rosidl_typesupport_introspection_c.dir/rosidl_typesupport_introspection_c/turtlesim/srv/detail/kill__type_support.c.o[0m
[5.334s] [ 46%] [32mBuilding C object CMakeFiles/turtlesim__rosidl_typesupport_introspection_c.dir/rosidl_typesupport_introspection_c/turtlesim/srv/detail/set_pen__type_support.c.o[0m
[5.405s] [ 47%] [32mBuilding C object CMakeFiles/turtlesim__rosidl_typesupport_introspection_c.dir/rosidl_typesupport_introspection_c/turtlesim/srv/detail/spawn__type_support.c.o[0m
[5.478s] [ 48%] [32mBuilding C object CMakeFiles/turtlesim__rosidl_typesupport_introspection_c.dir/rosidl_typesupport_introspection_c/turtlesim/srv/detail/teleport_absolute__type_support.c.o[0m
[5.549s] [ 49%] [32mBuilding C object CMakeFiles/turtlesim__rosidl_typesupport_introspection_c.dir/rosidl_typesupport_introspection_c/turtlesim/srv/detail/teleport_relative__type_support.c.o[0m
[5.619s] [ 50%] [32m[1mLinking C shared library libturtlesim__rosidl_typesupport_introspection_c.so[0m
[5.682s] [ 51%] Built target turtlesim__rosidl_typesupport_introspection_c
[5.682s] [ 52%] [32mBuilding CXX object CMakeFiles/turtlesim__rosidl_typesupport_introspection_cpp.dir/rosidl_typesupport_introspection_cpp/turtlesim/srv/detail/kill__type_support.cpp.o[0m
[5.702s] [35m[1mConsolidate compiler generated dependencies of target turtlesim__rosidl_typesupport_c[0m
[5.725s] [ 53%] [32mBuilding CXX object CMakeFiles/turtlesim__rosidl_typesupport_c.dir/rosidl_typesupport_c/turtlesim/action/rotate_absolute__type_support.cpp.o[0m
[5.819s] [ 54%] [32mBuilding CXX object CMakeFiles/turtlesim__rosidl_typesupport_c.dir/rosidl_typesupport_c/turtlesim/msg/color__type_support.cpp.o[0m
[5.828s] [ 55%] [32mBuilding CXX object CMakeFiles/turtlesim__rosidl_typesupport_fastrtps_c.dir/rosidl_typesupport_fastrtps_c/turtlesim/msg/detail/pose__type_support_c.cpp.o[0m
[5.874s] [ 56%] [32mBuilding CXX object CMakeFiles/turtlesim__rosidl_typesupport_c.dir/rosidl_typesupport_c/turtlesim/msg/pose__type_support.cpp.o[0m
[5.929s] [ 57%] [32mBuilding CXX object CMakeFiles/turtlesim__rosidl_typesupport_c.dir/rosidl_typesupport_c/turtlesim/srv/kill__type_support.cpp.o[0m
[5.944s] [ 58%] [32mBuilding CXX object CMakeFiles/turtlesim__rosidl_typesupport_fastrtps_c.dir/rosidl_typesupport_fastrtps_c/turtlesim/srv/detail/kill__type_support_c.cpp.o[0m
[5.989s] [ 59%] [32mBuilding CXX object CMakeFiles/turtlesim__rosidl_typesupport_c.dir/rosidl_typesupport_c/turtlesim/srv/set_pen__type_support.cpp.o[0m
[6.051s] [ 60%] [32mBuilding CXX object CMakeFiles/turtlesim__rosidl_typesupport_c.dir/rosidl_typesupport_c/turtlesim/srv/spawn__type_support.cpp.o[0m
[6.112s] [ 61%] [32mBuilding CXX object CMakeFiles/turtlesim__rosidl_typesupport_c.dir/rosidl_typesupport_c/turtlesim/srv/teleport_absolute__type_support.cpp.o[0m
[6.173s] [ 62%] [32mBuilding CXX object CMakeFiles/turtlesim__rosidl_typesupport_c.dir/rosidl_typesupport_c/turtlesim/srv/teleport_relative__type_support.cpp.o[0m
[6.233s] [ 63%] [32m[1mLinking CXX shared library libturtlesim__rosidl_typesupport_c.so[0m
[6.318s] [ 64%] Built target turtlesim__rosidl_typesupport_c
[6.335s] [ 65%] [32mBuilding CXX object CMakeFiles/turtlesim__rosidl_typesupport_fastrtps_c.dir/rosidl_typesupport_fastrtps_c/turtlesim/srv/detail/set_pen__type_support_c.cpp.o[0m
[6.481s] [ 66%] [32mBuilding CXX object CMakeFiles/turtlesim__rosidl_typesupport_introspection_cpp.dir/rosidl_typesupport_introspection_cpp/turtlesim/srv/detail/set_pen__type_support.cpp.o[0m
[6.527s] [ 67%] [32mBuilding CXX object CMakeFiles/turtlesim__rosidl_typesupport_fastrtps_c.dir/rosidl_typesupport_fastrtps_c/turtlesim/srv/detail/spawn__type_support_c.cpp.o[0m
[6.683s] [ 68%] [32mBuilding CXX object CMakeFiles/turtlesim__rosidl_typesupport_fastrtps_c.dir/rosidl_typesupport_fastrtps_c/turtlesim/srv/detail/teleport_absolute__type_support_c.cpp.o[0m
[7.061s] [ 69%] [32mBuilding CXX object CMakeFiles/turtlesim__rosidl_typesupport_fastrtps_c.dir/rosidl_typesupport_fastrtps_c/turtlesim/srv/detail/teleport_relative__type_support_c.cpp.o[0m
[7.265s] [ 70%] [32mBuilding CXX object CMakeFiles/turtlesim__rosidl_typesupport_introspection_cpp.dir/rosidl_typesupport_introspection_cpp/turtlesim/srv/detail/spawn__type_support.cpp.o[0m
[7.298s] [ 71%] [32mBuilding CXX object CMakeFiles/turtlesim__rosidl_typesupport_introspection_cpp.dir/rosidl_typesupport_introspection_cpp/turtlesim/srv/detail/teleport_absolute__type_support.cpp.o[0m
[7.398s] [ 72%] [32mBuilding CXX object CMakeFiles/turtlesim__rosidl_typesupport_introspection_cpp.dir/rosidl_typesupport_introspection_cpp/turtlesim/srv/detail/teleport_relative__type_support.cpp.o[0m
[7.788s] [ 73%] [32m[1mLinking CXX shared library libturtlesim__rosidl_typesupport_fastrtps_c.so[0m
[7.941s] [ 74%] Built target turtlesim__rosidl_typesupport_fastrtps_c
[7.958s] [ 75%] [32mBuilding CXX object CMakeFiles/turtlesim_node.dir/src/turtle.cpp.o[0m
[8.055s] [ 76%] [32mBuilding CXX object CMakeFiles/turtlesim_node.dir/src/turtle_frame.cpp.o[0m
[8.109s] [ 77%] [32mBuilding CXX object CMakeFiles/turtlesim_node.dir/include/turtlesim/moc_turtle_frame.cpp.o[0m
[8.185s] [ 78%] [32m[1mLinking CXX shared library libturtlesim__rosidl_typesupport_introspection_cpp.so[0m
[8.329s] [ 79%] Built target turtlesim__rosidl_typesupport_introspection_cpp
[8.366s] [ 79%] Built target turtlesim
[8.405s] [ 80%] Built target turtlesim__py
[8.428s] [35m[1mConsolidate compiler generated dependencies of target turtlesim__rosidl_generator_py[0m
[8.462s] [ 81%] [32mBuilding C object CMakeFiles/turtlesim__rosidl_generator_py.dir/rosidl_generator_py/turtlesim/action/_rotate_absolute_s.c.o[0m
[8.768s] [ 82%] [32mBuilding C object CMakeFiles/turtlesim__rosidl_generator_py.dir/rosidl_generator_py/turtlesim/msg/_color_s.c.o[0m
[8.965s] [ 83%] [32mBuilding C object CMakeFiles/turtlesim__rosidl_generator_py.dir/rosidl_generator_py/turtlesim/msg/_pose_s.c.o[0m
[9.167s] [ 84%] [32mBuilding C object CMakeFiles/turtlesim__rosidl_generator_py.dir/rosidl_generator_py/turtlesim/srv/_kill_s.c.o[0m
[9.392s] [ 85%] [32mBuilding C object CMakeFiles/turtlesim__rosidl_generator_py.dir/rosidl_generator_py/turtlesim/srv/_set_pen_s.c.o[0m
[9.621s] [ 86%] [32mBuilding C object CMakeFiles/turtlesim__rosidl_generator_py.dir/rosidl_generator_py/turtlesim/srv/_spawn_s.c.o[0m
[9.857s] [ 87%] [32mBuilding C object CMakeFiles/turtlesim__rosidl_generator_py.dir/rosidl_generator_py/turtlesim/srv/_teleport_absolute_s.c.o[0m
[10.088s] [ 88%] [32mBuilding C object CMakeFiles/turtlesim__rosidl_generator_py.dir/rosidl_generator_py/turtlesim/srv/_teleport_relative_s.c.o[0m
[10.315s] [ 89%] [32m[1mLinking C shared library rosidl_generator_py/turtlesim/libturtlesim__rosidl_generator_py.so[0m
[10.395s] [ 89%] Built target turtlesim__rosidl_generator_py
[10.415s] [35m[1mConsolidate compiler generated dependencies of target turtlesim__rosidl_typesupport_fastrtps_c__pyext[0m
[10.440s] [ 90%] [32mBuilding C object CMakeFiles/turtlesim__rosidl_typesupport_fastrtps_c__pyext.dir/rosidl_generator_py/turtlesim/_turtlesim_s.ep.rosidl_typesupport_fastrtps_c.c.o[0m
[10.788s] [ 91%] [32m[1mLinking C shared library rosidl_generator_py/turtlesim/turtlesim_s__rosidl_typesupport_fastrtps_c.cpython-310-x86_64-linux-gnu.so[0m
[10.865s] [ 91%] Built target turtlesim__rosidl_typesupport_fastrtps_c__pyext
[10.884s] [35m[1mConsolidate compiler generated dependencies of target turtlesim__rosidl_typesupport_introspection_c__pyext[0m
[10.908s] [ 92%] [32mBuilding C object CMakeFiles/turtlesim__rosidl_typesupport_introspection_c__pyext.dir/rosidl_generator_py/turtlesim/_turtlesim_s.ep.rosidl_typesupport_introspection_c.c.o[0m
[11.258s] [ 93%] [32m[1mLinking C shared library rosidl_generator_py/turtlesim/turtlesim_s__rosidl_typesupport_introspection_c.cpython-310-x86_64-linux-gnu.so[0m
[11.335s] [ 93%] Built target turtlesim__rosidl_typesupport_introspection_c__pyext
[11.353s] [35m[1mConsolidate compiler generated dependencies of target turtlesim__rosidl_typesupport_c__pyext[0m
[11.375s] [ 94%] [32mBuilding C object CMakeFiles/turtlesim__rosidl_typesupport_c__pyext.dir/rosidl_generator_py/turtlesim/_turtlesim_s.ep.rosidl_typesupport_c.c.o[0m
[11.722s] [ 95%] [32m[1mLinking C shared library rosidl_generator_py/turtlesim/turtlesim_s__rosidl_typesupport_c.cpython-310-x86_64-linux-gnu.so[0m
[11.797s] [ 95%] Built target turtlesim__rosidl_typesupport_c__pyext
[16.596s] [ 96%] [32m[1mLinking CXX executable turtle_teleop_key[0m
[17.089s] [ 96%] Built target turtle_teleop_key
[19.184s] [ 97%] [32m[1mLinking CXX executable draw_square[0m
[19.780s] [ 97%] Built target draw_square
[20.095s] [ 98%] [32m[1mLinking CXX executable mimic[0m
[20.603s] [ 98%] Built target mimic
[26.658s] [100%] [32m[1mLinking CXX executable turtlesim_node[0m
[28.887s] [100%] Built target turtlesim_node
[28.901s] Invoked command in '/home/alex/ros2_ws/build/turtlesim' returned '0': CMAKE_PREFIX_PATH=/home/alex/rmf_ws/install/rmf_demos_gz_classic:/home/alex/rmf_ws/install/rmf_demos_gz:/home/alex/rmf_ws/install/rmf_demos:/home/alex/rmf_ws/install/rmf_demos_maps:/home/alex/rmf_ws/install/rmf_demos_dashboard_resources:/home/alex/rmf_ws/install/rmf_demos_assets:/home/alex/ros2_ws/install/webots_ros2_control:/home/alex/ros2_ws/install/webots_ros2_driver:/home/alex/ros2_ws/install/webots_ros2_msgs:/home/alex/rmf_ws/install/rmf_demos_tasks:/home/alex/rmf_ws/install/rmf_demos_panel:/home/alex/rmf_ws/install/rmf_demos_fleet_adapter:/home/alex/rmf_ws/install/rmf_demos_bridges:/home/alex/ros2_ws/install/webots_ros2:/home/alex/ros2_ws/install/webots_ros2_universal_robot:/home/alex/ros2_ws/install/webots_ros2_turtlebot:/home/alex/ros2_ws/install/webots_ros2_tiago:/home/alex/ros2_ws/install/webots_ros2_tests:/home/alex/ros2_ws/install/webots_ros2_tesla:/home/alex/ros2_ws/install/webots_ros2_mavic:/home/alex/ros2_ws/install/webots_ros2_epuck:/home/alex/ros2_ws/install/webots_ros2_importer:/home/alex/ros2_ws/install/my_py_pkg:/opt/ros/humble:/home/alex/ros2_ws/install/turtlesim:/home/alex/ros2_ws/install/my_robot_interfaces:/home/alex/ros2_ws/install/my_cpp_pkg /usr/bin/cmake --build /home/alex/ros2_ws/build/turtlesim -- -j8 -l8
[29.139s] Invoking command in '/home/alex/ros2_ws/build/turtlesim': CMAKE_PREFIX_PATH=/home/alex/rmf_ws/install/rmf_demos_gz_classic:/home/alex/rmf_ws/install/rmf_demos_gz:/home/alex/rmf_ws/install/rmf_demos:/home/alex/rmf_ws/install/rmf_demos_maps:/home/alex/rmf_ws/install/rmf_demos_dashboard_resources:/home/alex/rmf_ws/install/rmf_demos_assets:/home/alex/ros2_ws/install/webots_ros2_control:/home/alex/ros2_ws/install/webots_ros2_driver:/home/alex/ros2_ws/install/webots_ros2_msgs:/home/alex/rmf_ws/install/rmf_demos_tasks:/home/alex/rmf_ws/install/rmf_demos_panel:/home/alex/rmf_ws/install/rmf_demos_fleet_adapter:/home/alex/rmf_ws/install/rmf_demos_bridges:/home/alex/ros2_ws/install/webots_ros2:/home/alex/ros2_ws/install/webots_ros2_universal_robot:/home/alex/ros2_ws/install/webots_ros2_turtlebot:/home/alex/ros2_ws/install/webots_ros2_tiago:/home/alex/ros2_ws/install/webots_ros2_tests:/home/alex/ros2_ws/install/webots_ros2_tesla:/home/alex/ros2_ws/install/webots_ros2_mavic:/home/alex/ros2_ws/install/webots_ros2_epuck:/home/alex/ros2_ws/install/webots_ros2_importer:/home/alex/ros2_ws/install/my_py_pkg:/opt/ros/humble:/home/alex/ros2_ws/install/turtlesim:/home/alex/ros2_ws/install/my_robot_interfaces:/home/alex/ros2_ws/install/my_cpp_pkg /usr/bin/cmake --install /home/alex/ros2_ws/build/turtlesim
[29.149s] -- Install configuration: ""
[29.149s] -- Up-to-date: /home/alex/ros2_ws/install/turtlesim/share/ament_index/resource_index/rosidl_interfaces/turtlesim
[29.150s] -- Up-to-date: /home/alex/ros2_ws/install/turtlesim/include/turtlesim/turtlesim
[29.150s] -- Up-to-date: /home/alex/ros2_ws/install/turtlesim/include/turtlesim/turtlesim/action
[29.150s] -- Up-to-date: /home/alex/ros2_ws/install/turtlesim/include/turtlesim/turtlesim/action/rotate_absolute.h
[29.150s] -- Up-to-date: /home/alex/ros2_ws/install/turtlesim/include/turtlesim/turtlesim/action/detail
[29.150s] -- Up-to-date: /home/alex/ros2_ws/install/turtlesim/include/turtlesim/turtlesim/action/detail/rotate_absolute__struct.h
[29.150s] -- Up-to-date: /home/alex/ros2_ws/install/turtlesim/include/turtlesim/turtlesim/action/detail/rotate_absolute__functions.h
[29.150s] -- Up-to-date: /home/alex/ros2_ws/install/turtlesim/include/turtlesim/turtlesim/action/detail/rotate_absolute__functions.c
[29.151s] -- Up-to-date: /home/alex/ros2_ws/install/turtlesim/include/turtlesim/turtlesim/action/detail/rotate_absolute__type_support.h
[29.151s] -- Up-to-date: /home/alex/ros2_ws/install/turtlesim/include/turtlesim/turtlesim/srv
[29.151s] -- Up-to-date: /home/alex/ros2_ws/install/turtlesim/include/turtlesim/turtlesim/srv/spawn.h
[29.151s] -- Up-to-date: /home/alex/ros2_ws/install/turtlesim/include/turtlesim/turtlesim/srv/teleport_relative.h
[29.151s] -- Up-to-date: /home/alex/ros2_ws/install/turtlesim/include/turtlesim/turtlesim/srv/set_pen.h
[29.151s] -- Up-to-date: /home/alex/ros2_ws/install/turtlesim/include/turtlesim/turtlesim/srv/kill.h
[29.151s] -- Up-to-date: /home/alex/ros2_ws/install/turtlesim/include/turtlesim/turtlesim/srv/detail
[29.151s] -- Up-to-date: /home/alex/ros2_ws/install/turtlesim/include/turtlesim/turtlesim/srv/detail/spawn__functions.c
[29.151s] -- Up-to-date: /home/alex/ros2_ws/install/turtlesim/include/turtlesim/turtlesim/srv/detail/teleport_relative__struct.h
[29.151s] -- Up-to-date: /home/alex/ros2_ws/install/turtlesim/include/turtlesim/turtlesim/srv/detail/kill__struct.h
[29.151s] -- Up-to-date: /home/alex/ros2_ws/install/turtlesim/include/turtlesim/turtlesim/srv/detail/set_pen__struct.h
[29.152s] -- Up-to-date: /home/alex/ros2_ws/install/turtlesim/include/turtlesim/turtlesim/srv/detail/spawn__type_support.h
[29.152s] -- Up-to-date: /home/alex/ros2_ws/install/turtlesim/include/turtlesim/turtlesim/srv/detail/set_pen__functions.h
[29.152s] -- Up-to-date: /home/alex/ros2_ws/install/turtlesim/include/turtlesim/turtlesim/srv/detail/teleport_relative__type_support.h
[29.152s] -- Up-to-date: /home/alex/ros2_ws/install/turtlesim/include/turtlesim/turtlesim/srv/detail/set_pen__functions.c
[29.152s] -- Up-to-date: /home/alex/ros2_ws/install/turtlesim/include/turtlesim/turtlesim/srv/detail/teleport_absolute__struct.h
[29.152s] -- Up-to-date: /home/alex/ros2_ws/install/turtlesim/include/turtlesim/turtlesim/srv/detail/teleport_relative__functions.c
[29.152s] -- Up-to-date: /home/alex/ros2_ws/install/turtlesim/include/turtlesim/turtlesim/srv/detail/teleport_absolute__functions.c
[29.152s] -- Up-to-date: /home/alex/ros2_ws/install/turtlesim/include/turtlesim/turtlesim/srv/detail/set_pen__type_support.h
[29.152s] -- Up-to-date: /home/alex/ros2_ws/install/turtlesim/include/turtlesim/turtlesim/srv/detail/kill__functions.h
[29.152s] -- Up-to-date: /home/alex/ros2_ws/install/turtlesim/include/turtlesim/turtlesim/srv/detail/kill__type_support.h
[29.152s] -- Up-to-date: /home/alex/ros2_ws/install/turtlesim/include/turtlesim/turtlesim/srv/detail/spawn__functions.h
[29.153s] -- Up-to-date: /home/alex/ros2_ws/install/turtlesim/include/turtlesim/turtlesim/srv/detail/teleport_absolute__type_support.h
[29.153s] -- Up-to-date: /home/alex/ros2_ws/install/turtlesim/include/turtlesim/turtlesim/srv/detail/teleport_absolute__functions.h
[29.153s] -- Up-to-date: /home/alex/ros2_ws/install/turtlesim/include/turtlesim/turtlesim/srv/detail/teleport_relative__functions.h
[29.153s] -- Up-to-date: /home/alex/ros2_ws/install/turtlesim/include/turtlesim/turtlesim/srv/detail/spawn__struct.h
[29.153s] -- Up-to-date: /home/alex/ros2_ws/install/turtlesim/include/turtlesim/turtlesim/srv/detail/kill__functions.c
[29.153s] -- Up-to-date: /home/alex/ros2_ws/install/turtlesim/include/turtlesim/turtlesim/srv/teleport_absolute.h
[29.153s] -- Up-to-date: /home/alex/ros2_ws/install/turtlesim/include/turtlesim/turtlesim/msg
[29.153s] -- Up-to-date: /home/alex/ros2_ws/install/turtlesim/include/turtlesim/turtlesim/msg/color.h
[29.153s] -- Up-to-date: /home/alex/ros2_ws/install/turtlesim/include/turtlesim/turtlesim/msg/detail
[29.153s] -- Up-to-date: /home/alex/ros2_ws/install/turtlesim/include/turtlesim/turtlesim/msg/detail/pose__functions.c
[29.153s] -- Up-to-date: /home/alex/ros2_ws/install/turtlesim/include/turtlesim/turtlesim/msg/detail/color__functions.h
[29.154s] -- Up-to-date: /home/alex/ros2_ws/install/turtlesim/include/turtlesim/turtlesim/msg/detail/color__type_support.h
[29.154s] -- Up-to-date: /home/alex/ros2_ws/install/turtlesim/include/turtlesim/turtlesim/msg/detail/pose__type_support.h
[29.154s] -- Up-to-date: /home/alex/ros2_ws/install/turtlesim/include/turtlesim/turtlesim/msg/detail/pose__functions.h
[29.154s] -- Up-to-date: /home/alex/ros2_ws/install/turtlesim/include/turtlesim/turtlesim/msg/detail/pose__struct.h
[29.154s] -- Up-to-date: /home/alex/ros2_ws/install/turtlesim/include/turtlesim/turtlesim/msg/detail/color__functions.c
[29.154s] -- Up-to-date: /home/alex/ros2_ws/install/turtlesim/include/turtlesim/turtlesim/msg/detail/color__struct.h
[29.154s] -- Up-to-date: /home/alex/ros2_ws/install/turtlesim/include/turtlesim/turtlesim/msg/pose.h
[29.154s] -- Up-to-date: /home/alex/ros2_ws/install/turtlesim/include/turtlesim/turtlesim/msg/rosidl_generator_c__visibility_control.h
[29.154s] -- Installing: /home/alex/ros2_ws/install/turtlesim/share/turtlesim/environment/library_path.sh
[29.154s] -- Installing: /home/alex/ros2_ws/install/turtlesim/share/turtlesim/environment/library_path.dsv
[29.155s] -- Installing: /home/alex/ros2_ws/install/turtlesim/lib/libturtlesim__rosidl_generator_c.so
[29.155s] -- Set runtime path of "/home/alex/ros2_ws/install/turtlesim/lib/libturtlesim__rosidl_generator_c.so" to ""
[29.155s] -- Up-to-date: /home/alex/ros2_ws/install/turtlesim/include/turtlesim/turtlesim
[29.155s] -- Up-to-date: /home/alex/ros2_ws/install/turtlesim/include/turtlesim/turtlesim/action
[29.155s] -- Up-to-date: /home/alex/ros2_ws/install/turtlesim/include/turtlesim/turtlesim/action/detail
[29.155s] -- Up-to-date: /home/alex/ros2_ws/install/turtlesim/include/turtlesim/turtlesim/action/detail/rotate_absolute__rosidl_typesupport_fastrtps_c.h
[29.155s] -- Up-to-date: /home/alex/ros2_ws/install/turtlesim/include/turtlesim/turtlesim/srv
[29.155s] -- Up-to-date: /home/alex/ros2_ws/install/turtlesim/include/turtlesim/turtlesim/srv/detail
[29.155s] -- Up-to-date: /home/alex/ros2_ws/install/turtlesim/include/turtlesim/turtlesim/srv/detail/teleport_absolute__rosidl_typesupport_fastrtps_c.h
[29.155s] -- Up-to-date: /home/alex/ros2_ws/install/turtlesim/include/turtlesim/turtlesim/srv/detail/set_pen__rosidl_typesupport_fastrtps_c.h
[29.156s] -- Up-to-date: /home/alex/ros2_ws/install/turtlesim/include/turtlesim/turtlesim/srv/detail/kill__rosidl_typesupport_fastrtps_c.h
[29.156s] -- Up-to-date: /home/alex/ros2_ws/install/turtlesim/include/turtlesim/turtlesim/srv/detail/spawn__rosidl_typesupport_fastrtps_c.h
[29.156s] -- Up-to-date: /home/alex/ros2_ws/install/turtlesim/include/turtlesim/turtlesim/srv/detail/teleport_relative__rosidl_typesupport_fastrtps_c.h
[29.156s] -- Up-to-date: /home/alex/ros2_ws/install/turtlesim/include/turtlesim/turtlesim/msg
[29.156s] -- Up-to-date: /home/alex/ros2_ws/install/turtlesim/include/turtlesim/turtlesim/msg/rosidl_typesupport_fastrtps_c__visibility_control.h
[29.156s] -- Up-to-date: /home/alex/ros2_ws/install/turtlesim/include/turtlesim/turtlesim/msg/detail
[29.156s] -- Up-to-date: /home/alex/ros2_ws/install/turtlesim/include/turtlesim/turtlesim/msg/detail/color__rosidl_typesupport_fastrtps_c.h
[29.156s] -- Up-to-date: /home/alex/ros2_ws/install/turtlesim/include/turtlesim/turtlesim/msg/detail/pose__rosidl_typesupport_fastrtps_c.h
[29.156s] -- Installing: /home/alex/ros2_ws/install/turtlesim/lib/libturtlesim__rosidl_typesupport_fastrtps_c.so
[29.156s] -- Set runtime path of "/home/alex/ros2_ws/install/turtlesim/lib/libturtlesim__rosidl_typesupport_fastrtps_c.so" to ""
[29.157s] -- Up-to-date: /home/alex/ros2_ws/install/turtlesim/include/turtlesim/turtlesim
[29.157s] -- Up-to-date: /home/alex/ros2_ws/install/turtlesim/include/turtlesim/turtlesim/action
[29.157s] -- Up-to-date: /home/alex/ros2_ws/install/turtlesim/include/turtlesim/turtlesim/action/rotate_absolute.hpp
[29.157s] -- Up-to-date: /home/alex/ros2_ws/install/turtlesim/include/turtlesim/turtlesim/action/detail
[29.157s] -- Up-to-date: /home/alex/ros2_ws/install/turtlesim/include/turtlesim/turtlesim/action/detail/rotate_absolute__traits.hpp
[29.157s] -- Up-to-date: /home/alex/ros2_ws/install/turtlesim/include/turtlesim/turtlesim/action/detail/rotate_absolute__builder.hpp
[29.157s] -- Up-to-date: /home/alex/ros2_ws/install/turtlesim/include/turtlesim/turtlesim/action/detail/rotate_absolute__struct.hpp
[29.157s] -- Up-to-date: /home/alex/ros2_ws/install/turtlesim/include/turtlesim/turtlesim/srv
[29.157s] -- Up-to-date: /home/alex/ros2_ws/install/turtlesim/include/turtlesim/turtlesim/srv/spawn.hpp
[29.157s] -- Up-to-date: /home/alex/ros2_ws/install/turtlesim/include/turtlesim/turtlesim/srv/teleport_relative.hpp
[29.157s] -- Up-to-date: /home/alex/ros2_ws/install/turtlesim/include/turtlesim/turtlesim/srv/kill.hpp
[29.157s] -- Up-to-date: /home/alex/ros2_ws/install/turtlesim/include/turtlesim/turtlesim/srv/detail
[29.158s] -- Up-to-date: /home/alex/ros2_ws/install/turtlesim/include/turtlesim/turtlesim/srv/detail/spawn__traits.hpp
[29.158s] -- Up-to-date: /home/alex/ros2_ws/install/turtlesim/include/turtlesim/turtlesim/srv/detail/teleport_relative__builder.hpp
[29.158s] -- Up-to-date: /home/alex/ros2_ws/install/turtlesim/include/turtlesim/turtlesim/srv/detail/set_pen__builder.hpp
[29.158s] -- Up-to-date: /home/alex/ros2_ws/install/turtlesim/include/turtlesim/turtlesim/srv/detail/set_pen__traits.hpp
[29.158s] -- Up-to-date: /home/alex/ros2_ws/install/turtlesim/include/turtlesim/turtlesim/srv/detail/kill__traits.hpp
[29.158s] -- Up-to-date: /home/alex/ros2_ws/install/turtlesim/include/turtlesim/turtlesim/srv/detail/teleport_absolute__struct.hpp
[29.158s] -- Up-to-date: /home/alex/ros2_ws/install/turtlesim/include/turtlesim/turtlesim/srv/detail/kill__builder.hpp
[29.158s] -- Up-to-date: /home/alex/ros2_ws/install/turtlesim/include/turtlesim/turtlesim/srv/detail/teleport_relative__struct.hpp
[29.158s] -- Up-to-date: /home/alex/ros2_ws/install/turtlesim/include/turtlesim/turtlesim/srv/detail/teleport_relative__traits.hpp
[29.158s] -- Up-to-date: /home/alex/ros2_ws/install/turtlesim/include/turtlesim/turtlesim/srv/detail/teleport_absolute__builder.hpp
[29.159s] -- Up-to-date: /home/alex/ros2_ws/install/turtlesim/include/turtlesim/turtlesim/srv/detail/kill__struct.hpp
[29.159s] -- Up-to-date: /home/alex/ros2_ws/install/turtlesim/include/turtlesim/turtlesim/srv/detail/set_pen__struct.hpp
[29.159s] -- Up-to-date: /home/alex/ros2_ws/install/turtlesim/include/turtlesim/turtlesim/srv/detail/spawn__struct.hpp
[29.159s] -- Up-to-date: /home/alex/ros2_ws/install/turtlesim/include/turtlesim/turtlesim/srv/detail/teleport_absolute__traits.hpp
[29.159s] -- Up-to-date: /home/alex/ros2_ws/install/turtlesim/include/turtlesim/turtlesim/srv/detail/spawn__builder.hpp
[29.159s] -- Up-to-date: /home/alex/ros2_ws/install/turtlesim/include/turtlesim/turtlesim/srv/teleport_absolute.hpp
[29.159s] -- Up-to-date: /home/alex/ros2_ws/install/turtlesim/include/turtlesim/turtlesim/srv/set_pen.hpp
[29.159s] -- Up-to-date: /home/alex/ros2_ws/install/turtlesim/include/turtlesim/turtlesim/msg
[29.159s] -- Up-to-date: /home/alex/ros2_ws/install/turtlesim/include/turtlesim/turtlesim/msg/pose.hpp
[29.159s] -- Up-to-date: /home/alex/ros2_ws/install/turtlesim/include/turtlesim/turtlesim/msg/color.hpp
[29.160s] -- Up-to-date: /home/alex/ros2_ws/install/turtlesim/include/turtlesim/turtlesim/msg/detail
[29.160s] -- Up-to-date: /home/alex/ros2_ws/install/turtlesim/include/turtlesim/turtlesim/msg/detail/color__builder.hpp
[29.160s] -- Up-to-date: /home/alex/ros2_ws/install/turtlesim/include/turtlesim/turtlesim/msg/detail/pose__struct.hpp
[29.160s] -- Up-to-date: /home/alex/ros2_ws/install/turtlesim/include/turtlesim/turtlesim/msg/detail/pose__traits.hpp
[29.160s] -- Up-to-date: /home/alex/ros2_ws/install/turtlesim/include/turtlesim/turtlesim/msg/detail/color__struct.hpp
[29.160s] -- Up-to-date: /home/alex/ros2_ws/install/turtlesim/include/turtlesim/turtlesim/msg/detail/color__traits.hpp
[29.160s] -- Up-to-date: /home/alex/ros2_ws/install/turtlesim/include/turtlesim/turtlesim/msg/detail/pose__builder.hpp
[29.160s] -- Up-to-date: /home/alex/ros2_ws/install/turtlesim/include/turtlesim/turtlesim
[29.160s] -- Up-to-date: /home/alex/ros2_ws/install/turtlesim/include/turtlesim/turtlesim/action
[29.160s] -- Up-to-date: /home/alex/ros2_ws/install/turtlesim/include/turtlesim/turtlesim/action/detail
[29.160s] -- Up-to-date: /home/alex/ros2_ws/install/turtlesim/include/turtlesim/turtlesim/action/detail/rotate_absolute__rosidl_typesupport_fastrtps_cpp.hpp
[29.161s] -- Installing: /home/alex/ros2_ws/install/turtlesim/include/turtlesim/turtlesim/action/detail/dds_fastrtps
[29.161s] -- Up-to-date: /home/alex/ros2_ws/install/turtlesim/include/turtlesim/turtlesim/srv
[29.161s] -- Up-to-date: /home/alex/ros2_ws/install/turtlesim/include/turtlesim/turtlesim/srv/detail
[29.161s] -- Up-to-date: /home/alex/ros2_ws/install/turtlesim/include/turtlesim/turtlesim/srv/detail/teleport_relative__rosidl_typesupport_fastrtps_cpp.hpp
[29.161s] -- Up-to-date: /home/alex/ros2_ws/install/turtlesim/include/turtlesim/turtlesim/srv/detail/spawn__rosidl_typesupport_fastrtps_cpp.hpp
[29.161s] -- Up-to-date: /home/alex/ros2_ws/install/turtlesim/include/turtlesim/turtlesim/srv/detail/kill__rosidl_typesupport_fastrtps_cpp.hpp
[29.161s] -- Up-to-date: /home/alex/ros2_ws/install/turtlesim/include/turtlesim/turtlesim/srv/detail/set_pen__rosidl_typesupport_fastrtps_cpp.hpp
[29.161s] -- Up-to-date: /home/alex/ros2_ws/install/turtlesim/include/turtlesim/turtlesim/srv/detail/teleport_absolute__rosidl_typesupport_fastrtps_cpp.hpp
[29.161s] -- Installing: /home/alex/ros2_ws/install/turtlesim/include/turtlesim/turtlesim/srv/detail/dds_fastrtps
[29.161s] -- Up-to-date: /home/alex/ros2_ws/install/turtlesim/include/turtlesim/turtlesim/msg
[29.161s] -- Up-to-date: /home/alex/ros2_ws/install/turtlesim/include/turtlesim/turtlesim/msg/rosidl_typesupport_fastrtps_cpp__visibility_control.h
[29.161s] -- Up-to-date: /home/alex/ros2_ws/install/turtlesim/include/turtlesim/turtlesim/msg/detail
[29.161s] -- Up-to-date: /home/alex/ros2_ws/install/turtlesim/include/turtlesim/turtlesim/msg/detail/pose__rosidl_typesupport_fastrtps_cpp.hpp
[29.162s] -- Up-to-date: /home/alex/ros2_ws/install/turtlesim/include/turtlesim/turtlesim/msg/detail/color__rosidl_typesupport_fastrtps_cpp.hpp
[29.162s] -- Installing: /home/alex/ros2_ws/install/turtlesim/include/turtlesim/turtlesim/msg/detail/dds_fastrtps
[29.162s] -- Installing: /home/alex/ros2_ws/install/turtlesim/lib/libturtlesim__rosidl_typesupport_fastrtps_cpp.so
[29.162s] -- Set runtime path of "/home/alex/ros2_ws/install/turtlesim/lib/libturtlesim__rosidl_typesupport_fastrtps_cpp.so" to ""
[29.162s] -- Up-to-date: /home/alex/ros2_ws/install/turtlesim/include/turtlesim/turtlesim
[29.162s] -- Up-to-date: /home/alex/ros2_ws/install/turtlesim/include/turtlesim/turtlesim/action
[29.162s] -- Up-to-date: /home/alex/ros2_ws/install/turtlesim/include/turtlesim/turtlesim/action/detail
[29.162s] -- Up-to-date: /home/alex/ros2_ws/install/turtlesim/include/turtlesim/turtlesim/action/detail/rotate_absolute__type_support.c
[29.162s] -- Up-to-date: /home/alex/ros2_ws/install/turtlesim/include/turtlesim/turtlesim/action/detail/rotate_absolute__rosidl_typesupport_introspection_c.h
[29.162s] -- Up-to-date: /home/alex/ros2_ws/install/turtlesim/include/turtlesim/turtlesim/srv
[29.162s] -- Up-to-date: /home/alex/ros2_ws/install/turtlesim/include/turtlesim/turtlesim/srv/detail
[29.162s] -- Up-to-date: /home/alex/ros2_ws/install/turtlesim/include/turtlesim/turtlesim/srv/detail/set_pen__type_support.c
[29.163s] -- Up-to-date: /home/alex/ros2_ws/install/turtlesim/include/turtlesim/turtlesim/srv/detail/spawn__rosidl_typesupport_introspection_c.h
[29.163s] -- Up-to-date: /home/alex/ros2_ws/install/turtlesim/include/turtlesim/turtlesim/srv/detail/teleport_absolute__type_support.c
[29.163s] -- Up-to-date: /home/alex/ros2_ws/install/turtlesim/include/turtlesim/turtlesim/srv/detail/teleport_relative__rosidl_typesupport_introspection_c.h
[29.163s] -- Up-to-date: /home/alex/ros2_ws/install/turtlesim/include/turtlesim/turtlesim/srv/detail/set_pen__rosidl_typesupport_introspection_c.h
[29.163s] -- Up-to-date: /home/alex/ros2_ws/install/turtlesim/include/turtlesim/turtlesim/srv/detail/teleport_absolute__rosidl_typesupport_introspection_c.h
[29.163s] -- Up-to-date: /home/alex/ros2_ws/install/turtlesim/include/turtlesim/turtlesim/srv/detail/spawn__type_support.c
[29.163s] -- Up-to-date: /home/alex/ros2_ws/install/turtlesim/include/turtlesim/turtlesim/srv/detail/kill__rosidl_typesupport_introspection_c.h
[29.163s] -- Up-to-date: /home/alex/ros2_ws/install/turtlesim/include/turtlesim/turtlesim/srv/detail/kill__type_support.c
[29.163s] -- Up-to-date: /home/alex/ros2_ws/install/turtlesim/include/turtlesim/turtlesim/srv/detail/teleport_relative__type_support.c
[29.163s] -- Up-to-date: /home/alex/ros2_ws/install/turtlesim/include/turtlesim/turtlesim/msg
[29.163s] -- Up-to-date: /home/alex/ros2_ws/install/turtlesim/include/turtlesim/turtlesim/msg/rosidl_typesupport_introspection_c__visibility_control.h
[29.163s] -- Up-to-date: /home/alex/ros2_ws/install/turtlesim/include/turtlesim/turtlesim/msg/detail
[29.163s] -- Up-to-date: /home/alex/ros2_ws/install/turtlesim/include/turtlesim/turtlesim/msg/detail/color__type_support.c
[29.164s] -- Up-to-date: /home/alex/ros2_ws/install/turtlesim/include/turtlesim/turtlesim/msg/detail/pose__rosidl_typesupport_introspection_c.h
[29.164s] -- Up-to-date: /home/alex/ros2_ws/install/turtlesim/include/turtlesim/turtlesim/msg/detail/pose__type_support.c
[29.164s] -- Up-to-date: /home/alex/ros2_ws/install/turtlesim/include/turtlesim/turtlesim/msg/detail/color__rosidl_typesupport_introspection_c.h
[29.164s] -- Installing: /home/alex/ros2_ws/install/turtlesim/lib/libturtlesim__rosidl_typesupport_introspection_c.so
[29.164s] -- Set runtime path of "/home/alex/ros2_ws/install/turtlesim/lib/libturtlesim__rosidl_typesupport_introspection_c.so" to ""
[29.164s] -- Installing: /home/alex/ros2_ws/install/turtlesim/lib/libturtlesim__rosidl_typesupport_c.so
[29.164s] -- Set runtime path of "/home/alex/ros2_ws/install/turtlesim/lib/libturtlesim__rosidl_typesupport_c.so" to ""
[29.164s] -- Up-to-date: /home/alex/ros2_ws/install/turtlesim/include/turtlesim/turtlesim
[29.164s] -- Up-to-date: /home/alex/ros2_ws/install/turtlesim/include/turtlesim/turtlesim/action
[29.164s] -- Up-to-date: /home/alex/ros2_ws/install/turtlesim/include/turtlesim/turtlesim/action/detail
[29.164s] -- Up-to-date: /home/alex/ros2_ws/install/turtlesim/include/turtlesim/turtlesim/action/detail/rotate_absolute__rosidl_typesupport_introspection_cpp.hpp
[29.164s] -- Up-to-date: /home/alex/ros2_ws/install/turtlesim/include/turtlesim/turtlesim/action/detail/rotate_absolute__type_support.cpp
[29.164s] -- Up-to-date: /home/alex/ros2_ws/install/turtlesim/include/turtlesim/turtlesim/srv
[29.165s] -- Up-to-date: /home/alex/ros2_ws/install/turtlesim/include/turtlesim/turtlesim/srv/detail
[29.165s] -- Up-to-date: /home/alex/ros2_ws/install/turtlesim/include/turtlesim/turtlesim/srv/detail/spawn__rosidl_typesupport_introspection_cpp.hpp
[29.165s] -- Up-to-date: /home/alex/ros2_ws/install/turtlesim/include/turtlesim/turtlesim/srv/detail/set_pen__rosidl_typesupport_introspection_cpp.hpp
[29.165s] -- Up-to-date: /home/alex/ros2_ws/install/turtlesim/include/turtlesim/turtlesim/srv/detail/kill__type_support.cpp
[29.165s] -- Up-to-date: /home/alex/ros2_ws/install/turtlesim/include/turtlesim/turtlesim/srv/detail/spawn__type_support.cpp
[29.165s] -- Up-to-date: /home/alex/ros2_ws/install/turtlesim/include/turtlesim/turtlesim/srv/detail/set_pen__type_support.cpp
[29.165s] -- Up-to-date: /home/alex/ros2_ws/install/turtlesim/include/turtlesim/turtlesim/srv/detail/teleport_relative__type_support.cpp
[29.165s] -- Up-to-date: /home/alex/ros2_ws/install/turtlesim/include/turtlesim/turtlesim/srv/detail/teleport_absolute__rosidl_typesupport_introspection_cpp.hpp
[29.165s] -- Up-to-date: /home/alex/ros2_ws/install/turtlesim/include/turtlesim/turtlesim/srv/detail/teleport_relative__rosidl_typesupport_introspection_cpp.hpp
[29.165s] -- Up-to-date: /home/alex/ros2_ws/install/turtlesim/include/turtlesim/turtlesim/srv/detail/kill__rosidl_typesupport_introspection_cpp.hpp
[29.165s] -- Up-to-date: /home/alex/ros2_ws/install/turtlesim/include/turtlesim/turtlesim/srv/detail/teleport_absolute__type_support.cpp
[29.165s] -- Up-to-date: /home/alex/ros2_ws/install/turtlesim/include/turtlesim/turtlesim/msg
[29.165s] -- Up-to-date: /home/alex/ros2_ws/install/turtlesim/include/turtlesim/turtlesim/msg/detail
[29.166s] -- Up-to-date: /home/alex/ros2_ws/install/turtlesim/include/turtlesim/turtlesim/msg/detail/pose__type_support.cpp
[29.166s] -- Up-to-date: /home/alex/ros2_ws/install/turtlesim/include/turtlesim/turtlesim/msg/detail/color__rosidl_typesupport_introspection_cpp.hpp
[29.166s] -- Up-to-date: /home/alex/ros2_ws/install/turtlesim/include/turtlesim/turtlesim/msg/detail/pose__rosidl_typesupport_introspection_cpp.hpp
[29.166s] -- Up-to-date: /home/alex/ros2_ws/install/turtlesim/include/turtlesim/turtlesim/msg/detail/color__type_support.cpp
[29.166s] -- Installing: /home/alex/ros2_ws/install/turtlesim/lib/libturtlesim__rosidl_typesupport_introspection_cpp.so
[29.166s] -- Set runtime path of "/home/alex/ros2_ws/install/turtlesim/lib/libturtlesim__rosidl_typesupport_introspection_cpp.so" to ""
[29.166s] -- Installing: /home/alex/ros2_ws/install/turtlesim/lib/libturtlesim__rosidl_typesupport_cpp.so
[29.166s] -- Set runtime path of "/home/alex/ros2_ws/install/turtlesim/lib/libturtlesim__rosidl_typesupport_cpp.so" to ""
[29.166s] -- Up-to-date: /home/alex/ros2_ws/install/turtlesim/share/turtlesim/environment/pythonpath.sh
[29.166s] -- Installing: /home/alex/ros2_ws/install/turtlesim/share/turtlesim/environment/pythonpath.dsv
[29.166s] -- Up-to-date: /home/alex/ros2_ws/install/turtlesim/local/lib/python3.10/dist-packages/turtlesim-1.4.2-py3.10.egg-info
[29.166s] -- Installing: /home/alex/ros2_ws/install/turtlesim/local/lib/python3.10/dist-packages/turtlesim-1.4.2-py3.10.egg-info/dependency_links.txt
[29.166s] -- Installing: /home/alex/ros2_ws/install/turtlesim/local/lib/python3.10/dist-packages/turtlesim-1.4.2-py3.10.egg-info/top_level.txt
[29.167s] -- Installing: /home/alex/ros2_ws/install/turtlesim/local/lib/python3.10/dist-packages/turtlesim-1.4.2-py3.10.egg-info/PKG-INFO
[29.167s] -- Installing: /home/alex/ros2_ws/install/turtlesim/local/lib/python3.10/dist-packages/turtlesim-1.4.2-py3.10.egg-info/SOURCES.txt
[29.167s] -- Up-to-date: /home/alex/ros2_ws/install/turtlesim/local/lib/python3.10/dist-packages/turtlesim
[29.167s] -- Up-to-date: /home/alex/ros2_ws/install/turtlesim/local/lib/python3.10/dist-packages/turtlesim/_turtlesim_s.ep.rosidl_typesupport_fastrtps_c.c
[29.167s] -- Installing: /home/alex/ros2_ws/install/turtlesim/local/lib/python3.10/dist-packages/turtlesim/turtlesim_s__rosidl_typesupport_fastrtps_c.cpython-310-x86_64-linux-gnu.so
[29.167s] -- Installing: /home/alex/ros2_ws/install/turtlesim/local/lib/python3.10/dist-packages/turtlesim/turtlesim_s__rosidl_typesupport_c.cpython-310-x86_64-linux-gnu.so
[29.167s] -- Up-to-date: /home/alex/ros2_ws/install/turtlesim/local/lib/python3.10/dist-packages/turtlesim/action
[29.167s] -- Up-to-date: /home/alex/ros2_ws/install/turtlesim/local/lib/python3.10/dist-packages/turtlesim/action/_rotate_absolute.py
[29.167s] -- Up-to-date: /home/alex/ros2_ws/install/turtlesim/local/lib/python3.10/dist-packages/turtlesim/action/_rotate_absolute_s.c
[29.167s] -- Up-to-date: /home/alex/ros2_ws/install/turtlesim/local/lib/python3.10/dist-packages/turtlesim/action/__init__.py
[29.167s] -- Installing: /home/alex/ros2_ws/install/turtlesim/local/lib/python3.10/dist-packages/turtlesim/libturtlesim__rosidl_generator_py.so
[29.167s] -- Up-to-date: /home/alex/ros2_ws/install/turtlesim/local/lib/python3.10/dist-packages/turtlesim/_turtlesim_s.ep.rosidl_typesupport_c.c
[29.167s] -- Installing: /home/alex/ros2_ws/install/turtlesim/local/lib/python3.10/dist-packages/turtlesim/turtlesim_s__rosidl_typesupport_introspection_c.cpython-310-x86_64-linux-gnu.so
[29.168s] -- Up-to-date: /home/alex/ros2_ws/install/turtlesim/local/lib/python3.10/dist-packages/turtlesim/srv
[29.168s] -- Up-to-date: /home/alex/ros2_ws/install/turtlesim/local/lib/python3.10/dist-packages/turtlesim/srv/_teleport_relative.py
[29.168s] -- Up-to-date: /home/alex/ros2_ws/install/turtlesim/local/lib/python3.10/dist-packages/turtlesim/srv/_teleport_absolute.py
[29.168s] -- Up-to-date: /home/alex/ros2_ws/install/turtlesim/local/lib/python3.10/dist-packages/turtlesim/srv/_set_pen_s.c
[29.168s] -- Up-to-date: /home/alex/ros2_ws/install/turtlesim/local/lib/python3.10/dist-packages/turtlesim/srv/_kill.py
[29.168s] -- Up-to-date: /home/alex/ros2_ws/install/turtlesim/local/lib/python3.10/dist-packages/turtlesim/srv/_kill_s.c
[29.168s] -- Up-to-date: /home/alex/ros2_ws/install/turtlesim/local/lib/python3.10/dist-packages/turtlesim/srv/_spawn.py
[29.168s] -- Up-to-date: /home/alex/ros2_ws/install/turtlesim/local/lib/python3.10/dist-packages/turtlesim/srv/__init__.py
[29.168s] -- Up-to-date: /home/alex/ros2_ws/install/turtlesim/local/lib/python3.10/dist-packages/turtlesim/srv/_set_pen.py
[29.168s] -- Up-to-date: /home/alex/ros2_ws/install/turtlesim/local/lib/python3.10/dist-packages/turtlesim/srv/_spawn_s.c
[29.168s] -- Up-to-date: /home/alex/ros2_ws/install/turtlesim/local/lib/python3.10/dist-packages/turtlesim/srv/_teleport_relative_s.c
[29.168s] -- Up-to-date: /home/alex/ros2_ws/install/turtlesim/local/lib/python3.10/dist-packages/turtlesim/srv/_teleport_absolute_s.c
[29.168s] -- Installing: /home/alex/ros2_ws/install/turtlesim/local/lib/python3.10/dist-packages/turtlesim/__init__.py
[29.169s] -- Up-to-date: /home/alex/ros2_ws/install/turtlesim/local/lib/python3.10/dist-packages/turtlesim/msg
[29.169s] -- Up-to-date: /home/alex/ros2_ws/install/turtlesim/local/lib/python3.10/dist-packages/turtlesim/msg/_color_s.c
[29.169s] -- Up-to-date: /home/alex/ros2_ws/install/turtlesim/local/lib/python3.10/dist-packages/turtlesim/msg/_color.py
[29.169s] -- Up-to-date: /home/alex/ros2_ws/install/turtlesim/local/lib/python3.10/dist-packages/turtlesim/msg/_pose.py
[29.169s] -- Up-to-date: /home/alex/ros2_ws/install/turtlesim/local/lib/python3.10/dist-packages/turtlesim/msg/_pose_s.c
[29.169s] -- Up-to-date: /home/alex/ros2_ws/install/turtlesim/local/lib/python3.10/dist-packages/turtlesim/msg/__init__.py
[29.169s] -- Up-to-date: /home/alex/ros2_ws/install/turtlesim/local/lib/python3.10/dist-packages/turtlesim/_turtlesim_s.ep.rosidl_typesupport_introspection_c.c
[29.232s] Listing '/home/alex/ros2_ws/install/turtlesim/local/lib/python3.10/dist-packages/turtlesim'...
[29.232s] Compiling '/home/alex/ros2_ws/install/turtlesim/local/lib/python3.10/dist-packages/turtlesim/__init__.py'...
[29.232s] Listing '/home/alex/ros2_ws/install/turtlesim/local/lib/python3.10/dist-packages/turtlesim/action'...
[29.233s] Compiling '/home/alex/ros2_ws/install/turtlesim/local/lib/python3.10/dist-packages/turtlesim/action/__init__.py'...
[29.233s] Compiling '/home/alex/ros2_ws/install/turtlesim/local/lib/python3.10/dist-packages/turtlesim/action/_rotate_absolute.py'...
[29.233s] Listing '/home/alex/ros2_ws/install/turtlesim/local/lib/python3.10/dist-packages/turtlesim/msg'...
[29.233s] Compiling '/home/alex/ros2_ws/install/turtlesim/local/lib/python3.10/dist-packages/turtlesim/msg/__init__.py'...
[29.233s] Compiling '/home/alex/ros2_ws/install/turtlesim/local/lib/python3.10/dist-packages/turtlesim/msg/_color.py'...
[29.233s] Compiling '/home/alex/ros2_ws/install/turtlesim/local/lib/python3.10/dist-packages/turtlesim/msg/_pose.py'...
[29.233s] Listing '/home/alex/ros2_ws/install/turtlesim/local/lib/python3.10/dist-packages/turtlesim/srv'...
[29.233s] Compiling '/home/alex/ros2_ws/install/turtlesim/local/lib/python3.10/dist-packages/turtlesim/srv/__init__.py'...
[29.233s] Compiling '/home/alex/ros2_ws/install/turtlesim/local/lib/python3.10/dist-packages/turtlesim/srv/_kill.py'...
[29.233s] Compiling '/home/alex/ros2_ws/install/turtlesim/local/lib/python3.10/dist-packages/turtlesim/srv/_set_pen.py'...
[29.233s] Compiling '/home/alex/ros2_ws/install/turtlesim/local/lib/python3.10/dist-packages/turtlesim/srv/_spawn.py'...
[29.233s] Compiling '/home/alex/ros2_ws/install/turtlesim/local/lib/python3.10/dist-packages/turtlesim/srv/_teleport_absolute.py'...
[29.234s] Compiling '/home/alex/ros2_ws/install/turtlesim/local/lib/python3.10/dist-packages/turtlesim/srv/_teleport_relative.py'...
[29.238s] -- Installing: /home/alex/ros2_ws/install/turtlesim/local/lib/python3.10/dist-packages/turtlesim/turtlesim_s__rosidl_typesupport_fastrtps_c.cpython-310-x86_64-linux-gnu.so
[29.238s] -- Set runtime path of "/home/alex/ros2_ws/install/turtlesim/local/lib/python3.10/dist-packages/turtlesim/turtlesim_s__rosidl_typesupport_fastrtps_c.cpython-310-x86_64-linux-gnu.so" to ""
[29.238s] -- Installing: /home/alex/ros2_ws/install/turtlesim/local/lib/python3.10/dist-packages/turtlesim/turtlesim_s__rosidl_typesupport_introspection_c.cpython-310-x86_64-linux-gnu.so
[29.239s] -- Set runtime path of "/home/alex/ros2_ws/install/turtlesim/local/lib/python3.10/dist-packages/turtlesim/turtlesim_s__rosidl_typesupport_introspection_c.cpython-310-x86_64-linux-gnu.so" to ""
[29.239s] -- Installing: /home/alex/ros2_ws/install/turtlesim/local/lib/python3.10/dist-packages/turtlesim/turtlesim_s__rosidl_typesupport_c.cpython-310-x86_64-linux-gnu.so
[29.239s] -- Set runtime path of "/home/alex/ros2_ws/install/turtlesim/local/lib/python3.10/dist-packages/turtlesim/turtlesim_s__rosidl_typesupport_c.cpython-310-x86_64-linux-gnu.so" to ""
[29.239s] -- Installing: /home/alex/ros2_ws/install/turtlesim/lib/libturtlesim__rosidl_generator_py.so
[29.240s] -- Set runtime path of "/home/alex/ros2_ws/install/turtlesim/lib/libturtlesim__rosidl_generator_py.so" to ""
[29.240s] -- Up-to-date: /home/alex/ros2_ws/install/turtlesim/share/turtlesim/action/RotateAbsolute.idl
[29.240s] -- Up-to-date: /home/alex/ros2_ws/install/turtlesim/share/turtlesim/msg/Color.idl
[29.240s] -- Up-to-date: /home/alex/ros2_ws/install/turtlesim/share/turtlesim/msg/Pose.idl
[29.240s] -- Up-to-date: /home/alex/ros2_ws/install/turtlesim/share/turtlesim/srv/Kill.idl
[29.241s] -- Up-to-date: /home/alex/ros2_ws/install/turtlesim/share/turtlesim/srv/SetPen.idl
[29.241s] -- Up-to-date: /home/alex/ros2_ws/install/turtlesim/share/turtlesim/srv/Spawn.idl
[29.241s] -- Up-to-date: /home/alex/ros2_ws/install/turtlesim/share/turtlesim/srv/TeleportAbsolute.idl
[29.241s] -- Up-to-date: /home/alex/ros2_ws/install/turtlesim/share/turtlesim/srv/TeleportRelative.idl
[29.241s] -- Installing: /home/alex/ros2_ws/install/turtlesim/share/turtlesim/action/RotateAbsolute.action
[29.241s] -- Installing: /home/alex/ros2_ws/install/turtlesim/share/turtlesim/msg/Color.msg
[29.241s] -- Installing: /home/alex/ros2_ws/install/turtlesim/share/turtlesim/msg/Pose.msg
[29.241s] -- Installing: /home/alex/ros2_ws/install/turtlesim/share/turtlesim/srv/Kill.srv
[29.241s] -- Up-to-date: /home/alex/ros2_ws/install/turtlesim/share/turtlesim/srv/Kill_Request.msg
[29.241s] -- Up-to-date: /home/alex/ros2_ws/install/turtlesim/share/turtlesim/srv/Kill_Response.msg
[29.241s] -- Installing: /home/alex/ros2_ws/install/turtlesim/share/turtlesim/srv/SetPen.srv
[29.242s] -- Up-to-date: /home/alex/ros2_ws/install/turtlesim/share/turtlesim/srv/SetPen_Request.msg
[29.242s] -- Up-to-date: /home/alex/ros2_ws/install/turtlesim/share/turtlesim/srv/SetPen_Response.msg
[29.242s] -- Installing: /home/alex/ros2_ws/install/turtlesim/share/turtlesim/srv/Spawn.srv
[29.242s] -- Up-to-date: /home/alex/ros2_ws/install/turtlesim/share/turtlesim/srv/Spawn_Request.msg
[29.242s] -- Up-to-date: /home/alex/ros2_ws/install/turtlesim/share/turtlesim/srv/Spawn_Response.msg
[29.242s] -- Installing: /home/alex/ros2_ws/install/turtlesim/share/turtlesim/srv/TeleportAbsolute.srv
[29.242s] -- Up-to-date: /home/alex/ros2_ws/install/turtlesim/share/turtlesim/srv/TeleportAbsolute_Request.msg
[29.242s] -- Up-to-date: /home/alex/ros2_ws/install/turtlesim/share/turtlesim/srv/TeleportAbsolute_Response.msg
[29.242s] -- Installing: /home/alex/ros2_ws/install/turtlesim/share/turtlesim/srv/TeleportRelative.srv
[29.242s] -- Up-to-date: /home/alex/ros2_ws/install/turtlesim/share/turtlesim/srv/TeleportRelative_Request.msg
[29.242s] -- Up-to-date: /home/alex/ros2_ws/install/turtlesim/share/turtlesim/srv/TeleportRelative_Response.msg
[29.242s] -- Installing: /home/alex/ros2_ws/install/turtlesim/lib/turtlesim/turtlesim_node
[29.251s] -- Set runtime path of "/home/alex/ros2_ws/install/turtlesim/lib/turtlesim/turtlesim_node" to ""
[29.251s] -- Installing: /home/alex/ros2_ws/install/turtlesim/lib/turtlesim/turtle_teleop_key
[29.253s] -- Set runtime path of "/home/alex/ros2_ws/install/turtlesim/lib/turtlesim/turtle_teleop_key" to ""
[29.253s] -- Installing: /home/alex/ros2_ws/install/turtlesim/lib/turtlesim/draw_square
[29.257s] -- Set runtime path of "/home/alex/ros2_ws/install/turtlesim/lib/turtlesim/draw_square" to ""
[29.258s] -- Installing: /home/alex/ros2_ws/install/turtlesim/lib/turtlesim/mimic
[29.261s] -- Set runtime path of "/home/alex/ros2_ws/install/turtlesim/lib/turtlesim/mimic" to ""
[29.261s] -- Up-to-date: /home/alex/ros2_ws/install/turtlesim/share/turtlesim/images
[29.262s] -- Installing: /home/alex/ros2_ws/install/turtlesim/share/turtlesim/images/galactic.png
[29.262s] -- Installing: /home/alex/ros2_ws/install/turtlesim/share/turtlesim/images/humble.png
[29.262s] -- Installing: /home/alex/ros2_ws/install/turtlesim/share/turtlesim/images/dashing.png
[29.262s] -- Installing: /home/alex/ros2_ws/install/turtlesim/share/turtlesim/images/crystal.png
[29.262s] -- Installing: /home/alex/ros2_ws/install/turtlesim/share/turtlesim/images/rolling.png
[29.262s] -- Installing: /home/alex/ros2_ws/install/turtlesim/share/turtlesim/images/foxy.png
[29.262s] -- Installing: /home/alex/ros2_ws/install/turtlesim/share/turtlesim/images/ardent.png
[29.262s] -- Installing: /home/alex/ros2_ws/install/turtlesim/share/turtlesim/images/eloquent.png
[29.262s] -- Installing: /home/alex/ros2_ws/install/turtlesim/share/turtlesim/images/bouncy.png
[29.263s] -- Up-to-date: /home/alex/ros2_ws/install/turtlesim/share/turtlesim/launch
[29.263s] -- Installing: /home/alex/ros2_ws/install/turtlesim/share/turtlesim/launch/multisim.launch.py
[29.263s] -- Up-to-date: /home/alex/ros2_ws/install/turtlesim/share/ament_index/resource_index/package_run_dependencies/turtlesim
[29.263s] -- Installing: /home/alex/ros2_ws/install/turtlesim/share/ament_index/resource_index/parent_prefix_path/turtlesim
[29.263s] -- Installing: /home/alex/ros2_ws/install/turtlesim/share/turtlesim/environment/ament_prefix_path.sh
[29.263s] -- Installing: /home/alex/ros2_ws/install/turtlesim/share/turtlesim/environment/ament_prefix_path.dsv
[29.263s] -- Installing: /home/alex/ros2_ws/install/turtlesim/share/turtlesim/environment/path.sh
[29.263s] -- Installing: /home/alex/ros2_ws/install/turtlesim/share/turtlesim/environment/path.dsv
[29.263s] -- Up-to-date: /home/alex/ros2_ws/install/turtlesim/share/turtlesim/local_setup.bash
[29.264s] -- Up-to-date: /home/alex/ros2_ws/install/turtlesim/share/turtlesim/local_setup.sh
[29.264s] -- Up-to-date: /home/alex/ros2_ws/install/turtlesim/share/turtlesim/local_setup.zsh
[29.264s] -- Installing: /home/alex/ros2_ws/install/turtlesim/share/turtlesim/local_setup.dsv
[29.264s] -- Installing: /home/alex/ros2_ws/install/turtlesim/share/turtlesim/package.dsv
[29.264s] -- Up-to-date: /home/alex/ros2_ws/install/turtlesim/share/ament_index/resource_index/packages/turtlesim
[29.264s] -- Up-to-date: /home/alex/ros2_ws/install/turtlesim/share/turtlesim/cmake/export_turtlesim__rosidl_generator_cExport.cmake
[29.264s] -- Up-to-date: /home/alex/ros2_ws/install/turtlesim/share/turtlesim/cmake/export_turtlesim__rosidl_generator_cExport-noconfig.cmake
[29.264s] -- Up-to-date: /home/alex/ros2_ws/install/turtlesim/share/turtlesim/cmake/export_turtlesim__rosidl_typesupport_fastrtps_cExport.cmake
[29.264s] -- Up-to-date: /home/alex/ros2_ws/install/turtlesim/share/turtlesim/cmake/export_turtlesim__rosidl_typesupport_fastrtps_cExport-noconfig.cmake
[29.264s] -- Up-to-date: /home/alex/ros2_ws/install/turtlesim/share/turtlesim/cmake/export_turtlesim__rosidl_generator_cppExport.cmake
[29.265s] -- Up-to-date: /home/alex/ros2_ws/install/turtlesim/share/turtlesim/cmake/export_turtlesim__rosidl_typesupport_fastrtps_cppExport.cmake
[29.265s] -- Up-to-date: /home/alex/ros2_ws/install/turtlesim/share/turtlesim/cmake/export_turtlesim__rosidl_typesupport_fastrtps_cppExport-noconfig.cmake
[29.265s] -- Up-to-date: /home/alex/ros2_ws/install/turtlesim/share/turtlesim/cmake/turtlesim__rosidl_typesupport_introspection_cExport.cmake
[29.265s] -- Up-to-date: /home/alex/ros2_ws/install/turtlesim/share/turtlesim/cmake/turtlesim__rosidl_typesupport_introspection_cExport-noconfig.cmake
[29.265s] -- Up-to-date: /home/alex/ros2_ws/install/turtlesim/share/turtlesim/cmake/turtlesim__rosidl_typesupport_cExport.cmake
[29.265s] -- Up-to-date: /home/alex/ros2_ws/install/turtlesim/share/turtlesim/cmake/turtlesim__rosidl_typesupport_cExport-noconfig.cmake
[29.265s] -- Up-to-date: /home/alex/ros2_ws/install/turtlesim/share/turtlesim/cmake/turtlesim__rosidl_typesupport_introspection_cppExport.cmake
[29.265s] -- Up-to-date: /home/alex/ros2_ws/install/turtlesim/share/turtlesim/cmake/turtlesim__rosidl_typesupport_introspection_cppExport-noconfig.cmake
[29.265s] -- Up-to-date: /home/alex/ros2_ws/install/turtlesim/share/turtlesim/cmake/turtlesim__rosidl_typesupport_cppExport.cmake
[29.266s] -- Up-to-date: /home/alex/ros2_ws/install/turtlesim/share/turtlesim/cmake/turtlesim__rosidl_typesupport_cppExport-noconfig.cmake
[29.266s] -- Up-to-date: /home/alex/ros2_ws/install/turtlesim/share/turtlesim/cmake/export_turtlesim__rosidl_generator_pyExport.cmake
[29.266s] -- Up-to-date: /home/alex/ros2_ws/install/turtlesim/share/turtlesim/cmake/export_turtlesim__rosidl_generator_pyExport-noconfig.cmake
[29.266s] -- Up-to-date: /home/alex/ros2_ws/install/turtlesim/share/turtlesim/cmake/rosidl_cmake-extras.cmake
[29.266s] -- Up-to-date: /home/alex/ros2_ws/install/turtlesim/share/turtlesim/cmake/ament_cmake_export_dependencies-extras.cmake
[29.266s] -- Up-to-date: /home/alex/ros2_ws/install/turtlesim/share/turtlesim/cmake/ament_cmake_export_include_directories-extras.cmake
[29.266s] -- Up-to-date: /home/alex/ros2_ws/install/turtlesim/share/turtlesim/cmake/ament_cmake_export_libraries-extras.cmake
[29.266s] -- Up-to-date: /home/alex/ros2_ws/install/turtlesim/share/turtlesim/cmake/ament_cmake_export_targets-extras.cmake
[29.266s] -- Up-to-date: /home/alex/ros2_ws/install/turtlesim/share/turtlesim/cmake/rosidl_cmake_export_typesupport_targets-extras.cmake
[29.266s] -- Up-to-date: /home/alex/ros2_ws/install/turtlesim/share/turtlesim/cmake/rosidl_cmake_export_typesupport_libraries-extras.cmake
[29.266s] -- Up-to-date: /home/alex/ros2_ws/install/turtlesim/share/turtlesim/cmake/turtlesimConfig.cmake
[29.266s] -- Up-to-date: /home/alex/ros2_ws/install/turtlesim/share/turtlesim/cmake/turtlesimConfig-version.cmake
[29.267s] -- Installing: /home/alex/ros2_ws/install/turtlesim/share/turtlesim/package.xml
[29.268s] Invoked command in '/home/alex/ros2_ws/build/turtlesim' returned '0': CMAKE_PREFIX_PATH=/home/alex/rmf_ws/install/rmf_demos_gz_classic:/home/alex/rmf_ws/install/rmf_demos_gz:/home/alex/rmf_ws/install/rmf_demos:/home/alex/rmf_ws/install/rmf_demos_maps:/home/alex/rmf_ws/install/rmf_demos_dashboard_resources:/home/alex/rmf_ws/install/rmf_demos_assets:/home/alex/ros2_ws/install/webots_ros2_control:/home/alex/ros2_ws/install/webots_ros2_driver:/home/alex/ros2_ws/install/webots_ros2_msgs:/home/alex/rmf_ws/install/rmf_demos_tasks:/home/alex/rmf_ws/install/rmf_demos_panel:/home/alex/rmf_ws/install/rmf_demos_fleet_adapter:/home/alex/rmf_ws/install/rmf_demos_bridges:/home/alex/ros2_ws/install/webots_ros2:/home/alex/ros2_ws/install/webots_ros2_universal_robot:/home/alex/ros2_ws/install/webots_ros2_turtlebot:/home/alex/ros2_ws/install/webots_ros2_tiago:/home/alex/ros2_ws/install/webots_ros2_tests:/home/alex/ros2_ws/install/webots_ros2_tesla:/home/alex/ros2_ws/install/webots_ros2_mavic:/home/alex/ros2_ws/install/webots_ros2_epuck:/home/alex/ros2_ws/install/webots_ros2_importer:/home/alex/ros2_ws/install/my_py_pkg:/opt/ros/humble:/home/alex/ros2_ws/install/turtlesim:/home/alex/ros2_ws/install/my_robot_interfaces:/home/alex/ros2_ws/install/my_cpp_pkg /usr/bin/cmake --install /home/alex/ros2_ws/build/turtlesim
