[0.630s] Invoking command in '/home/alex/ros2_ws/build/webots_ros2_msgs': CMAKE_PREFIX_PATH=${CMAKE_PREFIX_PATH}:/home/alex/rmf_ws/install/rmf_demos_tasks:/home/alex/rmf_ws/install/rmf_demos_panel:/home/alex/rmf_ws/install/rmf_demos_fleet_adapter:/home/alex/rmf_ws/install/rmf_demos_bridges:/home/alex/ros2_ws/install/my_py_pkg:/opt/ros/humble /usr/bin/cmake --build /home/alex/ros2_ws/build/webots_ros2_msgs -- -j8 -l8
[0.654s] -- Found ament_cmake: 1.3.7 (/opt/ros/humble/share/ament_cmake/cmake)
[0.904s] -- Found builtin_interfaces: 1.2.1 (/opt/ros/humble/share/builtin_interfaces/cmake)
[0.944s] -- Found rosidl_generator_c: 3.1.5 (/opt/ros/humble/share/rosidl_generator_c/cmake)
[0.948s] -- Found rosidl_adapter: 3.1.5 (/opt/ros/humble/share/rosidl_adapter/cmake)
[0.958s] -- Found rosidl_generator_cpp: 3.1.5 (/opt/ros/humble/share/rosidl_generator_cpp/cmake)
[0.979s] -- Using all available rosidl_typesupport_c: rosidl_typesupport_fastrtps_c;rosidl_typesupport_introspection_c
[1.005s] -- Using all available rosidl_typesupport_cpp: rosidl_typesupport_fastrtps_cpp;rosidl_typesupport_introspection_cpp
[1.022s] -- Found rosidl_default_generators: 1.2.0 (/opt/ros/humble/share/rosidl_default_generators/cmake)
[1.030s] -- Found geometry_msgs: 4.2.3 (/opt/ros/humble/share/geometry_msgs/cmake)
[1.146s] -- Found vision_msgs: 4.1.1 (/opt/ros/humble/share/vision_msgs/cmake)
[1.564s] -- Found ament_cmake_cppcheck: 0.12.10 (/opt/ros/humble/share/ament_cmake_cppcheck/cmake)
[1.565s] -- Found ament_cmake_cpplint: 0.12.10 (/opt/ros/humble/share/ament_cmake_cpplint/cmake)
[1.566s] -- Found ament_cmake_uncrustify: 0.12.10 (/opt/ros/humble/share/ament_cmake_uncrustify/cmake)
[1.566s] -- Found ament_cmake_ros: 0.10.0 (/opt/ros/humble/share/ament_cmake_ros/cmake)
[1.924s] -- Using all available rosidl_typesupport_c: rosidl_typesupport_fastrtps_c;rosidl_typesupport_introspection_c
[2.065s] -- Using all available rosidl_typesupport_cpp: rosidl_typesupport_fastrtps_cpp;rosidl_typesupport_introspection_cpp
[2.084s] -- Found python_cmake_module: 0.10.0 (/opt/ros/humble/share/python_cmake_module/cmake)
[2.102s] -- Using PYTHON_EXECUTABLE: /usr/bin/python3
[2.102s] -- Using PYTHON_INCLUDE_DIRS: /usr/include/python3.10
[2.102s] -- Using PYTHON_LIBRARIES: /usr/lib/x86_64-linux-gnu/libpython3.10.so
[2.144s] -- Found ament_cmake_flake8: 0.12.10 (/opt/ros/humble/share/ament_cmake_flake8/cmake)
[2.145s] -- Found ament_cmake_pep257: 0.12.10 (/opt/ros/humble/share/ament_cmake_pep257/cmake)
[2.146s] -- Found ament_lint_auto: 0.12.10 (/opt/ros/humble/share/ament_lint_auto/cmake)
[2.152s] -- Added test 'lint_cmake' to check CMake code style
[2.153s] -- Added test 'xmllint' to check XML markup files
[2.154s] -- Configuring done
[2.193s] -- Generating done
[2.195s] -- Build files have been written to: /home/alex/ros2_ws/build/webots_ros2_msgs
[2.214s] [35m[1mConsolidate compiler generated dependencies of target webots_ros2_msgs__rosidl_generator_c[0m
[2.220s] [  0%] Built target webots_ros2_msgs__cpp
[2.225s] [ 12%] Built target webots_ros2_msgs__rosidl_generator_c
[2.228s] [ 12%] Built target ament_cmake_python_copy_webots_ros2_msgs
[2.233s] [35m[1mConsolidate compiler generated dependencies of target webots_ros2_msgs__rosidl_typesupport_cpp[0m
[2.234s] [35m[1mConsolidate compiler generated dependencies of target webots_ros2_msgs__rosidl_typesupport_introspection_cpp[0m
[2.236s] [35m[1mConsolidate compiler generated dependencies of target webots_ros2_msgs__rosidl_typesupport_fastrtps_cpp[0m
[2.238s] [35m[1mConsolidate compiler generated dependencies of target webots_ros2_msgs__rosidl_typesupport_c[0m
[2.239s] [35m[1mConsolidate compiler generated dependencies of target webots_ros2_msgs__rosidl_typesupport_introspection_c[0m
[2.241s] [35m[1mConsolidate compiler generated dependencies of target webots_ros2_msgs__rosidl_typesupport_fastrtps_c[0m
[2.252s] [ 24%] Built target webots_ros2_msgs__rosidl_typesupport_c
[2.257s] [ 46%] Built target webots_ros2_msgs__rosidl_typesupport_introspection_c
[2.257s] [ 48%] Built target webots_ros2_msgs__rosidl_typesupport_cpp
[2.258s] [ 60%] Built target webots_ros2_msgs__rosidl_typesupport_introspection_cpp
[2.262s] [ 71%] Built target webots_ros2_msgs__rosidl_typesupport_fastrtps_cpp
[2.262s] [ 83%] Built target webots_ros2_msgs__rosidl_typesupport_fastrtps_c
[2.276s] [ 83%] Built target webots_ros2_msgs
[2.291s] [ 84%] Built target webots_ros2_msgs__py
[2.299s] [35m[1mConsolidate compiler generated dependencies of target webots_ros2_msgs__rosidl_generator_py[0m
[2.313s] [ 95%] Built target webots_ros2_msgs__rosidl_generator_py
[2.321s] [35m[1mConsolidate compiler generated dependencies of target webots_ros2_msgs__rosidl_typesupport_c__pyext[0m
[2.321s] [35m[1mConsolidate compiler generated dependencies of target webots_ros2_msgs__rosidl_typesupport_introspection_c__pyext[0m
[2.321s] [35m[1mConsolidate compiler generated dependencies of target webots_ros2_msgs__rosidl_typesupport_fastrtps_c__pyext[0m
[2.333s] [ 99%] Built target webots_ros2_msgs__rosidl_typesupport_c__pyext
[2.333s] [ 99%] Built target webots_ros2_msgs__rosidl_typesupport_introspection_c__pyext
[2.333s] [100%] Built target webots_ros2_msgs__rosidl_typesupport_fastrtps_c__pyext
[2.477s] running egg_info
[2.477s] writing webots_ros2_msgs.egg-info/PKG-INFO
[2.478s] writing dependency_links to webots_ros2_msgs.egg-info/dependency_links.txt
[2.478s] writing top-level names to webots_ros2_msgs.egg-info/top_level.txt
[2.480s] reading manifest file 'webots_ros2_msgs.egg-info/SOURCES.txt'
[2.480s] writing manifest file 'webots_ros2_msgs.egg-info/SOURCES.txt'
[2.498s] [100%] Built target ament_cmake_python_build_webots_ros2_msgs_egg
