[0.142s] Invoking command in '/home/alex/ros2_ws/build/webots_ros2_driver': AMENT_PREFIX_PATH=/home/alex/ros2_ws/install/webots_ros2_importer:/home/alex/ros2_ws/install/webots_ros2:/home/alex/ros2_ws/install/webots_ros2_universal_robot:/home/alex/ros2_ws/install/webots_ros2_turtlebot:/home/alex/ros2_ws/install/webots_ros2_tiago:/home/alex/ros2_ws/install/webots_ros2_tests:/home/alex/ros2_ws/install/webots_ros2_tesla:/home/alex/ros2_ws/install/webots_ros2_mavic:/home/alex/ros2_ws/install/webots_ros2_epuck:/home/alex/ros2_ws/install/webots_ros2_control:/home/alex/ros2_ws/install/webots_ros2_driver:/home/alex/ros2_ws/install/webots_ros2_msgs:/home/alex/ros2_ws/install/turtlesim:/home/alex/ros2_ws/install/my_py_pkg:/home/alex/ros2_ws/install/my_robot_interfaces:/home/alex/ros2_ws/install/my_cpp_pkg:/home/alex/rmf_ws/install/rmf_demos_gz_classic:/home/alex/rmf_ws/install/rmf_demos_gz:/home/alex/rmf_ws/install/rmf_demos:/home/alex/rmf_ws/install/rmf_demos_tasks:/home/alex/rmf_ws/install/rmf_demos_panel:/home/alex/rmf_ws/install/rmf_demos_maps:/home/alex/rmf_ws/install/rmf_demos_fleet_adapter:/home/alex/rmf_ws/install/rmf_demos_dashboard_resources:/home/alex/rmf_ws/install/rmf_demos_bridges:/home/alex/rmf_ws/install/rmf_demos_assets:/opt/ros/humble CMAKE_PREFIX_PATH=/home/alex/ros2_ws/install/webots_ros2_msgs:/home/alex/ros2_ws/install/webots_ros2_control:/home/alex/ros2_ws/install/webots_ros2_driver:/home/alex/ros2_ws/install/turtlesim:/home/alex/ros2_ws/install/my_robot_interfaces:/home/alex/ros2_ws/install/my_cpp_pkg:/home/alex/rmf_ws/install/rmf_demos_gz_classic:/home/alex/rmf_ws/install/rmf_demos_gz:/home/alex/rmf_ws/install/rmf_demos:/home/alex/rmf_ws/install/rmf_demos_maps:/home/alex/rmf_ws/install/rmf_demos_dashboard_resources:/home/alex/rmf_ws/install/rmf_demos_assets:/home/alex/ros2_ws/install/webots_ros2:/home/alex/ros2_ws/install/webots_ros2_universal_robot:/home/alex/ros2_ws/install/webots_ros2_turtlebot:/home/alex/ros2_ws/install/webots_ros2_tiago:/home/alex/ros2_ws/install/webots_ros2_tests:/home/alex/ros2_ws/install/webots_ros2_tesla:/home/alex/ros2_ws/install/webots_ros2_mavic:/home/alex/ros2_ws/install/webots_ros2_epuck:/home/alex/ros2_ws/install/webots_ros2_importer:/home/alex/ros2_ws/install/my_py_pkg:/home/alex/rmf_ws/install/rmf_demos_tasks:/home/alex/rmf_ws/install/rmf_demos_panel:/home/alex/rmf_ws/install/rmf_demos_fleet_adapter:/home/alex/rmf_ws/install/rmf_demos_bridges:/opt/ros/humble LD_LIBRARY_PATH=/home/alex/ros2_ws/install/webots_ros2_msgs/lib:/home/alex/ros2_ws/install/webots_ros2_control/lib:/home/alex/ros2_ws/install/webots_ros2_driver/lib:/home/alex/ros2_ws/install/turtlesim/lib:/home/alex/ros2_ws/install/my_robot_interfaces/lib:/opt/ros/humble/opt/rviz_ogre_vendor/lib:/opt/ros/humble/lib/x86_64-linux-gnu:/opt/ros/humble/lib PYTHONPATH=/home/alex/ros2_ws/install/webots_ros2_importer/lib/python3.10/site-packages:/home/alex/ros2_ws/install/webots_ros2/lib/python3.10/site-packages:/home/alex/ros2_ws/install/webots_ros2_universal_robot/lib/python3.10/site-packages:/home/alex/ros2_ws/install/webots_ros2_turtlebot/lib/python3.10/site-packages:/home/alex/ros2_ws/install/webots_ros2_tiago/lib/python3.10/site-packages:/home/alex/ros2_ws/install/webots_ros2_tests/lib/python3.10/site-packages:/home/alex/ros2_ws/install/webots_ros2_tesla/lib/python3.10/site-packages:/home/alex/ros2_ws/install/webots_ros2_mavic/lib/python3.10/site-packages:/home/alex/ros2_ws/install/webots_ros2_epuck/lib/python3.10/site-packages:/home/alex/ros2_ws/install/webots_ros2_driver/local/lib/python3.10/dist-packages:/home/alex/ros2_ws/install/webots_ros2_msgs/local/lib/python3.10/dist-packages:/home/alex/ros2_ws/install/turtlesim/local/lib/python3.10/dist-packages:/home/alex/ros2_ws/install/my_py_pkg/lib/python3.10/site-packages:/home/alex/ros2_ws/install/my_robot_interfaces/local/lib/python3.10/dist-packages:/home/alex/rmf_ws/install/rmf_demos_tasks/lib/python3.10/site-packages:/home/alex/rmf_ws/install/rmf_demos_panel/lib/python3.10/site-packages:/home/alex/rmf_ws/install/rmf_demos_fleet_adapter/lib/python3.10/site-packages:/home/alex/rmf_ws/install/rmf_demos_bridges/lib/python3.10/site-packages:/opt/ros/humble/lib/python/site-packages:/opt/ros/humble/lib/python3.10/site-packages:/opt/ros/humble/local/lib/python3.10/dist-packages /usr/bin/cmake --build /home/alex/ros2_ws/build/webots_ros2_driver -- -j8 -l8
[0.227s] [  0%] Built target ament_cmake_python_copy_vehicle
[0.243s] [  0%] Built target ament_cmake_python_copy_webots_ros2_driver
[0.248s] [  0%] Built target ament_cmake_python_copy_controller
[0.864s] running egg_info
[0.866s] writing vehicle.egg-info/PKG-INFO
[0.866s] writing dependency_links to vehicle.egg-info/dependency_links.txt
[0.866s] writing top-level names to vehicle.egg-info/top_level.txt
[0.870s] reading manifest file 'vehicle.egg-info/SOURCES.txt'
[0.871s] writing manifest file 'vehicle.egg-info/SOURCES.txt'
[0.911s] [  0%] Built target ament_cmake_python_build_vehicle_egg
[0.961s] running egg_info
[0.964s] writing webots_ros2_driver.egg-info/PKG-INFO
[0.964s] writing dependency_links to webots_ros2_driver.egg-info/dependency_links.txt
[0.964s] writing top-level names to webots_ros2_driver.egg-info/top_level.txt
[0.968s] reading manifest file 'webots_ros2_driver.egg-info/SOURCES.txt'
[0.969s] writing manifest file 'webots_ros2_driver.egg-info/SOURCES.txt'
[0.983s] running egg_info
[0.985s] writing controller.egg-info/PKG-INFO
[0.985s] writing dependency_links to controller.egg-info/dependency_links.txt
[0.985s] writing top-level names to controller.egg-info/top_level.txt
[0.991s] reading manifest file 'controller.egg-info/SOURCES.txt'
[0.992s] writing manifest file 'controller.egg-info/SOURCES.txt'
[1.018s] [  0%] Built target ament_cmake_python_build_webots_ros2_driver_egg
[1.040s] [  0%] Built target ament_cmake_python_build_controller_egg
[1.136s] [  0%] Built target compile-lib-controller
[1.247s] [  0%] Built target compile-generic-window
[1.845s] [  0%] Built target compile-lib-vehicle
[1.884s] [ 14%] Built target webots_ros2_driver_rgbd
[1.889s] [ 29%] Built target webots_ros2_driver_imu
[1.908s] [100%] Built target driver
[1.926s] Invoked command in '/home/alex/ros2_ws/build/webots_ros2_driver' returned '0': AMENT_PREFIX_PATH=/home/alex/ros2_ws/install/webots_ros2_importer:/home/alex/ros2_ws/install/webots_ros2:/home/alex/ros2_ws/install/webots_ros2_universal_robot:/home/alex/ros2_ws/install/webots_ros2_turtlebot:/home/alex/ros2_ws/install/webots_ros2_tiago:/home/alex/ros2_ws/install/webots_ros2_tests:/home/alex/ros2_ws/install/webots_ros2_tesla:/home/alex/ros2_ws/install/webots_ros2_mavic:/home/alex/ros2_ws/install/webots_ros2_epuck:/home/alex/ros2_ws/install/webots_ros2_control:/home/alex/ros2_ws/install/webots_ros2_driver:/home/alex/ros2_ws/install/webots_ros2_msgs:/home/alex/ros2_ws/install/turtlesim:/home/alex/ros2_ws/install/my_py_pkg:/home/alex/ros2_ws/install/my_robot_interfaces:/home/alex/ros2_ws/install/my_cpp_pkg:/home/alex/rmf_ws/install/rmf_demos_gz_classic:/home/alex/rmf_ws/install/rmf_demos_gz:/home/alex/rmf_ws/install/rmf_demos:/home/alex/rmf_ws/install/rmf_demos_tasks:/home/alex/rmf_ws/install/rmf_demos_panel:/home/alex/rmf_ws/install/rmf_demos_maps:/home/alex/rmf_ws/install/rmf_demos_fleet_adapter:/home/alex/rmf_ws/install/rmf_demos_dashboard_resources:/home/alex/rmf_ws/install/rmf_demos_bridges:/home/alex/rmf_ws/install/rmf_demos_assets:/opt/ros/humble CMAKE_PREFIX_PATH=/home/alex/ros2_ws/install/webots_ros2_msgs:/home/alex/ros2_ws/install/webots_ros2_control:/home/alex/ros2_ws/install/webots_ros2_driver:/home/alex/ros2_ws/install/turtlesim:/home/alex/ros2_ws/install/my_robot_interfaces:/home/alex/ros2_ws/install/my_cpp_pkg:/home/alex/rmf_ws/install/rmf_demos_gz_classic:/home/alex/rmf_ws/install/rmf_demos_gz:/home/alex/rmf_ws/install/rmf_demos:/home/alex/rmf_ws/install/rmf_demos_maps:/home/alex/rmf_ws/install/rmf_demos_dashboard_resources:/home/alex/rmf_ws/install/rmf_demos_assets:/home/alex/ros2_ws/install/webots_ros2:/home/alex/ros2_ws/install/webots_ros2_universal_robot:/home/alex/ros2_ws/install/webots_ros2_turtlebot:/home/alex/ros2_ws/install/webots_ros2_tiago:/home/alex/ros2_ws/install/webots_ros2_tests:/home/alex/ros2_ws/install/webots_ros2_tesla:/home/alex/ros2_ws/install/webots_ros2_mavic:/home/alex/ros2_ws/install/webots_ros2_epuck:/home/alex/ros2_ws/install/webots_ros2_importer:/home/alex/ros2_ws/install/my_py_pkg:/home/alex/rmf_ws/install/rmf_demos_tasks:/home/alex/rmf_ws/install/rmf_demos_panel:/home/alex/rmf_ws/install/rmf_demos_fleet_adapter:/home/alex/rmf_ws/install/rmf_demos_bridges:/opt/ros/humble LD_LIBRARY_PATH=/home/alex/ros2_ws/install/webots_ros2_msgs/lib:/home/alex/ros2_ws/install/webots_ros2_control/lib:/home/alex/ros2_ws/install/webots_ros2_driver/lib:/home/alex/ros2_ws/install/turtlesim/lib:/home/alex/ros2_ws/install/my_robot_interfaces/lib:/opt/ros/humble/opt/rviz_ogre_vendor/lib:/opt/ros/humble/lib/x86_64-linux-gnu:/opt/ros/humble/lib PYTHONPATH=/home/alex/ros2_ws/install/webots_ros2_importer/lib/python3.10/site-packages:/home/alex/ros2_ws/install/webots_ros2/lib/python3.10/site-packages:/home/alex/ros2_ws/install/webots_ros2_universal_robot/lib/python3.10/site-packages:/home/alex/ros2_ws/install/webots_ros2_turtlebot/lib/python3.10/site-packages:/home/alex/ros2_ws/install/webots_ros2_tiago/lib/python3.10/site-packages:/home/alex/ros2_ws/install/webots_ros2_tests/lib/python3.10/site-packages:/home/alex/ros2_ws/install/webots_ros2_tesla/lib/python3.10/site-packages:/home/alex/ros2_ws/install/webots_ros2_mavic/lib/python3.10/site-packages:/home/alex/ros2_ws/install/webots_ros2_epuck/lib/python3.10/site-packages:/home/alex/ros2_ws/install/webots_ros2_driver/local/lib/python3.10/dist-packages:/home/alex/ros2_ws/install/webots_ros2_msgs/local/lib/python3.10/dist-packages:/home/alex/ros2_ws/install/turtlesim/local/lib/python3.10/dist-packages:/home/alex/ros2_ws/install/my_py_pkg/lib/python3.10/site-packages:/home/alex/ros2_ws/install/my_robot_interfaces/local/lib/python3.10/dist-packages:/home/alex/rmf_ws/install/rmf_demos_tasks/lib/python3.10/site-packages:/home/alex/rmf_ws/install/rmf_demos_panel/lib/python3.10/site-packages:/home/alex/rmf_ws/install/rmf_demos_fleet_adapter/lib/python3.10/site-packages:/home/alex/rmf_ws/install/rmf_demos_bridges/lib/python3.10/site-packages:/opt/ros/humble/lib/python/site-packages:/opt/ros/humble/lib/python3.10/site-packages:/opt/ros/humble/local/lib/python3.10/dist-packages /usr/bin/cmake --build /home/alex/ros2_ws/build/webots_ros2_driver -- -j8 -l8
[2.006s] Invoking command in '/home/alex/ros2_ws/build/webots_ros2_driver': AMENT_PREFIX_PATH=/home/alex/ros2_ws/install/webots_ros2_importer:/home/alex/ros2_ws/install/webots_ros2:/home/alex/ros2_ws/install/webots_ros2_universal_robot:/home/alex/ros2_ws/install/webots_ros2_turtlebot:/home/alex/ros2_ws/install/webots_ros2_tiago:/home/alex/ros2_ws/install/webots_ros2_tests:/home/alex/ros2_ws/install/webots_ros2_tesla:/home/alex/ros2_ws/install/webots_ros2_mavic:/home/alex/ros2_ws/install/webots_ros2_epuck:/home/alex/ros2_ws/install/webots_ros2_control:/home/alex/ros2_ws/install/webots_ros2_driver:/home/alex/ros2_ws/install/webots_ros2_msgs:/home/alex/ros2_ws/install/turtlesim:/home/alex/ros2_ws/install/my_py_pkg:/home/alex/ros2_ws/install/my_robot_interfaces:/home/alex/ros2_ws/install/my_cpp_pkg:/home/alex/rmf_ws/install/rmf_demos_gz_classic:/home/alex/rmf_ws/install/rmf_demos_gz:/home/alex/rmf_ws/install/rmf_demos:/home/alex/rmf_ws/install/rmf_demos_tasks:/home/alex/rmf_ws/install/rmf_demos_panel:/home/alex/rmf_ws/install/rmf_demos_maps:/home/alex/rmf_ws/install/rmf_demos_fleet_adapter:/home/alex/rmf_ws/install/rmf_demos_dashboard_resources:/home/alex/rmf_ws/install/rmf_demos_bridges:/home/alex/rmf_ws/install/rmf_demos_assets:/opt/ros/humble CMAKE_PREFIX_PATH=/home/alex/ros2_ws/install/webots_ros2_msgs:/home/alex/ros2_ws/install/webots_ros2_control:/home/alex/ros2_ws/install/webots_ros2_driver:/home/alex/ros2_ws/install/turtlesim:/home/alex/ros2_ws/install/my_robot_interfaces:/home/alex/ros2_ws/install/my_cpp_pkg:/home/alex/rmf_ws/install/rmf_demos_gz_classic:/home/alex/rmf_ws/install/rmf_demos_gz:/home/alex/rmf_ws/install/rmf_demos:/home/alex/rmf_ws/install/rmf_demos_maps:/home/alex/rmf_ws/install/rmf_demos_dashboard_resources:/home/alex/rmf_ws/install/rmf_demos_assets:/home/alex/ros2_ws/install/webots_ros2:/home/alex/ros2_ws/install/webots_ros2_universal_robot:/home/alex/ros2_ws/install/webots_ros2_turtlebot:/home/alex/ros2_ws/install/webots_ros2_tiago:/home/alex/ros2_ws/install/webots_ros2_tests:/home/alex/ros2_ws/install/webots_ros2_tesla:/home/alex/ros2_ws/install/webots_ros2_mavic:/home/alex/ros2_ws/install/webots_ros2_epuck:/home/alex/ros2_ws/install/webots_ros2_importer:/home/alex/ros2_ws/install/my_py_pkg:/home/alex/rmf_ws/install/rmf_demos_tasks:/home/alex/rmf_ws/install/rmf_demos_panel:/home/alex/rmf_ws/install/rmf_demos_fleet_adapter:/home/alex/rmf_ws/install/rmf_demos_bridges:/opt/ros/humble LD_LIBRARY_PATH=/home/alex/ros2_ws/install/webots_ros2_msgs/lib:/home/alex/ros2_ws/install/webots_ros2_control/lib:/home/alex/ros2_ws/install/webots_ros2_driver/lib:/home/alex/ros2_ws/install/turtlesim/lib:/home/alex/ros2_ws/install/my_robot_interfaces/lib:/opt/ros/humble/opt/rviz_ogre_vendor/lib:/opt/ros/humble/lib/x86_64-linux-gnu:/opt/ros/humble/lib PYTHONPATH=/home/alex/ros2_ws/install/webots_ros2_importer/lib/python3.10/site-packages:/home/alex/ros2_ws/install/webots_ros2/lib/python3.10/site-packages:/home/alex/ros2_ws/install/webots_ros2_universal_robot/lib/python3.10/site-packages:/home/alex/ros2_ws/install/webots_ros2_turtlebot/lib/python3.10/site-packages:/home/alex/ros2_ws/install/webots_ros2_tiago/lib/python3.10/site-packages:/home/alex/ros2_ws/install/webots_ros2_tests/lib/python3.10/site-packages:/home/alex/ros2_ws/install/webots_ros2_tesla/lib/python3.10/site-packages:/home/alex/ros2_ws/install/webots_ros2_mavic/lib/python3.10/site-packages:/home/alex/ros2_ws/install/webots_ros2_epuck/lib/python3.10/site-packages:/home/alex/ros2_ws/install/webots_ros2_driver/local/lib/python3.10/dist-packages:/home/alex/ros2_ws/install/webots_ros2_msgs/local/lib/python3.10/dist-packages:/home/alex/ros2_ws/install/turtlesim/local/lib/python3.10/dist-packages:/home/alex/ros2_ws/install/my_py_pkg/lib/python3.10/site-packages:/home/alex/ros2_ws/install/my_robot_interfaces/local/lib/python3.10/dist-packages:/home/alex/rmf_ws/install/rmf_demos_tasks/lib/python3.10/site-packages:/home/alex/rmf_ws/install/rmf_demos_panel/lib/python3.10/site-packages:/home/alex/rmf_ws/install/rmf_demos_fleet_adapter/lib/python3.10/site-packages:/home/alex/rmf_ws/install/rmf_demos_bridges/lib/python3.10/site-packages:/opt/ros/humble/lib/python/site-packages:/opt/ros/humble/lib/python3.10/site-packages:/opt/ros/humble/local/lib/python3.10/dist-packages /usr/bin/cmake --install /home/alex/ros2_ws/build/webots_ros2_driver
[2.016s] -- Install configuration: ""
[2.016s] -- Up-to-date: /home/alex/ros2_ws/install/webots_ros2_driver/share/webots_ros2_driver/environment/pythonpath.sh
[2.016s] -- Up-to-date: /home/alex/ros2_ws/install/webots_ros2_driver/share/webots_ros2_driver/environment/pythonpath.dsv
[2.016s] -- Up-to-date: /home/alex/ros2_ws/install/webots_ros2_driver/local/lib/python3.10/dist-packages/controller-2023.1.1-py3.10.egg-info
[2.017s] -- Installing: /home/alex/ros2_ws/install/webots_ros2_driver/local/lib/python3.10/dist-packages/controller-2023.1.1-py3.10.egg-info/dependency_links.txt
[2.017s] -- Installing: /home/alex/ros2_ws/install/webots_ros2_driver/local/lib/python3.10/dist-packages/controller-2023.1.1-py3.10.egg-info/SOURCES.txt
[2.017s] -- Installing: /home/alex/ros2_ws/install/webots_ros2_driver/local/lib/python3.10/dist-packages/controller-2023.1.1-py3.10.egg-info/top_level.txt
[2.017s] -- Installing: /home/alex/ros2_ws/install/webots_ros2_driver/local/lib/python3.10/dist-packages/controller-2023.1.1-py3.10.egg-info/PKG-INFO
[2.018s] -- Up-to-date: /home/alex/ros2_ws/install/webots_ros2_driver/local/lib/python3.10/dist-packages/controller
[2.018s] -- Up-to-date: /home/alex/ros2_ws/install/webots_ros2_driver/local/lib/python3.10/dist-packages/controller/brake.py
[2.018s] -- Up-to-date: /home/alex/ros2_ws/install/webots_ros2_driver/local/lib/python3.10/dist-packages/controller/skin.py
[2.018s] -- Up-to-date: /home/alex/ros2_ws/install/webots_ros2_driver/local/lib/python3.10/dist-packages/controller/receiver.py
[2.018s] -- Up-to-date: /home/alex/ros2_ws/install/webots_ros2_driver/local/lib/python3.10/dist-packages/controller/radar.py
[2.019s] -- Up-to-date: /home/alex/ros2_ws/install/webots_ros2_driver/local/lib/python3.10/dist-packages/controller/led.py
[2.019s] -- Up-to-date: /home/alex/ros2_ws/install/webots_ros2_driver/local/lib/python3.10/dist-packages/controller/accelerometer.py
[2.019s] -- Up-to-date: /home/alex/ros2_ws/install/webots_ros2_driver/local/lib/python3.10/dist-packages/controller/radar_target.py
[2.019s] -- Up-to-date: /home/alex/ros2_ws/install/webots_ros2_driver/local/lib/python3.10/dist-packages/controller/constants.py
[2.019s] -- Up-to-date: /home/alex/ros2_ws/install/webots_ros2_driver/local/lib/python3.10/dist-packages/controller/display.py
[2.019s] -- Up-to-date: /home/alex/ros2_ws/install/webots_ros2_driver/local/lib/python3.10/dist-packages/controller/inertial_unit.py
[2.019s] -- Up-to-date: /home/alex/ros2_ws/install/webots_ros2_driver/local/lib/python3.10/dist-packages/controller/ansi_codes.py
[2.019s] -- Up-to-date: /home/alex/ros2_ws/install/webots_ros2_driver/local/lib/python3.10/dist-packages/controller/distance_sensor.py
[2.019s] -- Up-to-date: /home/alex/ros2_ws/install/webots_ros2_driver/local/lib/python3.10/dist-packages/controller/robot.py
[2.019s] -- Up-to-date: /home/alex/ros2_ws/install/webots_ros2_driver/local/lib/python3.10/dist-packages/controller/connector.py
[2.019s] -- Up-to-date: /home/alex/ros2_ws/install/webots_ros2_driver/local/lib/python3.10/dist-packages/controller/sensor.py
[2.019s] -- Up-to-date: /home/alex/ros2_ws/install/webots_ros2_driver/local/lib/python3.10/dist-packages/controller/motion.py
[2.019s] -- Up-to-date: /home/alex/ros2_ws/install/webots_ros2_driver/local/lib/python3.10/dist-packages/controller/lidar.py
[2.020s] -- Up-to-date: /home/alex/ros2_ws/install/webots_ros2_driver/local/lib/python3.10/dist-packages/controller/speaker.py
[2.020s] -- Up-to-date: /home/alex/ros2_ws/install/webots_ros2_driver/local/lib/python3.10/dist-packages/controller/pen.py
[2.020s] -- Up-to-date: /home/alex/ros2_ws/install/webots_ros2_driver/local/lib/python3.10/dist-packages/controller/mouse.py
[2.020s] -- Up-to-date: /home/alex/ros2_ws/install/webots_ros2_driver/local/lib/python3.10/dist-packages/controller/field.py
[2.020s] -- Up-to-date: /home/alex/ros2_ws/install/webots_ros2_driver/local/lib/python3.10/dist-packages/controller/node.py
[2.020s] -- Up-to-date: /home/alex/ros2_ws/install/webots_ros2_driver/local/lib/python3.10/dist-packages/controller/position_sensor.py
[2.020s] -- Up-to-date: /home/alex/ros2_ws/install/webots_ros2_driver/local/lib/python3.10/dist-packages/controller/lidar_point.py
[2.020s] -- Up-to-date: /home/alex/ros2_ws/install/webots_ros2_driver/local/lib/python3.10/dist-packages/controller/camera.py
[2.020s] -- Up-to-date: /home/alex/ros2_ws/install/webots_ros2_driver/local/lib/python3.10/dist-packages/controller/compass.py
[2.020s] -- Up-to-date: /home/alex/ros2_ws/install/webots_ros2_driver/local/lib/python3.10/dist-packages/controller/vacuum_gripper.py
[2.020s] -- Up-to-date: /home/alex/ros2_ws/install/webots_ros2_driver/local/lib/python3.10/dist-packages/controller/motor.py
[2.020s] -- Up-to-date: /home/alex/ros2_ws/install/webots_ros2_driver/local/lib/python3.10/dist-packages/controller/device.py
[2.021s] -- Up-to-date: /home/alex/ros2_ws/install/webots_ros2_driver/local/lib/python3.10/dist-packages/controller/touch_sensor.py
[2.021s] -- Up-to-date: /home/alex/ros2_ws/install/webots_ros2_driver/local/lib/python3.10/dist-packages/controller/keyboard.py
[2.021s] -- Up-to-date: /home/alex/ros2_ws/install/webots_ros2_driver/local/lib/python3.10/dist-packages/controller/wb.py
[2.021s] -- Up-to-date: /home/alex/ros2_ws/install/webots_ros2_driver/local/lib/python3.10/dist-packages/controller/range_finder.py
[2.021s] -- Up-to-date: /home/alex/ros2_ws/install/webots_ros2_driver/local/lib/python3.10/dist-packages/controller/supervisor.py
[2.021s] -- Up-to-date: /home/alex/ros2_ws/install/webots_ros2_driver/local/lib/python3.10/dist-packages/controller/gps.py
[2.021s] -- Up-to-date: /home/alex/ros2_ws/install/webots_ros2_driver/local/lib/python3.10/dist-packages/controller/gyro.py
[2.021s] -- Up-to-date: /home/alex/ros2_ws/install/webots_ros2_driver/local/lib/python3.10/dist-packages/controller/joystick.py
[2.021s] -- Up-to-date: /home/alex/ros2_ws/install/webots_ros2_driver/local/lib/python3.10/dist-packages/controller/altimeter.py
[2.021s] -- Up-to-date: /home/alex/ros2_ws/install/webots_ros2_driver/local/lib/python3.10/dist-packages/controller/light_sensor.py
[2.021s] -- Up-to-date: /home/alex/ros2_ws/install/webots_ros2_driver/local/lib/python3.10/dist-packages/controller/__init__.py
[2.021s] -- Up-to-date: /home/alex/ros2_ws/install/webots_ros2_driver/local/lib/python3.10/dist-packages/controller/emitter.py
[2.067s] Listing '/home/alex/ros2_ws/install/webots_ros2_driver/local/lib/python3.10/dist-packages/controller'...
[2.072s] -- Up-to-date: /home/alex/ros2_ws/install/webots_ros2_driver/local/lib/python3.10/dist-packages/vehicle-2023.1.1-py3.10.egg-info
[2.072s] -- Installing: /home/alex/ros2_ws/install/webots_ros2_driver/local/lib/python3.10/dist-packages/vehicle-2023.1.1-py3.10.egg-info/dependency_links.txt
[2.072s] -- Installing: /home/alex/ros2_ws/install/webots_ros2_driver/local/lib/python3.10/dist-packages/vehicle-2023.1.1-py3.10.egg-info/SOURCES.txt
[2.072s] -- Installing: /home/alex/ros2_ws/install/webots_ros2_driver/local/lib/python3.10/dist-packages/vehicle-2023.1.1-py3.10.egg-info/top_level.txt
[2.072s] -- Installing: /home/alex/ros2_ws/install/webots_ros2_driver/local/lib/python3.10/dist-packages/vehicle-2023.1.1-py3.10.egg-info/PKG-INFO
[2.072s] -- Up-to-date: /home/alex/ros2_ws/install/webots_ros2_driver/local/lib/python3.10/dist-packages/vehicle
[2.072s] -- Up-to-date: /home/alex/ros2_ws/install/webots_ros2_driver/local/lib/python3.10/dist-packages/vehicle/driver.py
[2.073s] -- Up-to-date: /home/alex/ros2_ws/install/webots_ros2_driver/local/lib/python3.10/dist-packages/vehicle/car.py
[2.073s] -- Up-to-date: /home/alex/ros2_ws/install/webots_ros2_driver/local/lib/python3.10/dist-packages/vehicle/__init__.py
[2.122s] Listing '/home/alex/ros2_ws/install/webots_ros2_driver/local/lib/python3.10/dist-packages/vehicle'...
[2.128s] -- Up-to-date: /home/alex/ros2_ws/install/webots_ros2_driver/local/lib/python3.10/dist-packages/webots_ros2_driver-2023.1.1-py3.10.egg-info
[2.128s] -- Installing: /home/alex/ros2_ws/install/webots_ros2_driver/local/lib/python3.10/dist-packages/webots_ros2_driver-2023.1.1-py3.10.egg-info/dependency_links.txt
[2.129s] -- Installing: /home/alex/ros2_ws/install/webots_ros2_driver/local/lib/python3.10/dist-packages/webots_ros2_driver-2023.1.1-py3.10.egg-info/SOURCES.txt
[2.129s] -- Installing: /home/alex/ros2_ws/install/webots_ros2_driver/local/lib/python3.10/dist-packages/webots_ros2_driver-2023.1.1-py3.10.egg-info/top_level.txt
[2.129s] -- Installing: /home/alex/ros2_ws/install/webots_ros2_driver/local/lib/python3.10/dist-packages/webots_ros2_driver-2023.1.1-py3.10.egg-info/PKG-INFO
[2.129s] -- Up-to-date: /home/alex/ros2_ws/install/webots_ros2_driver/local/lib/python3.10/dist-packages/webots_ros2_driver
[2.129s] -- Up-to-date: /home/alex/ros2_ws/install/webots_ros2_driver/local/lib/python3.10/dist-packages/webots_ros2_driver/utils.py
[2.129s] -- Up-to-date: /home/alex/ros2_ws/install/webots_ros2_driver/local/lib/python3.10/dist-packages/webots_ros2_driver/urdf_spawner.py
[2.130s] -- Up-to-date: /home/alex/ros2_ws/install/webots_ros2_driver/local/lib/python3.10/dist-packages/webots_ros2_driver/ros2_supervisor.py
[2.130s] -- Up-to-date: /home/alex/ros2_ws/install/webots_ros2_driver/local/lib/python3.10/dist-packages/webots_ros2_driver/webots_controller.py
[2.130s] -- Up-to-date: /home/alex/ros2_ws/install/webots_ros2_driver/local/lib/python3.10/dist-packages/webots_ros2_driver/wait_for_controller_connection.py
[2.130s] -- Up-to-date: /home/alex/ros2_ws/install/webots_ros2_driver/local/lib/python3.10/dist-packages/webots_ros2_driver/webots_launcher.py
[2.130s] -- Up-to-date: /home/alex/ros2_ws/install/webots_ros2_driver/local/lib/python3.10/dist-packages/webots_ros2_driver/__init__.py
[2.181s] Listing '/home/alex/ros2_ws/install/webots_ros2_driver/local/lib/python3.10/dist-packages/webots_ros2_driver'...
[2.186s] -- Up-to-date: /home/alex/ros2_ws/install/webots_ros2_driver/include
[2.186s] -- Up-to-date: /home/alex/ros2_ws/install/webots_ros2_driver/include/webots_ros2_driver
[2.186s] -- Up-to-date: /home/alex/ros2_ws/install/webots_ros2_driver/include/webots_ros2_driver/PluginInterface.hpp
[2.186s] -- Up-to-date: /home/alex/ros2_ws/install/webots_ros2_driver/include/webots_ros2_driver/PythonPlugin.hpp
[2.187s] -- Up-to-date: /home/alex/ros2_ws/install/webots_ros2_driver/include/webots_ros2_driver/plugins
[2.187s] -- Up-to-date: /home/alex/ros2_ws/install/webots_ros2_driver/include/webots_ros2_driver/plugins/static
[2.187s] -- Up-to-date: /home/alex/ros2_ws/install/webots_ros2_driver/include/webots_ros2_driver/plugins/static/Ros2Receiver.hpp
[2.187s] -- Up-to-date: /home/alex/ros2_ws/install/webots_ros2_driver/include/webots_ros2_driver/plugins/static/Ros2Lidar.hpp
[2.187s] -- Up-to-date: /home/alex/ros2_ws/install/webots_ros2_driver/include/webots_ros2_driver/plugins/static/Ros2Emitter.hpp
[2.187s] -- Up-to-date: /home/alex/ros2_ws/install/webots_ros2_driver/include/webots_ros2_driver/plugins/static/Ros2Camera.hpp
[2.188s] -- Up-to-date: /home/alex/ros2_ws/install/webots_ros2_driver/include/webots_ros2_driver/plugins/static/Ros2RangeFinder.hpp
[2.188s] -- Up-to-date: /home/alex/ros2_ws/install/webots_ros2_driver/include/webots_ros2_driver/plugins/static/Ros2VacuumGripper.hpp
[2.188s] -- Up-to-date: /home/alex/ros2_ws/install/webots_ros2_driver/include/webots_ros2_driver/plugins/static/Ros2GPS.hpp
[2.188s] -- Up-to-date: /home/alex/ros2_ws/install/webots_ros2_driver/include/webots_ros2_driver/plugins/static/Ros2Compass.hpp
[2.189s] -- Up-to-date: /home/alex/ros2_ws/install/webots_ros2_driver/include/webots_ros2_driver/plugins/static/Ros2Pen.hpp
[2.189s] -- Up-to-date: /home/alex/ros2_ws/install/webots_ros2_driver/include/webots_ros2_driver/plugins/static/Ros2LED.hpp
[2.189s] -- Up-to-date: /home/alex/ros2_ws/install/webots_ros2_driver/include/webots_ros2_driver/plugins/static/Ros2DistanceSensor.hpp
[2.189s] -- Up-to-date: /home/alex/ros2_ws/install/webots_ros2_driver/include/webots_ros2_driver/plugins/static/Ros2LightSensor.hpp
[2.190s] -- Up-to-date: /home/alex/ros2_ws/install/webots_ros2_driver/include/webots_ros2_driver/plugins/dynamic
[2.190s] -- Up-to-date: /home/alex/ros2_ws/install/webots_ros2_driver/include/webots_ros2_driver/plugins/dynamic/Ros2RGBD.hpp
[2.190s] -- Up-to-date: /home/alex/ros2_ws/install/webots_ros2_driver/include/webots_ros2_driver/plugins/dynamic/Ros2IMU.hpp
[2.190s] -- Up-to-date: /home/alex/ros2_ws/install/webots_ros2_driver/include/webots_ros2_driver/plugins/Ros2SensorPlugin.hpp
[2.190s] -- Up-to-date: /home/alex/ros2_ws/install/webots_ros2_driver/include/webots_ros2_driver/utils
[2.190s] -- Up-to-date: /home/alex/ros2_ws/install/webots_ros2_driver/include/webots_ros2_driver/utils/Utils.hpp
[2.191s] -- Up-to-date: /home/alex/ros2_ws/install/webots_ros2_driver/include/webots_ros2_driver/utils/Math.hpp
[2.191s] -- Up-to-date: /home/alex/ros2_ws/install/webots_ros2_driver/include/webots_ros2_driver/WebotsNode.hpp
[2.191s] -- Up-to-date: /home/alex/ros2_ws/install/webots_ros2_driver/lib/webots_ros2_driver/driver
[2.191s] -- Up-to-date: /home/alex/ros2_ws/install/webots_ros2_driver/lib/libwebots_ros2_driver_imu.so
[2.191s] -- Up-to-date: /home/alex/ros2_ws/install/webots_ros2_driver/lib/libwebots_ros2_driver_rgbd.so
[2.191s] -- Up-to-date: /home/alex/ros2_ws/install/webots_ros2_driver/include/webots/c
[2.191s] -- Up-to-date: /home/alex/ros2_ws/install/webots_ros2_driver/include/webots/c/webots
[2.191s] -- Up-to-date: /home/alex/ros2_ws/install/webots_ros2_driver/include/webots/c/webots/mouse.h
[2.191s] -- Up-to-date: /home/alex/ros2_ws/install/webots_ros2_driver/include/webots/c/webots/radio.h
[2.191s] -- Up-to-date: /home/alex/ros2_ws/install/webots_ros2_driver/include/webots/c/webots/touch_sensor.h
[2.191s] -- Up-to-date: /home/alex/ros2_ws/install/webots_ros2_driver/include/webots/c/webots/accelerometer.h
[2.192s] -- Up-to-date: /home/alex/ros2_ws/install/webots_ros2_driver/include/webots/c/webots/contact_point.h
[2.192s] -- Up-to-date: /home/alex/ros2_ws/install/webots_ros2_driver/include/webots/c/webots/position_sensor.h
[2.192s] -- Up-to-date: /home/alex/ros2_ws/install/webots_ros2_driver/include/webots/c/webots/inertial_unit.h
[2.192s] -- Up-to-date: /home/alex/ros2_ws/install/webots_ros2_driver/include/webots/c/webots/light_sensor.h
[2.192s] -- Up-to-date: /home/alex/ros2_ws/install/webots_ros2_driver/include/webots/c/webots/lidar_point.h
[2.193s] -- Up-to-date: /home/alex/ros2_ws/install/webots_ros2_driver/include/webots/c/webots/radar.h
[2.193s] -- Up-to-date: /home/alex/ros2_ws/install/webots_ros2_driver/include/webots/c/webots/robot.h
[2.193s] -- Up-to-date: /home/alex/ros2_ws/install/webots_ros2_driver/include/webots/c/webots/vacuum_gripper.h
[2.193s] -- Up-to-date: /home/alex/ros2_ws/install/webots_ros2_driver/include/webots/c/webots/lidar.h
[2.193s] -- Up-to-date: /home/alex/ros2_ws/install/webots_ros2_driver/include/webots/c/webots/speaker.h
[2.193s] -- Up-to-date: /home/alex/ros2_ws/install/webots_ros2_driver/include/webots/c/webots/display.h
[2.193s] -- Up-to-date: /home/alex/ros2_ws/install/webots_ros2_driver/include/webots/c/webots/altimeter.h
[2.193s] -- Up-to-date: /home/alex/ros2_ws/install/webots_ros2_driver/include/webots/c/webots/radar_target.h
[2.193s] -- Up-to-date: /home/alex/ros2_ws/install/webots_ros2_driver/include/webots/c/webots/types.h
[2.194s] -- Up-to-date: /home/alex/ros2_ws/install/webots_ros2_driver/include/webots/c/webots/compass.h
[2.194s] -- Up-to-date: /home/alex/ros2_ws/install/webots_ros2_driver/include/webots/c/webots/pen.h
[2.194s] -- Up-to-date: /home/alex/ros2_ws/install/webots_ros2_driver/include/webots/c/webots/brake.h
[2.194s] -- Up-to-date: /home/alex/ros2_ws/install/webots_ros2_driver/include/webots/c/webots/camera_recognition_object.h
[2.194s] -- Up-to-date: /home/alex/ros2_ws/install/webots_ros2_driver/include/webots/c/webots/camera.h
[2.194s] -- Up-to-date: /home/alex/ros2_ws/install/webots_ros2_driver/include/webots/c/webots/gyro.h
[2.194s] -- Up-to-date: /home/alex/ros2_ws/install/webots_ros2_driver/include/webots/c/webots/gps.h
[2.194s] -- Up-to-date: /home/alex/ros2_ws/install/webots_ros2_driver/include/webots/c/webots/console.h
[2.195s] -- Up-to-date: /home/alex/ros2_ws/install/webots_ros2_driver/include/webots/c/webots/led.h
[2.195s] -- Up-to-date: /home/alex/ros2_ws/install/webots_ros2_driver/include/webots/c/webots/skin.h
[2.195s] -- Up-to-date: /home/alex/ros2_ws/install/webots_ros2_driver/include/webots/c/webots/mouse_state.h
[2.195s] -- Up-to-date: /home/alex/ros2_ws/install/webots_ros2_driver/include/webots/c/webots/microphone.h
[2.195s] -- Up-to-date: /home/alex/ros2_ws/install/webots_ros2_driver/include/webots/c/webots/motor.h
[2.195s] -- Up-to-date: /home/alex/ros2_ws/install/webots_ros2_driver/include/webots/c/webots/plugins
[2.195s] -- Up-to-date: /home/alex/ros2_ws/install/webots_ros2_driver/include/webots/c/webots/plugins/robot_window
[2.195s] -- Up-to-date: /home/alex/ros2_ws/install/webots_ros2_driver/include/webots/c/webots/plugins/robot_window/default.h
[2.195s] -- Up-to-date: /home/alex/ros2_ws/install/webots_ros2_driver/include/webots/c/webots/plugins/robot_window/generic_robot_window
[2.195s] -- Up-to-date: /home/alex/ros2_ws/install/webots_ros2_driver/include/webots/c/webots/plugins/robot_window/generic_robot_window/generic.h
[2.195s] -- Up-to-date: /home/alex/ros2_ws/install/webots_ros2_driver/include/webots/c/webots/plugins/robot_window/robot_window.h
[2.195s] -- Up-to-date: /home/alex/ros2_ws/install/webots_ros2_driver/include/webots/c/webots/plugins/robot_window/robot_wwi.h
[2.196s] -- Up-to-date: /home/alex/ros2_ws/install/webots_ros2_driver/include/webots/c/webots/nodes.h
[2.196s] -- Up-to-date: /home/alex/ros2_ws/install/webots_ros2_driver/include/webots/c/webots/range_finder.h
[2.196s] -- Up-to-date: /home/alex/ros2_ws/install/webots_ros2_driver/include/webots/c/webots/keyboard.h
[2.197s] -- Up-to-date: /home/alex/ros2_ws/install/webots_ros2_driver/include/webots/c/webots/device.h
[2.197s] -- Up-to-date: /home/alex/ros2_ws/install/webots_ros2_driver/include/webots/c/webots/connector.h
[2.197s] -- Up-to-date: /home/alex/ros2_ws/install/webots_ros2_driver/include/webots/c/webots/utils
[2.198s] -- Up-to-date: /home/alex/ros2_ws/install/webots_ros2_driver/include/webots/c/webots/utils/ansi_codes.h
[2.198s] -- Up-to-date: /home/alex/ros2_ws/install/webots_ros2_driver/include/webots/c/webots/utils/motion.h
[2.198s] -- Up-to-date: /home/alex/ros2_ws/install/webots_ros2_driver/include/webots/c/webots/utils/string.h
[2.198s] -- Up-to-date: /home/alex/ros2_ws/install/webots_ros2_driver/include/webots/c/webots/utils/system.h
[2.198s] -- Up-to-date: /home/alex/ros2_ws/install/webots_ros2_driver/include/webots/c/webots/joystick.h
[2.198s] -- Up-to-date: /home/alex/ros2_ws/install/webots_ros2_driver/include/webots/c/webots/vehicle
[2.199s] -- Up-to-date: /home/alex/ros2_ws/install/webots_ros2_driver/include/webots/c/webots/vehicle/driver.h
[2.199s] -- Up-to-date: /home/alex/ros2_ws/install/webots_ros2_driver/include/webots/c/webots/vehicle/car.h
[2.199s] -- Up-to-date: /home/alex/ros2_ws/install/webots_ros2_driver/include/webots/c/webots/supervisor.h
[2.199s] -- Up-to-date: /home/alex/ros2_ws/install/webots_ros2_driver/include/webots/c/webots/distance_sensor.h
[2.199s] -- Up-to-date: /home/alex/ros2_ws/install/webots_ros2_driver/include/webots/c/webots/receiver.h
[2.199s] -- Up-to-date: /home/alex/ros2_ws/install/webots_ros2_driver/include/webots/c/webots/emitter.h
[2.200s] -- Up-to-date: /home/alex/ros2_ws/install/webots_ros2_driver/include/webots/c/webots/remote_control.h
[2.200s] -- Up-to-date: /home/alex/ros2_ws/install/webots_ros2_driver/include/webots/cpp
[2.201s] -- Up-to-date: /home/alex/ros2_ws/install/webots_ros2_driver/include/webots/cpp/webots
[2.201s] -- Up-to-date: /home/alex/ros2_ws/install/webots_ros2_driver/include/webots/cpp/webots/Accelerometer.hpp
[2.201s] -- Up-to-date: /home/alex/ros2_ws/install/webots_ros2_driver/include/webots/cpp/webots/Device.hpp
[2.202s] -- Up-to-date: /home/alex/ros2_ws/install/webots_ros2_driver/include/webots/cpp/webots/Receiver.hpp
[2.202s] -- Up-to-date: /home/alex/ros2_ws/install/webots_ros2_driver/include/webots/cpp/webots/Robot.hpp
[2.202s] -- Up-to-date: /home/alex/ros2_ws/install/webots_ros2_driver/include/webots/cpp/webots/PositionSensor.hpp
[2.202s] -- Up-to-date: /home/alex/ros2_ws/install/webots_ros2_driver/include/webots/cpp/webots/GPS.hpp
[2.203s] -- Up-to-date: /home/alex/ros2_ws/install/webots_ros2_driver/include/webots/cpp/webots/Keyboard.hpp
[2.203s] -- Up-to-date: /home/alex/ros2_ws/install/webots_ros2_driver/include/webots/cpp/webots/RangeFinder.hpp
[2.203s] -- Up-to-date: /home/alex/ros2_ws/install/webots_ros2_driver/include/webots/cpp/webots/LED.hpp
[2.203s] -- Up-to-date: /home/alex/ros2_ws/install/webots_ros2_driver/include/webots/cpp/webots/DistanceSensor.hpp
[2.203s] -- Up-to-date: /home/alex/ros2_ws/install/webots_ros2_driver/include/webots/cpp/webots/TouchSensor.hpp
[2.204s] -- Up-to-date: /home/alex/ros2_ws/install/webots_ros2_driver/include/webots/cpp/webots/Supervisor.hpp
[2.204s] -- Up-to-date: /home/alex/ros2_ws/install/webots_ros2_driver/include/webots/cpp/webots/InertialUnit.hpp
[2.204s] -- Up-to-date: /home/alex/ros2_ws/install/webots_ros2_driver/include/webots/cpp/webots/Speaker.hpp
[2.205s] -- Up-to-date: /home/alex/ros2_ws/install/webots_ros2_driver/include/webots/cpp/webots/Field.hpp
[2.205s] -- Up-to-date: /home/alex/ros2_ws/install/webots_ros2_driver/include/webots/cpp/webots/Motor.hpp
[2.205s] -- Up-to-date: /home/alex/ros2_ws/install/webots_ros2_driver/include/webots/cpp/webots/Radar.hpp
[2.206s] -- Up-to-date: /home/alex/ros2_ws/install/webots_ros2_driver/include/webots/cpp/webots/Gyro.hpp
[2.206s] -- Up-to-date: /home/alex/ros2_ws/install/webots_ros2_driver/include/webots/cpp/webots/Skin.hpp
[2.206s] -- Up-to-date: /home/alex/ros2_ws/install/webots_ros2_driver/include/webots/cpp/webots/Compass.hpp
[2.207s] -- Up-to-date: /home/alex/ros2_ws/install/webots_ros2_driver/include/webots/cpp/webots/Pen.hpp
[2.207s] -- Up-to-date: /home/alex/ros2_ws/install/webots_ros2_driver/include/webots/cpp/webots/Brake.hpp
[2.207s] -- Up-to-date: /home/alex/ros2_ws/install/webots_ros2_driver/include/webots/cpp/webots/VacuumGripper.hpp
[2.208s] -- Up-to-date: /home/alex/ros2_ws/install/webots_ros2_driver/include/webots/cpp/webots/Joystick.hpp
[2.208s] -- Up-to-date: /home/alex/ros2_ws/install/webots_ros2_driver/include/webots/cpp/webots/LightSensor.hpp
[2.209s] -- Up-to-date: /home/alex/ros2_ws/install/webots_ros2_driver/include/webots/cpp/webots/Display.hpp
[2.209s] -- Up-to-date: /home/alex/ros2_ws/install/webots_ros2_driver/include/webots/cpp/webots/Altimeter.hpp
[2.209s] -- Up-to-date: /home/alex/ros2_ws/install/webots_ros2_driver/include/webots/cpp/webots/Emitter.hpp
[2.210s] -- Up-to-date: /home/alex/ros2_ws/install/webots_ros2_driver/include/webots/cpp/webots/utils
[2.210s] -- Up-to-date: /home/alex/ros2_ws/install/webots_ros2_driver/include/webots/cpp/webots/utils/Motion.hpp
[2.210s] -- Up-to-date: /home/alex/ros2_ws/install/webots_ros2_driver/include/webots/cpp/webots/utils/AnsiCodes.hpp
[2.210s] -- Up-to-date: /home/alex/ros2_ws/install/webots_ros2_driver/include/webots/cpp/webots/vehicle
[2.211s] -- Up-to-date: /home/alex/ros2_ws/install/webots_ros2_driver/include/webots/cpp/webots/vehicle/Driver.hpp
[2.211s] -- Up-to-date: /home/alex/ros2_ws/install/webots_ros2_driver/include/webots/cpp/webots/vehicle/Car.hpp
[2.212s] -- Up-to-date: /home/alex/ros2_ws/install/webots_ros2_driver/include/webots/cpp/webots/Mouse.hpp
[2.213s] -- Up-to-date: /home/alex/ros2_ws/install/webots_ros2_driver/include/webots/cpp/webots/Camera.hpp
[2.213s] -- Up-to-date: /home/alex/ros2_ws/install/webots_ros2_driver/include/webots/cpp/webots/ImageRef.hpp
[2.214s] -- Up-to-date: /home/alex/ros2_ws/install/webots_ros2_driver/include/webots/cpp/webots/Lidar.hpp
[2.214s] -- Up-to-date: /home/alex/ros2_ws/install/webots_ros2_driver/include/webots/cpp/webots/Connector.hpp
[2.214s] -- Up-to-date: /home/alex/ros2_ws/install/webots_ros2_driver/include/webots/cpp/webots/Node.hpp
[2.214s] -- Up-to-date: /home/alex/ros2_ws/install/webots_ros2_driver/lib/controller
[2.214s] -- Up-to-date: /home/alex/ros2_ws/install/webots_ros2_driver/lib/controller/.gitignore
[2.215s] -- Installing: /home/alex/ros2_ws/install/webots_ros2_driver/lib/controller/libCppCar.so
[2.216s] -- Installing: /home/alex/ros2_ws/install/webots_ros2_driver/lib/controller/libdriver.so
[2.216s] -- Installing: /home/alex/ros2_ws/install/webots_ros2_driver/lib/controller/libgeneric_robot_window.so
[2.216s] -- Installing: /home/alex/ros2_ws/install/webots_ros2_driver/lib/controller/libCppDriver.so
[2.216s] -- Up-to-date: /home/alex/ros2_ws/install/webots_ros2_driver/lib/controller/libCppController.so
[2.217s] -- Installing: /home/alex/ros2_ws/install/webots_ros2_driver/lib/controller/libcar.so
[2.217s] -- Up-to-date: /home/alex/ros2_ws/install/webots_ros2_driver/lib/controller/libController.so
[2.217s] -- Up-to-date: /home/alex/ros2_ws/install/webots_ros2_driver/share/webots_ros2_driver/webots_ros2_imu.xml
[2.217s] -- Up-to-date: /home/alex/ros2_ws/install/webots_ros2_driver/share/webots_ros2_driver/webots_ros2_rgbd.xml
[2.217s] -- Up-to-date: /home/alex/ros2_ws/install/webots_ros2_driver/lib/webots_ros2_driver/ros2_supervisor.py
[2.217s] -- Up-to-date: /home/alex/ros2_ws/install/webots_ros2_driver/share/webots_ros2_driver/scripts
[2.217s] -- Up-to-date: /home/alex/ros2_ws/install/webots_ros2_driver/share/webots_ros2_driver/scripts/webots_tcp_client.py
[2.217s] -- Up-to-date: /home/alex/ros2_ws/install/webots_ros2_driver/share/webots_ros2_driver/scripts/webots-controller
[2.217s] -- Up-to-date: /home/alex/ros2_ws/install/webots_ros2_driver/share/webots_ros2_driver/environment/library_path.sh
[2.217s] -- Up-to-date: /home/alex/ros2_ws/install/webots_ros2_driver/share/webots_ros2_driver/environment/library_path.dsv
[2.218s] -- Up-to-date: /home/alex/ros2_ws/install/webots_ros2_driver/share/ament_index/resource_index/package_run_dependencies/webots_ros2_driver
[2.218s] -- Up-to-date: /home/alex/ros2_ws/install/webots_ros2_driver/share/ament_index/resource_index/parent_prefix_path/webots_ros2_driver
[2.218s] -- Up-to-date: /home/alex/ros2_ws/install/webots_ros2_driver/share/webots_ros2_driver/environment/ament_prefix_path.sh
[2.218s] -- Up-to-date: /home/alex/ros2_ws/install/webots_ros2_driver/share/webots_ros2_driver/environment/ament_prefix_path.dsv
[2.218s] -- Up-to-date: /home/alex/ros2_ws/install/webots_ros2_driver/share/webots_ros2_driver/environment/path.sh
[2.218s] -- Up-to-date: /home/alex/ros2_ws/install/webots_ros2_driver/share/webots_ros2_driver/environment/path.dsv
[2.218s] -- Up-to-date: /home/alex/ros2_ws/install/webots_ros2_driver/share/webots_ros2_driver/local_setup.bash
[2.218s] -- Up-to-date: /home/alex/ros2_ws/install/webots_ros2_driver/share/webots_ros2_driver/local_setup.sh
[2.218s] -- Up-to-date: /home/alex/ros2_ws/install/webots_ros2_driver/share/webots_ros2_driver/local_setup.zsh
[2.218s] -- Up-to-date: /home/alex/ros2_ws/install/webots_ros2_driver/share/webots_ros2_driver/local_setup.dsv
[2.218s] -- Installing: /home/alex/ros2_ws/install/webots_ros2_driver/share/webots_ros2_driver/package.dsv
[2.218s] -- Up-to-date: /home/alex/ros2_ws/install/webots_ros2_driver/share/ament_index/resource_index/packages/webots_ros2_driver
[2.219s] -- Up-to-date: /home/alex/ros2_ws/install/webots_ros2_driver/share/ament_index/resource_index/webots_ros2_driver__pluginlib__plugin/webots_ros2_driver
[2.219s] -- Up-to-date: /home/alex/ros2_ws/install/webots_ros2_driver/share/webots_ros2_driver/cmake/ament_cmake_export_include_directories-extras.cmake
[2.219s] -- Up-to-date: /home/alex/ros2_ws/install/webots_ros2_driver/share/webots_ros2_driver/cmake/ament_cmake_export_dependencies-extras.cmake
[2.219s] -- Up-to-date: /home/alex/ros2_ws/install/webots_ros2_driver/share/webots_ros2_driver/cmake/ament_cmake_export_libraries-extras.cmake
[2.219s] -- Up-to-date: /home/alex/ros2_ws/install/webots_ros2_driver/share/webots_ros2_driver/cmake/webots_ros2_driverConfig.cmake
[2.219s] -- Up-to-date: /home/alex/ros2_ws/install/webots_ros2_driver/share/webots_ros2_driver/cmake/webots_ros2_driverConfig-version.cmake
[2.219s] -- Up-to-date: /home/alex/ros2_ws/install/webots_ros2_driver/share/webots_ros2_driver/package.xml
[2.219s] Invoked command in '/home/alex/ros2_ws/build/webots_ros2_driver' returned '0': AMENT_PREFIX_PATH=/home/alex/ros2_ws/install/webots_ros2_importer:/home/alex/ros2_ws/install/webots_ros2:/home/alex/ros2_ws/install/webots_ros2_universal_robot:/home/alex/ros2_ws/install/webots_ros2_turtlebot:/home/alex/ros2_ws/install/webots_ros2_tiago:/home/alex/ros2_ws/install/webots_ros2_tests:/home/alex/ros2_ws/install/webots_ros2_tesla:/home/alex/ros2_ws/install/webots_ros2_mavic:/home/alex/ros2_ws/install/webots_ros2_epuck:/home/alex/ros2_ws/install/webots_ros2_control:/home/alex/ros2_ws/install/webots_ros2_driver:/home/alex/ros2_ws/install/webots_ros2_msgs:/home/alex/ros2_ws/install/turtlesim:/home/alex/ros2_ws/install/my_py_pkg:/home/alex/ros2_ws/install/my_robot_interfaces:/home/alex/ros2_ws/install/my_cpp_pkg:/home/alex/rmf_ws/install/rmf_demos_gz_classic:/home/alex/rmf_ws/install/rmf_demos_gz:/home/alex/rmf_ws/install/rmf_demos:/home/alex/rmf_ws/install/rmf_demos_tasks:/home/alex/rmf_ws/install/rmf_demos_panel:/home/alex/rmf_ws/install/rmf_demos_maps:/home/alex/rmf_ws/install/rmf_demos_fleet_adapter:/home/alex/rmf_ws/install/rmf_demos_dashboard_resources:/home/alex/rmf_ws/install/rmf_demos_bridges:/home/alex/rmf_ws/install/rmf_demos_assets:/opt/ros/humble CMAKE_PREFIX_PATH=/home/alex/ros2_ws/install/webots_ros2_msgs:/home/alex/ros2_ws/install/webots_ros2_control:/home/alex/ros2_ws/install/webots_ros2_driver:/home/alex/ros2_ws/install/turtlesim:/home/alex/ros2_ws/install/my_robot_interfaces:/home/alex/ros2_ws/install/my_cpp_pkg:/home/alex/rmf_ws/install/rmf_demos_gz_classic:/home/alex/rmf_ws/install/rmf_demos_gz:/home/alex/rmf_ws/install/rmf_demos:/home/alex/rmf_ws/install/rmf_demos_maps:/home/alex/rmf_ws/install/rmf_demos_dashboard_resources:/home/alex/rmf_ws/install/rmf_demos_assets:/home/alex/ros2_ws/install/webots_ros2:/home/alex/ros2_ws/install/webots_ros2_universal_robot:/home/alex/ros2_ws/install/webots_ros2_turtlebot:/home/alex/ros2_ws/install/webots_ros2_tiago:/home/alex/ros2_ws/install/webots_ros2_tests:/home/alex/ros2_ws/install/webots_ros2_tesla:/home/alex/ros2_ws/install/webots_ros2_mavic:/home/alex/ros2_ws/install/webots_ros2_epuck:/home/alex/ros2_ws/install/webots_ros2_importer:/home/alex/ros2_ws/install/my_py_pkg:/home/alex/rmf_ws/install/rmf_demos_tasks:/home/alex/rmf_ws/install/rmf_demos_panel:/home/alex/rmf_ws/install/rmf_demos_fleet_adapter:/home/alex/rmf_ws/install/rmf_demos_bridges:/opt/ros/humble LD_LIBRARY_PATH=/home/alex/ros2_ws/install/webots_ros2_msgs/lib:/home/alex/ros2_ws/install/webots_ros2_control/lib:/home/alex/ros2_ws/install/webots_ros2_driver/lib:/home/alex/ros2_ws/install/turtlesim/lib:/home/alex/ros2_ws/install/my_robot_interfaces/lib:/opt/ros/humble/opt/rviz_ogre_vendor/lib:/opt/ros/humble/lib/x86_64-linux-gnu:/opt/ros/humble/lib PYTHONPATH=/home/alex/ros2_ws/install/webots_ros2_importer/lib/python3.10/site-packages:/home/alex/ros2_ws/install/webots_ros2/lib/python3.10/site-packages:/home/alex/ros2_ws/install/webots_ros2_universal_robot/lib/python3.10/site-packages:/home/alex/ros2_ws/install/webots_ros2_turtlebot/lib/python3.10/site-packages:/home/alex/ros2_ws/install/webots_ros2_tiago/lib/python3.10/site-packages:/home/alex/ros2_ws/install/webots_ros2_tests/lib/python3.10/site-packages:/home/alex/ros2_ws/install/webots_ros2_tesla/lib/python3.10/site-packages:/home/alex/ros2_ws/install/webots_ros2_mavic/lib/python3.10/site-packages:/home/alex/ros2_ws/install/webots_ros2_epuck/lib/python3.10/site-packages:/home/alex/ros2_ws/install/webots_ros2_driver/local/lib/python3.10/dist-packages:/home/alex/ros2_ws/install/webots_ros2_msgs/local/lib/python3.10/dist-packages:/home/alex/ros2_ws/install/turtlesim/local/lib/python3.10/dist-packages:/home/alex/ros2_ws/install/my_py_pkg/lib/python3.10/site-packages:/home/alex/ros2_ws/install/my_robot_interfaces/local/lib/python3.10/dist-packages:/home/alex/rmf_ws/install/rmf_demos_tasks/lib/python3.10/site-packages:/home/alex/rmf_ws/install/rmf_demos_panel/lib/python3.10/site-packages:/home/alex/rmf_ws/install/rmf_demos_fleet_adapter/lib/python3.10/site-packages:/home/alex/rmf_ws/install/rmf_demos_bridges/lib/python3.10/site-packages:/opt/ros/humble/lib/python/site-packages:/opt/ros/humble/lib/python3.10/site-packages:/opt/ros/humble/local/lib/python3.10/dist-packages /usr/bin/cmake --install /home/alex/ros2_ws/build/webots_ros2_driver
