[0.350s] Invoking command in '/home/alex/ros2_ws/build/turtlesim': CMAKE_PREFIX_PATH=${CMAKE_PREFIX_PATH}:/home/alex/ros2_ws/install/my_py_pkg:/opt/ros/humble /usr/bin/cmake --build /home/alex/ros2_ws/build/turtlesim -- -j8 -l8
[0.382s] -- Found ament_cmake: 1.3.5 (/opt/ros/humble/share/ament_cmake/cmake)
[0.539s] -- Found ament_index_cpp: 1.4.0 (/opt/ros/humble/share/ament_index_cpp/cmake)
[0.541s] -- Found geometry_msgs: 4.2.3 (/opt/ros/humble/share/geometry_msgs/cmake)
[0.674s] -- Found rosidl_generator_c: 3.1.5 (/opt/ros/humble/share/rosidl_generator_c/cmake)
[0.677s] -- Found rosidl_adapter: 3.1.5 (/opt/ros/humble/share/rosidl_adapter/cmake)
[0.683s] -- Found rosidl_generator_cpp: 3.1.5 (/opt/ros/humble/share/rosidl_generator_cpp/cmake)
[0.697s] -- Using all available rosidl_typesupport_c: rosidl_typesupport_fastrtps_c;rosidl_typesupport_introspection_c
[0.708s] -- Using all available rosidl_typesupport_cpp: rosidl_typesupport_fastrtps_cpp;rosidl_typesupport_introspection_cpp
[0.955s] -- Found rclcpp: 16.0.6 (/opt/ros/humble/share/rclcpp/cmake)
[1.006s] -- Found rmw_implementation_cmake: 6.1.1 (/opt/ros/humble/share/rmw_implementation_cmake/cmake)
[1.008s] -- Found rmw_fastrtps_cpp: 6.2.4 (/opt/ros/humble/share/rmw_fastrtps_cpp/cmake)
[6.598s] -- Using RMW implementation 'rmw_fastrtps_cpp' as default
[6.713s] -- Found rclcpp_action: 16.0.6 (/opt/ros/humble/share/rclcpp_action/cmake)
[6.838s] -- Found rosidl_default_generators: 1.2.0 (/opt/ros/humble/share/rosidl_default_generators/cmake)
[6.844s] -- Found std_srvs: 4.2.3 (/opt/ros/humble/share/std_srvs/cmake)
[7.133s] -- Found ament_cmake_ros: 0.10.0 (/opt/ros/humble/share/ament_cmake_ros/cmake)
[7.370s] -- Using all available rosidl_typesupport_c: rosidl_typesupport_fastrtps_c;rosidl_typesupport_introspection_c
[7.464s] -- Using all available rosidl_typesupport_cpp: rosidl_typesupport_fastrtps_cpp;rosidl_typesupport_introspection_cpp
[7.481s] -- Found python_cmake_module: 0.10.0 (/opt/ros/humble/share/python_cmake_module/cmake)
[7.498s] -- Using PYTHON_EXECUTABLE: /usr/bin/python3
[7.498s] -- Using PYTHON_INCLUDE_DIRS: /usr/include/python3.10
[7.498s] -- Using PYTHON_LIBRARIES: /usr/lib/x86_64-linux-gnu/libpython3.10.so
[7.526s] -- Configuring done
[7.578s] -- Generating done
[7.582s] -- Build files have been written to: /home/alex/ros2_ws/build/turtlesim
[7.608s] [35m[1mConsolidate compiler generated dependencies of target turtlesim__rosidl_generator_c[0m
[7.612s] [  1%] Built target turtlesim__cpp
[7.622s] [  2%] [32mBuilding C object CMakeFiles/turtlesim__rosidl_generator_c.dir/rosidl_generator_c/turtlesim/action/detail/rotate_absolute__functions.c.o[0m
[7.622s] [  3%] [32mBuilding C object CMakeFiles/turtlesim__rosidl_generator_c.dir/rosidl_generator_c/turtlesim/msg/detail/color__functions.c.o[0m
[7.625s] [35m[1mConsolidate compiler generated dependencies of target turtlesim__rosidl_typesupport_fastrtps_cpp[0m
[7.626s] [35m[1mConsolidate compiler generated dependencies of target turtlesim__rosidl_typesupport_introspection_cpp[0m
[7.626s] [35m[1mConsolidate compiler generated dependencies of target turtlesim__rosidl_typesupport_cpp[0m
[7.628s] [  3%] Built target ament_cmake_python_copy_turtlesim
[7.631s] [  4%] [32mBuilding C object CMakeFiles/turtlesim__rosidl_generator_c.dir/rosidl_generator_c/turtlesim/srv/detail/kill__functions.c.o[0m
[7.637s] [  5%] [32mBuilding C object CMakeFiles/turtlesim__rosidl_generator_c.dir/rosidl_generator_c/turtlesim/msg/detail/pose__functions.c.o[0m
[7.644s] [  6%] [32mBuilding C object CMakeFiles/turtlesim__rosidl_generator_c.dir/rosidl_generator_c/turtlesim/srv/detail/set_pen__functions.c.o[0m
[7.648s] [  7%] [32mBuilding CXX object CMakeFiles/turtlesim__rosidl_typesupport_cpp.dir/rosidl_typesupport_cpp/turtlesim/action/rotate_absolute__type_support.cpp.o[0m
[7.657s] [  8%] [32mBuilding CXX object CMakeFiles/turtlesim__rosidl_typesupport_introspection_cpp.dir/rosidl_typesupport_introspection_cpp/turtlesim/action/detail/rotate_absolute__type_support.cpp.o[0m
[7.678s] [  9%] [32mBuilding CXX object CMakeFiles/turtlesim__rosidl_typesupport_fastrtps_cpp.dir/rosidl_typesupport_fastrtps_cpp/turtlesim/action/detail/dds_fastrtps/rotate_absolute__type_support.cpp.o[0m
[7.719s] [ 10%] [32mBuilding C object CMakeFiles/turtlesim__rosidl_generator_c.dir/rosidl_generator_c/turtlesim/srv/detail/spawn__functions.c.o[0m
[7.730s] [ 12%] [32mBuilding CXX object CMakeFiles/turtlesim__rosidl_typesupport_cpp.dir/rosidl_typesupport_cpp/turtlesim/msg/color__type_support.cpp.o[0m
[7.730s] [ 12%] [32mBuilding C object CMakeFiles/turtlesim__rosidl_generator_c.dir/rosidl_generator_c/turtlesim/srv/detail/teleport_absolute__functions.c.o[0m
[7.804s] [ 14%] [32mBuilding C object CMakeFiles/turtlesim__rosidl_generator_c.dir/rosidl_generator_c/turtlesim/srv/detail/teleport_relative__functions.c.o[0m
[7.804s] [ 14%] [32mBuilding CXX object CMakeFiles/turtlesim__rosidl_typesupport_cpp.dir/rosidl_typesupport_cpp/turtlesim/msg/pose__type_support.cpp.o[0m
[7.821s] [ 15%] [32mBuilding CXX object CMakeFiles/turtlesim__rosidl_typesupport_cpp.dir/rosidl_typesupport_cpp/turtlesim/srv/kill__type_support.cpp.o[0m
[7.930s] [ 16%] [32m[1mLinking C shared library libturtlesim__rosidl_generator_c.so[0m
[8.120s] running egg_info
[8.120s] writing turtlesim.egg-info/PKG-INFO
[8.121s] writing dependency_links to turtlesim.egg-info/dependency_links.txt
[8.121s] writing top-level names to turtlesim.egg-info/top_level.txt
[8.125s] reading manifest file 'turtlesim.egg-info/SOURCES.txt'
[8.127s] writing manifest file 'turtlesim.egg-info/SOURCES.txt'
[8.158s] [ 17%] [32mBuilding CXX object CMakeFiles/turtlesim__rosidl_typesupport_cpp.dir/rosidl_typesupport_cpp/turtlesim/srv/set_pen__type_support.cpp.o[0m
[8.170s] [ 17%] Built target ament_cmake_python_build_turtlesim_egg
[8.182s] [ 18%] Built target turtlesim__rosidl_generator_c
[8.192s] [ 19%] [32mBuilding CXX object CMakeFiles/turtlesim__rosidl_typesupport_cpp.dir/rosidl_typesupport_cpp/turtlesim/srv/spawn__type_support.cpp.o[0m
[8.222s] [35m[1mConsolidate compiler generated dependencies of target turtlesim__rosidl_typesupport_fastrtps_c[0m
[8.247s] [ 20%] [32mBuilding CXX object CMakeFiles/turtlesim__rosidl_typesupport_cpp.dir/rosidl_typesupport_cpp/turtlesim/srv/teleport_absolute__type_support.cpp.o[0m
[8.295s] [ 21%] [32mBuilding CXX object CMakeFiles/turtlesim__rosidl_typesupport_fastrtps_c.dir/rosidl_typesupport_fastrtps_c/turtlesim/action/detail/rotate_absolute__type_support_c.cpp.o[0m
[8.307s] [ 22%] [32mBuilding CXX object CMakeFiles/turtlesim__rosidl_typesupport_fastrtps_c.dir/rosidl_typesupport_fastrtps_c/turtlesim/msg/detail/color__type_support_c.cpp.o[0m
[8.459s] [ 23%] [32mBuilding CXX object CMakeFiles/turtlesim__rosidl_typesupport_fastrtps_c.dir/rosidl_typesupport_fastrtps_c/turtlesim/msg/detail/pose__type_support_c.cpp.o[0m
[8.577s] [ 24%] [32mBuilding CXX object CMakeFiles/turtlesim__rosidl_typesupport_cpp.dir/rosidl_typesupport_cpp/turtlesim/srv/teleport_relative__type_support.cpp.o[0m
[8.600s] [ 25%] [32mBuilding CXX object CMakeFiles/turtlesim__rosidl_typesupport_introspection_cpp.dir/rosidl_typesupport_introspection_cpp/turtlesim/msg/detail/color__type_support.cpp.o[0m
[8.621s] [ 26%] [32mBuilding CXX object CMakeFiles/turtlesim__rosidl_typesupport_fastrtps_c.dir/rosidl_typesupport_fastrtps_c/turtlesim/srv/detail/kill__type_support_c.cpp.o[0m
[8.629s] [ 27%] [32mBuilding CXX object CMakeFiles/turtlesim__rosidl_typesupport_fastrtps_cpp.dir/rosidl_typesupport_fastrtps_cpp/turtlesim/msg/detail/dds_fastrtps/color__type_support.cpp.o[0m
[8.719s] [ 28%] [32mBuilding CXX object CMakeFiles/turtlesim__rosidl_typesupport_fastrtps_c.dir/rosidl_typesupport_fastrtps_c/turtlesim/srv/detail/set_pen__type_support_c.cpp.o[0m
[8.794s] [ 29%] [32mBuilding CXX object CMakeFiles/turtlesim__rosidl_typesupport_fastrtps_c.dir/rosidl_typesupport_fastrtps_c/turtlesim/srv/detail/spawn__type_support_c.cpp.o[0m
[8.988s] [ 30%] [32mBuilding CXX object CMakeFiles/turtlesim__rosidl_typesupport_fastrtps_c.dir/rosidl_typesupport_fastrtps_c/turtlesim/srv/detail/teleport_absolute__type_support_c.cpp.o[0m
[9.020s] [ 31%] [32mBuilding CXX object CMakeFiles/turtlesim__rosidl_typesupport_fastrtps_c.dir/rosidl_typesupport_fastrtps_c/turtlesim/srv/detail/teleport_relative__type_support_c.cpp.o[0m
[9.049s] [ 32%] [32m[1mLinking CXX shared library libturtlesim__rosidl_typesupport_cpp.so[0m
[9.148s] [ 33%] [32mBuilding CXX object CMakeFiles/turtlesim__rosidl_typesupport_introspection_cpp.dir/rosidl_typesupport_introspection_cpp/turtlesim/msg/detail/pose__type_support.cpp.o[0m
[9.259s] [ 34%] [32mBuilding CXX object CMakeFiles/turtlesim__rosidl_typesupport_fastrtps_cpp.dir/rosidl_typesupport_fastrtps_cpp/turtlesim/msg/detail/dds_fastrtps/pose__type_support.cpp.o[0m
[9.273s] [ 35%] Built target turtlesim__rosidl_typesupport_cpp
[9.302s] [35m[1mConsolidate compiler generated dependencies of target turtlesim__rosidl_typesupport_c[0m
[9.316s] [ 36%] [32mBuilding CXX object CMakeFiles/turtlesim__rosidl_typesupport_c.dir/rosidl_typesupport_c/turtlesim/action/rotate_absolute__type_support.cpp.o[0m
[9.318s] [35m[1mConsolidate compiler generated dependencies of target turtlesim__rosidl_typesupport_introspection_c[0m
[9.323s] [ 37%] [32mBuilding CXX object CMakeFiles/turtlesim__rosidl_typesupport_c.dir/rosidl_typesupport_c/turtlesim/msg/color__type_support.cpp.o[0m
[9.353s] [ 38%] [32mBuilding C object CMakeFiles/turtlesim__rosidl_typesupport_introspection_c.dir/rosidl_typesupport_introspection_c/turtlesim/action/detail/rotate_absolute__type_support.c.o[0m
[9.365s] [ 39%] [32mBuilding C object CMakeFiles/turtlesim__rosidl_typesupport_introspection_c.dir/rosidl_typesupport_introspection_c/turtlesim/msg/detail/color__type_support.c.o[0m
[9.394s] [ 40%] [32mBuilding CXX object CMakeFiles/turtlesim__rosidl_typesupport_c.dir/rosidl_typesupport_c/turtlesim/msg/pose__type_support.cpp.o[0m
[9.410s] [ 41%] [32mBuilding C object CMakeFiles/turtlesim__rosidl_typesupport_introspection_c.dir/rosidl_typesupport_introspection_c/turtlesim/msg/detail/pose__type_support.c.o[0m
[9.436s] [ 42%] [32mBuilding C object CMakeFiles/turtlesim__rosidl_typesupport_introspection_c.dir/rosidl_typesupport_introspection_c/turtlesim/srv/detail/kill__type_support.c.o[0m
[9.462s] [ 44%] [32mBuilding C object CMakeFiles/turtlesim__rosidl_typesupport_introspection_c.dir/rosidl_typesupport_introspection_c/turtlesim/srv/detail/set_pen__type_support.c.o[0m
[9.463s] [ 44%] [32mBuilding C object CMakeFiles/turtlesim__rosidl_typesupport_introspection_c.dir/rosidl_typesupport_introspection_c/turtlesim/srv/detail/spawn__type_support.c.o[0m
[9.479s] [ 45%] [32mBuilding CXX object CMakeFiles/turtlesim__rosidl_typesupport_c.dir/rosidl_typesupport_c/turtlesim/srv/kill__type_support.cpp.o[0m
[9.505s] [ 46%] [32mBuilding C object CMakeFiles/turtlesim__rosidl_typesupport_introspection_c.dir/rosidl_typesupport_introspection_c/turtlesim/srv/detail/teleport_absolute__type_support.c.o[0m
[9.517s] [ 47%] [32mBuilding CXX object CMakeFiles/turtlesim__rosidl_typesupport_c.dir/rosidl_typesupport_c/turtlesim/srv/set_pen__type_support.cpp.o[0m
[9.536s] [ 49%] [32mBuilding CXX object CMakeFiles/turtlesim__rosidl_typesupport_c.dir/rosidl_typesupport_c/turtlesim/srv/spawn__type_support.cpp.o[0m
[9.536s] [ 49%] [32m[1mLinking CXX shared library libturtlesim__rosidl_typesupport_fastrtps_c.so[0m
[9.539s] [ 50%] [32mBuilding C object CMakeFiles/turtlesim__rosidl_typesupport_introspection_c.dir/rosidl_typesupport_introspection_c/turtlesim/srv/detail/teleport_relative__type_support.c.o[0m
[9.555s] [ 51%] [32mBuilding CXX object CMakeFiles/turtlesim__rosidl_typesupport_c.dir/rosidl_typesupport_c/turtlesim/srv/teleport_absolute__type_support.cpp.o[0m
[9.567s] [ 52%] [32mBuilding CXX object CMakeFiles/turtlesim__rosidl_typesupport_introspection_cpp.dir/rosidl_typesupport_introspection_cpp/turtlesim/srv/detail/kill__type_support.cpp.o[0m
[9.593s] [ 53%] [32mBuilding CXX object CMakeFiles/turtlesim__rosidl_typesupport_c.dir/rosidl_typesupport_c/turtlesim/srv/teleport_relative__type_support.cpp.o[0m
[9.597s] [35m[1mConsolidate compiler generated dependencies of target turtlesim_node[0m
[9.653s] [35m[1mConsolidate compiler generated dependencies of target turtle_teleop_key[0m
[9.670s] [ 54%] [32m[1mLinking C shared library libturtlesim__rosidl_typesupport_introspection_c.so[0m
[9.679s] [ 55%] [32mBuilding CXX object CMakeFiles/turtlesim_node.dir/src/turtlesim.cpp.o[0m
[9.680s] [ 56%] [32mBuilding CXX object CMakeFiles/turtle_teleop_key.dir/tutorials/teleop_turtle_key.cpp.o[0m
[9.688s] [ 57%] [32m[1mLinking CXX shared library libturtlesim__rosidl_typesupport_c.so[0m
[9.809s] [ 58%] Built target turtlesim__rosidl_typesupport_fastrtps_c
[9.824s] [35m[1mConsolidate compiler generated dependencies of target draw_square[0m
[9.844s] [ 59%] [32mBuilding CXX object CMakeFiles/turtlesim__rosidl_typesupport_introspection_cpp.dir/rosidl_typesupport_introspection_cpp/turtlesim/srv/detail/set_pen__type_support.cpp.o[0m
[9.851s] [ 60%] [32mBuilding CXX object CMakeFiles/draw_square.dir/tutorials/draw_square.cpp.o[0m
[9.856s] [ 61%] Built target turtlesim__rosidl_typesupport_introspection_c
[9.879s] [35m[1mConsolidate compiler generated dependencies of target mimic[0m
[9.887s] [ 62%] Built target turtlesim__rosidl_typesupport_c
[9.904s] [ 64%] [32mBuilding CXX object CMakeFiles/mimic.dir/tutorials/mimic.cpp.o[0m
[9.905s] [ 64%] [32mBuilding CXX object CMakeFiles/turtlesim__rosidl_typesupport_introspection_cpp.dir/rosidl_typesupport_introspection_cpp/turtlesim/srv/detail/spawn__type_support.cpp.o[0m
[9.989s] [ 65%] [32mBuilding CXX object CMakeFiles/turtlesim__rosidl_typesupport_fastrtps_cpp.dir/rosidl_typesupport_fastrtps_cpp/turtlesim/srv/detail/dds_fastrtps/kill__type_support.cpp.o[0m
[10.325s] [ 66%] [32mBuilding CXX object CMakeFiles/turtlesim__rosidl_typesupport_fastrtps_cpp.dir/rosidl_typesupport_fastrtps_cpp/turtlesim/srv/detail/dds_fastrtps/set_pen__type_support.cpp.o[0m
[10.426s] [ 67%] [32mBuilding CXX object CMakeFiles/turtlesim__rosidl_typesupport_introspection_cpp.dir/rosidl_typesupport_introspection_cpp/turtlesim/srv/detail/teleport_absolute__type_support.cpp.o[0m
[10.541s] [ 68%] [32mBuilding CXX object CMakeFiles/turtlesim__rosidl_typesupport_introspection_cpp.dir/rosidl_typesupport_introspection_cpp/turtlesim/srv/detail/teleport_relative__type_support.cpp.o[0m
[10.649s] [ 69%] [32mBuilding CXX object CMakeFiles/turtlesim__rosidl_typesupport_fastrtps_cpp.dir/rosidl_typesupport_fastrtps_cpp/turtlesim/srv/detail/dds_fastrtps/spawn__type_support.cpp.o[0m
[11.057s] [ 70%] [32mBuilding CXX object CMakeFiles/turtlesim__rosidl_typesupport_fastrtps_cpp.dir/rosidl_typesupport_fastrtps_cpp/turtlesim/srv/detail/dds_fastrtps/teleport_absolute__type_support.cpp.o[0m
[11.169s] [ 71%] [32mBuilding CXX object CMakeFiles/turtlesim__rosidl_typesupport_fastrtps_cpp.dir/rosidl_typesupport_fastrtps_cpp/turtlesim/srv/detail/dds_fastrtps/teleport_relative__type_support.cpp.o[0m
[11.226s] [ 72%] [32m[1mLinking CXX shared library libturtlesim__rosidl_typesupport_introspection_cpp.so[0m
[11.510s] [ 73%] [32mBuilding CXX object CMakeFiles/turtlesim_node.dir/src/turtle.cpp.o[0m
[11.722s] [ 74%] Built target turtlesim__rosidl_typesupport_introspection_cpp
[11.782s] [ 75%] [32mBuilding CXX object CMakeFiles/turtlesim_node.dir/src/turtle_frame.cpp.o[0m
[11.925s] [ 76%] [32mBuilding CXX object CMakeFiles/turtlesim_node.dir/include/turtlesim/moc_turtle_frame.cpp.o[0m
[12.124s] [ 77%] [32m[1mLinking CXX shared library libturtlesim__rosidl_typesupport_fastrtps_cpp.so[0m
[12.495s] [ 78%] Built target turtlesim__rosidl_typesupport_fastrtps_cpp
[12.621s] [ 78%] Built target turtlesim
[12.714s] [ 79%] Built target turtlesim__py
[12.730s] [35m[1mConsolidate compiler generated dependencies of target turtlesim__rosidl_generator_py[0m
[12.768s] [ 80%] [32mBuilding C object CMakeFiles/turtlesim__rosidl_generator_py.dir/rosidl_generator_py/turtlesim/action/_rotate_absolute_s.c.o[0m
[13.091s] [ 81%] [32mBuilding C object CMakeFiles/turtlesim__rosidl_generator_py.dir/rosidl_generator_py/turtlesim/msg/_color_s.c.o[0m
[13.430s] [ 82%] [32mBuilding C object CMakeFiles/turtlesim__rosidl_generator_py.dir/rosidl_generator_py/turtlesim/msg/_pose_s.c.o[0m
[13.657s] [ 83%] [32mBuilding C object CMakeFiles/turtlesim__rosidl_generator_py.dir/rosidl_generator_py/turtlesim/srv/_kill_s.c.o[0m
[13.890s] [ 84%] [32mBuilding C object CMakeFiles/turtlesim__rosidl_generator_py.dir/rosidl_generator_py/turtlesim/srv/_set_pen_s.c.o[0m
[14.165s] [ 85%] [32mBuilding C object CMakeFiles/turtlesim__rosidl_generator_py.dir/rosidl_generator_py/turtlesim/srv/_spawn_s.c.o[0m
[14.376s] [ 86%] [32mBuilding C object CMakeFiles/turtlesim__rosidl_generator_py.dir/rosidl_generator_py/turtlesim/srv/_teleport_absolute_s.c.o[0m
[14.527s] [ 87%] [32mBuilding C object CMakeFiles/turtlesim__rosidl_generator_py.dir/rosidl_generator_py/turtlesim/srv/_teleport_relative_s.c.o[0m
[14.674s] [ 88%] [32m[1mLinking C shared library rosidl_generator_py/turtlesim/libturtlesim__rosidl_generator_py.so[0m
[14.831s] [ 88%] Built target turtlesim__rosidl_generator_py
[14.851s] [35m[1mConsolidate compiler generated dependencies of target turtlesim__rosidl_typesupport_fastrtps_c__pyext[0m
[14.867s] [ 89%] [32mBuilding C object CMakeFiles/turtlesim__rosidl_typesupport_fastrtps_c__pyext.dir/rosidl_generator_py/turtlesim/_turtlesim_s.ep.rosidl_typesupport_fastrtps_c.c.o[0m
[15.115s] [ 90%] [32m[1mLinking C shared library rosidl_generator_py/turtlesim/turtlesim_s__rosidl_typesupport_fastrtps_c.cpython-310-x86_64-linux-gnu.so[0m
[15.259s] [ 90%] Built target turtlesim__rosidl_typesupport_fastrtps_c__pyext
[15.271s] [35m[1mConsolidate compiler generated dependencies of target turtlesim__rosidl_typesupport_introspection_c__pyext[0m
[15.288s] [ 91%] [32mBuilding C object CMakeFiles/turtlesim__rosidl_typesupport_introspection_c__pyext.dir/rosidl_generator_py/turtlesim/_turtlesim_s.ep.rosidl_typesupport_introspection_c.c.o[0m
[15.524s] [ 92%] [32m[1mLinking C shared library rosidl_generator_py/turtlesim/turtlesim_s__rosidl_typesupport_introspection_c.cpython-310-x86_64-linux-gnu.so[0m
[15.661s] [ 92%] Built target turtlesim__rosidl_typesupport_introspection_c__pyext
[15.682s] [35m[1mConsolidate compiler generated dependencies of target turtlesim__rosidl_typesupport_c__pyext[0m
[15.697s] [ 93%] [32mBuilding C object CMakeFiles/turtlesim__rosidl_typesupport_c__pyext.dir/rosidl_generator_py/turtlesim/_turtlesim_s.ep.rosidl_typesupport_c.c.o[0m
[15.940s] [ 94%] [32m[1mLinking C shared library rosidl_generator_py/turtlesim/turtlesim_s__rosidl_typesupport_c.cpython-310-x86_64-linux-gnu.so[0m
[16.081s] [ 94%] Built target turtlesim__rosidl_typesupport_c__pyext
[19.898s] [ 95%] [32m[1mLinking CXX executable turtle_teleop_key[0m
[20.282s] [ 95%] Built target turtle_teleop_key
[22.741s] [ 96%] [32m[1mLinking CXX executable mimic[0m
[23.266s] [ 96%] Built target mimic
[23.299s] [ 97%] [32m[1mLinking CXX executable draw_square[0m
[23.936s] [ 97%] Built target draw_square
[27.221s] [ 98%] [32m[1mLinking CXX executable turtlesim_node[0m
[29.209s] [100%] Built target turtlesim_node
[29.223s] Invoked command in '/home/alex/ros2_ws/build/turtlesim' returned '0': CMAKE_PREFIX_PATH=${CMAKE_PREFIX_PATH}:/home/alex/ros2_ws/install/my_py_pkg:/opt/ros/humble /usr/bin/cmake --build /home/alex/ros2_ws/build/turtlesim -- -j8 -l8
[29.375s] Invoking command in '/home/alex/ros2_ws/build/turtlesim': CMAKE_PREFIX_PATH=${CMAKE_PREFIX_PATH}:/home/alex/ros2_ws/install/my_py_pkg:/opt/ros/humble /usr/bin/cmake --install /home/alex/ros2_ws/build/turtlesim
[29.381s] -- Install configuration: ""
[29.381s] -- Up-to-date: /home/alex/ros2_ws/install/turtlesim/share/ament_index/resource_index/rosidl_interfaces/turtlesim
[29.382s] -- Up-to-date: /home/alex/ros2_ws/install/turtlesim/include/turtlesim/turtlesim
[29.382s] -- Up-to-date: /home/alex/ros2_ws/install/turtlesim/include/turtlesim/turtlesim/msg
[29.382s] -- Up-to-date: /home/alex/ros2_ws/install/turtlesim/include/turtlesim/turtlesim/msg/detail
[29.382s] -- Up-to-date: /home/alex/ros2_ws/install/turtlesim/include/turtlesim/turtlesim/msg/detail/pose__functions.c
[29.382s] -- Up-to-date: /home/alex/ros2_ws/install/turtlesim/include/turtlesim/turtlesim/msg/detail/pose__functions.h
[29.382s] -- Up-to-date: /home/alex/ros2_ws/install/turtlesim/include/turtlesim/turtlesim/msg/detail/color__struct.h
[29.383s] -- Up-to-date: /home/alex/ros2_ws/install/turtlesim/include/turtlesim/turtlesim/msg/detail/color__type_support.h
[29.383s] -- Up-to-date: /home/alex/ros2_ws/install/turtlesim/include/turtlesim/turtlesim/msg/detail/pose__struct.h
[29.383s] -- Up-to-date: /home/alex/ros2_ws/install/turtlesim/include/turtlesim/turtlesim/msg/detail/pose__type_support.h
[29.383s] -- Up-to-date: /home/alex/ros2_ws/install/turtlesim/include/turtlesim/turtlesim/msg/detail/color__functions.c
[29.383s] -- Up-to-date: /home/alex/ros2_ws/install/turtlesim/include/turtlesim/turtlesim/msg/detail/color__functions.h
[29.383s] -- Up-to-date: /home/alex/ros2_ws/install/turtlesim/include/turtlesim/turtlesim/msg/pose.h
[29.383s] -- Up-to-date: /home/alex/ros2_ws/install/turtlesim/include/turtlesim/turtlesim/msg/rosidl_generator_c__visibility_control.h
[29.384s] -- Up-to-date: /home/alex/ros2_ws/install/turtlesim/include/turtlesim/turtlesim/msg/color.h
[29.384s] -- Up-to-date: /home/alex/ros2_ws/install/turtlesim/include/turtlesim/turtlesim/srv
[29.384s] -- Up-to-date: /home/alex/ros2_ws/install/turtlesim/include/turtlesim/turtlesim/srv/detail
[29.384s] -- Up-to-date: /home/alex/ros2_ws/install/turtlesim/include/turtlesim/turtlesim/srv/detail/kill__type_support.h
[29.384s] -- Up-to-date: /home/alex/ros2_ws/install/turtlesim/include/turtlesim/turtlesim/srv/detail/spawn__struct.h
[29.384s] -- Up-to-date: /home/alex/ros2_ws/install/turtlesim/include/turtlesim/turtlesim/srv/detail/spawn__type_support.h
[29.385s] -- Up-to-date: /home/alex/ros2_ws/install/turtlesim/include/turtlesim/turtlesim/srv/detail/spawn__functions.c
[29.385s] -- Up-to-date: /home/alex/ros2_ws/install/turtlesim/include/turtlesim/turtlesim/srv/detail/spawn__functions.h
[29.385s] -- Up-to-date: /home/alex/ros2_ws/install/turtlesim/include/turtlesim/turtlesim/srv/detail/teleport_absolute__functions.c
[29.385s] -- Up-to-date: /home/alex/ros2_ws/install/turtlesim/include/turtlesim/turtlesim/srv/detail/teleport_relative__functions.h
[29.385s] -- Up-to-date: /home/alex/ros2_ws/install/turtlesim/include/turtlesim/turtlesim/srv/detail/kill__functions.h
[29.385s] -- Up-to-date: /home/alex/ros2_ws/install/turtlesim/include/turtlesim/turtlesim/srv/detail/set_pen__functions.h
[29.385s] -- Up-to-date: /home/alex/ros2_ws/install/turtlesim/include/turtlesim/turtlesim/srv/detail/teleport_absolute__type_support.h
[29.386s] -- Up-to-date: /home/alex/ros2_ws/install/turtlesim/include/turtlesim/turtlesim/srv/detail/teleport_relative__type_support.h
[29.386s] -- Up-to-date: /home/alex/ros2_ws/install/turtlesim/include/turtlesim/turtlesim/srv/detail/teleport_relative__functions.c
[29.386s] -- Up-to-date: /home/alex/ros2_ws/install/turtlesim/include/turtlesim/turtlesim/srv/detail/kill__functions.c
[29.386s] -- Up-to-date: /home/alex/ros2_ws/install/turtlesim/include/turtlesim/turtlesim/srv/detail/teleport_absolute__struct.h
[29.386s] -- Up-to-date: /home/alex/ros2_ws/install/turtlesim/include/turtlesim/turtlesim/srv/detail/teleport_relative__struct.h
[29.386s] -- Up-to-date: /home/alex/ros2_ws/install/turtlesim/include/turtlesim/turtlesim/srv/detail/kill__struct.h
[29.387s] -- Up-to-date: /home/alex/ros2_ws/install/turtlesim/include/turtlesim/turtlesim/srv/detail/set_pen__struct.h
[29.387s] -- Up-to-date: /home/alex/ros2_ws/install/turtlesim/include/turtlesim/turtlesim/srv/detail/set_pen__type_support.h
[29.387s] -- Up-to-date: /home/alex/ros2_ws/install/turtlesim/include/turtlesim/turtlesim/srv/detail/set_pen__functions.c
[29.387s] -- Up-to-date: /home/alex/ros2_ws/install/turtlesim/include/turtlesim/turtlesim/srv/detail/teleport_absolute__functions.h
[29.388s] -- Up-to-date: /home/alex/ros2_ws/install/turtlesim/include/turtlesim/turtlesim/srv/teleport_relative.h
[29.388s] -- Up-to-date: /home/alex/ros2_ws/install/turtlesim/include/turtlesim/turtlesim/srv/teleport_absolute.h
[29.388s] -- Up-to-date: /home/alex/ros2_ws/install/turtlesim/include/turtlesim/turtlesim/srv/kill.h
[29.388s] -- Up-to-date: /home/alex/ros2_ws/install/turtlesim/include/turtlesim/turtlesim/srv/spawn.h
[29.388s] -- Up-to-date: /home/alex/ros2_ws/install/turtlesim/include/turtlesim/turtlesim/srv/set_pen.h
[29.389s] -- Up-to-date: /home/alex/ros2_ws/install/turtlesim/include/turtlesim/turtlesim/action
[29.389s] -- Up-to-date: /home/alex/ros2_ws/install/turtlesim/include/turtlesim/turtlesim/action/detail
[29.389s] -- Up-to-date: /home/alex/ros2_ws/install/turtlesim/include/turtlesim/turtlesim/action/detail/rotate_absolute__functions.h
[29.390s] -- Up-to-date: /home/alex/ros2_ws/install/turtlesim/include/turtlesim/turtlesim/action/detail/rotate_absolute__struct.h
[29.391s] -- Up-to-date: /home/alex/ros2_ws/install/turtlesim/include/turtlesim/turtlesim/action/detail/rotate_absolute__type_support.h
[29.391s] -- Up-to-date: /home/alex/ros2_ws/install/turtlesim/include/turtlesim/turtlesim/action/detail/rotate_absolute__functions.c
[29.391s] -- Up-to-date: /home/alex/ros2_ws/install/turtlesim/include/turtlesim/turtlesim/action/rotate_absolute.h
[29.391s] -- Installing: /home/alex/ros2_ws/install/turtlesim/share/turtlesim/environment/library_path.sh
[29.392s] -- Installing: /home/alex/ros2_ws/install/turtlesim/share/turtlesim/environment/library_path.dsv
[29.392s] -- Installing: /home/alex/ros2_ws/install/turtlesim/lib/libturtlesim__rosidl_generator_c.so
[29.392s] -- Set runtime path of "/home/alex/ros2_ws/install/turtlesim/lib/libturtlesim__rosidl_generator_c.so" to ""
[29.392s] -- Up-to-date: /home/alex/ros2_ws/install/turtlesim/include/turtlesim/turtlesim
[29.392s] -- Up-to-date: /home/alex/ros2_ws/install/turtlesim/include/turtlesim/turtlesim/msg
[29.393s] -- Up-to-date: /home/alex/ros2_ws/install/turtlesim/include/turtlesim/turtlesim/msg/detail
[29.393s] -- Up-to-date: /home/alex/ros2_ws/install/turtlesim/include/turtlesim/turtlesim/msg/detail/pose__rosidl_typesupport_fastrtps_c.h
[29.394s] -- Up-to-date: /home/alex/ros2_ws/install/turtlesim/include/turtlesim/turtlesim/msg/detail/color__rosidl_typesupport_fastrtps_c.h
[29.394s] -- Up-to-date: /home/alex/ros2_ws/install/turtlesim/include/turtlesim/turtlesim/msg/rosidl_typesupport_fastrtps_c__visibility_control.h
[29.394s] -- Up-to-date: /home/alex/ros2_ws/install/turtlesim/include/turtlesim/turtlesim/srv
[29.395s] -- Up-to-date: /home/alex/ros2_ws/install/turtlesim/include/turtlesim/turtlesim/srv/detail
[29.395s] -- Up-to-date: /home/alex/ros2_ws/install/turtlesim/include/turtlesim/turtlesim/srv/detail/teleport_relative__rosidl_typesupport_fastrtps_c.h
[29.395s] -- Up-to-date: /home/alex/ros2_ws/install/turtlesim/include/turtlesim/turtlesim/srv/detail/teleport_absolute__rosidl_typesupport_fastrtps_c.h
[29.395s] -- Up-to-date: /home/alex/ros2_ws/install/turtlesim/include/turtlesim/turtlesim/srv/detail/spawn__rosidl_typesupport_fastrtps_c.h
[29.395s] -- Up-to-date: /home/alex/ros2_ws/install/turtlesim/include/turtlesim/turtlesim/srv/detail/set_pen__rosidl_typesupport_fastrtps_c.h
[29.395s] -- Up-to-date: /home/alex/ros2_ws/install/turtlesim/include/turtlesim/turtlesim/srv/detail/kill__rosidl_typesupport_fastrtps_c.h
[29.396s] -- Up-to-date: /home/alex/ros2_ws/install/turtlesim/include/turtlesim/turtlesim/action
[29.396s] -- Up-to-date: /home/alex/ros2_ws/install/turtlesim/include/turtlesim/turtlesim/action/detail
[29.396s] -- Up-to-date: /home/alex/ros2_ws/install/turtlesim/include/turtlesim/turtlesim/action/detail/rotate_absolute__rosidl_typesupport_fastrtps_c.h
[29.396s] -- Installing: /home/alex/ros2_ws/install/turtlesim/lib/libturtlesim__rosidl_typesupport_fastrtps_c.so
[29.396s] -- Set runtime path of "/home/alex/ros2_ws/install/turtlesim/lib/libturtlesim__rosidl_typesupport_fastrtps_c.so" to ""
[29.396s] -- Up-to-date: /home/alex/ros2_ws/install/turtlesim/include/turtlesim/turtlesim
[29.396s] -- Up-to-date: /home/alex/ros2_ws/install/turtlesim/include/turtlesim/turtlesim/msg
[29.396s] -- Up-to-date: /home/alex/ros2_ws/install/turtlesim/include/turtlesim/turtlesim/msg/detail
[29.396s] -- Up-to-date: /home/alex/ros2_ws/install/turtlesim/include/turtlesim/turtlesim/msg/detail/pose__builder.hpp
[29.396s] -- Up-to-date: /home/alex/ros2_ws/install/turtlesim/include/turtlesim/turtlesim/msg/detail/pose__traits.hpp
[29.396s] -- Up-to-date: /home/alex/ros2_ws/install/turtlesim/include/turtlesim/turtlesim/msg/detail/color__struct.hpp
[29.396s] -- Up-to-date: /home/alex/ros2_ws/install/turtlesim/include/turtlesim/turtlesim/msg/detail/pose__struct.hpp
[29.396s] -- Up-to-date: /home/alex/ros2_ws/install/turtlesim/include/turtlesim/turtlesim/msg/detail/color__traits.hpp
[29.396s] -- Up-to-date: /home/alex/ros2_ws/install/turtlesim/include/turtlesim/turtlesim/msg/detail/color__builder.hpp
[29.397s] -- Up-to-date: /home/alex/ros2_ws/install/turtlesim/include/turtlesim/turtlesim/msg/pose.hpp
[29.397s] -- Up-to-date: /home/alex/ros2_ws/install/turtlesim/include/turtlesim/turtlesim/msg/color.hpp
[29.397s] -- Up-to-date: /home/alex/ros2_ws/install/turtlesim/include/turtlesim/turtlesim/srv
[29.397s] -- Up-to-date: /home/alex/ros2_ws/install/turtlesim/include/turtlesim/turtlesim/srv/detail
[29.397s] -- Up-to-date: /home/alex/ros2_ws/install/turtlesim/include/turtlesim/turtlesim/srv/detail/set_pen__struct.hpp
[29.397s] -- Up-to-date: /home/alex/ros2_ws/install/turtlesim/include/turtlesim/turtlesim/srv/detail/spawn__traits.hpp
[29.397s] -- Up-to-date: /home/alex/ros2_ws/install/turtlesim/include/turtlesim/turtlesim/srv/detail/kill__struct.hpp
[29.397s] -- Up-to-date: /home/alex/ros2_ws/install/turtlesim/include/turtlesim/turtlesim/srv/detail/spawn__builder.hpp
[29.397s] -- Up-to-date: /home/alex/ros2_ws/install/turtlesim/include/turtlesim/turtlesim/srv/detail/teleport_absolute__builder.hpp
[29.397s] -- Up-to-date: /home/alex/ros2_ws/install/turtlesim/include/turtlesim/turtlesim/srv/detail/spawn__struct.hpp
[29.397s] -- Up-to-date: /home/alex/ros2_ws/install/turtlesim/include/turtlesim/turtlesim/srv/detail/teleport_absolute__struct.hpp
[29.397s] -- Up-to-date: /home/alex/ros2_ws/install/turtlesim/include/turtlesim/turtlesim/srv/detail/teleport_relative__builder.hpp
[29.397s] -- Up-to-date: /home/alex/ros2_ws/install/turtlesim/include/turtlesim/turtlesim/srv/detail/kill__builder.hpp
[29.398s] -- Up-to-date: /home/alex/ros2_ws/install/turtlesim/include/turtlesim/turtlesim/srv/detail/set_pen__traits.hpp
[29.398s] -- Up-to-date: /home/alex/ros2_ws/install/turtlesim/include/turtlesim/turtlesim/srv/detail/teleport_absolute__traits.hpp
[29.398s] -- Up-to-date: /home/alex/ros2_ws/install/turtlesim/include/turtlesim/turtlesim/srv/detail/teleport_relative__traits.hpp
[29.398s] -- Up-to-date: /home/alex/ros2_ws/install/turtlesim/include/turtlesim/turtlesim/srv/detail/set_pen__builder.hpp
[29.398s] -- Up-to-date: /home/alex/ros2_ws/install/turtlesim/include/turtlesim/turtlesim/srv/detail/kill__traits.hpp
[29.398s] -- Up-to-date: /home/alex/ros2_ws/install/turtlesim/include/turtlesim/turtlesim/srv/detail/teleport_relative__struct.hpp
[29.398s] -- Up-to-date: /home/alex/ros2_ws/install/turtlesim/include/turtlesim/turtlesim/srv/kill.hpp
[29.398s] -- Up-to-date: /home/alex/ros2_ws/install/turtlesim/include/turtlesim/turtlesim/srv/teleport_absolute.hpp
[29.398s] -- Up-to-date: /home/alex/ros2_ws/install/turtlesim/include/turtlesim/turtlesim/srv/set_pen.hpp
[29.398s] -- Up-to-date: /home/alex/ros2_ws/install/turtlesim/include/turtlesim/turtlesim/srv/spawn.hpp
[29.398s] -- Up-to-date: /home/alex/ros2_ws/install/turtlesim/include/turtlesim/turtlesim/srv/teleport_relative.hpp
[29.398s] -- Up-to-date: /home/alex/ros2_ws/install/turtlesim/include/turtlesim/turtlesim/action
[29.398s] -- Up-to-date: /home/alex/ros2_ws/install/turtlesim/include/turtlesim/turtlesim/action/detail
[29.399s] -- Up-to-date: /home/alex/ros2_ws/install/turtlesim/include/turtlesim/turtlesim/action/detail/rotate_absolute__struct.hpp
[29.399s] -- Up-to-date: /home/alex/ros2_ws/install/turtlesim/include/turtlesim/turtlesim/action/detail/rotate_absolute__builder.hpp
[29.399s] -- Up-to-date: /home/alex/ros2_ws/install/turtlesim/include/turtlesim/turtlesim/action/detail/rotate_absolute__traits.hpp
[29.399s] -- Up-to-date: /home/alex/ros2_ws/install/turtlesim/include/turtlesim/turtlesim/action/rotate_absolute.hpp
[29.399s] -- Up-to-date: /home/alex/ros2_ws/install/turtlesim/include/turtlesim/turtlesim
[29.399s] -- Up-to-date: /home/alex/ros2_ws/install/turtlesim/include/turtlesim/turtlesim/msg
[29.399s] -- Up-to-date: /home/alex/ros2_ws/install/turtlesim/include/turtlesim/turtlesim/msg/detail
[29.399s] -- Installing: /home/alex/ros2_ws/install/turtlesim/include/turtlesim/turtlesim/msg/detail/dds_fastrtps
[29.399s] -- Up-to-date: /home/alex/ros2_ws/install/turtlesim/include/turtlesim/turtlesim/msg/detail/pose__rosidl_typesupport_fastrtps_cpp.hpp
[29.399s] -- Up-to-date: /home/alex/ros2_ws/install/turtlesim/include/turtlesim/turtlesim/msg/detail/color__rosidl_typesupport_fastrtps_cpp.hpp
[29.399s] -- Up-to-date: /home/alex/ros2_ws/install/turtlesim/include/turtlesim/turtlesim/msg/rosidl_typesupport_fastrtps_cpp__visibility_control.h
[29.399s] -- Up-to-date: /home/alex/ros2_ws/install/turtlesim/include/turtlesim/turtlesim/srv
[29.400s] -- Up-to-date: /home/alex/ros2_ws/install/turtlesim/include/turtlesim/turtlesim/srv/detail
[29.400s] -- Installing: /home/alex/ros2_ws/install/turtlesim/include/turtlesim/turtlesim/srv/detail/dds_fastrtps
[29.400s] -- Up-to-date: /home/alex/ros2_ws/install/turtlesim/include/turtlesim/turtlesim/srv/detail/set_pen__rosidl_typesupport_fastrtps_cpp.hpp
[29.400s] -- Up-to-date: /home/alex/ros2_ws/install/turtlesim/include/turtlesim/turtlesim/srv/detail/teleport_absolute__rosidl_typesupport_fastrtps_cpp.hpp
[29.400s] -- Up-to-date: /home/alex/ros2_ws/install/turtlesim/include/turtlesim/turtlesim/srv/detail/teleport_relative__rosidl_typesupport_fastrtps_cpp.hpp
[29.400s] -- Up-to-date: /home/alex/ros2_ws/install/turtlesim/include/turtlesim/turtlesim/srv/detail/spawn__rosidl_typesupport_fastrtps_cpp.hpp
[29.400s] -- Up-to-date: /home/alex/ros2_ws/install/turtlesim/include/turtlesim/turtlesim/srv/detail/kill__rosidl_typesupport_fastrtps_cpp.hpp
[29.400s] -- Up-to-date: /home/alex/ros2_ws/install/turtlesim/include/turtlesim/turtlesim/action
[29.400s] -- Up-to-date: /home/alex/ros2_ws/install/turtlesim/include/turtlesim/turtlesim/action/detail
[29.400s] -- Installing: /home/alex/ros2_ws/install/turtlesim/include/turtlesim/turtlesim/action/detail/dds_fastrtps
[29.400s] -- Up-to-date: /home/alex/ros2_ws/install/turtlesim/include/turtlesim/turtlesim/action/detail/rotate_absolute__rosidl_typesupport_fastrtps_cpp.hpp
[29.400s] -- Installing: /home/alex/ros2_ws/install/turtlesim/lib/libturtlesim__rosidl_typesupport_fastrtps_cpp.so
[29.400s] -- Set runtime path of "/home/alex/ros2_ws/install/turtlesim/lib/libturtlesim__rosidl_typesupport_fastrtps_cpp.so" to ""
[29.401s] -- Up-to-date: /home/alex/ros2_ws/install/turtlesim/include/turtlesim/turtlesim
[29.401s] -- Up-to-date: /home/alex/ros2_ws/install/turtlesim/include/turtlesim/turtlesim/msg
[29.401s] -- Up-to-date: /home/alex/ros2_ws/install/turtlesim/include/turtlesim/turtlesim/msg/detail
[29.401s] -- Up-to-date: /home/alex/ros2_ws/install/turtlesim/include/turtlesim/turtlesim/msg/detail/color__type_support.c
[29.401s] -- Up-to-date: /home/alex/ros2_ws/install/turtlesim/include/turtlesim/turtlesim/msg/detail/color__rosidl_typesupport_introspection_c.h
[29.401s] -- Up-to-date: /home/alex/ros2_ws/install/turtlesim/include/turtlesim/turtlesim/msg/detail/pose__rosidl_typesupport_introspection_c.h
[29.401s] -- Up-to-date: /home/alex/ros2_ws/install/turtlesim/include/turtlesim/turtlesim/msg/detail/pose__type_support.c
[29.401s] -- Up-to-date: /home/alex/ros2_ws/install/turtlesim/include/turtlesim/turtlesim/msg/rosidl_typesupport_introspection_c__visibility_control.h
[29.401s] -- Up-to-date: /home/alex/ros2_ws/install/turtlesim/include/turtlesim/turtlesim/srv
[29.401s] -- Up-to-date: /home/alex/ros2_ws/install/turtlesim/include/turtlesim/turtlesim/srv/detail
[29.401s] -- Up-to-date: /home/alex/ros2_ws/install/turtlesim/include/turtlesim/turtlesim/srv/detail/kill__type_support.c
[29.402s] -- Up-to-date: /home/alex/ros2_ws/install/turtlesim/include/turtlesim/turtlesim/srv/detail/teleport_absolute__type_support.c
[29.402s] -- Up-to-date: /home/alex/ros2_ws/install/turtlesim/include/turtlesim/turtlesim/srv/detail/set_pen__rosidl_typesupport_introspection_c.h
[29.402s] -- Up-to-date: /home/alex/ros2_ws/install/turtlesim/include/turtlesim/turtlesim/srv/detail/kill__rosidl_typesupport_introspection_c.h
[29.402s] -- Up-to-date: /home/alex/ros2_ws/install/turtlesim/include/turtlesim/turtlesim/srv/detail/teleport_relative__type_support.c
[29.402s] -- Up-to-date: /home/alex/ros2_ws/install/turtlesim/include/turtlesim/turtlesim/srv/detail/teleport_relative__rosidl_typesupport_introspection_c.h
[29.402s] -- Up-to-date: /home/alex/ros2_ws/install/turtlesim/include/turtlesim/turtlesim/srv/detail/spawn__type_support.c
[29.402s] -- Up-to-date: /home/alex/ros2_ws/install/turtlesim/include/turtlesim/turtlesim/srv/detail/set_pen__type_support.c
[29.402s] -- Up-to-date: /home/alex/ros2_ws/install/turtlesim/include/turtlesim/turtlesim/srv/detail/teleport_absolute__rosidl_typesupport_introspection_c.h
[29.402s] -- Up-to-date: /home/alex/ros2_ws/install/turtlesim/include/turtlesim/turtlesim/srv/detail/spawn__rosidl_typesupport_introspection_c.h
[29.402s] -- Up-to-date: /home/alex/ros2_ws/install/turtlesim/include/turtlesim/turtlesim/action
[29.402s] -- Up-to-date: /home/alex/ros2_ws/install/turtlesim/include/turtlesim/turtlesim/action/detail
[29.402s] -- Up-to-date: /home/alex/ros2_ws/install/turtlesim/include/turtlesim/turtlesim/action/detail/rotate_absolute__type_support.c
[29.402s] -- Up-to-date: /home/alex/ros2_ws/install/turtlesim/include/turtlesim/turtlesim/action/detail/rotate_absolute__rosidl_typesupport_introspection_c.h
[29.402s] -- Installing: /home/alex/ros2_ws/install/turtlesim/lib/libturtlesim__rosidl_typesupport_introspection_c.so
[29.402s] -- Set runtime path of "/home/alex/ros2_ws/install/turtlesim/lib/libturtlesim__rosidl_typesupport_introspection_c.so" to ""
[29.403s] -- Installing: /home/alex/ros2_ws/install/turtlesim/lib/libturtlesim__rosidl_typesupport_c.so
[29.403s] -- Set runtime path of "/home/alex/ros2_ws/install/turtlesim/lib/libturtlesim__rosidl_typesupport_c.so" to ""
[29.403s] -- Up-to-date: /home/alex/ros2_ws/install/turtlesim/include/turtlesim/turtlesim
[29.403s] -- Up-to-date: /home/alex/ros2_ws/install/turtlesim/include/turtlesim/turtlesim/msg
[29.403s] -- Up-to-date: /home/alex/ros2_ws/install/turtlesim/include/turtlesim/turtlesim/msg/detail
[29.403s] -- Up-to-date: /home/alex/ros2_ws/install/turtlesim/include/turtlesim/turtlesim/msg/detail/color__type_support.cpp
[29.403s] -- Up-to-date: /home/alex/ros2_ws/install/turtlesim/include/turtlesim/turtlesim/msg/detail/color__rosidl_typesupport_introspection_cpp.hpp
[29.403s] -- Up-to-date: /home/alex/ros2_ws/install/turtlesim/include/turtlesim/turtlesim/msg/detail/pose__type_support.cpp
[29.403s] -- Up-to-date: /home/alex/ros2_ws/install/turtlesim/include/turtlesim/turtlesim/msg/detail/pose__rosidl_typesupport_introspection_cpp.hpp
[29.403s] -- Up-to-date: /home/alex/ros2_ws/install/turtlesim/include/turtlesim/turtlesim/srv
[29.403s] -- Up-to-date: /home/alex/ros2_ws/install/turtlesim/include/turtlesim/turtlesim/srv/detail
[29.403s] -- Up-to-date: /home/alex/ros2_ws/install/turtlesim/include/turtlesim/turtlesim/srv/detail/teleport_absolute__rosidl_typesupport_introspection_cpp.hpp
[29.403s] -- Up-to-date: /home/alex/ros2_ws/install/turtlesim/include/turtlesim/turtlesim/srv/detail/teleport_relative__type_support.cpp
[29.403s] -- Up-to-date: /home/alex/ros2_ws/install/turtlesim/include/turtlesim/turtlesim/srv/detail/teleport_relative__rosidl_typesupport_introspection_cpp.hpp
[29.404s] -- Up-to-date: /home/alex/ros2_ws/install/turtlesim/include/turtlesim/turtlesim/srv/detail/spawn__rosidl_typesupport_introspection_cpp.hpp
[29.404s] -- Up-to-date: /home/alex/ros2_ws/install/turtlesim/include/turtlesim/turtlesim/srv/detail/spawn__type_support.cpp
[29.404s] -- Up-to-date: /home/alex/ros2_ws/install/turtlesim/include/turtlesim/turtlesim/srv/detail/set_pen__type_support.cpp
[29.404s] -- Up-to-date: /home/alex/ros2_ws/install/turtlesim/include/turtlesim/turtlesim/srv/detail/teleport_absolute__type_support.cpp
[29.404s] -- Up-to-date: /home/alex/ros2_ws/install/turtlesim/include/turtlesim/turtlesim/srv/detail/kill__rosidl_typesupport_introspection_cpp.hpp
[29.404s] -- Up-to-date: /home/alex/ros2_ws/install/turtlesim/include/turtlesim/turtlesim/srv/detail/kill__type_support.cpp
[29.404s] -- Up-to-date: /home/alex/ros2_ws/install/turtlesim/include/turtlesim/turtlesim/srv/detail/set_pen__rosidl_typesupport_introspection_cpp.hpp
[29.404s] -- Up-to-date: /home/alex/ros2_ws/install/turtlesim/include/turtlesim/turtlesim/action
[29.404s] -- Up-to-date: /home/alex/ros2_ws/install/turtlesim/include/turtlesim/turtlesim/action/detail
[29.404s] -- Up-to-date: /home/alex/ros2_ws/install/turtlesim/include/turtlesim/turtlesim/action/detail/rotate_absolute__type_support.cpp
[29.404s] -- Up-to-date: /home/alex/ros2_ws/install/turtlesim/include/turtlesim/turtlesim/action/detail/rotate_absolute__rosidl_typesupport_introspection_cpp.hpp
[29.404s] -- Installing: /home/alex/ros2_ws/install/turtlesim/lib/libturtlesim__rosidl_typesupport_introspection_cpp.so
[29.404s] -- Set runtime path of "/home/alex/ros2_ws/install/turtlesim/lib/libturtlesim__rosidl_typesupport_introspection_cpp.so" to ""
[29.404s] -- Installing: /home/alex/ros2_ws/install/turtlesim/lib/libturtlesim__rosidl_typesupport_cpp.so
[29.404s] -- Set runtime path of "/home/alex/ros2_ws/install/turtlesim/lib/libturtlesim__rosidl_typesupport_cpp.so" to ""
[29.404s] -- Up-to-date: /home/alex/ros2_ws/install/turtlesim/share/turtlesim/environment/pythonpath.sh
[29.404s] -- Installing: /home/alex/ros2_ws/install/turtlesim/share/turtlesim/environment/pythonpath.dsv
[29.405s] -- Up-to-date: /home/alex/ros2_ws/install/turtlesim/local/lib/python3.10/dist-packages/turtlesim-1.4.2-py3.10.egg-info
[29.405s] -- Installing: /home/alex/ros2_ws/install/turtlesim/local/lib/python3.10/dist-packages/turtlesim-1.4.2-py3.10.egg-info/dependency_links.txt
[29.405s] -- Installing: /home/alex/ros2_ws/install/turtlesim/local/lib/python3.10/dist-packages/turtlesim-1.4.2-py3.10.egg-info/PKG-INFO
[29.405s] -- Installing: /home/alex/ros2_ws/install/turtlesim/local/lib/python3.10/dist-packages/turtlesim-1.4.2-py3.10.egg-info/top_level.txt
[29.405s] -- Installing: /home/alex/ros2_ws/install/turtlesim/local/lib/python3.10/dist-packages/turtlesim-1.4.2-py3.10.egg-info/SOURCES.txt
[29.405s] -- Up-to-date: /home/alex/ros2_ws/install/turtlesim/local/lib/python3.10/dist-packages/turtlesim
[29.405s] -- Installing: /home/alex/ros2_ws/install/turtlesim/local/lib/python3.10/dist-packages/turtlesim/libturtlesim__rosidl_generator_py.so
[29.405s] -- Installing: /home/alex/ros2_ws/install/turtlesim/local/lib/python3.10/dist-packages/turtlesim/turtlesim_s__rosidl_typesupport_fastrtps_c.cpython-310-x86_64-linux-gnu.so
[29.405s] -- Up-to-date: /home/alex/ros2_ws/install/turtlesim/local/lib/python3.10/dist-packages/turtlesim/msg
[29.405s] -- Up-to-date: /home/alex/ros2_ws/install/turtlesim/local/lib/python3.10/dist-packages/turtlesim/msg/_color_s.c
[29.405s] -- Up-to-date: /home/alex/ros2_ws/install/turtlesim/local/lib/python3.10/dist-packages/turtlesim/msg/__init__.py
[29.405s] -- Up-to-date: /home/alex/ros2_ws/install/turtlesim/local/lib/python3.10/dist-packages/turtlesim/msg/_pose.py
[29.405s] -- Up-to-date: /home/alex/ros2_ws/install/turtlesim/local/lib/python3.10/dist-packages/turtlesim/msg/_color.py
[29.405s] -- Up-to-date: /home/alex/ros2_ws/install/turtlesim/local/lib/python3.10/dist-packages/turtlesim/msg/_pose_s.c
[29.405s] -- Installing: /home/alex/ros2_ws/install/turtlesim/local/lib/python3.10/dist-packages/turtlesim/__init__.py
[29.405s] -- Up-to-date: /home/alex/ros2_ws/install/turtlesim/local/lib/python3.10/dist-packages/turtlesim/_turtlesim_s.ep.rosidl_typesupport_introspection_c.c
[29.406s] -- Up-to-date: /home/alex/ros2_ws/install/turtlesim/local/lib/python3.10/dist-packages/turtlesim/_turtlesim_s.ep.rosidl_typesupport_c.c
[29.406s] -- Installing: /home/alex/ros2_ws/install/turtlesim/local/lib/python3.10/dist-packages/turtlesim/turtlesim_s__rosidl_typesupport_c.cpython-310-x86_64-linux-gnu.so
[29.406s] -- Up-to-date: /home/alex/ros2_ws/install/turtlesim/local/lib/python3.10/dist-packages/turtlesim/srv
[29.406s] -- Up-to-date: /home/alex/ros2_ws/install/turtlesim/local/lib/python3.10/dist-packages/turtlesim/srv/_kill.py
[29.406s] -- Up-to-date: /home/alex/ros2_ws/install/turtlesim/local/lib/python3.10/dist-packages/turtlesim/srv/_spawn.py
[29.406s] -- Up-to-date: /home/alex/ros2_ws/install/turtlesim/local/lib/python3.10/dist-packages/turtlesim/srv/_spawn_s.c
[29.406s] -- Up-to-date: /home/alex/ros2_ws/install/turtlesim/local/lib/python3.10/dist-packages/turtlesim/srv/__init__.py
[29.406s] -- Up-to-date: /home/alex/ros2_ws/install/turtlesim/local/lib/python3.10/dist-packages/turtlesim/srv/_teleport_relative.py
[29.406s] -- Up-to-date: /home/alex/ros2_ws/install/turtlesim/local/lib/python3.10/dist-packages/turtlesim/srv/_set_pen.py
[29.406s] -- Up-to-date: /home/alex/ros2_ws/install/turtlesim/local/lib/python3.10/dist-packages/turtlesim/srv/_kill_s.c
[29.406s] -- Up-to-date: /home/alex/ros2_ws/install/turtlesim/local/lib/python3.10/dist-packages/turtlesim/srv/_teleport_absolute.py
[29.406s] -- Up-to-date: /home/alex/ros2_ws/install/turtlesim/local/lib/python3.10/dist-packages/turtlesim/srv/_teleport_relative_s.c
[29.406s] -- Up-to-date: /home/alex/ros2_ws/install/turtlesim/local/lib/python3.10/dist-packages/turtlesim/srv/_set_pen_s.c
[29.406s] -- Up-to-date: /home/alex/ros2_ws/install/turtlesim/local/lib/python3.10/dist-packages/turtlesim/srv/_teleport_absolute_s.c
[29.406s] -- Up-to-date: /home/alex/ros2_ws/install/turtlesim/local/lib/python3.10/dist-packages/turtlesim/action
[29.406s] -- Up-to-date: /home/alex/ros2_ws/install/turtlesim/local/lib/python3.10/dist-packages/turtlesim/action/_rotate_absolute.py
[29.406s] -- Up-to-date: /home/alex/ros2_ws/install/turtlesim/local/lib/python3.10/dist-packages/turtlesim/action/__init__.py
[29.406s] -- Up-to-date: /home/alex/ros2_ws/install/turtlesim/local/lib/python3.10/dist-packages/turtlesim/action/_rotate_absolute_s.c
[29.406s] -- Installing: /home/alex/ros2_ws/install/turtlesim/local/lib/python3.10/dist-packages/turtlesim/turtlesim_s__rosidl_typesupport_introspection_c.cpython-310-x86_64-linux-gnu.so
[29.407s] -- Up-to-date: /home/alex/ros2_ws/install/turtlesim/local/lib/python3.10/dist-packages/turtlesim/_turtlesim_s.ep.rosidl_typesupport_fastrtps_c.c
[29.440s] Listing '/home/alex/ros2_ws/install/turtlesim/local/lib/python3.10/dist-packages/turtlesim'...
[29.440s] Compiling '/home/alex/ros2_ws/install/turtlesim/local/lib/python3.10/dist-packages/turtlesim/__init__.py'...
[29.440s] Listing '/home/alex/ros2_ws/install/turtlesim/local/lib/python3.10/dist-packages/turtlesim/action'...
[29.440s] Compiling '/home/alex/ros2_ws/install/turtlesim/local/lib/python3.10/dist-packages/turtlesim/action/__init__.py'...
[29.440s] Compiling '/home/alex/ros2_ws/install/turtlesim/local/lib/python3.10/dist-packages/turtlesim/action/_rotate_absolute.py'...
[29.440s] Listing '/home/alex/ros2_ws/install/turtlesim/local/lib/python3.10/dist-packages/turtlesim/msg'...
[29.440s] Compiling '/home/alex/ros2_ws/install/turtlesim/local/lib/python3.10/dist-packages/turtlesim/msg/__init__.py'...
[29.440s] Compiling '/home/alex/ros2_ws/install/turtlesim/local/lib/python3.10/dist-packages/turtlesim/msg/_color.py'...
[29.440s] Compiling '/home/alex/ros2_ws/install/turtlesim/local/lib/python3.10/dist-packages/turtlesim/msg/_pose.py'...
[29.440s] Listing '/home/alex/ros2_ws/install/turtlesim/local/lib/python3.10/dist-packages/turtlesim/srv'...
[29.440s] Compiling '/home/alex/ros2_ws/install/turtlesim/local/lib/python3.10/dist-packages/turtlesim/srv/__init__.py'...
[29.441s] Compiling '/home/alex/ros2_ws/install/turtlesim/local/lib/python3.10/dist-packages/turtlesim/srv/_kill.py'...
[29.441s] Compiling '/home/alex/ros2_ws/install/turtlesim/local/lib/python3.10/dist-packages/turtlesim/srv/_set_pen.py'...
[29.441s] Compiling '/home/alex/ros2_ws/install/turtlesim/local/lib/python3.10/dist-packages/turtlesim/srv/_spawn.py'...
[29.441s] Compiling '/home/alex/ros2_ws/install/turtlesim/local/lib/python3.10/dist-packages/turtlesim/srv/_teleport_absolute.py'...
[29.441s] Compiling '/home/alex/ros2_ws/install/turtlesim/local/lib/python3.10/dist-packages/turtlesim/srv/_teleport_relative.py'...
[29.446s] -- Installing: /home/alex/ros2_ws/install/turtlesim/local/lib/python3.10/dist-packages/turtlesim/turtlesim_s__rosidl_typesupport_fastrtps_c.cpython-310-x86_64-linux-gnu.so
[29.446s] -- Set runtime path of "/home/alex/ros2_ws/install/turtlesim/local/lib/python3.10/dist-packages/turtlesim/turtlesim_s__rosidl_typesupport_fastrtps_c.cpython-310-x86_64-linux-gnu.so" to ""
[29.446s] -- Installing: /home/alex/ros2_ws/install/turtlesim/local/lib/python3.10/dist-packages/turtlesim/turtlesim_s__rosidl_typesupport_introspection_c.cpython-310-x86_64-linux-gnu.so
[29.446s] -- Set runtime path of "/home/alex/ros2_ws/install/turtlesim/local/lib/python3.10/dist-packages/turtlesim/turtlesim_s__rosidl_typesupport_introspection_c.cpython-310-x86_64-linux-gnu.so" to ""
[29.446s] -- Installing: /home/alex/ros2_ws/install/turtlesim/local/lib/python3.10/dist-packages/turtlesim/turtlesim_s__rosidl_typesupport_c.cpython-310-x86_64-linux-gnu.so
[29.447s] -- Set runtime path of "/home/alex/ros2_ws/install/turtlesim/local/lib/python3.10/dist-packages/turtlesim/turtlesim_s__rosidl_typesupport_c.cpython-310-x86_64-linux-gnu.so" to ""
[29.447s] -- Installing: /home/alex/ros2_ws/install/turtlesim/lib/libturtlesim__rosidl_generator_py.so
[29.447s] -- Set runtime path of "/home/alex/ros2_ws/install/turtlesim/lib/libturtlesim__rosidl_generator_py.so" to ""
[29.447s] -- Up-to-date: /home/alex/ros2_ws/install/turtlesim/share/turtlesim/action/RotateAbsolute.idl
[29.448s] -- Up-to-date: /home/alex/ros2_ws/install/turtlesim/share/turtlesim/msg/Color.idl
[29.448s] -- Up-to-date: /home/alex/ros2_ws/install/turtlesim/share/turtlesim/msg/Pose.idl
[29.448s] -- Up-to-date: /home/alex/ros2_ws/install/turtlesim/share/turtlesim/srv/Kill.idl
[29.448s] -- Up-to-date: /home/alex/ros2_ws/install/turtlesim/share/turtlesim/srv/SetPen.idl
[29.448s] -- Up-to-date: /home/alex/ros2_ws/install/turtlesim/share/turtlesim/srv/Spawn.idl
[29.449s] -- Up-to-date: /home/alex/ros2_ws/install/turtlesim/share/turtlesim/srv/TeleportAbsolute.idl
[29.449s] -- Up-to-date: /home/alex/ros2_ws/install/turtlesim/share/turtlesim/srv/TeleportRelative.idl
[29.449s] -- Installing: /home/alex/ros2_ws/install/turtlesim/share/turtlesim/action/RotateAbsolute.action
[29.449s] -- Installing: /home/alex/ros2_ws/install/turtlesim/share/turtlesim/msg/Color.msg
[29.449s] -- Installing: /home/alex/ros2_ws/install/turtlesim/share/turtlesim/msg/Pose.msg
[29.449s] -- Installing: /home/alex/ros2_ws/install/turtlesim/share/turtlesim/srv/Kill.srv
[29.450s] -- Up-to-date: /home/alex/ros2_ws/install/turtlesim/share/turtlesim/srv/Kill_Request.msg
[29.450s] -- Up-to-date: /home/alex/ros2_ws/install/turtlesim/share/turtlesim/srv/Kill_Response.msg
[29.450s] -- Installing: /home/alex/ros2_ws/install/turtlesim/share/turtlesim/srv/SetPen.srv
[29.450s] -- Up-to-date: /home/alex/ros2_ws/install/turtlesim/share/turtlesim/srv/SetPen_Request.msg
[29.450s] -- Up-to-date: /home/alex/ros2_ws/install/turtlesim/share/turtlesim/srv/SetPen_Response.msg
[29.450s] -- Installing: /home/alex/ros2_ws/install/turtlesim/share/turtlesim/srv/Spawn.srv
[29.450s] -- Up-to-date: /home/alex/ros2_ws/install/turtlesim/share/turtlesim/srv/Spawn_Request.msg
[29.450s] -- Up-to-date: /home/alex/ros2_ws/install/turtlesim/share/turtlesim/srv/Spawn_Response.msg
[29.450s] -- Installing: /home/alex/ros2_ws/install/turtlesim/share/turtlesim/srv/TeleportAbsolute.srv
[29.450s] -- Up-to-date: /home/alex/ros2_ws/install/turtlesim/share/turtlesim/srv/TeleportAbsolute_Request.msg
[29.450s] -- Up-to-date: /home/alex/ros2_ws/install/turtlesim/share/turtlesim/srv/TeleportAbsolute_Response.msg
[29.450s] -- Installing: /home/alex/ros2_ws/install/turtlesim/share/turtlesim/srv/TeleportRelative.srv
[29.451s] -- Up-to-date: /home/alex/ros2_ws/install/turtlesim/share/turtlesim/srv/TeleportRelative_Request.msg
[29.451s] -- Up-to-date: /home/alex/ros2_ws/install/turtlesim/share/turtlesim/srv/TeleportRelative_Response.msg
[29.451s] -- Installing: /home/alex/ros2_ws/install/turtlesim/lib/turtlesim/turtlesim_node
[29.457s] -- Set runtime path of "/home/alex/ros2_ws/install/turtlesim/lib/turtlesim/turtlesim_node" to ""
[29.457s] -- Installing: /home/alex/ros2_ws/install/turtlesim/lib/turtlesim/turtle_teleop_key
[29.458s] -- Set runtime path of "/home/alex/ros2_ws/install/turtlesim/lib/turtlesim/turtle_teleop_key" to ""
[29.459s] -- Installing: /home/alex/ros2_ws/install/turtlesim/lib/turtlesim/draw_square
[29.462s] -- Set runtime path of "/home/alex/ros2_ws/install/turtlesim/lib/turtlesim/draw_square" to ""
[29.462s] -- Installing: /home/alex/ros2_ws/install/turtlesim/lib/turtlesim/mimic
[29.466s] -- Set runtime path of "/home/alex/ros2_ws/install/turtlesim/lib/turtlesim/mimic" to ""
[29.467s] -- Up-to-date: /home/alex/ros2_ws/install/turtlesim/share/turtlesim/images
[29.467s] -- Installing: /home/alex/ros2_ws/install/turtlesim/share/turtlesim/images/crystal.png
[29.467s] -- Installing: /home/alex/ros2_ws/install/turtlesim/share/turtlesim/images/bouncy.png
[29.467s] -- Installing: /home/alex/ros2_ws/install/turtlesim/share/turtlesim/images/galactic.png
[29.467s] -- Installing: /home/alex/ros2_ws/install/turtlesim/share/turtlesim/images/dashing.png
[29.467s] -- Installing: /home/alex/ros2_ws/install/turtlesim/share/turtlesim/images/rolling.png
[29.467s] -- Installing: /home/alex/ros2_ws/install/turtlesim/share/turtlesim/images/eloquent.png
[29.468s] -- Installing: /home/alex/ros2_ws/install/turtlesim/share/turtlesim/images/humble.png
[29.468s] -- Installing: /home/alex/ros2_ws/install/turtlesim/share/turtlesim/images/foxy.png
[29.468s] -- Installing: /home/alex/ros2_ws/install/turtlesim/share/turtlesim/images/ardent.png
[29.468s] -- Up-to-date: /home/alex/ros2_ws/install/turtlesim/share/turtlesim/launch
[29.468s] -- Installing: /home/alex/ros2_ws/install/turtlesim/share/turtlesim/launch/multisim.launch.py
[29.468s] -- Up-to-date: /home/alex/ros2_ws/install/turtlesim/share/ament_index/resource_index/package_run_dependencies/turtlesim
[29.468s] -- Installing: /home/alex/ros2_ws/install/turtlesim/share/ament_index/resource_index/parent_prefix_path/turtlesim
[29.469s] -- Installing: /home/alex/ros2_ws/install/turtlesim/share/turtlesim/environment/ament_prefix_path.sh
[29.469s] -- Installing: /home/alex/ros2_ws/install/turtlesim/share/turtlesim/environment/ament_prefix_path.dsv
[29.469s] -- Installing: /home/alex/ros2_ws/install/turtlesim/share/turtlesim/environment/path.sh
[29.469s] -- Installing: /home/alex/ros2_ws/install/turtlesim/share/turtlesim/environment/path.dsv
[29.469s] -- Up-to-date: /home/alex/ros2_ws/install/turtlesim/share/turtlesim/local_setup.bash
[29.469s] -- Up-to-date: /home/alex/ros2_ws/install/turtlesim/share/turtlesim/local_setup.sh
[29.470s] -- Up-to-date: /home/alex/ros2_ws/install/turtlesim/share/turtlesim/local_setup.zsh
[29.470s] -- Installing: /home/alex/ros2_ws/install/turtlesim/share/turtlesim/local_setup.dsv
[29.470s] -- Installing: /home/alex/ros2_ws/install/turtlesim/share/turtlesim/package.dsv
[29.470s] -- Up-to-date: /home/alex/ros2_ws/install/turtlesim/share/ament_index/resource_index/packages/turtlesim
[29.470s] -- Up-to-date: /home/alex/ros2_ws/install/turtlesim/share/turtlesim/cmake/export_turtlesim__rosidl_generator_cExport.cmake
[29.470s] -- Up-to-date: /home/alex/ros2_ws/install/turtlesim/share/turtlesim/cmake/export_turtlesim__rosidl_generator_cExport-noconfig.cmake
[29.471s] -- Up-to-date: /home/alex/ros2_ws/install/turtlesim/share/turtlesim/cmake/export_turtlesim__rosidl_typesupport_fastrtps_cExport.cmake
[29.471s] -- Up-to-date: /home/alex/ros2_ws/install/turtlesim/share/turtlesim/cmake/export_turtlesim__rosidl_typesupport_fastrtps_cExport-noconfig.cmake
[29.471s] -- Up-to-date: /home/alex/ros2_ws/install/turtlesim/share/turtlesim/cmake/export_turtlesim__rosidl_generator_cppExport.cmake
[29.471s] -- Up-to-date: /home/alex/ros2_ws/install/turtlesim/share/turtlesim/cmake/export_turtlesim__rosidl_typesupport_fastrtps_cppExport.cmake
[29.471s] -- Up-to-date: /home/alex/ros2_ws/install/turtlesim/share/turtlesim/cmake/export_turtlesim__rosidl_typesupport_fastrtps_cppExport-noconfig.cmake
[29.471s] -- Up-to-date: /home/alex/ros2_ws/install/turtlesim/share/turtlesim/cmake/turtlesim__rosidl_typesupport_introspection_cExport.cmake
[29.471s] -- Up-to-date: /home/alex/ros2_ws/install/turtlesim/share/turtlesim/cmake/turtlesim__rosidl_typesupport_introspection_cExport-noconfig.cmake
[29.472s] -- Up-to-date: /home/alex/ros2_ws/install/turtlesim/share/turtlesim/cmake/turtlesim__rosidl_typesupport_cExport.cmake
[29.472s] -- Up-to-date: /home/alex/ros2_ws/install/turtlesim/share/turtlesim/cmake/turtlesim__rosidl_typesupport_cExport-noconfig.cmake
[29.472s] -- Up-to-date: /home/alex/ros2_ws/install/turtlesim/share/turtlesim/cmake/turtlesim__rosidl_typesupport_introspection_cppExport.cmake
[29.472s] -- Up-to-date: /home/alex/ros2_ws/install/turtlesim/share/turtlesim/cmake/turtlesim__rosidl_typesupport_introspection_cppExport-noconfig.cmake
[29.472s] -- Up-to-date: /home/alex/ros2_ws/install/turtlesim/share/turtlesim/cmake/turtlesim__rosidl_typesupport_cppExport.cmake
[29.472s] -- Up-to-date: /home/alex/ros2_ws/install/turtlesim/share/turtlesim/cmake/turtlesim__rosidl_typesupport_cppExport-noconfig.cmake
[29.472s] -- Up-to-date: /home/alex/ros2_ws/install/turtlesim/share/turtlesim/cmake/export_turtlesim__rosidl_generator_pyExport.cmake
[29.473s] -- Up-to-date: /home/alex/ros2_ws/install/turtlesim/share/turtlesim/cmake/export_turtlesim__rosidl_generator_pyExport-noconfig.cmake
[29.473s] -- Up-to-date: /home/alex/ros2_ws/install/turtlesim/share/turtlesim/cmake/rosidl_cmake-extras.cmake
[29.473s] -- Up-to-date: /home/alex/ros2_ws/install/turtlesim/share/turtlesim/cmake/ament_cmake_export_dependencies-extras.cmake
[29.473s] -- Up-to-date: /home/alex/ros2_ws/install/turtlesim/share/turtlesim/cmake/ament_cmake_export_include_directories-extras.cmake
[29.473s] -- Up-to-date: /home/alex/ros2_ws/install/turtlesim/share/turtlesim/cmake/ament_cmake_export_libraries-extras.cmake
[29.473s] -- Up-to-date: /home/alex/ros2_ws/install/turtlesim/share/turtlesim/cmake/ament_cmake_export_targets-extras.cmake
[29.473s] -- Up-to-date: /home/alex/ros2_ws/install/turtlesim/share/turtlesim/cmake/rosidl_cmake_export_typesupport_targets-extras.cmake
[29.473s] -- Up-to-date: /home/alex/ros2_ws/install/turtlesim/share/turtlesim/cmake/rosidl_cmake_export_typesupport_libraries-extras.cmake
[29.473s] -- Up-to-date: /home/alex/ros2_ws/install/turtlesim/share/turtlesim/cmake/turtlesimConfig.cmake
[29.473s] -- Up-to-date: /home/alex/ros2_ws/install/turtlesim/share/turtlesim/cmake/turtlesimConfig-version.cmake
[29.473s] -- Installing: /home/alex/ros2_ws/install/turtlesim/share/turtlesim/package.xml
[29.474s] Invoked command in '/home/alex/ros2_ws/build/turtlesim' returned '0': CMAKE_PREFIX_PATH=${CMAKE_PREFIX_PATH}:/home/alex/ros2_ws/install/my_py_pkg:/opt/ros/humble /usr/bin/cmake --install /home/alex/ros2_ws/build/turtlesim
