[2.361s] Invoking command in '/home/alex/ros2_ws/src/webots_ros2/webots_ros2_tiago': AMENT_PREFIX_PATH=/home/alex/ros2_ws/install/webots_ros2_importer:/home/alex/ros2_ws/install/webots_ros2:/home/alex/ros2_ws/install/webots_ros2_universal_robot:/home/alex/ros2_ws/install/webots_ros2_turtlebot:/home/alex/ros2_ws/install/webots_ros2_tiago:/home/alex/ros2_ws/install/webots_ros2_tests:/home/alex/ros2_ws/install/webots_ros2_tesla:/home/alex/ros2_ws/install/webots_ros2_mavic:/home/alex/ros2_ws/install/webots_ros2_epuck:/home/alex/ros2_ws/install/webots_ros2_control:/home/alex/ros2_ws/install/webots_ros2_driver:/home/alex/ros2_ws/install/webots_ros2_msgs:/home/alex/ros2_ws/install/turtlesim:/home/alex/ros2_ws/install/my_py_pkg:/home/alex/ros2_ws/install/my_robot_interfaces:/home/alex/ros2_ws/install/my_cpp_pkg:/home/alex/rmf_ws/install/rmf_demos_gz_classic:/home/alex/rmf_ws/install/rmf_demos_gz:/home/alex/rmf_ws/install/rmf_demos:/home/alex/rmf_ws/install/rmf_demos_tasks:/home/alex/rmf_ws/install/rmf_demos_panel:/home/alex/rmf_ws/install/rmf_demos_maps:/home/alex/rmf_ws/install/rmf_demos_fleet_adapter:/home/alex/rmf_ws/install/rmf_demos_dashboard_resources:/home/alex/rmf_ws/install/rmf_demos_bridges:/home/alex/rmf_ws/install/rmf_demos_assets:/opt/ros/humble PYTHONPATH=/home/alex/ros2_ws/build/webots_ros2_tiago/prefix_override:/home/alex/ros2_ws/install/webots_ros2_tiago/lib/python3.10/site-packages:/home/alex/ros2_ws/install/webots_ros2_importer/lib/python3.10/site-packages:/home/alex/ros2_ws/install/webots_ros2/lib/python3.10/site-packages:/home/alex/ros2_ws/install/webots_ros2_universal_robot/lib/python3.10/site-packages:/home/alex/ros2_ws/install/webots_ros2_turtlebot/lib/python3.10/site-packages:/home/alex/ros2_ws/install/webots_ros2_tiago/lib/python3.10/site-packages:/home/alex/ros2_ws/install/webots_ros2_tests/lib/python3.10/site-packages:/home/alex/ros2_ws/install/webots_ros2_tesla/lib/python3.10/site-packages:/home/alex/ros2_ws/install/webots_ros2_mavic/lib/python3.10/site-packages:/home/alex/ros2_ws/install/webots_ros2_epuck/lib/python3.10/site-packages:/home/alex/ros2_ws/install/webots_ros2_driver/local/lib/python3.10/dist-packages:/home/alex/ros2_ws/install/webots_ros2_msgs/local/lib/python3.10/dist-packages:/home/alex/ros2_ws/install/turtlesim/local/lib/python3.10/dist-packages:/home/alex/ros2_ws/install/my_py_pkg/lib/python3.10/site-packages:/home/alex/ros2_ws/install/my_robot_interfaces/local/lib/python3.10/dist-packages:/home/alex/rmf_ws/install/rmf_demos_tasks/lib/python3.10/site-packages:/home/alex/rmf_ws/install/rmf_demos_panel/lib/python3.10/site-packages:/home/alex/rmf_ws/install/rmf_demos_fleet_adapter/lib/python3.10/site-packages:/home/alex/rmf_ws/install/rmf_demos_bridges/lib/python3.10/site-packages:/opt/ros/humble/lib/python/site-packages:/opt/ros/humble/lib/python3.10/site-packages:/opt/ros/humble/local/lib/python3.10/dist-packages /usr/bin/python3 setup.py egg_info --egg-base ../../../build/webots_ros2_tiago build --build-base /home/alex/ros2_ws/build/webots_ros2_tiago/build install --record /home/alex/ros2_ws/build/webots_ros2_tiago/install.log --single-version-externally-managed
[2.769s] running egg_info
[2.770s] writing ../../../build/webots_ros2_tiago/webots_ros2_tiago.egg-info/PKG-INFO
[2.780s] writing dependency_links to ../../../build/webots_ros2_tiago/webots_ros2_tiago.egg-info/dependency_links.txt
[2.781s] writing entry points to ../../../build/webots_ros2_tiago/webots_ros2_tiago.egg-info/entry_points.txt
[2.781s] writing requirements to ../../../build/webots_ros2_tiago/webots_ros2_tiago.egg-info/requires.txt
[2.781s] writing top-level names to ../../../build/webots_ros2_tiago/webots_ros2_tiago.egg-info/top_level.txt
[2.782s] reading manifest file '../../../build/webots_ros2_tiago/webots_ros2_tiago.egg-info/SOURCES.txt'
[2.784s] writing manifest file '../../../build/webots_ros2_tiago/webots_ros2_tiago.egg-info/SOURCES.txt'
[2.784s] running build
[2.784s] running install
[2.785s] running install_data
[2.785s] copying resource/webots_ros2_tiago -> /home/alex/ros2_ws/install/webots_ros2_tiago/share/ament_index/resource_index/packages
[2.785s] copying launch/robot_launch.py -> /home/alex/ros2_ws/install/webots_ros2_tiago/share/webots_ros2_tiago/launch
[2.786s] copying launch/robot_bringup_launch.py -> /home/alex/ros2_ws/install/webots_ros2_tiago/share/webots_ros2_tiago/launch
[2.786s] copying resource/tiago_webots.urdf -> /home/alex/ros2_ws/install/webots_ros2_tiago/share/webots_ros2_tiago/resource
[2.786s] copying resource/tiago_bringup_webots.urdf -> /home/alex/ros2_ws/install/webots_ros2_tiago/share/webots_ros2_tiago/resource
[2.787s] copying resource/ros2_control.yml -> /home/alex/ros2_ws/install/webots_ros2_tiago/share/webots_ros2_tiago/resource
[2.787s] copying resource/ros2_control_bringup.yml -> /home/alex/ros2_ws/install/webots_ros2_tiago/share/webots_ros2_tiago/resource
[2.788s] copying resource/nav2_params.yaml -> /home/alex/ros2_ws/install/webots_ros2_tiago/share/webots_ros2_tiago/resource
[2.788s] copying resource/nav2_params_iron.yaml -> /home/alex/ros2_ws/install/webots_ros2_tiago/share/webots_ros2_tiago/resource
[2.788s] copying resource/default.rviz -> /home/alex/ros2_ws/install/webots_ros2_tiago/share/webots_ros2_tiago/resource
[2.788s] copying resource/default_bringup.rviz -> /home/alex/ros2_ws/install/webots_ros2_tiago/share/webots_ros2_tiago/resource
[2.789s] copying resource/map.pgm -> /home/alex/ros2_ws/install/webots_ros2_tiago/share/webots_ros2_tiago/resource
[2.789s] copying resource/map.yaml -> /home/alex/ros2_ws/install/webots_ros2_tiago/share/webots_ros2_tiago/resource
[2.790s] copying resource/cartographer.lua -> /home/alex/ros2_ws/install/webots_ros2_tiago/share/webots_ros2_tiago/resource
[2.790s] copying resource/slam_toolbox_params.yaml -> /home/alex/ros2_ws/install/webots_ros2_tiago/share/webots_ros2_tiago/resource
[2.790s] copying package.xml -> /home/alex/ros2_ws/install/webots_ros2_tiago/share/webots_ros2_tiago
[2.790s] copying worlds/default.wbt -> /home/alex/ros2_ws/install/webots_ros2_tiago/share/webots_ros2_tiago/worlds
[2.791s] copying worlds/.default.wbproj -> /home/alex/ros2_ws/install/webots_ros2_tiago/share/webots_ros2_tiago/worlds
[2.791s] copying worlds/default_bringup.wbt -> /home/alex/ros2_ws/install/webots_ros2_tiago/share/webots_ros2_tiago/worlds
[2.791s] copying worlds/.default_bringup.wbproj -> /home/alex/ros2_ws/install/webots_ros2_tiago/share/webots_ros2_tiago/worlds
[2.791s] running install_egg_info
[2.793s] removing '/home/alex/ros2_ws/install/webots_ros2_tiago/lib/python3.10/site-packages/webots_ros2_tiago-2023.1.1-py3.10.egg-info' (and everything under it)
[2.794s] Copying ../../../build/webots_ros2_tiago/webots_ros2_tiago.egg-info to /home/alex/ros2_ws/install/webots_ros2_tiago/lib/python3.10/site-packages/webots_ros2_tiago-2023.1.1-py3.10.egg-info
[2.795s] running install_scripts
[2.824s] writing list of installed files to '/home/alex/ros2_ws/build/webots_ros2_tiago/install.log'
[2.862s] Invoked command in '/home/alex/ros2_ws/src/webots_ros2/webots_ros2_tiago' returned '0': AMENT_PREFIX_PATH=/home/alex/ros2_ws/install/webots_ros2_importer:/home/alex/ros2_ws/install/webots_ros2:/home/alex/ros2_ws/install/webots_ros2_universal_robot:/home/alex/ros2_ws/install/webots_ros2_turtlebot:/home/alex/ros2_ws/install/webots_ros2_tiago:/home/alex/ros2_ws/install/webots_ros2_tests:/home/alex/ros2_ws/install/webots_ros2_tesla:/home/alex/ros2_ws/install/webots_ros2_mavic:/home/alex/ros2_ws/install/webots_ros2_epuck:/home/alex/ros2_ws/install/webots_ros2_control:/home/alex/ros2_ws/install/webots_ros2_driver:/home/alex/ros2_ws/install/webots_ros2_msgs:/home/alex/ros2_ws/install/turtlesim:/home/alex/ros2_ws/install/my_py_pkg:/home/alex/ros2_ws/install/my_robot_interfaces:/home/alex/ros2_ws/install/my_cpp_pkg:/home/alex/rmf_ws/install/rmf_demos_gz_classic:/home/alex/rmf_ws/install/rmf_demos_gz:/home/alex/rmf_ws/install/rmf_demos:/home/alex/rmf_ws/install/rmf_demos_tasks:/home/alex/rmf_ws/install/rmf_demos_panel:/home/alex/rmf_ws/install/rmf_demos_maps:/home/alex/rmf_ws/install/rmf_demos_fleet_adapter:/home/alex/rmf_ws/install/rmf_demos_dashboard_resources:/home/alex/rmf_ws/install/rmf_demos_bridges:/home/alex/rmf_ws/install/rmf_demos_assets:/opt/ros/humble PYTHONPATH=/home/alex/ros2_ws/build/webots_ros2_tiago/prefix_override:/home/alex/ros2_ws/install/webots_ros2_tiago/lib/python3.10/site-packages:/home/alex/ros2_ws/install/webots_ros2_importer/lib/python3.10/site-packages:/home/alex/ros2_ws/install/webots_ros2/lib/python3.10/site-packages:/home/alex/ros2_ws/install/webots_ros2_universal_robot/lib/python3.10/site-packages:/home/alex/ros2_ws/install/webots_ros2_turtlebot/lib/python3.10/site-packages:/home/alex/ros2_ws/install/webots_ros2_tiago/lib/python3.10/site-packages:/home/alex/ros2_ws/install/webots_ros2_tests/lib/python3.10/site-packages:/home/alex/ros2_ws/install/webots_ros2_tesla/lib/python3.10/site-packages:/home/alex/ros2_ws/install/webots_ros2_mavic/lib/python3.10/site-packages:/home/alex/ros2_ws/install/webots_ros2_epuck/lib/python3.10/site-packages:/home/alex/ros2_ws/install/webots_ros2_driver/local/lib/python3.10/dist-packages:/home/alex/ros2_ws/install/webots_ros2_msgs/local/lib/python3.10/dist-packages:/home/alex/ros2_ws/install/turtlesim/local/lib/python3.10/dist-packages:/home/alex/ros2_ws/install/my_py_pkg/lib/python3.10/site-packages:/home/alex/ros2_ws/install/my_robot_interfaces/local/lib/python3.10/dist-packages:/home/alex/rmf_ws/install/rmf_demos_tasks/lib/python3.10/site-packages:/home/alex/rmf_ws/install/rmf_demos_panel/lib/python3.10/site-packages:/home/alex/rmf_ws/install/rmf_demos_fleet_adapter/lib/python3.10/site-packages:/home/alex/rmf_ws/install/rmf_demos_bridges/lib/python3.10/site-packages:/opt/ros/humble/lib/python/site-packages:/opt/ros/humble/lib/python3.10/site-packages:/opt/ros/humble/local/lib/python3.10/dist-packages /usr/bin/python3 setup.py egg_info --egg-base ../../../build/webots_ros2_tiago build --build-base /home/alex/ros2_ws/build/webots_ros2_tiago/build install --record /home/alex/ros2_ws/build/webots_ros2_tiago/install.log --single-version-externally-managed
