[1.393s] Invoking command in '/home/alex/ros2_ws/src/webots_ros2/webots_ros2_mavic': AMENT_PREFIX_PATH=/home/alex/ros2_ws/install/webots_ros2_driver:/home/alex/ros2_ws/install/webots_ros2_msgs:/home/alex/ros2_ws/install/webots_ros2_importer:${AMENT_PREFIX_PATH} CMAKE_PREFIX_PATH=/home/alex/ros2_ws/install/webots_ros2_driver:/home/alex/ros2_ws/install/webots_ros2_msgs:${CMAKE_PREFIX_PATH} LD_LIBRARY_PATH=/home/alex/ros2_ws/install/webots_ros2_driver/lib:/home/alex/ros2_ws/install/webots_ros2_msgs/lib PYTHONPATH=/home/alex/ros2_ws/build/webots_ros2_mavic/prefix_override:/home/alex/ros2_ws/install/webots_ros2_mavic/lib/python3.10/site-packages:/home/alex/ros2_ws/install/webots_ros2_driver/local/lib/python3.10/dist-packages:/home/alex/ros2_ws/install/webots_ros2_msgs/local/lib/python3.10/dist-packages:/home/alex/ros2_ws/install/webots_ros2_importer/lib/python3.10/site-packages:${PYTHONPATH} /usr/bin/python3 setup.py egg_info --egg-base ../../../build/webots_ros2_mavic build --build-base /home/alex/ros2_ws/build/webots_ros2_mavic/build install --record /home/alex/ros2_ws/build/webots_ros2_mavic/install.log --single-version-externally-managed
[1.709s] running egg_info
[1.709s] creating ../../../build/webots_ros2_mavic/webots_ros2_mavic.egg-info
[1.710s] writing ../../../build/webots_ros2_mavic/webots_ros2_mavic.egg-info/PKG-INFO
[1.710s] writing dependency_links to ../../../build/webots_ros2_mavic/webots_ros2_mavic.egg-info/dependency_links.txt
[1.710s] writing entry points to ../../../build/webots_ros2_mavic/webots_ros2_mavic.egg-info/entry_points.txt
[1.710s] writing requirements to ../../../build/webots_ros2_mavic/webots_ros2_mavic.egg-info/requires.txt
[1.710s] writing top-level names to ../../../build/webots_ros2_mavic/webots_ros2_mavic.egg-info/top_level.txt
[1.710s] writing manifest file '../../../build/webots_ros2_mavic/webots_ros2_mavic.egg-info/SOURCES.txt'
[1.712s] reading manifest file '../../../build/webots_ros2_mavic/webots_ros2_mavic.egg-info/SOURCES.txt'
[1.713s] writing manifest file '../../../build/webots_ros2_mavic/webots_ros2_mavic.egg-info/SOURCES.txt'
[1.713s] running build
[1.713s] running build_py
[1.713s] creating /home/alex/ros2_ws/build/webots_ros2_mavic/build
[1.713s] creating /home/alex/ros2_ws/build/webots_ros2_mavic/build/lib
[1.713s] creating /home/alex/ros2_ws/build/webots_ros2_mavic/build/lib/webots_ros2_mavic
[1.714s] copying webots_ros2_mavic/mavic_driver.py -> /home/alex/ros2_ws/build/webots_ros2_mavic/build/lib/webots_ros2_mavic
[1.714s] copying webots_ros2_mavic/__init__.py -> /home/alex/ros2_ws/build/webots_ros2_mavic/build/lib/webots_ros2_mavic
[1.714s] running install
[1.714s] running install_lib
[1.715s] creating /home/alex/ros2_ws/install/webots_ros2_mavic/lib/python3.10/site-packages/webots_ros2_mavic
[1.715s] copying /home/alex/ros2_ws/build/webots_ros2_mavic/build/lib/webots_ros2_mavic/mavic_driver.py -> /home/alex/ros2_ws/install/webots_ros2_mavic/lib/python3.10/site-packages/webots_ros2_mavic
[1.715s] copying /home/alex/ros2_ws/build/webots_ros2_mavic/build/lib/webots_ros2_mavic/__init__.py -> /home/alex/ros2_ws/install/webots_ros2_mavic/lib/python3.10/site-packages/webots_ros2_mavic
[1.715s] byte-compiling /home/alex/ros2_ws/install/webots_ros2_mavic/lib/python3.10/site-packages/webots_ros2_mavic/mavic_driver.py to mavic_driver.cpython-310.pyc
[1.716s] byte-compiling /home/alex/ros2_ws/install/webots_ros2_mavic/lib/python3.10/site-packages/webots_ros2_mavic/__init__.py to __init__.cpython-310.pyc
[1.716s] running install_data
[1.717s] creating /home/alex/ros2_ws/install/webots_ros2_mavic/share/ament_index
[1.717s] creating /home/alex/ros2_ws/install/webots_ros2_mavic/share/ament_index/resource_index
[1.717s] creating /home/alex/ros2_ws/install/webots_ros2_mavic/share/ament_index/resource_index/packages
[1.717s] copying resource/webots_ros2_mavic -> /home/alex/ros2_ws/install/webots_ros2_mavic/share/ament_index/resource_index/packages
[1.717s] creating /home/alex/ros2_ws/install/webots_ros2_mavic/share/webots_ros2_mavic/launch
[1.717s] copying launch/robot_launch.py -> /home/alex/ros2_ws/install/webots_ros2_mavic/share/webots_ros2_mavic/launch
[1.718s] creating /home/alex/ros2_ws/install/webots_ros2_mavic/share/webots_ros2_mavic/worlds
[1.718s] copying worlds/mavic_world.wbt -> /home/alex/ros2_ws/install/webots_ros2_mavic/share/webots_ros2_mavic/worlds
[1.718s] copying worlds/.mavic_world.wbproj -> /home/alex/ros2_ws/install/webots_ros2_mavic/share/webots_ros2_mavic/worlds
[1.718s] creating /home/alex/ros2_ws/install/webots_ros2_mavic/share/webots_ros2_mavic/resource
[1.718s] copying resource/mavic_webots.urdf -> /home/alex/ros2_ws/install/webots_ros2_mavic/share/webots_ros2_mavic/resource
[1.718s] copying package.xml -> /home/alex/ros2_ws/install/webots_ros2_mavic/share/webots_ros2_mavic
[1.718s] running install_egg_info
[1.720s] Copying ../../../build/webots_ros2_mavic/webots_ros2_mavic.egg-info to /home/alex/ros2_ws/install/webots_ros2_mavic/lib/python3.10/site-packages/webots_ros2_mavic-2023.1.1-py3.10.egg-info
[1.720s] running install_scripts
[1.743s] writing list of installed files to '/home/alex/ros2_ws/build/webots_ros2_mavic/install.log'
[1.829s] Invoked command in '/home/alex/ros2_ws/src/webots_ros2/webots_ros2_mavic' returned '0': AMENT_PREFIX_PATH=/home/alex/ros2_ws/install/webots_ros2_driver:/home/alex/ros2_ws/install/webots_ros2_msgs:/home/alex/ros2_ws/install/webots_ros2_importer:${AMENT_PREFIX_PATH} CMAKE_PREFIX_PATH=/home/alex/ros2_ws/install/webots_ros2_driver:/home/alex/ros2_ws/install/webots_ros2_msgs:${CMAKE_PREFIX_PATH} LD_LIBRARY_PATH=/home/alex/ros2_ws/install/webots_ros2_driver/lib:/home/alex/ros2_ws/install/webots_ros2_msgs/lib PYTHONPATH=/home/alex/ros2_ws/build/webots_ros2_mavic/prefix_override:/home/alex/ros2_ws/install/webots_ros2_mavic/lib/python3.10/site-packages:/home/alex/ros2_ws/install/webots_ros2_driver/local/lib/python3.10/dist-packages:/home/alex/ros2_ws/install/webots_ros2_msgs/local/lib/python3.10/dist-packages:/home/alex/ros2_ws/install/webots_ros2_importer/lib/python3.10/site-packages:${PYTHONPATH} /usr/bin/python3 setup.py egg_info --egg-base ../../../build/webots_ros2_mavic build --build-base /home/alex/ros2_ws/build/webots_ros2_mavic/build install --record /home/alex/ros2_ws/build/webots_ros2_mavic/install.log --single-version-externally-managed
