-- Found ament_cmake: 1.3.5 (/opt/ros/humble/share/ament_cmake/cmake)
-- Found rclcpp: 16.0.6 (/opt/ros/humble/share/rclcpp/cmake)
-- Found rosidl_generator_c: 3.1.5 (/opt/ros/humble/share/rosidl_generator_c/cmake)
-- Found rosidl_adapter: 3.1.5 (/opt/ros/humble/share/rosidl_adapter/cmake)
-- Found rosidl_generator_cpp: 3.1.5 (/opt/ros/humble/share/rosidl_generator_cpp/cmake)
-- Using all available rosidl_typesupport_c: rosidl_typesupport_fastrtps_c;rosidl_typesupport_introspection_c
-- Using all available rosidl_typesupport_cpp: rosidl_typesupport_fastrtps_cpp;rosidl_typesupport_introspection_cpp
-- Found rmw_implementation_cmake: 6.1.1 (/opt/ros/humble/share/rmw_implementation_cmake/cmake)
-- Found rmw_fastrtps_cpp: 6.2.4 (/opt/ros/humble/share/rmw_fastrtps_cpp/cmake)
-- Found OpenSSL: /usr/lib/x86_64-linux-gnu/libcrypto.so (found version "3.0.2")  
-- Found FastRTPS: /opt/ros/humble/include  
-- Using RMW implementation 'rmw_fastrtps_cpp' as default
-- Looking for pthread.h
-- Looking for pthread.h - found
-- Performing Test CMAKE_HAVE_LIBC_PTHREAD
-- Performing Test CMAKE_HAVE_LIBC_PTHREAD - Success
-- Found Threads: TRUE  
-- Found example_interfaces: 0.9.3 (/opt/ros/humble/share/example_interfaces/cmake)
-- Found ament_lint_auto: 0.12.8 (/opt/ros/humble/share/ament_lint_auto/cmake)
-- Added test 'cppcheck' to perform static code analysis on C / C++ code
-- Configured cppcheck include dirs: 
-- Configured cppcheck exclude dirs and/or files: 
-- Added test 'lint_cmake' to check CMake code style
-- Added test 'uncrustify' to check C / C++ code style
-- Configured uncrustify additional arguments: 
-- Added test 'xmllint' to check XML markup files
-- Configuring done
-- Generating done
-- Build files have been written to: /home/alex/ros2_ws/build/my_cpp_pkg
[  6%] [32mBuilding CXX object CMakeFiles/cpp_node.dir/src/my_first_node.cpp.o[0m
[ 31%] [32mBuilding CXX object CMakeFiles/robot_news_station.dir/src/robot_news_station.cpp.o[0m
[ 31%] [32mBuilding CXX object CMakeFiles/number_publisher.dir/src/number_publisher.cpp.o[0m
[ 31%] [32mBuilding CXX object CMakeFiles/number_counter.dir/src/number_counter.cpp.o[0m
[ 31%] [32mBuilding CXX object CMakeFiles/add_two_ints_server.dir/src/add_two_ints_server.cpp.o[0m
[ 37%] [32mBuilding CXX object CMakeFiles/add_two_ints_client.dir/src/add_two_ints_client.cpp.o[0m
[ 43%] [32mBuilding CXX object CMakeFiles/smartphone.dir/src/smartphone.cpp.o[0m
[ 50%] [32mBuilding CXX object CMakeFiles/add_two_ints_client_no_oop.dir/src/add_two_ints_client_no_oop.cpp.o[0m
[ 56%] [32m[1mLinking CXX executable cpp_node[0m
[ 56%] Built target cpp_node
[ 62%] [32m[1mLinking CXX executable add_two_ints_server[0m
[ 68%] [32m[1mLinking CXX executable add_two_ints_client_no_oop[0m
[ 75%] [32m[1mLinking CXX executable add_two_ints_client[0m
[ 75%] Built target add_two_ints_server
[ 75%] Built target add_two_ints_client_no_oop
[ 75%] Built target add_two_ints_client
[ 81%] [32m[1mLinking CXX executable robot_news_station[0m
[ 87%] [32m[1mLinking CXX executable number_publisher[0m
[ 87%] Built target number_publisher
[ 87%] Built target robot_news_station
[ 93%] [32m[1mLinking CXX executable smartphone[0m
[ 93%] Built target smartphone
[100%] [32m[1mLinking CXX executable number_counter[0m
[100%] Built target number_counter
-- Install configuration: ""
-- Installing: /home/alex/ros2_ws/install/my_cpp_pkg/lib/my_cpp_pkg/cpp_node
-- Set runtime path of "/home/alex/ros2_ws/install/my_cpp_pkg/lib/my_cpp_pkg/cpp_node" to ""
-- Installing: /home/alex/ros2_ws/install/my_cpp_pkg/lib/my_cpp_pkg/robot_news_station
-- Set runtime path of "/home/alex/ros2_ws/install/my_cpp_pkg/lib/my_cpp_pkg/robot_news_station" to ""
-- Installing: /home/alex/ros2_ws/install/my_cpp_pkg/lib/my_cpp_pkg/smartphone
-- Set runtime path of "/home/alex/ros2_ws/install/my_cpp_pkg/lib/my_cpp_pkg/smartphone" to ""
-- Installing: /home/alex/ros2_ws/install/my_cpp_pkg/lib/my_cpp_pkg/number_publisher
-- Set runtime path of "/home/alex/ros2_ws/install/my_cpp_pkg/lib/my_cpp_pkg/number_publisher" to ""
-- Installing: /home/alex/ros2_ws/install/my_cpp_pkg/lib/my_cpp_pkg/number_counter
-- Set runtime path of "/home/alex/ros2_ws/install/my_cpp_pkg/lib/my_cpp_pkg/number_counter" to ""
-- Installing: /home/alex/ros2_ws/install/my_cpp_pkg/lib/my_cpp_pkg/add_two_ints_server
-- Set runtime path of "/home/alex/ros2_ws/install/my_cpp_pkg/lib/my_cpp_pkg/add_two_ints_server" to ""
-- Installing: /home/alex/ros2_ws/install/my_cpp_pkg/lib/my_cpp_pkg/add_two_ints_client
-- Set runtime path of "/home/alex/ros2_ws/install/my_cpp_pkg/lib/my_cpp_pkg/add_two_ints_client" to ""
-- Installing: /home/alex/ros2_ws/install/my_cpp_pkg/lib/my_cpp_pkg/add_two_ints_client_no_oop
-- Set runtime path of "/home/alex/ros2_ws/install/my_cpp_pkg/lib/my_cpp_pkg/add_two_ints_client_no_oop" to ""
-- Installing: /home/alex/ros2_ws/install/my_cpp_pkg/share/ament_index/resource_index/package_run_dependencies/my_cpp_pkg
-- Installing: /home/alex/ros2_ws/install/my_cpp_pkg/share/ament_index/resource_index/parent_prefix_path/my_cpp_pkg
-- Up-to-date: /home/alex/ros2_ws/install/my_cpp_pkg/share/my_cpp_pkg/environment/ament_prefix_path.sh
-- Installing: /home/alex/ros2_ws/install/my_cpp_pkg/share/my_cpp_pkg/environment/ament_prefix_path.dsv
-- Up-to-date: /home/alex/ros2_ws/install/my_cpp_pkg/share/my_cpp_pkg/environment/path.sh
-- Installing: /home/alex/ros2_ws/install/my_cpp_pkg/share/my_cpp_pkg/environment/path.dsv
-- Up-to-date: /home/alex/ros2_ws/install/my_cpp_pkg/share/my_cpp_pkg/local_setup.bash
-- Up-to-date: /home/alex/ros2_ws/install/my_cpp_pkg/share/my_cpp_pkg/local_setup.sh
-- Up-to-date: /home/alex/ros2_ws/install/my_cpp_pkg/share/my_cpp_pkg/local_setup.zsh
-- Installing: /home/alex/ros2_ws/install/my_cpp_pkg/share/my_cpp_pkg/local_setup.dsv
-- Installing: /home/alex/ros2_ws/install/my_cpp_pkg/share/my_cpp_pkg/package.dsv
-- Up-to-date: /home/alex/ros2_ws/install/my_cpp_pkg/share/ament_index/resource_index/packages/my_cpp_pkg
-- Up-to-date: /home/alex/ros2_ws/install/my_cpp_pkg/share/my_cpp_pkg/cmake/my_cpp_pkgConfig.cmake
-- Up-to-date: /home/alex/ros2_ws/install/my_cpp_pkg/share/my_cpp_pkg/cmake/my_cpp_pkgConfig-version.cmake
-- Installing: /home/alex/ros2_ws/install/my_cpp_pkg/share/my_cpp_pkg/package.xml
