[2.011s] Invoking command in '/home/alex/ros2_ws/src/my_py_pkg': CMAKE_PREFIX_PATH=/home/alex/ros2_ws/install/my_robot_interfaces:/home/alex/ros2_ws/install/webots_ros2_control:/home/alex/ros2_ws/install/webots_ros2_driver:/home/alex/ros2_ws/install/webots_ros2_msgs:/home/alex/ros2_ws/install/turtlesim:/home/alex/ros2_ws/install/my_cpp_pkg:/home/alex/rmf_ws/install/rmf_demos_gz_classic:/home/alex/rmf_ws/install/rmf_demos_gz:/home/alex/rmf_ws/install/rmf_demos:/home/alex/rmf_ws/install/rmf_demos_maps:/home/alex/rmf_ws/install/rmf_demos_dashboard_resources:/home/alex/rmf_ws/install/rmf_demos_assets LD_LIBRARY_PATH=/home/alex/ros2_ws/install/my_robot_interfaces/lib:/home/alex/ros2_ws/install/webots_ros2_control/lib:/home/alex/ros2_ws/install/webots_ros2_driver/lib:/home/alex/ros2_ws/install/webots_ros2_msgs/lib:/home/alex/ros2_ws/install/turtlesim/lib:/opt/ros/humble/opt/rviz_ogre_vendor/lib:/opt/ros/humble/lib/x86_64-linux-gnu:/opt/ros/humble/lib PYTHONPATH=/home/alex/ros2_ws/build/my_py_pkg/prefix_override:/home/alex/ros2_ws/install/my_py_pkg/lib/python3.10/site-packages:${PYTHONPATH} /usr/bin/python3 setup.py egg_info --egg-base ../../build/my_py_pkg build --build-base /home/alex/ros2_ws/build/my_py_pkg/build install --record /home/alex/ros2_ws/build/my_py_pkg/install.log --single-version-externally-managed
[2.358s] running egg_info
[2.358s] writing ../../build/my_py_pkg/my_py_pkg.egg-info/PKG-INFO
[2.359s] writing dependency_links to ../../build/my_py_pkg/my_py_pkg.egg-info/dependency_links.txt
[2.359s] writing entry points to ../../build/my_py_pkg/my_py_pkg.egg-info/entry_points.txt
[2.359s] writing requirements to ../../build/my_py_pkg/my_py_pkg.egg-info/requires.txt
[2.360s] writing top-level names to ../../build/my_py_pkg/my_py_pkg.egg-info/top_level.txt
[2.362s] reading manifest file '../../build/my_py_pkg/my_py_pkg.egg-info/SOURCES.txt'
[2.364s] writing manifest file '../../build/my_py_pkg/my_py_pkg.egg-info/SOURCES.txt'
[2.364s] running build
[2.365s] running build_py
[2.367s] running install
[2.367s] running install_lib
[2.369s] running install_data
[2.370s] running install_egg_info
[2.373s] removing '/home/alex/ros2_ws/install/my_py_pkg/lib/python3.10/site-packages/my_py_pkg-0.0.0-py3.10.egg-info' (and everything under it)
[2.382s] Copying ../../build/my_py_pkg/my_py_pkg.egg-info to /home/alex/ros2_ws/install/my_py_pkg/lib/python3.10/site-packages/my_py_pkg-0.0.0-py3.10.egg-info
[2.382s] running install_scripts
[2.412s] Installing add_two_ints_client script to /home/alex/ros2_ws/install/my_py_pkg/lib/my_py_pkg
[2.412s] Installing add_two_ints_client_no_oop script to /home/alex/ros2_ws/install/my_py_pkg/lib/my_py_pkg
[2.412s] Installing add_two_ints_server script to /home/alex/ros2_ws/install/my_py_pkg/lib/my_py_pkg
[2.412s] Installing hardware_status_publisher script to /home/alex/ros2_ws/install/my_py_pkg/lib/my_py_pkg
[2.412s] Installing number_counter script to /home/alex/ros2_ws/install/my_py_pkg/lib/my_py_pkg
[2.412s] Installing number_publisher script to /home/alex/ros2_ws/install/my_py_pkg/lib/my_py_pkg
[2.413s] Installing py_node script to /home/alex/ros2_ws/install/my_py_pkg/lib/my_py_pkg
[2.413s] Installing robot_news_station script to /home/alex/ros2_ws/install/my_py_pkg/lib/my_py_pkg
[2.413s] Installing smartphone script to /home/alex/ros2_ws/install/my_py_pkg/lib/my_py_pkg
[2.414s] writing list of installed files to '/home/alex/ros2_ws/build/my_py_pkg/install.log'
[2.450s] Invoked command in '/home/alex/ros2_ws/src/my_py_pkg' returned '0': CMAKE_PREFIX_PATH=/home/alex/ros2_ws/install/my_robot_interfaces:/home/alex/ros2_ws/install/webots_ros2_control:/home/alex/ros2_ws/install/webots_ros2_driver:/home/alex/ros2_ws/install/webots_ros2_msgs:/home/alex/ros2_ws/install/turtlesim:/home/alex/ros2_ws/install/my_cpp_pkg:/home/alex/rmf_ws/install/rmf_demos_gz_classic:/home/alex/rmf_ws/install/rmf_demos_gz:/home/alex/rmf_ws/install/rmf_demos:/home/alex/rmf_ws/install/rmf_demos_maps:/home/alex/rmf_ws/install/rmf_demos_dashboard_resources:/home/alex/rmf_ws/install/rmf_demos_assets LD_LIBRARY_PATH=/home/alex/ros2_ws/install/my_robot_interfaces/lib:/home/alex/ros2_ws/install/webots_ros2_control/lib:/home/alex/ros2_ws/install/webots_ros2_driver/lib:/home/alex/ros2_ws/install/webots_ros2_msgs/lib:/home/alex/ros2_ws/install/turtlesim/lib:/opt/ros/humble/opt/rviz_ogre_vendor/lib:/opt/ros/humble/lib/x86_64-linux-gnu:/opt/ros/humble/lib PYTHONPATH=/home/alex/ros2_ws/build/my_py_pkg/prefix_override:/home/alex/ros2_ws/install/my_py_pkg/lib/python3.10/site-packages:${PYTHONPATH} /usr/bin/python3 setup.py egg_info --egg-base ../../build/my_py_pkg build --build-base /home/alex/ros2_ws/build/my_py_pkg/build install --record /home/alex/ros2_ws/build/my_py_pkg/install.log --single-version-externally-managed
