[0.161s] Invoking command in '/home/alex/ros2_ws/build/my_cpp_pkg': CMAKE_PREFIX_PATH=${CMAKE_PREFIX_PATH}:/home/alex/rmf_ws/install/rmf_demos_tasks:/home/alex/rmf_ws/install/rmf_demos_panel:/home/alex/rmf_ws/install/rmf_demos_fleet_adapter:/home/alex/rmf_ws/install/rmf_demos_bridges:/home/alex/ros2_ws/install/my_py_pkg:/opt/ros/humble /usr/bin/cmake --build /home/alex/ros2_ws/build/my_cpp_pkg -- -j8 -l8
[0.238s] [ 12%] Built target number_publisher
[0.240s] [ 25%] Built target add_two_ints_client_no_oop
[0.244s] [ 37%] Built target robot_news_station
[0.247s] [ 50%] Built target smartphone
[0.248s] [ 62%] Built target number_counter
[0.248s] [ 75%] Built target add_two_ints_server
[0.252s] [ 87%] Built target add_two_ints_client
[0.253s] [100%] Built target cpp_node
[0.268s] Invoked command in '/home/alex/ros2_ws/build/my_cpp_pkg' returned '0': CMAKE_PREFIX_PATH=${CMAKE_PREFIX_PATH}:/home/alex/rmf_ws/install/rmf_demos_tasks:/home/alex/rmf_ws/install/rmf_demos_panel:/home/alex/rmf_ws/install/rmf_demos_fleet_adapter:/home/alex/rmf_ws/install/rmf_demos_bridges:/home/alex/ros2_ws/install/my_py_pkg:/opt/ros/humble /usr/bin/cmake --build /home/alex/ros2_ws/build/my_cpp_pkg -- -j8 -l8
[0.331s] Invoking command in '/home/alex/ros2_ws/build/my_cpp_pkg': CMAKE_PREFIX_PATH=${CMAKE_PREFIX_PATH}:/home/alex/rmf_ws/install/rmf_demos_tasks:/home/alex/rmf_ws/install/rmf_demos_panel:/home/alex/rmf_ws/install/rmf_demos_fleet_adapter:/home/alex/rmf_ws/install/rmf_demos_bridges:/home/alex/ros2_ws/install/my_py_pkg:/opt/ros/humble /usr/bin/cmake --install /home/alex/ros2_ws/build/my_cpp_pkg
[0.337s] -- Install configuration: ""
[0.338s] -- Up-to-date: /home/alex/ros2_ws/install/my_cpp_pkg/lib/my_cpp_pkg/cpp_node
[0.339s] -- Up-to-date: /home/alex/ros2_ws/install/my_cpp_pkg/lib/my_cpp_pkg/robot_news_station
[0.340s] -- Up-to-date: /home/alex/ros2_ws/install/my_cpp_pkg/lib/my_cpp_pkg/smartphone
[0.340s] -- Up-to-date: /home/alex/ros2_ws/install/my_cpp_pkg/lib/my_cpp_pkg/number_publisher
[0.341s] -- Up-to-date: /home/alex/ros2_ws/install/my_cpp_pkg/lib/my_cpp_pkg/number_counter
[0.342s] -- Up-to-date: /home/alex/ros2_ws/install/my_cpp_pkg/lib/my_cpp_pkg/add_two_ints_server
[0.343s] -- Up-to-date: /home/alex/ros2_ws/install/my_cpp_pkg/lib/my_cpp_pkg/add_two_ints_client
[0.344s] -- Up-to-date: /home/alex/ros2_ws/install/my_cpp_pkg/lib/my_cpp_pkg/add_two_ints_client_no_oop
[0.344s] -- Up-to-date: /home/alex/ros2_ws/install/my_cpp_pkg/share/ament_index/resource_index/package_run_dependencies/my_cpp_pkg
[0.344s] -- Up-to-date: /home/alex/ros2_ws/install/my_cpp_pkg/share/ament_index/resource_index/parent_prefix_path/my_cpp_pkg
[0.344s] -- Installing: /home/alex/ros2_ws/install/my_cpp_pkg/share/my_cpp_pkg/environment/ament_prefix_path.sh
[0.344s] -- Up-to-date: /home/alex/ros2_ws/install/my_cpp_pkg/share/my_cpp_pkg/environment/ament_prefix_path.dsv
[0.345s] -- Installing: /home/alex/ros2_ws/install/my_cpp_pkg/share/my_cpp_pkg/environment/path.sh
[0.345s] -- Up-to-date: /home/alex/ros2_ws/install/my_cpp_pkg/share/my_cpp_pkg/environment/path.dsv
[0.345s] -- Up-to-date: /home/alex/ros2_ws/install/my_cpp_pkg/share/my_cpp_pkg/local_setup.bash
[0.345s] -- Up-to-date: /home/alex/ros2_ws/install/my_cpp_pkg/share/my_cpp_pkg/local_setup.sh
[0.345s] -- Up-to-date: /home/alex/ros2_ws/install/my_cpp_pkg/share/my_cpp_pkg/local_setup.zsh
[0.345s] -- Up-to-date: /home/alex/ros2_ws/install/my_cpp_pkg/share/my_cpp_pkg/local_setup.dsv
[0.345s] -- Installing: /home/alex/ros2_ws/install/my_cpp_pkg/share/my_cpp_pkg/package.dsv
[0.345s] -- Up-to-date: /home/alex/ros2_ws/install/my_cpp_pkg/share/ament_index/resource_index/packages/my_cpp_pkg
[0.346s] -- Up-to-date: /home/alex/ros2_ws/install/my_cpp_pkg/share/my_cpp_pkg/cmake/my_cpp_pkgConfig.cmake
[0.346s] -- Up-to-date: /home/alex/ros2_ws/install/my_cpp_pkg/share/my_cpp_pkg/cmake/my_cpp_pkgConfig-version.cmake
[0.346s] -- Up-to-date: /home/alex/ros2_ws/install/my_cpp_pkg/share/my_cpp_pkg/package.xml
[0.347s] Invoked command in '/home/alex/ros2_ws/build/my_cpp_pkg' returned '0': CMAKE_PREFIX_PATH=${CMAKE_PREFIX_PATH}:/home/alex/rmf_ws/install/rmf_demos_tasks:/home/alex/rmf_ws/install/rmf_demos_panel:/home/alex/rmf_ws/install/rmf_demos_fleet_adapter:/home/alex/rmf_ws/install/rmf_demos_bridges:/home/alex/ros2_ws/install/my_py_pkg:/opt/ros/humble /usr/bin/cmake --install /home/alex/ros2_ws/build/my_cpp_pkg
