running egg_info
writing ../../../build/webots_ros2/webots_ros2.egg-info/PKG-INFO
writing dependency_links to ../../../build/webots_ros2/webots_ros2.egg-info/dependency_links.txt
writing requirements to ../../../build/webots_ros2/webots_ros2.egg-info/requires.txt
writing top-level names to ../../../build/webots_ros2/webots_ros2.egg-info/top_level.txt
reading manifest file '../../../build/webots_ros2/webots_ros2.egg-info/SOURCES.txt'
writing manifest file '../../../build/webots_ros2/webots_ros2.egg-info/SOURCES.txt'
running build
running build_py
copying webots_ros2/__init__.py -> /home/alex/ros2_ws/build/webots_ros2/build/lib/webots_ros2
running install
running install_lib
copying /home/alex/ros2_ws/build/webots_ros2/build/lib/webots_ros2/__init__.py -> /home/alex/ros2_ws/install/webots_ros2/lib/python3.10/site-packages/webots_ros2
byte-compiling /home/alex/ros2_ws/install/webots_ros2/lib/python3.10/site-packages/webots_ros2/__init__.py to __init__.cpython-310.pyc
running install_data
copying package.xml -> /home/alex/ros2_ws/install/webots_ros2/share/webots_ros2
copying resource/webots_ros2 -> /home/alex/ros2_ws/install/webots_ros2/share/ament_index/resource_index/packages
running install_egg_info
removing '/home/alex/ros2_ws/install/webots_ros2/lib/python3.10/site-packages/webots_ros2-2023.1.1-py3.10.egg-info' (and everything under it)
Copying ../../../build/webots_ros2/webots_ros2.egg-info to /home/alex/ros2_ws/install/webots_ros2/lib/python3.10/site-packages/webots_ros2-2023.1.1-py3.10.egg-info
running install_scripts
writing list of installed files to '/home/alex/ros2_ws/build/webots_ros2/install.log'
