[1.537s] Invoking command in '/home/alex/ros2_ws/src/webots_ros2/webots_ros2_importer': PYTHONPATH=/home/alex/ros2_ws/build/webots_ros2_importer/prefix_override:/home/alex/ros2_ws/install/webots_ros2_importer/lib/python3.10/site-packages:${PYTHONPATH} /usr/bin/python3 setup.py egg_info --egg-base ../../../build/webots_ros2_importer build --build-base /home/alex/ros2_ws/build/webots_ros2_importer/build install --record /home/alex/ros2_ws/build/webots_ros2_importer/install.log --single-version-externally-managed
[1.901s] running egg_info
[1.903s] writing ../../../build/webots_ros2_importer/webots_ros2_importer.egg-info/PKG-INFO
[1.903s] writing dependency_links to ../../../build/webots_ros2_importer/webots_ros2_importer.egg-info/dependency_links.txt
[1.903s] writing entry points to ../../../build/webots_ros2_importer/webots_ros2_importer.egg-info/entry_points.txt
[1.903s] writing requirements to ../../../build/webots_ros2_importer/webots_ros2_importer.egg-info/requires.txt
[1.903s] writing top-level names to ../../../build/webots_ros2_importer/webots_ros2_importer.egg-info/top_level.txt
[1.904s] reading manifest file '../../../build/webots_ros2_importer/webots_ros2_importer.egg-info/SOURCES.txt'
[1.905s] writing manifest file '../../../build/webots_ros2_importer/webots_ros2_importer.egg-info/SOURCES.txt'
[1.905s] running build
[1.905s] running build_py
[1.906s] running install
[1.906s] running install_lib
[1.907s] running install_data
[1.908s] running install_egg_info
[1.911s] removing '/home/alex/ros2_ws/install/webots_ros2_importer/lib/python3.10/site-packages/webots_ros2_importer-2023.1.1-py3.10.egg-info' (and everything under it)
[1.911s] Copying ../../../build/webots_ros2_importer/webots_ros2_importer.egg-info to /home/alex/ros2_ws/install/webots_ros2_importer/lib/python3.10/site-packages/webots_ros2_importer-2023.1.1-py3.10.egg-info
[1.912s] running install_scripts
[1.933s] Installing urdf2proto script to /home/alex/ros2_ws/install/webots_ros2_importer/lib/webots_ros2_importer
[1.933s] Installing xacro2proto script to /home/alex/ros2_ws/install/webots_ros2_importer/lib/webots_ros2_importer
[1.934s] writing list of installed files to '/home/alex/ros2_ws/build/webots_ros2_importer/install.log'
[2.148s] Invoked command in '/home/alex/ros2_ws/src/webots_ros2/webots_ros2_importer' returned '0': PYTHONPATH=/home/alex/ros2_ws/build/webots_ros2_importer/prefix_override:/home/alex/ros2_ws/install/webots_ros2_importer/lib/python3.10/site-packages:${PYTHONPATH} /usr/bin/python3 setup.py egg_info --egg-base ../../../build/webots_ros2_importer build --build-base /home/alex/ros2_ws/build/webots_ros2_importer/build install --record /home/alex/ros2_ws/build/webots_ros2_importer/install.log --single-version-externally-managed
