[0.048s] Invoking command in '/home/alex/ros2_ws/build/turtlesim': CMAKE_PREFIX_PATH=/opt/ros/humble /usr/bin/cmake --build /home/alex/ros2_ws/build/turtlesim -- -j8 -l8
[0.073s] -- Found ament_cmake: 1.3.6 (/opt/ros/humble/share/ament_cmake/cmake)
[0.198s] -- Found ament_index_cpp: 1.4.0 (/opt/ros/humble/share/ament_index_cpp/cmake)
[0.199s] -- Found geometry_msgs: 4.2.3 (/opt/ros/humble/share/geometry_msgs/cmake)
[0.224s] -- Found rosidl_generator_c: 3.1.5 (/opt/ros/humble/share/rosidl_generator_c/cmake)
[0.226s] -- Found rosidl_adapter: 3.1.5 (/opt/ros/humble/share/rosidl_adapter/cmake)
[0.232s] -- Found rosidl_generator_cpp: 3.1.5 (/opt/ros/humble/share/rosidl_generator_cpp/cmake)
[0.242s] -- Using all available rosidl_typesupport_c: rosidl_typesupport_fastrtps_c;rosidl_typesupport_introspection_c
[0.254s] -- Using all available rosidl_typesupport_cpp: rosidl_typesupport_fastrtps_cpp;rosidl_typesupport_introspection_cpp
[0.368s] -- Found rclcpp: 16.0.7 (/opt/ros/humble/share/rclcpp/cmake)
[0.408s] -- Found rmw_implementation_cmake: 6.1.1 (/opt/ros/humble/share/rmw_implementation_cmake/cmake)
[0.409s] -- Found rmw_fastrtps_cpp: 6.2.5 (/opt/ros/humble/share/rmw_fastrtps_cpp/cmake)
[0.513s] -- Using RMW implementation 'rmw_fastrtps_cpp' as default
[0.633s] -- Found rclcpp_action: 16.0.7 (/opt/ros/humble/share/rclcpp_action/cmake)
[0.720s] -- Found rosidl_default_generators: 1.2.0 (/opt/ros/humble/share/rosidl_default_generators/cmake)
[0.727s] -- Found std_srvs: 4.2.3 (/opt/ros/humble/share/std_srvs/cmake)
[1.138s] -- Found ament_cmake_ros: 0.10.0 (/opt/ros/humble/share/ament_cmake_ros/cmake)
[1.776s] -- Using all available rosidl_typesupport_c: rosidl_typesupport_fastrtps_c;rosidl_typesupport_introspection_c
[1.986s] -- Using all available rosidl_typesupport_cpp: rosidl_typesupport_fastrtps_cpp;rosidl_typesupport_introspection_cpp
[2.014s] -- Found python_cmake_module: 0.10.0 (/opt/ros/humble/share/python_cmake_module/cmake)
[2.046s] -- Using PYTHON_EXECUTABLE: /usr/bin/python3
[2.046s] -- Using PYTHON_INCLUDE_DIRS: /usr/include/python3.10
[2.046s] -- Using PYTHON_LIBRARIES: /usr/lib/x86_64-linux-gnu/libpython3.10.so
[2.090s] -- Configuring done
[2.178s] -- Generating done
[2.183s] -- Build files have been written to: /home/alex/ros2_ws/build/turtlesim
[2.223s] [  1%] [34m[1mGenerating C code for ROS interfaces[0m
[2.353s] [  2%] [34m[1mGenerating C++ code for ROS interfaces[0m
[2.370s] [  2%] Built target ament_cmake_python_copy_turtlesim
[3.163s] running egg_info
[3.164s] writing turtlesim.egg-info/PKG-INFO
[3.164s] writing dependency_links to turtlesim.egg-info/dependency_links.txt
[3.164s] writing top-level names to turtlesim.egg-info/top_level.txt
[3.173s] reading manifest file 'turtlesim.egg-info/SOURCES.txt'
[3.174s] writing manifest file 'turtlesim.egg-info/SOURCES.txt'
[3.273s] [  2%] Built target ament_cmake_python_build_turtlesim_egg
[4.823s] [  2%] Built target turtlesim__cpp
[4.855s] [  3%] [34m[1mGenerating C++ type support dispatch for ROS interfaces[0m
[4.862s] [  4%] [34m[1mGenerating C++ type support for eProsima Fast-RTPS[0m
[4.872s] [  5%] [34m[1mGenerating C++ introspection for ROS interfaces[0m
[4.955s] [35m[1mConsolidate compiler generated dependencies of target turtlesim__rosidl_generator_c[0m
[5.003s] [  6%] [32mBuilding C object CMakeFiles/turtlesim__rosidl_generator_c.dir/rosidl_generator_c/turtlesim/action/detail/rotate_absolute__functions.c.o[0m
[5.024s] [  7%] [32mBuilding C object CMakeFiles/turtlesim__rosidl_generator_c.dir/rosidl_generator_c/turtlesim/msg/detail/color__functions.c.o[0m
[5.041s] [  8%] [32mBuilding C object CMakeFiles/turtlesim__rosidl_generator_c.dir/rosidl_generator_c/turtlesim/msg/detail/pose__functions.c.o[0m
[5.102s] [  9%] [32mBuilding C object CMakeFiles/turtlesim__rosidl_generator_c.dir/rosidl_generator_c/turtlesim/srv/detail/kill__functions.c.o[0m
[5.105s] [ 10%] [32mBuilding C object CMakeFiles/turtlesim__rosidl_generator_c.dir/rosidl_generator_c/turtlesim/srv/detail/set_pen__functions.c.o[0m
[5.217s] [ 11%] [32mBuilding C object CMakeFiles/turtlesim__rosidl_generator_c.dir/rosidl_generator_c/turtlesim/srv/detail/spawn__functions.c.o[0m
[5.320s] [ 12%] [32mBuilding C object CMakeFiles/turtlesim__rosidl_generator_c.dir/rosidl_generator_c/turtlesim/srv/detail/teleport_relative__functions.c.o[0m
[5.320s] [ 13%] [32mBuilding C object CMakeFiles/turtlesim__rosidl_generator_c.dir/rosidl_generator_c/turtlesim/srv/detail/teleport_absolute__functions.c.o[0m
[5.572s] [ 14%] [32m[1mLinking C shared library libturtlesim__rosidl_generator_c.so[0m
[5.720s] [ 14%] Built target turtlesim__rosidl_generator_c
[5.790s] [ 15%] [34m[1mGenerating C type support for eProsima Fast-RTPS[0m
[5.832s] [ 16%] [34m[1mGenerating C introspection for ROS interfaces[0m
[5.849s] [ 17%] [34m[1mGenerating C type support dispatch for ROS interfaces[0m
[6.128s] [35m[1mConsolidate compiler generated dependencies of target turtlesim__rosidl_typesupport_cpp[0m
[6.204s] [ 18%] [32mBuilding CXX object CMakeFiles/turtlesim__rosidl_typesupport_cpp.dir/rosidl_typesupport_cpp/turtlesim/action/rotate_absolute__type_support.cpp.o[0m
[6.223s] [ 19%] [32mBuilding CXX object CMakeFiles/turtlesim__rosidl_typesupport_cpp.dir/rosidl_typesupport_cpp/turtlesim/msg/color__type_support.cpp.o[0m
[6.245s] [ 20%] [32mBuilding CXX object CMakeFiles/turtlesim__rosidl_typesupport_cpp.dir/rosidl_typesupport_cpp/turtlesim/msg/pose__type_support.cpp.o[0m
[7.072s] [ 21%] [32mBuilding CXX object CMakeFiles/turtlesim__rosidl_typesupport_cpp.dir/rosidl_typesupport_cpp/turtlesim/srv/kill__type_support.cpp.o[0m
[7.481s] [ 22%] [32mBuilding CXX object CMakeFiles/turtlesim__rosidl_typesupport_cpp.dir/rosidl_typesupport_cpp/turtlesim/srv/set_pen__type_support.cpp.o[0m
[7.559s] [35m[1mConsolidate compiler generated dependencies of target turtlesim__rosidl_typesupport_introspection_cpp[0m
[7.672s] [ 23%] [32mBuilding CXX object CMakeFiles/turtlesim__rosidl_typesupport_introspection_cpp.dir/rosidl_typesupport_introspection_cpp/turtlesim/action/detail/rotate_absolute__type_support.cpp.o[0m
[7.845s] [ 24%] [32mBuilding CXX object CMakeFiles/turtlesim__rosidl_typesupport_introspection_cpp.dir/rosidl_typesupport_introspection_cpp/turtlesim/msg/detail/color__type_support.cpp.o[0m
[7.855s] [35m[1mConsolidate compiler generated dependencies of target turtlesim__rosidl_typesupport_c[0m
[7.896s] [ 25%] [32mBuilding CXX object CMakeFiles/turtlesim__rosidl_typesupport_c.dir/rosidl_typesupport_c/turtlesim/action/rotate_absolute__type_support.cpp.o[0m
[7.946s] [ 26%] [32mBuilding CXX object CMakeFiles/turtlesim__rosidl_typesupport_cpp.dir/rosidl_typesupport_cpp/turtlesim/srv/spawn__type_support.cpp.o[0m
[8.075s] [ 27%] [32mBuilding CXX object CMakeFiles/turtlesim__rosidl_typesupport_c.dir/rosidl_typesupport_c/turtlesim/msg/color__type_support.cpp.o[0m
[8.146s] [35m[1mConsolidate compiler generated dependencies of target turtlesim__rosidl_typesupport_introspection_c[0m
[8.180s] [ 28%] [32mBuilding CXX object CMakeFiles/turtlesim__rosidl_typesupport_c.dir/rosidl_typesupport_c/turtlesim/msg/pose__type_support.cpp.o[0m
[8.233s] [ 29%] [32mBuilding C object CMakeFiles/turtlesim__rosidl_typesupport_introspection_c.dir/rosidl_typesupport_introspection_c/turtlesim/action/detail/rotate_absolute__type_support.c.o[0m
[8.272s] [35m[1mConsolidate compiler generated dependencies of target turtlesim__rosidl_typesupport_fastrtps_cpp[0m
[8.319s] [ 30%] [32mBuilding CXX object CMakeFiles/turtlesim__rosidl_typesupport_c.dir/rosidl_typesupport_c/turtlesim/srv/kill__type_support.cpp.o[0m
[8.370s] [ 31%] [32mBuilding CXX object CMakeFiles/turtlesim__rosidl_typesupport_fastrtps_cpp.dir/rosidl_typesupport_fastrtps_cpp/turtlesim/action/detail/dds_fastrtps/rotate_absolute__type_support.cpp.o[0m
[8.387s] [ 32%] [32mBuilding C object CMakeFiles/turtlesim__rosidl_typesupport_introspection_c.dir/rosidl_typesupport_introspection_c/turtlesim/msg/detail/color__type_support.c.o[0m
[8.435s] [ 33%] [32mBuilding C object CMakeFiles/turtlesim__rosidl_typesupport_introspection_c.dir/rosidl_typesupport_introspection_c/turtlesim/msg/detail/pose__type_support.c.o[0m
[8.454s] [ 34%] [32mBuilding CXX object CMakeFiles/turtlesim__rosidl_typesupport_c.dir/rosidl_typesupport_c/turtlesim/srv/set_pen__type_support.cpp.o[0m
[8.513s] [ 35%] [32mBuilding C object CMakeFiles/turtlesim__rosidl_typesupport_introspection_c.dir/rosidl_typesupport_introspection_c/turtlesim/srv/detail/kill__type_support.c.o[0m
[8.590s] [ 36%] [32mBuilding CXX object CMakeFiles/turtlesim__rosidl_typesupport_introspection_cpp.dir/rosidl_typesupport_introspection_cpp/turtlesim/msg/detail/pose__type_support.cpp.o[0m
[8.610s] [ 37%] [32mBuilding CXX object CMakeFiles/turtlesim__rosidl_typesupport_c.dir/rosidl_typesupport_c/turtlesim/srv/spawn__type_support.cpp.o[0m
[8.614s] [ 38%] [32mBuilding C object CMakeFiles/turtlesim__rosidl_typesupport_introspection_c.dir/rosidl_typesupport_introspection_c/turtlesim/srv/detail/set_pen__type_support.c.o[0m
[8.668s] [ 39%] [32mBuilding CXX object CMakeFiles/turtlesim__rosidl_typesupport_introspection_cpp.dir/rosidl_typesupport_introspection_cpp/turtlesim/srv/detail/kill__type_support.cpp.o[0m
[8.754s] [ 40%] [32mBuilding CXX object CMakeFiles/turtlesim__rosidl_typesupport_c.dir/rosidl_typesupport_c/turtlesim/srv/teleport_absolute__type_support.cpp.o[0m
[8.779s] [ 41%] [32mBuilding C object CMakeFiles/turtlesim__rosidl_typesupport_introspection_c.dir/rosidl_typesupport_introspection_c/turtlesim/srv/detail/spawn__type_support.c.o[0m
[8.883s] [ 42%] [32mBuilding CXX object CMakeFiles/turtlesim__rosidl_typesupport_cpp.dir/rosidl_typesupport_cpp/turtlesim/srv/teleport_absolute__type_support.cpp.o[0m
[8.932s] [ 43%] [32mBuilding CXX object CMakeFiles/turtlesim__rosidl_typesupport_c.dir/rosidl_typesupport_c/turtlesim/srv/teleport_relative__type_support.cpp.o[0m
[8.972s] [ 44%] [32mBuilding C object CMakeFiles/turtlesim__rosidl_typesupport_introspection_c.dir/rosidl_typesupport_introspection_c/turtlesim/srv/detail/teleport_absolute__type_support.c.o[0m
[9.019s] [35m[1mConsolidate compiler generated dependencies of target turtlesim__rosidl_typesupport_fastrtps_c[0m
[9.060s] [ 45%] [32m[1mLinking CXX shared library libturtlesim__rosidl_typesupport_c.so[0m
[9.073s] [ 46%] [32mBuilding CXX object CMakeFiles/turtlesim__rosidl_typesupport_introspection_cpp.dir/rosidl_typesupport_introspection_cpp/turtlesim/srv/detail/set_pen__type_support.cpp.o[0m
[9.115s] [ 48%] [32mBuilding CXX object CMakeFiles/turtlesim__rosidl_typesupport_fastrtps_c.dir/rosidl_typesupport_fastrtps_c/turtlesim/action/detail/rotate_absolute__type_support_c.cpp.o[0m
[9.116s] [ 48%] [32mBuilding C object CMakeFiles/turtlesim__rosidl_typesupport_introspection_c.dir/rosidl_typesupport_introspection_c/turtlesim/srv/detail/teleport_relative__type_support.c.o[0m
[9.270s] [ 48%] Built target turtlesim__rosidl_typesupport_c
[9.288s] [ 49%] [32m[1mLinking C shared library libturtlesim__rosidl_typesupport_introspection_c.so[0m
[9.333s] [ 50%] [32mBuilding CXX object CMakeFiles/turtlesim__rosidl_typesupport_fastrtps_cpp.dir/rosidl_typesupport_fastrtps_cpp/turtlesim/msg/detail/dds_fastrtps/color__type_support.cpp.o[0m
[9.488s] [ 50%] Built target turtlesim__rosidl_typesupport_introspection_c
[9.550s] [ 51%] [32mBuilding CXX object CMakeFiles/turtlesim__rosidl_typesupport_fastrtps_cpp.dir/rosidl_typesupport_fastrtps_cpp/turtlesim/msg/detail/dds_fastrtps/pose__type_support.cpp.o[0m
[9.618s] [ 52%] [32mBuilding CXX object CMakeFiles/turtlesim__rosidl_typesupport_cpp.dir/rosidl_typesupport_cpp/turtlesim/srv/teleport_relative__type_support.cpp.o[0m
[9.753s] [ 53%] [32mBuilding CXX object CMakeFiles/turtlesim__rosidl_typesupport_introspection_cpp.dir/rosidl_typesupport_introspection_cpp/turtlesim/srv/detail/spawn__type_support.cpp.o[0m
[9.799s] [ 54%] [32mBuilding CXX object CMakeFiles/turtlesim__rosidl_typesupport_introspection_cpp.dir/rosidl_typesupport_introspection_cpp/turtlesim/srv/detail/teleport_absolute__type_support.cpp.o[0m
[10.084s] [ 55%] [32mBuilding CXX object CMakeFiles/turtlesim__rosidl_typesupport_introspection_cpp.dir/rosidl_typesupport_introspection_cpp/turtlesim/srv/detail/teleport_relative__type_support.cpp.o[0m
[10.390s] [ 56%] [32mBuilding CXX object CMakeFiles/turtlesim__rosidl_typesupport_fastrtps_cpp.dir/rosidl_typesupport_fastrtps_cpp/turtlesim/srv/detail/dds_fastrtps/kill__type_support.cpp.o[0m
[10.417s] [ 57%] [32mBuilding CXX object CMakeFiles/turtlesim__rosidl_typesupport_fastrtps_c.dir/rosidl_typesupport_fastrtps_c/turtlesim/msg/detail/color__type_support_c.cpp.o[0m
[10.453s] [ 58%] [32mBuilding CXX object CMakeFiles/turtlesim__rosidl_typesupport_fastrtps_c.dir/rosidl_typesupport_fastrtps_c/turtlesim/msg/detail/pose__type_support_c.cpp.o[0m
[10.455s] [ 59%] [32mBuilding CXX object CMakeFiles/turtlesim__rosidl_typesupport_fastrtps_c.dir/rosidl_typesupport_fastrtps_c/turtlesim/srv/detail/kill__type_support_c.cpp.o[0m
[10.462s] [ 60%] [32mBuilding CXX object CMakeFiles/turtlesim__rosidl_typesupport_fastrtps_cpp.dir/rosidl_typesupport_fastrtps_cpp/turtlesim/srv/detail/dds_fastrtps/set_pen__type_support.cpp.o[0m
[10.463s] [ 61%] [32m[1mLinking CXX shared library libturtlesim__rosidl_typesupport_cpp.so[0m
[10.526s] [ 61%] Built target turtlesim__rosidl_typesupport_cpp
[10.541s] [35m[1mConsolidate compiler generated dependencies of target turtlesim_node[0m
[10.621s] [ 62%] [32mBuilding CXX object CMakeFiles/turtlesim_node.dir/src/turtlesim.cpp.o[0m
[10.844s] [ 63%] [32mBuilding CXX object CMakeFiles/turtlesim_node.dir/src/turtle.cpp.o[0m
[10.902s] [ 64%] [32mBuilding CXX object CMakeFiles/turtlesim__rosidl_typesupport_fastrtps_c.dir/rosidl_typesupport_fastrtps_c/turtlesim/srv/detail/set_pen__type_support_c.cpp.o[0m
[11.058s] [ 65%] [32m[1mLinking CXX shared library libturtlesim__rosidl_typesupport_introspection_cpp.so[0m
[11.173s] [ 65%] Built target turtlesim__rosidl_typesupport_introspection_cpp
[11.189s] [ 66%] [32mBuilding CXX object CMakeFiles/turtlesim__rosidl_typesupport_fastrtps_c.dir/rosidl_typesupport_fastrtps_c/turtlesim/srv/detail/spawn__type_support_c.cpp.o[0m
[11.222s] [35m[1mConsolidate compiler generated dependencies of target turtle_teleop_key[0m
[11.226s] [ 67%] [32mBuilding CXX object CMakeFiles/turtlesim__rosidl_typesupport_fastrtps_c.dir/rosidl_typesupport_fastrtps_c/turtlesim/srv/detail/teleport_absolute__type_support_c.cpp.o[0m
[11.296s] [ 68%] [32mBuilding CXX object CMakeFiles/turtle_teleop_key.dir/tutorials/teleop_turtle_key.cpp.o[0m
[11.302s] [ 69%] [32mBuilding CXX object CMakeFiles/turtlesim__rosidl_typesupport_fastrtps_cpp.dir/rosidl_typesupport_fastrtps_cpp/turtlesim/srv/detail/dds_fastrtps/spawn__type_support.cpp.o[0m
[11.404s] [ 70%] [32mBuilding CXX object CMakeFiles/turtlesim__rosidl_typesupport_fastrtps_cpp.dir/rosidl_typesupport_fastrtps_cpp/turtlesim/srv/detail/dds_fastrtps/teleport_absolute__type_support.cpp.o[0m
[11.583s] [ 71%] [32mBuilding CXX object CMakeFiles/turtlesim__rosidl_typesupport_fastrtps_c.dir/rosidl_typesupport_fastrtps_c/turtlesim/srv/detail/teleport_relative__type_support_c.cpp.o[0m
[12.036s] [35m[1mConsolidate compiler generated dependencies of target draw_square[0m
[12.063s] [ 72%] [32mBuilding CXX object CMakeFiles/turtlesim__rosidl_typesupport_fastrtps_cpp.dir/rosidl_typesupport_fastrtps_cpp/turtlesim/srv/detail/dds_fastrtps/teleport_relative__type_support.cpp.o[0m
[12.091s] [ 73%] [32mBuilding CXX object CMakeFiles/draw_square.dir/tutorials/draw_square.cpp.o[0m
[12.103s] [35m[1mConsolidate compiler generated dependencies of target mimic[0m
[12.105s] [ 74%] [32m[1mLinking CXX shared library libturtlesim__rosidl_typesupport_fastrtps_c.so[0m
[12.116s] [ 75%] [32mBuilding CXX object CMakeFiles/turtlesim_node.dir/src/turtle_frame.cpp.o[0m
[12.156s] [ 76%] [32mBuilding CXX object CMakeFiles/mimic.dir/tutorials/mimic.cpp.o[0m
[12.278s] [ 76%] Built target turtlesim__rosidl_typesupport_fastrtps_c
[12.289s] [ 77%] [32mBuilding CXX object CMakeFiles/turtlesim_node.dir/include/turtlesim/moc_turtle_frame.cpp.o[0m
[12.676s] [ 78%] [32m[1mLinking CXX shared library libturtlesim__rosidl_typesupport_fastrtps_cpp.so[0m
[12.784s] [ 78%] Built target turtlesim__rosidl_typesupport_fastrtps_cpp
[12.806s] [ 78%] Built target turtlesim
[12.830s] [ 79%] [34m[1mGenerating Python code for ROS interfaces[0m
[16.756s] [ 79%] Built target turtlesim__py
[16.815s] [35m[1mConsolidate compiler generated dependencies of target turtlesim__rosidl_generator_py[0m
[16.886s] [ 80%] [32mBuilding C object CMakeFiles/turtlesim__rosidl_generator_py.dir/rosidl_generator_py/turtlesim/action/_rotate_absolute_s.c.o[0m
[17.219s] [ 81%] [32mBuilding C object CMakeFiles/turtlesim__rosidl_generator_py.dir/rosidl_generator_py/turtlesim/msg/_color_s.c.o[0m
[17.572s] [ 82%] [32mBuilding C object CMakeFiles/turtlesim__rosidl_generator_py.dir/rosidl_generator_py/turtlesim/msg/_pose_s.c.o[0m
[17.859s] [ 83%] [32mBuilding C object CMakeFiles/turtlesim__rosidl_generator_py.dir/rosidl_generator_py/turtlesim/srv/_kill_s.c.o[0m
[18.197s] [ 84%] [32mBuilding C object CMakeFiles/turtlesim__rosidl_generator_py.dir/rosidl_generator_py/turtlesim/srv/_set_pen_s.c.o[0m
[18.469s] [ 85%] [32mBuilding C object CMakeFiles/turtlesim__rosidl_generator_py.dir/rosidl_generator_py/turtlesim/srv/_spawn_s.c.o[0m
[18.780s] [ 86%] [32mBuilding C object CMakeFiles/turtlesim__rosidl_generator_py.dir/rosidl_generator_py/turtlesim/srv/_teleport_absolute_s.c.o[0m
[19.087s] [ 87%] [32mBuilding C object CMakeFiles/turtlesim__rosidl_generator_py.dir/rosidl_generator_py/turtlesim/srv/_teleport_relative_s.c.o[0m
[19.246s] [ 88%] [32m[1mLinking C shared library rosidl_generator_py/turtlesim/libturtlesim__rosidl_generator_py.so[0m
[19.296s] [ 88%] Built target turtlesim__rosidl_generator_py
[19.309s] [35m[1mConsolidate compiler generated dependencies of target turtlesim__rosidl_typesupport_introspection_c__pyext[0m
[19.324s] [ 89%] [32mBuilding C object CMakeFiles/turtlesim__rosidl_typesupport_introspection_c__pyext.dir/rosidl_generator_py/turtlesim/_turtlesim_s.ep.rosidl_typesupport_introspection_c.c.o[0m
[19.341s] [35m[1mConsolidate compiler generated dependencies of target turtlesim__rosidl_typesupport_fastrtps_c__pyext[0m
[19.444s] [ 90%] [32mBuilding C object CMakeFiles/turtlesim__rosidl_typesupport_fastrtps_c__pyext.dir/rosidl_generator_py/turtlesim/_turtlesim_s.ep.rosidl_typesupport_fastrtps_c.c.o[0m
[19.538s] [ 91%] [32m[1mLinking C shared library rosidl_generator_py/turtlesim/turtlesim_s__rosidl_typesupport_introspection_c.cpython-310-x86_64-linux-gnu.so[0m
[19.585s] [ 91%] Built target turtlesim__rosidl_typesupport_introspection_c__pyext
[19.598s] [35m[1mConsolidate compiler generated dependencies of target turtlesim__rosidl_typesupport_c__pyext[0m
[19.614s] [ 92%] [32mBuilding C object CMakeFiles/turtlesim__rosidl_typesupport_c__pyext.dir/rosidl_generator_py/turtlesim/_turtlesim_s.ep.rosidl_typesupport_c.c.o[0m
[19.743s] [ 93%] [32m[1mLinking C shared library rosidl_generator_py/turtlesim/turtlesim_s__rosidl_typesupport_fastrtps_c.cpython-310-x86_64-linux-gnu.so[0m
[19.854s] [ 94%] [32m[1mLinking C shared library rosidl_generator_py/turtlesim/turtlesim_s__rosidl_typesupport_c.cpython-310-x86_64-linux-gnu.so[0m
[19.861s] [ 94%] Built target turtlesim__rosidl_typesupport_fastrtps_c__pyext
[19.904s] [ 94%] Built target turtlesim__rosidl_typesupport_c__pyext
[20.811s] [ 95%] [32m[1mLinking CXX executable turtle_teleop_key[0m
[21.035s] [ 95%] Built target turtle_teleop_key
[23.890s] [ 96%] [32m[1mLinking CXX executable mimic[0m
[24.047s] [ 97%] [32m[1mLinking CXX executable draw_square[0m
[24.273s] [ 97%] Built target mimic
[24.445s] [ 97%] Built target draw_square
[26.073s] [ 98%] [32m[1mLinking CXX executable turtlesim_node[0m
[28.173s] [100%] Built target turtlesim_node
[28.185s] Invoked command in '/home/alex/ros2_ws/build/turtlesim' returned '0': CMAKE_PREFIX_PATH=/opt/ros/humble /usr/bin/cmake --build /home/alex/ros2_ws/build/turtlesim -- -j8 -l8
[28.298s] Invoking command in '/home/alex/ros2_ws/build/turtlesim': CMAKE_PREFIX_PATH=/opt/ros/humble /usr/bin/cmake --install /home/alex/ros2_ws/build/turtlesim
[28.303s] -- Install configuration: ""
[28.304s] -- Installing: /home/alex/ros2_ws/install/turtlesim/share/ament_index/resource_index/rosidl_interfaces/turtlesim
[28.304s] -- Installing: /home/alex/ros2_ws/install/turtlesim/include/turtlesim/turtlesim
[28.304s] -- Installing: /home/alex/ros2_ws/install/turtlesim/include/turtlesim/turtlesim/action
[28.304s] -- Installing: /home/alex/ros2_ws/install/turtlesim/include/turtlesim/turtlesim/action/rotate_absolute.h
[28.304s] -- Installing: /home/alex/ros2_ws/install/turtlesim/include/turtlesim/turtlesim/action/detail
[28.304s] -- Installing: /home/alex/ros2_ws/install/turtlesim/include/turtlesim/turtlesim/action/detail/rotate_absolute__type_support.h
[28.304s] -- Installing: /home/alex/ros2_ws/install/turtlesim/include/turtlesim/turtlesim/action/detail/rotate_absolute__functions.c
[28.304s] -- Installing: /home/alex/ros2_ws/install/turtlesim/include/turtlesim/turtlesim/action/detail/rotate_absolute__struct.h
[28.305s] -- Installing: /home/alex/ros2_ws/install/turtlesim/include/turtlesim/turtlesim/action/detail/rotate_absolute__functions.h
[28.305s] -- Installing: /home/alex/ros2_ws/install/turtlesim/include/turtlesim/turtlesim/srv
[28.305s] -- Installing: /home/alex/ros2_ws/install/turtlesim/include/turtlesim/turtlesim/srv/teleport_absolute.h
[28.305s] -- Installing: /home/alex/ros2_ws/install/turtlesim/include/turtlesim/turtlesim/srv/kill.h
[28.305s] -- Installing: /home/alex/ros2_ws/install/turtlesim/include/turtlesim/turtlesim/srv/teleport_relative.h
[28.305s] -- Installing: /home/alex/ros2_ws/install/turtlesim/include/turtlesim/turtlesim/srv/set_pen.h
[28.305s] -- Installing: /home/alex/ros2_ws/install/turtlesim/include/turtlesim/turtlesim/srv/detail
[28.305s] -- Installing: /home/alex/ros2_ws/install/turtlesim/include/turtlesim/turtlesim/srv/detail/set_pen__functions.h
[28.305s] -- Installing: /home/alex/ros2_ws/install/turtlesim/include/turtlesim/turtlesim/srv/detail/kill__functions.c
[28.306s] -- Installing: /home/alex/ros2_ws/install/turtlesim/include/turtlesim/turtlesim/srv/detail/kill__functions.h
[28.306s] -- Installing: /home/alex/ros2_ws/install/turtlesim/include/turtlesim/turtlesim/srv/detail/teleport_relative__struct.h
[28.306s] -- Installing: /home/alex/ros2_ws/install/turtlesim/include/turtlesim/turtlesim/srv/detail/teleport_absolute__functions.h
[28.306s] -- Installing: /home/alex/ros2_ws/install/turtlesim/include/turtlesim/turtlesim/srv/detail/teleport_relative__functions.h
[28.306s] -- Installing: /home/alex/ros2_ws/install/turtlesim/include/turtlesim/turtlesim/srv/detail/spawn__functions.h
[28.306s] -- Installing: /home/alex/ros2_ws/install/turtlesim/include/turtlesim/turtlesim/srv/detail/kill__struct.h
[28.306s] -- Installing: /home/alex/ros2_ws/install/turtlesim/include/turtlesim/turtlesim/srv/detail/teleport_relative__functions.c
[28.306s] -- Installing: /home/alex/ros2_ws/install/turtlesim/include/turtlesim/turtlesim/srv/detail/teleport_absolute__type_support.h
[28.306s] -- Installing: /home/alex/ros2_ws/install/turtlesim/include/turtlesim/turtlesim/srv/detail/teleport_absolute__functions.c
[28.307s] -- Installing: /home/alex/ros2_ws/install/turtlesim/include/turtlesim/turtlesim/srv/detail/teleport_relative__type_support.h
[28.307s] -- Installing: /home/alex/ros2_ws/install/turtlesim/include/turtlesim/turtlesim/srv/detail/set_pen__struct.h
[28.307s] -- Installing: /home/alex/ros2_ws/install/turtlesim/include/turtlesim/turtlesim/srv/detail/spawn__type_support.h
[28.307s] -- Installing: /home/alex/ros2_ws/install/turtlesim/include/turtlesim/turtlesim/srv/detail/spawn__struct.h
[28.307s] -- Installing: /home/alex/ros2_ws/install/turtlesim/include/turtlesim/turtlesim/srv/detail/kill__type_support.h
[28.307s] -- Installing: /home/alex/ros2_ws/install/turtlesim/include/turtlesim/turtlesim/srv/detail/teleport_absolute__struct.h
[28.307s] -- Installing: /home/alex/ros2_ws/install/turtlesim/include/turtlesim/turtlesim/srv/detail/set_pen__functions.c
[28.307s] -- Installing: /home/alex/ros2_ws/install/turtlesim/include/turtlesim/turtlesim/srv/detail/spawn__functions.c
[28.307s] -- Installing: /home/alex/ros2_ws/install/turtlesim/include/turtlesim/turtlesim/srv/detail/set_pen__type_support.h
[28.308s] -- Installing: /home/alex/ros2_ws/install/turtlesim/include/turtlesim/turtlesim/srv/spawn.h
[28.308s] -- Installing: /home/alex/ros2_ws/install/turtlesim/include/turtlesim/turtlesim/msg
[28.308s] -- Installing: /home/alex/ros2_ws/install/turtlesim/include/turtlesim/turtlesim/msg/pose.h
[28.308s] -- Installing: /home/alex/ros2_ws/install/turtlesim/include/turtlesim/turtlesim/msg/detail
[28.308s] -- Installing: /home/alex/ros2_ws/install/turtlesim/include/turtlesim/turtlesim/msg/detail/color__struct.h
[28.308s] -- Installing: /home/alex/ros2_ws/install/turtlesim/include/turtlesim/turtlesim/msg/detail/pose__functions.c
[28.308s] -- Installing: /home/alex/ros2_ws/install/turtlesim/include/turtlesim/turtlesim/msg/detail/color__type_support.h
[28.308s] -- Installing: /home/alex/ros2_ws/install/turtlesim/include/turtlesim/turtlesim/msg/detail/color__functions.h
[28.308s] -- Installing: /home/alex/ros2_ws/install/turtlesim/include/turtlesim/turtlesim/msg/detail/pose__struct.h
[28.308s] -- Installing: /home/alex/ros2_ws/install/turtlesim/include/turtlesim/turtlesim/msg/detail/pose__functions.h
[28.309s] -- Installing: /home/alex/ros2_ws/install/turtlesim/include/turtlesim/turtlesim/msg/detail/pose__type_support.h
[28.309s] -- Installing: /home/alex/ros2_ws/install/turtlesim/include/turtlesim/turtlesim/msg/detail/color__functions.c
[28.309s] -- Installing: /home/alex/ros2_ws/install/turtlesim/include/turtlesim/turtlesim/msg/rosidl_generator_c__visibility_control.h
[28.309s] -- Installing: /home/alex/ros2_ws/install/turtlesim/include/turtlesim/turtlesim/msg/color.h
[28.309s] -- Installing: /home/alex/ros2_ws/install/turtlesim/share/turtlesim/environment/library_path.sh
[28.309s] -- Installing: /home/alex/ros2_ws/install/turtlesim/share/turtlesim/environment/library_path.dsv
[28.309s] -- Installing: /home/alex/ros2_ws/install/turtlesim/lib/libturtlesim__rosidl_generator_c.so
[28.309s] -- Set runtime path of "/home/alex/ros2_ws/install/turtlesim/lib/libturtlesim__rosidl_generator_c.so" to ""
[28.310s] -- Up-to-date: /home/alex/ros2_ws/install/turtlesim/include/turtlesim/turtlesim
[28.310s] -- Up-to-date: /home/alex/ros2_ws/install/turtlesim/include/turtlesim/turtlesim/action
[28.310s] -- Up-to-date: /home/alex/ros2_ws/install/turtlesim/include/turtlesim/turtlesim/action/detail
[28.310s] -- Installing: /home/alex/ros2_ws/install/turtlesim/include/turtlesim/turtlesim/action/detail/rotate_absolute__rosidl_typesupport_fastrtps_c.h
[28.310s] -- Up-to-date: /home/alex/ros2_ws/install/turtlesim/include/turtlesim/turtlesim/srv
[28.310s] -- Up-to-date: /home/alex/ros2_ws/install/turtlesim/include/turtlesim/turtlesim/srv/detail
[28.310s] -- Installing: /home/alex/ros2_ws/install/turtlesim/include/turtlesim/turtlesim/srv/detail/teleport_relative__rosidl_typesupport_fastrtps_c.h
[28.310s] -- Installing: /home/alex/ros2_ws/install/turtlesim/include/turtlesim/turtlesim/srv/detail/kill__rosidl_typesupport_fastrtps_c.h
[28.310s] -- Installing: /home/alex/ros2_ws/install/turtlesim/include/turtlesim/turtlesim/srv/detail/spawn__rosidl_typesupport_fastrtps_c.h
[28.310s] -- Installing: /home/alex/ros2_ws/install/turtlesim/include/turtlesim/turtlesim/srv/detail/set_pen__rosidl_typesupport_fastrtps_c.h
[28.310s] -- Installing: /home/alex/ros2_ws/install/turtlesim/include/turtlesim/turtlesim/srv/detail/teleport_absolute__rosidl_typesupport_fastrtps_c.h
[28.310s] -- Up-to-date: /home/alex/ros2_ws/install/turtlesim/include/turtlesim/turtlesim/msg
[28.311s] -- Up-to-date: /home/alex/ros2_ws/install/turtlesim/include/turtlesim/turtlesim/msg/detail
[28.311s] -- Installing: /home/alex/ros2_ws/install/turtlesim/include/turtlesim/turtlesim/msg/detail/pose__rosidl_typesupport_fastrtps_c.h
[28.311s] -- Installing: /home/alex/ros2_ws/install/turtlesim/include/turtlesim/turtlesim/msg/detail/color__rosidl_typesupport_fastrtps_c.h
[28.311s] -- Installing: /home/alex/ros2_ws/install/turtlesim/include/turtlesim/turtlesim/msg/rosidl_typesupport_fastrtps_c__visibility_control.h
[28.311s] -- Installing: /home/alex/ros2_ws/install/turtlesim/lib/libturtlesim__rosidl_typesupport_fastrtps_c.so
[28.311s] -- Set runtime path of "/home/alex/ros2_ws/install/turtlesim/lib/libturtlesim__rosidl_typesupport_fastrtps_c.so" to ""
[28.311s] -- Up-to-date: /home/alex/ros2_ws/install/turtlesim/include/turtlesim/turtlesim
[28.311s] -- Up-to-date: /home/alex/ros2_ws/install/turtlesim/include/turtlesim/turtlesim/action
[28.311s] -- Installing: /home/alex/ros2_ws/install/turtlesim/include/turtlesim/turtlesim/action/rotate_absolute.hpp
[28.311s] -- Up-to-date: /home/alex/ros2_ws/install/turtlesim/include/turtlesim/turtlesim/action/detail
[28.311s] -- Installing: /home/alex/ros2_ws/install/turtlesim/include/turtlesim/turtlesim/action/detail/rotate_absolute__struct.hpp
[28.311s] -- Installing: /home/alex/ros2_ws/install/turtlesim/include/turtlesim/turtlesim/action/detail/rotate_absolute__traits.hpp
[28.312s] -- Installing: /home/alex/ros2_ws/install/turtlesim/include/turtlesim/turtlesim/action/detail/rotate_absolute__builder.hpp
[28.312s] -- Up-to-date: /home/alex/ros2_ws/install/turtlesim/include/turtlesim/turtlesim/srv
[28.312s] -- Installing: /home/alex/ros2_ws/install/turtlesim/include/turtlesim/turtlesim/srv/kill.hpp
[28.312s] -- Installing: /home/alex/ros2_ws/install/turtlesim/include/turtlesim/turtlesim/srv/spawn.hpp
[28.312s] -- Installing: /home/alex/ros2_ws/install/turtlesim/include/turtlesim/turtlesim/srv/teleport_absolute.hpp
[28.312s] -- Installing: /home/alex/ros2_ws/install/turtlesim/include/turtlesim/turtlesim/srv/teleport_relative.hpp
[28.312s] -- Installing: /home/alex/ros2_ws/install/turtlesim/include/turtlesim/turtlesim/srv/set_pen.hpp
[28.312s] -- Up-to-date: /home/alex/ros2_ws/install/turtlesim/include/turtlesim/turtlesim/srv/detail
[28.312s] -- Installing: /home/alex/ros2_ws/install/turtlesim/include/turtlesim/turtlesim/srv/detail/teleport_absolute__builder.hpp
[28.312s] -- Installing: /home/alex/ros2_ws/install/turtlesim/include/turtlesim/turtlesim/srv/detail/teleport_absolute__traits.hpp
[28.312s] -- Installing: /home/alex/ros2_ws/install/turtlesim/include/turtlesim/turtlesim/srv/detail/kill__traits.hpp
[28.312s] -- Installing: /home/alex/ros2_ws/install/turtlesim/include/turtlesim/turtlesim/srv/detail/teleport_relative__traits.hpp
[28.312s] -- Installing: /home/alex/ros2_ws/install/turtlesim/include/turtlesim/turtlesim/srv/detail/teleport_relative__builder.hpp
[28.312s] -- Installing: /home/alex/ros2_ws/install/turtlesim/include/turtlesim/turtlesim/srv/detail/teleport_relative__struct.hpp
[28.313s] -- Installing: /home/alex/ros2_ws/install/turtlesim/include/turtlesim/turtlesim/srv/detail/kill__struct.hpp
[28.313s] -- Installing: /home/alex/ros2_ws/install/turtlesim/include/turtlesim/turtlesim/srv/detail/teleport_absolute__struct.hpp
[28.313s] -- Installing: /home/alex/ros2_ws/install/turtlesim/include/turtlesim/turtlesim/srv/detail/spawn__traits.hpp
[28.313s] -- Installing: /home/alex/ros2_ws/install/turtlesim/include/turtlesim/turtlesim/srv/detail/kill__builder.hpp
[28.313s] -- Installing: /home/alex/ros2_ws/install/turtlesim/include/turtlesim/turtlesim/srv/detail/spawn__struct.hpp
[28.313s] -- Installing: /home/alex/ros2_ws/install/turtlesim/include/turtlesim/turtlesim/srv/detail/set_pen__builder.hpp
[28.313s] -- Installing: /home/alex/ros2_ws/install/turtlesim/include/turtlesim/turtlesim/srv/detail/set_pen__struct.hpp
[28.313s] -- Installing: /home/alex/ros2_ws/install/turtlesim/include/turtlesim/turtlesim/srv/detail/spawn__builder.hpp
[28.313s] -- Installing: /home/alex/ros2_ws/install/turtlesim/include/turtlesim/turtlesim/srv/detail/set_pen__traits.hpp
[28.313s] -- Up-to-date: /home/alex/ros2_ws/install/turtlesim/include/turtlesim/turtlesim/msg
[28.313s] -- Installing: /home/alex/ros2_ws/install/turtlesim/include/turtlesim/turtlesim/msg/color.hpp
[28.313s] -- Installing: /home/alex/ros2_ws/install/turtlesim/include/turtlesim/turtlesim/msg/pose.hpp
[28.314s] -- Up-to-date: /home/alex/ros2_ws/install/turtlesim/include/turtlesim/turtlesim/msg/detail
[28.314s] -- Installing: /home/alex/ros2_ws/install/turtlesim/include/turtlesim/turtlesim/msg/detail/color__struct.hpp
[28.314s] -- Installing: /home/alex/ros2_ws/install/turtlesim/include/turtlesim/turtlesim/msg/detail/color__builder.hpp
[28.314s] -- Installing: /home/alex/ros2_ws/install/turtlesim/include/turtlesim/turtlesim/msg/detail/color__traits.hpp
[28.314s] -- Installing: /home/alex/ros2_ws/install/turtlesim/include/turtlesim/turtlesim/msg/detail/pose__struct.hpp
[28.314s] -- Installing: /home/alex/ros2_ws/install/turtlesim/include/turtlesim/turtlesim/msg/detail/pose__traits.hpp
[28.314s] -- Installing: /home/alex/ros2_ws/install/turtlesim/include/turtlesim/turtlesim/msg/detail/pose__builder.hpp
[28.314s] -- Up-to-date: /home/alex/ros2_ws/install/turtlesim/include/turtlesim/turtlesim
[28.314s] -- Up-to-date: /home/alex/ros2_ws/install/turtlesim/include/turtlesim/turtlesim/action
[28.314s] -- Up-to-date: /home/alex/ros2_ws/install/turtlesim/include/turtlesim/turtlesim/action/detail
[28.314s] -- Installing: /home/alex/ros2_ws/install/turtlesim/include/turtlesim/turtlesim/action/detail/dds_fastrtps
[28.314s] -- Installing: /home/alex/ros2_ws/install/turtlesim/include/turtlesim/turtlesim/action/detail/rotate_absolute__rosidl_typesupport_fastrtps_cpp.hpp
[28.315s] -- Up-to-date: /home/alex/ros2_ws/install/turtlesim/include/turtlesim/turtlesim/srv
[28.315s] -- Up-to-date: /home/alex/ros2_ws/install/turtlesim/include/turtlesim/turtlesim/srv/detail
[28.315s] -- Installing: /home/alex/ros2_ws/install/turtlesim/include/turtlesim/turtlesim/srv/detail/kill__rosidl_typesupport_fastrtps_cpp.hpp
[28.315s] -- Installing: /home/alex/ros2_ws/install/turtlesim/include/turtlesim/turtlesim/srv/detail/dds_fastrtps
[28.315s] -- Installing: /home/alex/ros2_ws/install/turtlesim/include/turtlesim/turtlesim/srv/detail/teleport_absolute__rosidl_typesupport_fastrtps_cpp.hpp
[28.315s] -- Installing: /home/alex/ros2_ws/install/turtlesim/include/turtlesim/turtlesim/srv/detail/spawn__rosidl_typesupport_fastrtps_cpp.hpp
[28.315s] -- Installing: /home/alex/ros2_ws/install/turtlesim/include/turtlesim/turtlesim/srv/detail/teleport_relative__rosidl_typesupport_fastrtps_cpp.hpp
[28.315s] -- Installing: /home/alex/ros2_ws/install/turtlesim/include/turtlesim/turtlesim/srv/detail/set_pen__rosidl_typesupport_fastrtps_cpp.hpp
[28.315s] -- Up-to-date: /home/alex/ros2_ws/install/turtlesim/include/turtlesim/turtlesim/msg
[28.315s] -- Installing: /home/alex/ros2_ws/install/turtlesim/include/turtlesim/turtlesim/msg/rosidl_typesupport_fastrtps_cpp__visibility_control.h
[28.315s] -- Up-to-date: /home/alex/ros2_ws/install/turtlesim/include/turtlesim/turtlesim/msg/detail
[28.316s] -- Installing: /home/alex/ros2_ws/install/turtlesim/include/turtlesim/turtlesim/msg/detail/dds_fastrtps
[28.316s] -- Installing: /home/alex/ros2_ws/install/turtlesim/include/turtlesim/turtlesim/msg/detail/color__rosidl_typesupport_fastrtps_cpp.hpp
[28.316s] -- Installing: /home/alex/ros2_ws/install/turtlesim/include/turtlesim/turtlesim/msg/detail/pose__rosidl_typesupport_fastrtps_cpp.hpp
[28.316s] -- Installing: /home/alex/ros2_ws/install/turtlesim/lib/libturtlesim__rosidl_typesupport_fastrtps_cpp.so
[28.316s] -- Set runtime path of "/home/alex/ros2_ws/install/turtlesim/lib/libturtlesim__rosidl_typesupport_fastrtps_cpp.so" to ""
[28.316s] -- Up-to-date: /home/alex/ros2_ws/install/turtlesim/include/turtlesim/turtlesim
[28.316s] -- Up-to-date: /home/alex/ros2_ws/install/turtlesim/include/turtlesim/turtlesim/action
[28.316s] -- Up-to-date: /home/alex/ros2_ws/install/turtlesim/include/turtlesim/turtlesim/action/detail
[28.317s] -- Installing: /home/alex/ros2_ws/install/turtlesim/include/turtlesim/turtlesim/action/detail/rotate_absolute__rosidl_typesupport_introspection_c.h
[28.317s] -- Installing: /home/alex/ros2_ws/install/turtlesim/include/turtlesim/turtlesim/action/detail/rotate_absolute__type_support.c
[28.317s] -- Up-to-date: /home/alex/ros2_ws/install/turtlesim/include/turtlesim/turtlesim/srv
[28.317s] -- Up-to-date: /home/alex/ros2_ws/install/turtlesim/include/turtlesim/turtlesim/srv/detail
[28.317s] -- Installing: /home/alex/ros2_ws/install/turtlesim/include/turtlesim/turtlesim/srv/detail/set_pen__rosidl_typesupport_introspection_c.h
[28.317s] -- Installing: /home/alex/ros2_ws/install/turtlesim/include/turtlesim/turtlesim/srv/detail/teleport_relative__type_support.c
[28.317s] -- Installing: /home/alex/ros2_ws/install/turtlesim/include/turtlesim/turtlesim/srv/detail/set_pen__type_support.c
[28.317s] -- Installing: /home/alex/ros2_ws/install/turtlesim/include/turtlesim/turtlesim/srv/detail/kill__rosidl_typesupport_introspection_c.h
[28.317s] -- Installing: /home/alex/ros2_ws/install/turtlesim/include/turtlesim/turtlesim/srv/detail/teleport_absolute__type_support.c
[28.317s] -- Installing: /home/alex/ros2_ws/install/turtlesim/include/turtlesim/turtlesim/srv/detail/spawn__type_support.c
[28.318s] -- Installing: /home/alex/ros2_ws/install/turtlesim/include/turtlesim/turtlesim/srv/detail/teleport_relative__rosidl_typesupport_introspection_c.h
[28.318s] -- Installing: /home/alex/ros2_ws/install/turtlesim/include/turtlesim/turtlesim/srv/detail/kill__type_support.c
[28.318s] -- Installing: /home/alex/ros2_ws/install/turtlesim/include/turtlesim/turtlesim/srv/detail/spawn__rosidl_typesupport_introspection_c.h
[28.318s] -- Installing: /home/alex/ros2_ws/install/turtlesim/include/turtlesim/turtlesim/srv/detail/teleport_absolute__rosidl_typesupport_introspection_c.h
[28.318s] -- Up-to-date: /home/alex/ros2_ws/install/turtlesim/include/turtlesim/turtlesim/msg
[28.318s] -- Installing: /home/alex/ros2_ws/install/turtlesim/include/turtlesim/turtlesim/msg/rosidl_typesupport_introspection_c__visibility_control.h
[28.318s] -- Up-to-date: /home/alex/ros2_ws/install/turtlesim/include/turtlesim/turtlesim/msg/detail
[28.318s] -- Installing: /home/alex/ros2_ws/install/turtlesim/include/turtlesim/turtlesim/msg/detail/color__type_support.c
[28.318s] -- Installing: /home/alex/ros2_ws/install/turtlesim/include/turtlesim/turtlesim/msg/detail/pose__type_support.c
[28.318s] -- Installing: /home/alex/ros2_ws/install/turtlesim/include/turtlesim/turtlesim/msg/detail/pose__rosidl_typesupport_introspection_c.h
[28.318s] -- Installing: /home/alex/ros2_ws/install/turtlesim/include/turtlesim/turtlesim/msg/detail/color__rosidl_typesupport_introspection_c.h
[28.318s] -- Installing: /home/alex/ros2_ws/install/turtlesim/lib/libturtlesim__rosidl_typesupport_introspection_c.so
[28.319s] -- Set runtime path of "/home/alex/ros2_ws/install/turtlesim/lib/libturtlesim__rosidl_typesupport_introspection_c.so" to ""
[28.319s] -- Installing: /home/alex/ros2_ws/install/turtlesim/lib/libturtlesim__rosidl_typesupport_c.so
[28.319s] -- Set runtime path of "/home/alex/ros2_ws/install/turtlesim/lib/libturtlesim__rosidl_typesupport_c.so" to ""
[28.319s] -- Up-to-date: /home/alex/ros2_ws/install/turtlesim/include/turtlesim/turtlesim
[28.319s] -- Up-to-date: /home/alex/ros2_ws/install/turtlesim/include/turtlesim/turtlesim/action
[28.319s] -- Up-to-date: /home/alex/ros2_ws/install/turtlesim/include/turtlesim/turtlesim/action/detail
[28.319s] -- Installing: /home/alex/ros2_ws/install/turtlesim/include/turtlesim/turtlesim/action/detail/rotate_absolute__rosidl_typesupport_introspection_cpp.hpp
[28.319s] -- Installing: /home/alex/ros2_ws/install/turtlesim/include/turtlesim/turtlesim/action/detail/rotate_absolute__type_support.cpp
[28.319s] -- Up-to-date: /home/alex/ros2_ws/install/turtlesim/include/turtlesim/turtlesim/srv
[28.319s] -- Up-to-date: /home/alex/ros2_ws/install/turtlesim/include/turtlesim/turtlesim/srv/detail
[28.319s] -- Installing: /home/alex/ros2_ws/install/turtlesim/include/turtlesim/turtlesim/srv/detail/teleport_relative__type_support.cpp
[28.320s] -- Installing: /home/alex/ros2_ws/install/turtlesim/include/turtlesim/turtlesim/srv/detail/set_pen__rosidl_typesupport_introspection_cpp.hpp
[28.320s] -- Installing: /home/alex/ros2_ws/install/turtlesim/include/turtlesim/turtlesim/srv/detail/kill__type_support.cpp
[28.320s] -- Installing: /home/alex/ros2_ws/install/turtlesim/include/turtlesim/turtlesim/srv/detail/teleport_absolute__type_support.cpp
[28.320s] -- Installing: /home/alex/ros2_ws/install/turtlesim/include/turtlesim/turtlesim/srv/detail/kill__rosidl_typesupport_introspection_cpp.hpp
[28.320s] -- Installing: /home/alex/ros2_ws/install/turtlesim/include/turtlesim/turtlesim/srv/detail/teleport_absolute__rosidl_typesupport_introspection_cpp.hpp
[28.320s] -- Installing: /home/alex/ros2_ws/install/turtlesim/include/turtlesim/turtlesim/srv/detail/spawn__rosidl_typesupport_introspection_cpp.hpp
[28.320s] -- Installing: /home/alex/ros2_ws/install/turtlesim/include/turtlesim/turtlesim/srv/detail/spawn__type_support.cpp
[28.320s] -- Installing: /home/alex/ros2_ws/install/turtlesim/include/turtlesim/turtlesim/srv/detail/set_pen__type_support.cpp
[28.320s] -- Installing: /home/alex/ros2_ws/install/turtlesim/include/turtlesim/turtlesim/srv/detail/teleport_relative__rosidl_typesupport_introspection_cpp.hpp
[28.320s] -- Up-to-date: /home/alex/ros2_ws/install/turtlesim/include/turtlesim/turtlesim/msg
[28.320s] -- Up-to-date: /home/alex/ros2_ws/install/turtlesim/include/turtlesim/turtlesim/msg/detail
[28.320s] -- Installing: /home/alex/ros2_ws/install/turtlesim/include/turtlesim/turtlesim/msg/detail/color__type_support.cpp
[28.320s] -- Installing: /home/alex/ros2_ws/install/turtlesim/include/turtlesim/turtlesim/msg/detail/pose__rosidl_typesupport_introspection_cpp.hpp
[28.321s] -- Installing: /home/alex/ros2_ws/install/turtlesim/include/turtlesim/turtlesim/msg/detail/color__rosidl_typesupport_introspection_cpp.hpp
[28.321s] -- Installing: /home/alex/ros2_ws/install/turtlesim/include/turtlesim/turtlesim/msg/detail/pose__type_support.cpp
[28.321s] -- Installing: /home/alex/ros2_ws/install/turtlesim/lib/libturtlesim__rosidl_typesupport_introspection_cpp.so
[28.321s] -- Set runtime path of "/home/alex/ros2_ws/install/turtlesim/lib/libturtlesim__rosidl_typesupport_introspection_cpp.so" to ""
[28.321s] -- Installing: /home/alex/ros2_ws/install/turtlesim/lib/libturtlesim__rosidl_typesupport_cpp.so
[28.321s] -- Set runtime path of "/home/alex/ros2_ws/install/turtlesim/lib/libturtlesim__rosidl_typesupport_cpp.so" to ""
[28.321s] -- Installing: /home/alex/ros2_ws/install/turtlesim/share/turtlesim/environment/pythonpath.sh
[28.321s] -- Installing: /home/alex/ros2_ws/install/turtlesim/share/turtlesim/environment/pythonpath.dsv
[28.321s] -- Installing: /home/alex/ros2_ws/install/turtlesim/local/lib/python3.10/dist-packages/turtlesim-1.4.2-py3.10.egg-info
[28.321s] -- Installing: /home/alex/ros2_ws/install/turtlesim/local/lib/python3.10/dist-packages/turtlesim-1.4.2-py3.10.egg-info/dependency_links.txt
[28.321s] -- Installing: /home/alex/ros2_ws/install/turtlesim/local/lib/python3.10/dist-packages/turtlesim-1.4.2-py3.10.egg-info/SOURCES.txt
[28.322s] -- Installing: /home/alex/ros2_ws/install/turtlesim/local/lib/python3.10/dist-packages/turtlesim-1.4.2-py3.10.egg-info/top_level.txt
[28.322s] -- Installing: /home/alex/ros2_ws/install/turtlesim/local/lib/python3.10/dist-packages/turtlesim-1.4.2-py3.10.egg-info/PKG-INFO
[28.322s] -- Installing: /home/alex/ros2_ws/install/turtlesim/local/lib/python3.10/dist-packages/turtlesim
[28.322s] -- Installing: /home/alex/ros2_ws/install/turtlesim/local/lib/python3.10/dist-packages/turtlesim/_turtlesim_s.ep.rosidl_typesupport_introspection_c.c
[28.322s] -- Installing: /home/alex/ros2_ws/install/turtlesim/local/lib/python3.10/dist-packages/turtlesim/turtlesim_s__rosidl_typesupport_introspection_c.cpython-310-x86_64-linux-gnu.so
[28.322s] -- Installing: /home/alex/ros2_ws/install/turtlesim/local/lib/python3.10/dist-packages/turtlesim/_turtlesim_s.ep.rosidl_typesupport_fastrtps_c.c
[28.322s] -- Installing: /home/alex/ros2_ws/install/turtlesim/local/lib/python3.10/dist-packages/turtlesim/_turtlesim_s.ep.rosidl_typesupport_c.c
[28.322s] -- Installing: /home/alex/ros2_ws/install/turtlesim/local/lib/python3.10/dist-packages/turtlesim/action
[28.322s] -- Installing: /home/alex/ros2_ws/install/turtlesim/local/lib/python3.10/dist-packages/turtlesim/action/_rotate_absolute_s.c
[28.323s] -- Installing: /home/alex/ros2_ws/install/turtlesim/local/lib/python3.10/dist-packages/turtlesim/action/_rotate_absolute.py
[28.323s] -- Installing: /home/alex/ros2_ws/install/turtlesim/local/lib/python3.10/dist-packages/turtlesim/action/__init__.py
[28.323s] -- Installing: /home/alex/ros2_ws/install/turtlesim/local/lib/python3.10/dist-packages/turtlesim/srv
[28.323s] -- Installing: /home/alex/ros2_ws/install/turtlesim/local/lib/python3.10/dist-packages/turtlesim/srv/_kill_s.c
[28.323s] -- Installing: /home/alex/ros2_ws/install/turtlesim/local/lib/python3.10/dist-packages/turtlesim/srv/_teleport_absolute.py
[28.323s] -- Installing: /home/alex/ros2_ws/install/turtlesim/local/lib/python3.10/dist-packages/turtlesim/srv/_spawn.py
[28.323s] -- Installing: /home/alex/ros2_ws/install/turtlesim/local/lib/python3.10/dist-packages/turtlesim/srv/_spawn_s.c
[28.323s] -- Installing: /home/alex/ros2_ws/install/turtlesim/local/lib/python3.10/dist-packages/turtlesim/srv/_teleport_relative.py
[28.323s] -- Installing: /home/alex/ros2_ws/install/turtlesim/local/lib/python3.10/dist-packages/turtlesim/srv/_teleport_relative_s.c
[28.323s] -- Installing: /home/alex/ros2_ws/install/turtlesim/local/lib/python3.10/dist-packages/turtlesim/srv/_set_pen_s.c
[28.323s] -- Installing: /home/alex/ros2_ws/install/turtlesim/local/lib/python3.10/dist-packages/turtlesim/srv/_set_pen.py
[28.323s] -- Installing: /home/alex/ros2_ws/install/turtlesim/local/lib/python3.10/dist-packages/turtlesim/srv/_kill.py
[28.324s] -- Installing: /home/alex/ros2_ws/install/turtlesim/local/lib/python3.10/dist-packages/turtlesim/srv/_teleport_absolute_s.c
[28.324s] -- Installing: /home/alex/ros2_ws/install/turtlesim/local/lib/python3.10/dist-packages/turtlesim/srv/__init__.py
[28.324s] -- Installing: /home/alex/ros2_ws/install/turtlesim/local/lib/python3.10/dist-packages/turtlesim/turtlesim_s__rosidl_typesupport_c.cpython-310-x86_64-linux-gnu.so
[28.324s] -- Installing: /home/alex/ros2_ws/install/turtlesim/local/lib/python3.10/dist-packages/turtlesim/msg
[28.324s] -- Installing: /home/alex/ros2_ws/install/turtlesim/local/lib/python3.10/dist-packages/turtlesim/msg/_pose_s.c
[28.324s] -- Installing: /home/alex/ros2_ws/install/turtlesim/local/lib/python3.10/dist-packages/turtlesim/msg/_pose.py
[28.324s] -- Installing: /home/alex/ros2_ws/install/turtlesim/local/lib/python3.10/dist-packages/turtlesim/msg/_color_s.c
[28.324s] -- Installing: /home/alex/ros2_ws/install/turtlesim/local/lib/python3.10/dist-packages/turtlesim/msg/_color.py
[28.324s] -- Installing: /home/alex/ros2_ws/install/turtlesim/local/lib/python3.10/dist-packages/turtlesim/msg/__init__.py
[28.324s] -- Installing: /home/alex/ros2_ws/install/turtlesim/local/lib/python3.10/dist-packages/turtlesim/libturtlesim__rosidl_generator_py.so
[28.324s] -- Installing: /home/alex/ros2_ws/install/turtlesim/local/lib/python3.10/dist-packages/turtlesim/turtlesim_s__rosidl_typesupport_fastrtps_c.cpython-310-x86_64-linux-gnu.so
[28.325s] -- Installing: /home/alex/ros2_ws/install/turtlesim/local/lib/python3.10/dist-packages/turtlesim/__init__.py
[28.372s] Listing '/home/alex/ros2_ws/install/turtlesim/local/lib/python3.10/dist-packages/turtlesim'...
[28.372s] Compiling '/home/alex/ros2_ws/install/turtlesim/local/lib/python3.10/dist-packages/turtlesim/__init__.py'...
[28.372s] Listing '/home/alex/ros2_ws/install/turtlesim/local/lib/python3.10/dist-packages/turtlesim/action'...
[28.372s] Compiling '/home/alex/ros2_ws/install/turtlesim/local/lib/python3.10/dist-packages/turtlesim/action/__init__.py'...
[28.372s] Compiling '/home/alex/ros2_ws/install/turtlesim/local/lib/python3.10/dist-packages/turtlesim/action/_rotate_absolute.py'...
[28.372s] Listing '/home/alex/ros2_ws/install/turtlesim/local/lib/python3.10/dist-packages/turtlesim/msg'...
[28.372s] Compiling '/home/alex/ros2_ws/install/turtlesim/local/lib/python3.10/dist-packages/turtlesim/msg/__init__.py'...
[28.372s] Compiling '/home/alex/ros2_ws/install/turtlesim/local/lib/python3.10/dist-packages/turtlesim/msg/_color.py'...
[28.372s] Compiling '/home/alex/ros2_ws/install/turtlesim/local/lib/python3.10/dist-packages/turtlesim/msg/_pose.py'...
[28.372s] Listing '/home/alex/ros2_ws/install/turtlesim/local/lib/python3.10/dist-packages/turtlesim/srv'...
[28.372s] Compiling '/home/alex/ros2_ws/install/turtlesim/local/lib/python3.10/dist-packages/turtlesim/srv/__init__.py'...
[28.372s] Compiling '/home/alex/ros2_ws/install/turtlesim/local/lib/python3.10/dist-packages/turtlesim/srv/_kill.py'...
[28.372s] Compiling '/home/alex/ros2_ws/install/turtlesim/local/lib/python3.10/dist-packages/turtlesim/srv/_set_pen.py'...
[28.372s] Compiling '/home/alex/ros2_ws/install/turtlesim/local/lib/python3.10/dist-packages/turtlesim/srv/_spawn.py'...
[28.372s] Compiling '/home/alex/ros2_ws/install/turtlesim/local/lib/python3.10/dist-packages/turtlesim/srv/_teleport_absolute.py'...
[28.372s] Compiling '/home/alex/ros2_ws/install/turtlesim/local/lib/python3.10/dist-packages/turtlesim/srv/_teleport_relative.py'...
[28.375s] -- Installing: /home/alex/ros2_ws/install/turtlesim/local/lib/python3.10/dist-packages/turtlesim/turtlesim_s__rosidl_typesupport_fastrtps_c.cpython-310-x86_64-linux-gnu.so
[28.376s] -- Set runtime path of "/home/alex/ros2_ws/install/turtlesim/local/lib/python3.10/dist-packages/turtlesim/turtlesim_s__rosidl_typesupport_fastrtps_c.cpython-310-x86_64-linux-gnu.so" to ""
[28.376s] -- Installing: /home/alex/ros2_ws/install/turtlesim/local/lib/python3.10/dist-packages/turtlesim/turtlesim_s__rosidl_typesupport_introspection_c.cpython-310-x86_64-linux-gnu.so
[28.376s] -- Set runtime path of "/home/alex/ros2_ws/install/turtlesim/local/lib/python3.10/dist-packages/turtlesim/turtlesim_s__rosidl_typesupport_introspection_c.cpython-310-x86_64-linux-gnu.so" to ""
[28.376s] -- Installing: /home/alex/ros2_ws/install/turtlesim/local/lib/python3.10/dist-packages/turtlesim/turtlesim_s__rosidl_typesupport_c.cpython-310-x86_64-linux-gnu.so
[28.376s] -- Set runtime path of "/home/alex/ros2_ws/install/turtlesim/local/lib/python3.10/dist-packages/turtlesim/turtlesim_s__rosidl_typesupport_c.cpython-310-x86_64-linux-gnu.so" to ""
[28.377s] -- Installing: /home/alex/ros2_ws/install/turtlesim/lib/libturtlesim__rosidl_generator_py.so
[28.377s] -- Set runtime path of "/home/alex/ros2_ws/install/turtlesim/lib/libturtlesim__rosidl_generator_py.so" to ""
[28.377s] -- Installing: /home/alex/ros2_ws/install/turtlesim/share/turtlesim/action/RotateAbsolute.idl
[28.377s] -- Installing: /home/alex/ros2_ws/install/turtlesim/share/turtlesim/msg/Color.idl
[28.377s] -- Installing: /home/alex/ros2_ws/install/turtlesim/share/turtlesim/msg/Pose.idl
[28.377s] -- Installing: /home/alex/ros2_ws/install/turtlesim/share/turtlesim/srv/Kill.idl
[28.377s] -- Installing: /home/alex/ros2_ws/install/turtlesim/share/turtlesim/srv/SetPen.idl
[28.378s] -- Installing: /home/alex/ros2_ws/install/turtlesim/share/turtlesim/srv/Spawn.idl
[28.378s] -- Installing: /home/alex/ros2_ws/install/turtlesim/share/turtlesim/srv/TeleportAbsolute.idl
[28.378s] -- Installing: /home/alex/ros2_ws/install/turtlesim/share/turtlesim/srv/TeleportRelative.idl
[28.378s] -- Installing: /home/alex/ros2_ws/install/turtlesim/share/turtlesim/action/RotateAbsolute.action
[28.378s] -- Installing: /home/alex/ros2_ws/install/turtlesim/share/turtlesim/msg/Color.msg
[28.378s] -- Installing: /home/alex/ros2_ws/install/turtlesim/share/turtlesim/msg/Pose.msg
[28.378s] -- Installing: /home/alex/ros2_ws/install/turtlesim/share/turtlesim/srv/Kill.srv
[28.378s] -- Installing: /home/alex/ros2_ws/install/turtlesim/share/turtlesim/srv/Kill_Request.msg
[28.379s] -- Installing: /home/alex/ros2_ws/install/turtlesim/share/turtlesim/srv/Kill_Response.msg
[28.379s] -- Installing: /home/alex/ros2_ws/install/turtlesim/share/turtlesim/srv/SetPen.srv
[28.379s] -- Installing: /home/alex/ros2_ws/install/turtlesim/share/turtlesim/srv/SetPen_Request.msg
[28.379s] -- Installing: /home/alex/ros2_ws/install/turtlesim/share/turtlesim/srv/SetPen_Response.msg
[28.379s] -- Installing: /home/alex/ros2_ws/install/turtlesim/share/turtlesim/srv/Spawn.srv
[28.379s] -- Installing: /home/alex/ros2_ws/install/turtlesim/share/turtlesim/srv/Spawn_Request.msg
[28.379s] -- Installing: /home/alex/ros2_ws/install/turtlesim/share/turtlesim/srv/Spawn_Response.msg
[28.379s] -- Installing: /home/alex/ros2_ws/install/turtlesim/share/turtlesim/srv/TeleportAbsolute.srv
[28.379s] -- Installing: /home/alex/ros2_ws/install/turtlesim/share/turtlesim/srv/TeleportAbsolute_Request.msg
[28.380s] -- Installing: /home/alex/ros2_ws/install/turtlesim/share/turtlesim/srv/TeleportAbsolute_Response.msg
[28.380s] -- Installing: /home/alex/ros2_ws/install/turtlesim/share/turtlesim/srv/TeleportRelative.srv
[28.380s] -- Installing: /home/alex/ros2_ws/install/turtlesim/share/turtlesim/srv/TeleportRelative_Request.msg
[28.380s] -- Installing: /home/alex/ros2_ws/install/turtlesim/share/turtlesim/srv/TeleportRelative_Response.msg
[28.380s] -- Installing: /home/alex/ros2_ws/install/turtlesim/lib/turtlesim/turtlesim_node
[28.385s] -- Set runtime path of "/home/alex/ros2_ws/install/turtlesim/lib/turtlesim/turtlesim_node" to ""
[28.385s] -- Installing: /home/alex/ros2_ws/install/turtlesim/lib/turtlesim/turtle_teleop_key
[28.386s] -- Set runtime path of "/home/alex/ros2_ws/install/turtlesim/lib/turtlesim/turtle_teleop_key" to ""
[28.386s] -- Installing: /home/alex/ros2_ws/install/turtlesim/lib/turtlesim/draw_square
[28.389s] -- Set runtime path of "/home/alex/ros2_ws/install/turtlesim/lib/turtlesim/draw_square" to ""
[28.389s] -- Installing: /home/alex/ros2_ws/install/turtlesim/lib/turtlesim/mimic
[28.391s] -- Set runtime path of "/home/alex/ros2_ws/install/turtlesim/lib/turtlesim/mimic" to ""
[28.391s] -- Installing: /home/alex/ros2_ws/install/turtlesim/share/turtlesim/images
[28.391s] -- Installing: /home/alex/ros2_ws/install/turtlesim/share/turtlesim/images/rolling.png
[28.391s] -- Installing: /home/alex/ros2_ws/install/turtlesim/share/turtlesim/images/dashing.png
[28.392s] -- Installing: /home/alex/ros2_ws/install/turtlesim/share/turtlesim/images/foxy.png
[28.392s] -- Installing: /home/alex/ros2_ws/install/turtlesim/share/turtlesim/images/eloquent.png
[28.392s] -- Installing: /home/alex/ros2_ws/install/turtlesim/share/turtlesim/images/humble.png
[28.392s] -- Installing: /home/alex/ros2_ws/install/turtlesim/share/turtlesim/images/crystal.png
[28.392s] -- Installing: /home/alex/ros2_ws/install/turtlesim/share/turtlesim/images/bouncy.png
[28.392s] -- Installing: /home/alex/ros2_ws/install/turtlesim/share/turtlesim/images/ardent.png
[28.392s] -- Installing: /home/alex/ros2_ws/install/turtlesim/share/turtlesim/images/galactic.png
[28.392s] -- Installing: /home/alex/ros2_ws/install/turtlesim/share/turtlesim/launch
[28.392s] -- Installing: /home/alex/ros2_ws/install/turtlesim/share/turtlesim/launch/multisim.launch.py
[28.392s] -- Installing: /home/alex/ros2_ws/install/turtlesim/share/ament_index/resource_index/package_run_dependencies/turtlesim
[28.393s] -- Installing: /home/alex/ros2_ws/install/turtlesim/share/ament_index/resource_index/parent_prefix_path/turtlesim
[28.393s] -- Installing: /home/alex/ros2_ws/install/turtlesim/share/turtlesim/environment/ament_prefix_path.sh
[28.393s] -- Installing: /home/alex/ros2_ws/install/turtlesim/share/turtlesim/environment/ament_prefix_path.dsv
[28.393s] -- Installing: /home/alex/ros2_ws/install/turtlesim/share/turtlesim/environment/path.sh
[28.393s] -- Installing: /home/alex/ros2_ws/install/turtlesim/share/turtlesim/environment/path.dsv
[28.393s] -- Installing: /home/alex/ros2_ws/install/turtlesim/share/turtlesim/local_setup.bash
[28.393s] -- Installing: /home/alex/ros2_ws/install/turtlesim/share/turtlesim/local_setup.sh
[28.393s] -- Installing: /home/alex/ros2_ws/install/turtlesim/share/turtlesim/local_setup.zsh
[28.394s] -- Installing: /home/alex/ros2_ws/install/turtlesim/share/turtlesim/local_setup.dsv
[28.394s] -- Installing: /home/alex/ros2_ws/install/turtlesim/share/turtlesim/package.dsv
[28.394s] -- Installing: /home/alex/ros2_ws/install/turtlesim/share/ament_index/resource_index/packages/turtlesim
[28.394s] -- Installing: /home/alex/ros2_ws/install/turtlesim/share/turtlesim/cmake/export_turtlesim__rosidl_generator_cExport.cmake
[28.394s] -- Installing: /home/alex/ros2_ws/install/turtlesim/share/turtlesim/cmake/export_turtlesim__rosidl_generator_cExport-noconfig.cmake
[28.394s] -- Installing: /home/alex/ros2_ws/install/turtlesim/share/turtlesim/cmake/export_turtlesim__rosidl_typesupport_fastrtps_cExport.cmake
[28.394s] -- Installing: /home/alex/ros2_ws/install/turtlesim/share/turtlesim/cmake/export_turtlesim__rosidl_typesupport_fastrtps_cExport-noconfig.cmake
[28.394s] -- Installing: /home/alex/ros2_ws/install/turtlesim/share/turtlesim/cmake/export_turtlesim__rosidl_generator_cppExport.cmake
[28.395s] -- Installing: /home/alex/ros2_ws/install/turtlesim/share/turtlesim/cmake/export_turtlesim__rosidl_typesupport_fastrtps_cppExport.cmake
[28.395s] -- Installing: /home/alex/ros2_ws/install/turtlesim/share/turtlesim/cmake/export_turtlesim__rosidl_typesupport_fastrtps_cppExport-noconfig.cmake
[28.395s] -- Installing: /home/alex/ros2_ws/install/turtlesim/share/turtlesim/cmake/turtlesim__rosidl_typesupport_introspection_cExport.cmake
[28.395s] -- Installing: /home/alex/ros2_ws/install/turtlesim/share/turtlesim/cmake/turtlesim__rosidl_typesupport_introspection_cExport-noconfig.cmake
[28.395s] -- Installing: /home/alex/ros2_ws/install/turtlesim/share/turtlesim/cmake/turtlesim__rosidl_typesupport_cExport.cmake
[28.395s] -- Installing: /home/alex/ros2_ws/install/turtlesim/share/turtlesim/cmake/turtlesim__rosidl_typesupport_cExport-noconfig.cmake
[28.395s] -- Installing: /home/alex/ros2_ws/install/turtlesim/share/turtlesim/cmake/turtlesim__rosidl_typesupport_introspection_cppExport.cmake
[28.396s] -- Installing: /home/alex/ros2_ws/install/turtlesim/share/turtlesim/cmake/turtlesim__rosidl_typesupport_introspection_cppExport-noconfig.cmake
[28.396s] -- Installing: /home/alex/ros2_ws/install/turtlesim/share/turtlesim/cmake/turtlesim__rosidl_typesupport_cppExport.cmake
[28.396s] -- Installing: /home/alex/ros2_ws/install/turtlesim/share/turtlesim/cmake/turtlesim__rosidl_typesupport_cppExport-noconfig.cmake
[28.396s] -- Installing: /home/alex/ros2_ws/install/turtlesim/share/turtlesim/cmake/export_turtlesim__rosidl_generator_pyExport.cmake
[28.396s] -- Installing: /home/alex/ros2_ws/install/turtlesim/share/turtlesim/cmake/export_turtlesim__rosidl_generator_pyExport-noconfig.cmake
[28.396s] -- Installing: /home/alex/ros2_ws/install/turtlesim/share/turtlesim/cmake/rosidl_cmake-extras.cmake
[28.396s] -- Installing: /home/alex/ros2_ws/install/turtlesim/share/turtlesim/cmake/ament_cmake_export_dependencies-extras.cmake
[28.396s] -- Installing: /home/alex/ros2_ws/install/turtlesim/share/turtlesim/cmake/ament_cmake_export_include_directories-extras.cmake
[28.397s] -- Installing: /home/alex/ros2_ws/install/turtlesim/share/turtlesim/cmake/ament_cmake_export_libraries-extras.cmake
[28.397s] -- Installing: /home/alex/ros2_ws/install/turtlesim/share/turtlesim/cmake/ament_cmake_export_targets-extras.cmake
[28.397s] -- Installing: /home/alex/ros2_ws/install/turtlesim/share/turtlesim/cmake/rosidl_cmake_export_typesupport_targets-extras.cmake
[28.397s] -- Installing: /home/alex/ros2_ws/install/turtlesim/share/turtlesim/cmake/rosidl_cmake_export_typesupport_libraries-extras.cmake
[28.397s] -- Installing: /home/alex/ros2_ws/install/turtlesim/share/turtlesim/cmake/turtlesimConfig.cmake
[28.397s] -- Installing: /home/alex/ros2_ws/install/turtlesim/share/turtlesim/cmake/turtlesimConfig-version.cmake
[28.397s] -- Installing: /home/alex/ros2_ws/install/turtlesim/share/turtlesim/package.xml
[28.399s] Invoked command in '/home/alex/ros2_ws/build/turtlesim' returned '0': CMAKE_PREFIX_PATH=/opt/ros/humble /usr/bin/cmake --install /home/alex/ros2_ws/build/turtlesim
