running egg_info
writing ../../../build/webots_ros2_turtlebot/webots_ros2_turtlebot.egg-info/PKG-INFO
writing dependency_links to ../../../build/webots_ros2_turtlebot/webots_ros2_turtlebot.egg-info/dependency_links.txt
writing entry points to ../../../build/webots_ros2_turtlebot/webots_ros2_turtlebot.egg-info/entry_points.txt
writing requirements to ../../../build/webots_ros2_turtlebot/webots_ros2_turtlebot.egg-info/requires.txt
writing top-level names to ../../../build/webots_ros2_turtlebot/webots_ros2_turtlebot.egg-info/top_level.txt
reading manifest file '../../../build/webots_ros2_turtlebot/webots_ros2_turtlebot.egg-info/SOURCES.txt'
writing manifest file '../../../build/webots_ros2_turtlebot/webots_ros2_turtlebot.egg-info/SOURCES.txt'
running build
running build_py
copying webots_ros2_turtlebot/plugin_example.py -> /home/alex/ros2_ws/build/webots_ros2_turtlebot/build/lib/webots_ros2_turtlebot
copying webots_ros2_turtlebot/__init__.py -> /home/alex/ros2_ws/build/webots_ros2_turtlebot/build/lib/webots_ros2_turtlebot
running install
running install_lib
copying /home/alex/ros2_ws/build/webots_ros2_turtlebot/build/lib/webots_ros2_turtlebot/plugin_example.py -> /home/alex/ros2_ws/install/webots_ros2_turtlebot/lib/python3.10/site-packages/webots_ros2_turtlebot
copying /home/alex/ros2_ws/build/webots_ros2_turtlebot/build/lib/webots_ros2_turtlebot/__init__.py -> /home/alex/ros2_ws/install/webots_ros2_turtlebot/lib/python3.10/site-packages/webots_ros2_turtlebot
byte-compiling /home/alex/ros2_ws/install/webots_ros2_turtlebot/lib/python3.10/site-packages/webots_ros2_turtlebot/plugin_example.py to plugin_example.cpython-310.pyc
byte-compiling /home/alex/ros2_ws/install/webots_ros2_turtlebot/lib/python3.10/site-packages/webots_ros2_turtlebot/__init__.py to __init__.cpython-310.pyc
running install_data
copying resource/webots_ros2_turtlebot -> /home/alex/ros2_ws/install/webots_ros2_turtlebot/share/ament_index/resource_index/packages
copying launch/robot_launch.py -> /home/alex/ros2_ws/install/webots_ros2_turtlebot/share/webots_ros2_turtlebot/launch
copying resource/turtlebot3_burger_example_map.pgm -> /home/alex/ros2_ws/install/webots_ros2_turtlebot/share/webots_ros2_turtlebot/resource
copying resource/turtlebot3_burger_example_map.yaml -> /home/alex/ros2_ws/install/webots_ros2_turtlebot/share/webots_ros2_turtlebot/resource
copying resource/turtlebot_webots.urdf -> /home/alex/ros2_ws/install/webots_ros2_turtlebot/share/webots_ros2_turtlebot/resource
copying resource/ros2control.yml -> /home/alex/ros2_ws/install/webots_ros2_turtlebot/share/webots_ros2_turtlebot/resource
copying resource/nav2_params.yaml -> /home/alex/ros2_ws/install/webots_ros2_turtlebot/share/webots_ros2_turtlebot/resource
copying worlds/turtlebot3_burger_example.wbt -> /home/alex/ros2_ws/install/webots_ros2_turtlebot/share/webots_ros2_turtlebot/worlds
copying worlds/.turtlebot3_burger_example.wbproj -> /home/alex/ros2_ws/install/webots_ros2_turtlebot/share/webots_ros2_turtlebot/worlds
copying package.xml -> /home/alex/ros2_ws/install/webots_ros2_turtlebot/share/webots_ros2_turtlebot
running install_egg_info
removing '/home/alex/ros2_ws/install/webots_ros2_turtlebot/lib/python3.10/site-packages/webots_ros2_turtlebot-2023.1.1-py3.10.egg-info' (and everything under it)
Copying ../../../build/webots_ros2_turtlebot/webots_ros2_turtlebot.egg-info to /home/alex/ros2_ws/install/webots_ros2_turtlebot/lib/python3.10/site-packages/webots_ros2_turtlebot-2023.1.1-py3.10.egg-info
running install_scripts
writing list of installed files to '/home/alex/ros2_ws/build/webots_ros2_turtlebot/install.log'
