[2.241s] Invoking command in '/home/alex/ros2_ws/src/webots_ros2/webots_ros2_turtlebot': AMENT_PREFIX_PATH=/home/alex/ros2_ws/install/webots_ros2_importer:/home/alex/ros2_ws/install/webots_ros2:/home/alex/ros2_ws/install/webots_ros2_universal_robot:/home/alex/ros2_ws/install/webots_ros2_turtlebot:/home/alex/ros2_ws/install/webots_ros2_tiago:/home/alex/ros2_ws/install/webots_ros2_tests:/home/alex/ros2_ws/install/webots_ros2_tesla:/home/alex/ros2_ws/install/webots_ros2_mavic:/home/alex/ros2_ws/install/webots_ros2_epuck:/home/alex/ros2_ws/install/webots_ros2_control:/home/alex/ros2_ws/install/webots_ros2_driver:/home/alex/ros2_ws/install/webots_ros2_msgs:/home/alex/ros2_ws/install/turtlesim:/home/alex/ros2_ws/install/my_py_pkg:/home/alex/ros2_ws/install/my_robot_interfaces:/home/alex/ros2_ws/install/my_cpp_pkg:/home/alex/rmf_ws/install/rmf_demos_gz_classic:/home/alex/rmf_ws/install/rmf_demos_gz:/home/alex/rmf_ws/install/rmf_demos:/home/alex/rmf_ws/install/rmf_demos_tasks:/home/alex/rmf_ws/install/rmf_demos_panel:/home/alex/rmf_ws/install/rmf_demos_maps:/home/alex/rmf_ws/install/rmf_demos_fleet_adapter:/home/alex/rmf_ws/install/rmf_demos_dashboard_resources:/home/alex/rmf_ws/install/rmf_demos_bridges:/home/alex/rmf_ws/install/rmf_demos_assets:/opt/ros/humble PYTHONPATH=/home/alex/ros2_ws/build/webots_ros2_turtlebot/prefix_override:/home/alex/ros2_ws/install/webots_ros2_turtlebot/lib/python3.10/site-packages:/home/alex/ros2_ws/install/webots_ros2_importer/lib/python3.10/site-packages:/home/alex/ros2_ws/install/webots_ros2/lib/python3.10/site-packages:/home/alex/ros2_ws/install/webots_ros2_universal_robot/lib/python3.10/site-packages:/home/alex/ros2_ws/install/webots_ros2_turtlebot/lib/python3.10/site-packages:/home/alex/ros2_ws/install/webots_ros2_tiago/lib/python3.10/site-packages:/home/alex/ros2_ws/install/webots_ros2_tests/lib/python3.10/site-packages:/home/alex/ros2_ws/install/webots_ros2_tesla/lib/python3.10/site-packages:/home/alex/ros2_ws/install/webots_ros2_mavic/lib/python3.10/site-packages:/home/alex/ros2_ws/install/webots_ros2_epuck/lib/python3.10/site-packages:/home/alex/ros2_ws/install/webots_ros2_driver/local/lib/python3.10/dist-packages:/home/alex/ros2_ws/install/webots_ros2_msgs/local/lib/python3.10/dist-packages:/home/alex/ros2_ws/install/turtlesim/local/lib/python3.10/dist-packages:/home/alex/ros2_ws/install/my_py_pkg/lib/python3.10/site-packages:/home/alex/ros2_ws/install/my_robot_interfaces/local/lib/python3.10/dist-packages:/home/alex/rmf_ws/install/rmf_demos_tasks/lib/python3.10/site-packages:/home/alex/rmf_ws/install/rmf_demos_panel/lib/python3.10/site-packages:/home/alex/rmf_ws/install/rmf_demos_fleet_adapter/lib/python3.10/site-packages:/home/alex/rmf_ws/install/rmf_demos_bridges/lib/python3.10/site-packages:/opt/ros/humble/lib/python/site-packages:/opt/ros/humble/lib/python3.10/site-packages:/opt/ros/humble/local/lib/python3.10/dist-packages /usr/bin/python3 setup.py egg_info --egg-base ../../../build/webots_ros2_turtlebot build --build-base /home/alex/ros2_ws/build/webots_ros2_turtlebot/build install --record /home/alex/ros2_ws/build/webots_ros2_turtlebot/install.log --single-version-externally-managed
[2.653s] running egg_info
[2.654s] writing ../../../build/webots_ros2_turtlebot/webots_ros2_turtlebot.egg-info/PKG-INFO
[2.655s] writing dependency_links to ../../../build/webots_ros2_turtlebot/webots_ros2_turtlebot.egg-info/dependency_links.txt
[2.655s] writing entry points to ../../../build/webots_ros2_turtlebot/webots_ros2_turtlebot.egg-info/entry_points.txt
[2.656s] writing requirements to ../../../build/webots_ros2_turtlebot/webots_ros2_turtlebot.egg-info/requires.txt
[2.656s] writing top-level names to ../../../build/webots_ros2_turtlebot/webots_ros2_turtlebot.egg-info/top_level.txt
[2.658s] reading manifest file '../../../build/webots_ros2_turtlebot/webots_ros2_turtlebot.egg-info/SOURCES.txt'
[2.660s] writing manifest file '../../../build/webots_ros2_turtlebot/webots_ros2_turtlebot.egg-info/SOURCES.txt'
[2.660s] running build
[2.661s] running build_py
[2.661s] copying webots_ros2_turtlebot/plugin_example.py -> /home/alex/ros2_ws/build/webots_ros2_turtlebot/build/lib/webots_ros2_turtlebot
[2.662s] copying webots_ros2_turtlebot/__init__.py -> /home/alex/ros2_ws/build/webots_ros2_turtlebot/build/lib/webots_ros2_turtlebot
[2.663s] running install
[2.664s] running install_lib
[2.666s] copying /home/alex/ros2_ws/build/webots_ros2_turtlebot/build/lib/webots_ros2_turtlebot/plugin_example.py -> /home/alex/ros2_ws/install/webots_ros2_turtlebot/lib/python3.10/site-packages/webots_ros2_turtlebot
[2.666s] copying /home/alex/ros2_ws/build/webots_ros2_turtlebot/build/lib/webots_ros2_turtlebot/__init__.py -> /home/alex/ros2_ws/install/webots_ros2_turtlebot/lib/python3.10/site-packages/webots_ros2_turtlebot
[2.666s] byte-compiling /home/alex/ros2_ws/install/webots_ros2_turtlebot/lib/python3.10/site-packages/webots_ros2_turtlebot/plugin_example.py to plugin_example.cpython-310.pyc
[2.667s] byte-compiling /home/alex/ros2_ws/install/webots_ros2_turtlebot/lib/python3.10/site-packages/webots_ros2_turtlebot/__init__.py to __init__.cpython-310.pyc
[2.667s] running install_data
[2.668s] copying resource/webots_ros2_turtlebot -> /home/alex/ros2_ws/install/webots_ros2_turtlebot/share/ament_index/resource_index/packages
[2.668s] copying launch/robot_launch.py -> /home/alex/ros2_ws/install/webots_ros2_turtlebot/share/webots_ros2_turtlebot/launch
[2.668s] copying resource/turtlebot3_burger_example_map.pgm -> /home/alex/ros2_ws/install/webots_ros2_turtlebot/share/webots_ros2_turtlebot/resource
[2.668s] copying resource/turtlebot3_burger_example_map.yaml -> /home/alex/ros2_ws/install/webots_ros2_turtlebot/share/webots_ros2_turtlebot/resource
[2.669s] copying resource/turtlebot_webots.urdf -> /home/alex/ros2_ws/install/webots_ros2_turtlebot/share/webots_ros2_turtlebot/resource
[2.669s] copying resource/ros2control.yml -> /home/alex/ros2_ws/install/webots_ros2_turtlebot/share/webots_ros2_turtlebot/resource
[2.669s] copying resource/nav2_params.yaml -> /home/alex/ros2_ws/install/webots_ros2_turtlebot/share/webots_ros2_turtlebot/resource
[2.669s] copying worlds/turtlebot3_burger_example.wbt -> /home/alex/ros2_ws/install/webots_ros2_turtlebot/share/webots_ros2_turtlebot/worlds
[2.669s] copying worlds/.turtlebot3_burger_example.wbproj -> /home/alex/ros2_ws/install/webots_ros2_turtlebot/share/webots_ros2_turtlebot/worlds
[2.669s] copying package.xml -> /home/alex/ros2_ws/install/webots_ros2_turtlebot/share/webots_ros2_turtlebot
[2.670s] running install_egg_info
[2.674s] removing '/home/alex/ros2_ws/install/webots_ros2_turtlebot/lib/python3.10/site-packages/webots_ros2_turtlebot-2023.1.1-py3.10.egg-info' (and everything under it)
[2.674s] Copying ../../../build/webots_ros2_turtlebot/webots_ros2_turtlebot.egg-info to /home/alex/ros2_ws/install/webots_ros2_turtlebot/lib/python3.10/site-packages/webots_ros2_turtlebot-2023.1.1-py3.10.egg-info
[2.675s] running install_scripts
[2.704s] writing list of installed files to '/home/alex/ros2_ws/build/webots_ros2_turtlebot/install.log'
[2.830s] Invoked command in '/home/alex/ros2_ws/src/webots_ros2/webots_ros2_turtlebot' returned '0': AMENT_PREFIX_PATH=/home/alex/ros2_ws/install/webots_ros2_importer:/home/alex/ros2_ws/install/webots_ros2:/home/alex/ros2_ws/install/webots_ros2_universal_robot:/home/alex/ros2_ws/install/webots_ros2_turtlebot:/home/alex/ros2_ws/install/webots_ros2_tiago:/home/alex/ros2_ws/install/webots_ros2_tests:/home/alex/ros2_ws/install/webots_ros2_tesla:/home/alex/ros2_ws/install/webots_ros2_mavic:/home/alex/ros2_ws/install/webots_ros2_epuck:/home/alex/ros2_ws/install/webots_ros2_control:/home/alex/ros2_ws/install/webots_ros2_driver:/home/alex/ros2_ws/install/webots_ros2_msgs:/home/alex/ros2_ws/install/turtlesim:/home/alex/ros2_ws/install/my_py_pkg:/home/alex/ros2_ws/install/my_robot_interfaces:/home/alex/ros2_ws/install/my_cpp_pkg:/home/alex/rmf_ws/install/rmf_demos_gz_classic:/home/alex/rmf_ws/install/rmf_demos_gz:/home/alex/rmf_ws/install/rmf_demos:/home/alex/rmf_ws/install/rmf_demos_tasks:/home/alex/rmf_ws/install/rmf_demos_panel:/home/alex/rmf_ws/install/rmf_demos_maps:/home/alex/rmf_ws/install/rmf_demos_fleet_adapter:/home/alex/rmf_ws/install/rmf_demos_dashboard_resources:/home/alex/rmf_ws/install/rmf_demos_bridges:/home/alex/rmf_ws/install/rmf_demos_assets:/opt/ros/humble PYTHONPATH=/home/alex/ros2_ws/build/webots_ros2_turtlebot/prefix_override:/home/alex/ros2_ws/install/webots_ros2_turtlebot/lib/python3.10/site-packages:/home/alex/ros2_ws/install/webots_ros2_importer/lib/python3.10/site-packages:/home/alex/ros2_ws/install/webots_ros2/lib/python3.10/site-packages:/home/alex/ros2_ws/install/webots_ros2_universal_robot/lib/python3.10/site-packages:/home/alex/ros2_ws/install/webots_ros2_turtlebot/lib/python3.10/site-packages:/home/alex/ros2_ws/install/webots_ros2_tiago/lib/python3.10/site-packages:/home/alex/ros2_ws/install/webots_ros2_tests/lib/python3.10/site-packages:/home/alex/ros2_ws/install/webots_ros2_tesla/lib/python3.10/site-packages:/home/alex/ros2_ws/install/webots_ros2_mavic/lib/python3.10/site-packages:/home/alex/ros2_ws/install/webots_ros2_epuck/lib/python3.10/site-packages:/home/alex/ros2_ws/install/webots_ros2_driver/local/lib/python3.10/dist-packages:/home/alex/ros2_ws/install/webots_ros2_msgs/local/lib/python3.10/dist-packages:/home/alex/ros2_ws/install/turtlesim/local/lib/python3.10/dist-packages:/home/alex/ros2_ws/install/my_py_pkg/lib/python3.10/site-packages:/home/alex/ros2_ws/install/my_robot_interfaces/local/lib/python3.10/dist-packages:/home/alex/rmf_ws/install/rmf_demos_tasks/lib/python3.10/site-packages:/home/alex/rmf_ws/install/rmf_demos_panel/lib/python3.10/site-packages:/home/alex/rmf_ws/install/rmf_demos_fleet_adapter/lib/python3.10/site-packages:/home/alex/rmf_ws/install/rmf_demos_bridges/lib/python3.10/site-packages:/opt/ros/humble/lib/python/site-packages:/opt/ros/humble/lib/python3.10/site-packages:/opt/ros/humble/local/lib/python3.10/dist-packages /usr/bin/python3 setup.py egg_info --egg-base ../../../build/webots_ros2_turtlebot build --build-base /home/alex/ros2_ws/build/webots_ros2_turtlebot/build install --record /home/alex/ros2_ws/build/webots_ros2_turtlebot/install.log --single-version-externally-managed
