[0.351s] Invoking command in '/home/alex/ros2_ws/build/turtlesim': CMAKE_PREFIX_PATH=${CMAKE_PREFIX_PATH}:/home/alex/ros2_ws/install/my_py_pkg:/opt/ros/humble /usr/bin/cmake /home/alex/ros2_ws/src/ros_tutorials/turtlesim -DCMAKE_INSTALL_PREFIX=/home/alex/ros2_ws/install/turtlesim
[0.480s] -- The C compiler identification is GNU 11.4.0
[0.904s] -- The CXX compiler identification is GNU 11.4.0
[1.243s] -- Detecting C compiler ABI info
[1.360s] -- Detecting C compiler ABI info - done
[1.366s] -- Check for working C compiler: /usr/bin/cc - skipped
[1.367s] -- Detecting C compile features
[1.367s] -- Detecting C compile features - done
[1.370s] -- Detecting CXX compiler ABI info
[1.498s] -- Detecting CXX compiler ABI info - done
[1.506s] -- Check for working CXX compiler: /usr/bin/c++ - skipped
[1.506s] -- Detecting CXX compile features
[1.506s] -- Detecting CXX compile features - done
[1.508s] -- Found ament_cmake: 1.3.5 (/opt/ros/humble/share/ament_cmake/cmake)
[1.643s] -- Found Python3: /usr/bin/python3.10 (found version "3.10.12") found components: Interpreter 
[1.711s] -- Found ament_index_cpp: 1.4.0 (/opt/ros/humble/share/ament_index_cpp/cmake)
[1.712s] -- Found geometry_msgs: 4.2.3 (/opt/ros/humble/share/geometry_msgs/cmake)
[1.842s] -- Found rosidl_generator_c: 3.1.5 (/opt/ros/humble/share/rosidl_generator_c/cmake)
[1.846s] -- Found rosidl_adapter: 3.1.5 (/opt/ros/humble/share/rosidl_adapter/cmake)
[1.852s] -- Found rosidl_generator_cpp: 3.1.5 (/opt/ros/humble/share/rosidl_generator_cpp/cmake)
[1.863s] -- Using all available rosidl_typesupport_c: rosidl_typesupport_fastrtps_c;rosidl_typesupport_introspection_c
[1.882s] -- Using all available rosidl_typesupport_cpp: rosidl_typesupport_fastrtps_cpp;rosidl_typesupport_introspection_cpp
[2.069s] -- Found rclcpp: 16.0.6 (/opt/ros/humble/share/rclcpp/cmake)
[2.117s] -- Found rmw_implementation_cmake: 6.1.1 (/opt/ros/humble/share/rmw_implementation_cmake/cmake)
[2.119s] -- Found rmw_fastrtps_cpp: 6.2.4 (/opt/ros/humble/share/rmw_fastrtps_cpp/cmake)
[3.271s] -- Found OpenSSL: /usr/lib/x86_64-linux-gnu/libcrypto.so (found version "3.0.2")  
[4.461s] -- Found FastRTPS: /opt/ros/humble/include  
[6.689s] -- Using RMW implementation 'rmw_fastrtps_cpp' as default
[6.697s] -- Looking for pthread.h
[6.813s] -- Looking for pthread.h - found
[6.814s] -- Performing Test CMAKE_HAVE_LIBC_PTHREAD
[6.934s] -- Performing Test CMAKE_HAVE_LIBC_PTHREAD - Success
[6.936s] -- Found Threads: TRUE  
[7.087s] -- Found rclcpp_action: 16.0.6 (/opt/ros/humble/share/rclcpp_action/cmake)
[7.175s] -- Found rosidl_default_generators: 1.2.0 (/opt/ros/humble/share/rosidl_default_generators/cmake)
[7.186s] -- Found std_srvs: 4.2.3 (/opt/ros/humble/share/std_srvs/cmake)
[7.464s] -- Found ament_cmake_ros: 0.10.0 (/opt/ros/humble/share/ament_cmake_ros/cmake)
[7.721s] -- Using all available rosidl_typesupport_c: rosidl_typesupport_fastrtps_c;rosidl_typesupport_introspection_c
[7.819s] -- Using all available rosidl_typesupport_cpp: rosidl_typesupport_fastrtps_cpp;rosidl_typesupport_introspection_cpp
[7.931s] -- Found PythonInterp: /usr/bin/python3 (found suitable version "3.10.12", minimum required is "3.6") 
[7.932s] -- Found python_cmake_module: 0.10.0 (/opt/ros/humble/share/python_cmake_module/cmake)
[8.289s] -- Found PythonLibs: /usr/lib/x86_64-linux-gnu/libpython3.10.so (found suitable version "3.10.12", minimum required is "3.5") 
[8.290s] -- Using PYTHON_EXECUTABLE: /usr/bin/python3
[8.290s] -- Using PYTHON_INCLUDE_DIRS: /usr/include/python3.10
[8.290s] -- Using PYTHON_LIBRARIES: /usr/lib/x86_64-linux-gnu/libpython3.10.so
[8.307s] -- Found PythonExtra: .so  
[8.384s] -- Configuring done
[8.447s] -- Generating done
[8.449s] -- Build files have been written to: /home/alex/ros2_ws/build/turtlesim
[8.459s] Invoked command in '/home/alex/ros2_ws/build/turtlesim' returned '0': CMAKE_PREFIX_PATH=${CMAKE_PREFIX_PATH}:/home/alex/ros2_ws/install/my_py_pkg:/opt/ros/humble /usr/bin/cmake /home/alex/ros2_ws/src/ros_tutorials/turtlesim -DCMAKE_INSTALL_PREFIX=/home/alex/ros2_ws/install/turtlesim
[8.462s] Invoking command in '/home/alex/ros2_ws/build/turtlesim': CMAKE_PREFIX_PATH=${CMAKE_PREFIX_PATH}:/home/alex/ros2_ws/install/my_py_pkg:/opt/ros/humble /usr/bin/cmake --build /home/alex/ros2_ws/build/turtlesim -- -j8 -l8
[8.493s] [  1%] [34m[1mGenerating C code for ROS interfaces[0m
[8.502s] [  2%] [34m[1mGenerating C++ code for ROS interfaces[0m
[8.510s] [  2%] Built target ament_cmake_python_copy_turtlesim
[8.785s] running egg_info
[8.786s] creating turtlesim.egg-info
[8.786s] writing turtlesim.egg-info/PKG-INFO
[8.786s] writing dependency_links to turtlesim.egg-info/dependency_links.txt
[8.786s] writing top-level names to turtlesim.egg-info/top_level.txt
[8.787s] writing manifest file 'turtlesim.egg-info/SOURCES.txt'
[8.788s] reading manifest file 'turtlesim.egg-info/SOURCES.txt'
[8.788s] writing manifest file 'turtlesim.egg-info/SOURCES.txt'
[8.812s] [  2%] Built target ament_cmake_python_build_turtlesim_egg
[9.575s] [  2%] Built target turtlesim__cpp
[9.591s] [  3%] [34m[1mGenerating C++ type support dispatch for ROS interfaces[0m
[9.600s] [  4%] [34m[1mGenerating C++ type support for eProsima Fast-RTPS[0m
[9.623s] [  5%] [34m[1mGenerating C++ introspection for ROS interfaces[0m
[9.723s] [  6%] [32mBuilding C object CMakeFiles/turtlesim__rosidl_generator_c.dir/rosidl_generator_c/turtlesim/action/detail/rotate_absolute__functions.c.o[0m
[9.726s] [  7%] [32mBuilding C object CMakeFiles/turtlesim__rosidl_generator_c.dir/rosidl_generator_c/turtlesim/srv/detail/set_pen__functions.c.o[0m
[9.727s] [  8%] [32mBuilding C object CMakeFiles/turtlesim__rosidl_generator_c.dir/rosidl_generator_c/turtlesim/srv/detail/kill__functions.c.o[0m
[9.735s] [  9%] [32mBuilding C object CMakeFiles/turtlesim__rosidl_generator_c.dir/rosidl_generator_c/turtlesim/msg/detail/color__functions.c.o[0m
[9.758s] [ 10%] [32mBuilding C object CMakeFiles/turtlesim__rosidl_generator_c.dir/rosidl_generator_c/turtlesim/msg/detail/pose__functions.c.o[0m
[9.845s] [ 11%] [32mBuilding C object CMakeFiles/turtlesim__rosidl_generator_c.dir/rosidl_generator_c/turtlesim/srv/detail/spawn__functions.c.o[0m
[9.856s] [ 13%] [32mBuilding C object CMakeFiles/turtlesim__rosidl_generator_c.dir/rosidl_generator_c/turtlesim/srv/detail/teleport_relative__functions.c.o[0m
[9.857s] [ 13%] [32mBuilding C object CMakeFiles/turtlesim__rosidl_generator_c.dir/rosidl_generator_c/turtlesim/srv/detail/teleport_absolute__functions.c.o[0m
[9.956s] [ 14%] [32m[1mLinking C shared library libturtlesim__rosidl_generator_c.so[0m
[10.075s] [ 14%] Built target turtlesim__rosidl_generator_c
[10.085s] [ 15%] [34m[1mGenerating C introspection for ROS interfaces[0m
[10.087s] [ 17%] [34m[1mGenerating C type support for eProsima Fast-RTPS[0m
[10.088s] [ 17%] [34m[1mGenerating C type support dispatch for ROS interfaces[0m
[10.550s] [ 18%] [32mBuilding CXX object CMakeFiles/turtlesim__rosidl_typesupport_cpp.dir/rosidl_typesupport_cpp/turtlesim/action/rotate_absolute__type_support.cpp.o[0m
[10.552s] [ 19%] [32mBuilding CXX object CMakeFiles/turtlesim__rosidl_typesupport_cpp.dir/rosidl_typesupport_cpp/turtlesim/msg/color__type_support.cpp.o[0m
[10.557s] [ 20%] [32mBuilding CXX object CMakeFiles/turtlesim__rosidl_typesupport_cpp.dir/rosidl_typesupport_cpp/turtlesim/msg/pose__type_support.cpp.o[0m
[11.089s] [ 21%] [32mBuilding CXX object CMakeFiles/turtlesim__rosidl_typesupport_cpp.dir/rosidl_typesupport_cpp/turtlesim/srv/kill__type_support.cpp.o[0m
[11.135s] [ 22%] [32mBuilding CXX object CMakeFiles/turtlesim__rosidl_typesupport_cpp.dir/rosidl_typesupport_cpp/turtlesim/srv/set_pen__type_support.cpp.o[0m
[11.155s] [ 23%] [32mBuilding CXX object CMakeFiles/turtlesim__rosidl_typesupport_introspection_cpp.dir/rosidl_typesupport_introspection_cpp/turtlesim/action/detail/rotate_absolute__type_support.cpp.o[0m
[11.241s] [ 24%] [32mBuilding CXX object CMakeFiles/turtlesim__rosidl_typesupport_c.dir/rosidl_typesupport_c/turtlesim/action/rotate_absolute__type_support.cpp.o[0m
[11.303s] [ 25%] [32mBuilding CXX object CMakeFiles/turtlesim__rosidl_typesupport_c.dir/rosidl_typesupport_c/turtlesim/msg/color__type_support.cpp.o[0m
[11.344s] [ 26%] [32mBuilding CXX object CMakeFiles/turtlesim__rosidl_typesupport_c.dir/rosidl_typesupport_c/turtlesim/msg/pose__type_support.cpp.o[0m
[11.382s] [ 27%] [32mBuilding CXX object CMakeFiles/turtlesim__rosidl_typesupport_c.dir/rosidl_typesupport_c/turtlesim/srv/kill__type_support.cpp.o[0m
[11.423s] [ 28%] [32mBuilding CXX object CMakeFiles/turtlesim__rosidl_typesupport_c.dir/rosidl_typesupport_c/turtlesim/srv/set_pen__type_support.cpp.o[0m
[11.456s] [ 29%] [32mBuilding CXX object CMakeFiles/turtlesim__rosidl_typesupport_cpp.dir/rosidl_typesupport_cpp/turtlesim/srv/spawn__type_support.cpp.o[0m
[11.489s] [ 30%] [32mBuilding CXX object CMakeFiles/turtlesim__rosidl_typesupport_c.dir/rosidl_typesupport_c/turtlesim/srv/spawn__type_support.cpp.o[0m
[11.597s] [ 31%] [32mBuilding CXX object CMakeFiles/turtlesim__rosidl_typesupport_c.dir/rosidl_typesupport_c/turtlesim/srv/teleport_absolute__type_support.cpp.o[0m
[11.617s] [ 32%] [32mBuilding CXX object CMakeFiles/turtlesim__rosidl_typesupport_cpp.dir/rosidl_typesupport_cpp/turtlesim/srv/teleport_absolute__type_support.cpp.o[0m
[11.633s] [ 33%] [32mBuilding CXX object CMakeFiles/turtlesim__rosidl_typesupport_c.dir/rosidl_typesupport_c/turtlesim/srv/teleport_relative__type_support.cpp.o[0m
[11.662s] [ 34%] [32mBuilding C object CMakeFiles/turtlesim__rosidl_typesupport_introspection_c.dir/rosidl_typesupport_introspection_c/turtlesim/action/detail/rotate_absolute__type_support.c.o[0m
[11.681s] [ 35%] [32mBuilding CXX object CMakeFiles/turtlesim__rosidl_typesupport_fastrtps_cpp.dir/rosidl_typesupport_fastrtps_cpp/turtlesim/action/detail/dds_fastrtps/rotate_absolute__type_support.cpp.o[0m
[11.700s] [ 36%] [32m[1mLinking CXX shared library libturtlesim__rosidl_typesupport_c.so[0m
[11.728s] [ 37%] [32mBuilding C object CMakeFiles/turtlesim__rosidl_typesupport_introspection_c.dir/rosidl_typesupport_introspection_c/turtlesim/msg/detail/color__type_support.c.o[0m
[11.753s] [ 38%] [32mBuilding C object CMakeFiles/turtlesim__rosidl_typesupport_introspection_c.dir/rosidl_typesupport_introspection_c/turtlesim/msg/detail/pose__type_support.c.o[0m
[11.805s] [ 40%] [32mBuilding C object CMakeFiles/turtlesim__rosidl_typesupport_introspection_c.dir/rosidl_typesupport_introspection_c/turtlesim/srv/detail/set_pen__type_support.c.o[0m
[11.805s] [ 40%] [32mBuilding C object CMakeFiles/turtlesim__rosidl_typesupport_introspection_c.dir/rosidl_typesupport_introspection_c/turtlesim/srv/detail/kill__type_support.c.o[0m
[11.866s] [ 41%] [32mBuilding CXX object CMakeFiles/turtlesim__rosidl_typesupport_fastrtps_c.dir/rosidl_typesupport_fastrtps_c/turtlesim/action/detail/rotate_absolute__type_support_c.cpp.o[0m
[11.881s] [ 42%] [32mBuilding C object CMakeFiles/turtlesim__rosidl_typesupport_introspection_c.dir/rosidl_typesupport_introspection_c/turtlesim/srv/detail/spawn__type_support.c.o[0m
[11.926s] [ 43%] [32mBuilding C object CMakeFiles/turtlesim__rosidl_typesupport_introspection_c.dir/rosidl_typesupport_introspection_c/turtlesim/srv/detail/teleport_absolute__type_support.c.o[0m
[11.971s] [ 44%] [32mBuilding C object CMakeFiles/turtlesim__rosidl_typesupport_introspection_c.dir/rosidl_typesupport_introspection_c/turtlesim/srv/detail/teleport_relative__type_support.c.o[0m
[12.006s] [ 44%] Built target turtlesim__rosidl_typesupport_c
[12.020s] [ 45%] [32mBuilding CXX object CMakeFiles/turtlesim__rosidl_typesupport_fastrtps_c.dir/rosidl_typesupport_fastrtps_c/turtlesim/msg/detail/pose__type_support_c.cpp.o[0m
[12.033s] [ 46%] [32mBuilding CXX object CMakeFiles/turtlesim__rosidl_typesupport_fastrtps_c.dir/rosidl_typesupport_fastrtps_c/turtlesim/msg/detail/color__type_support_c.cpp.o[0m
[12.076s] [ 47%] [32m[1mLinking C shared library libturtlesim__rosidl_typesupport_introspection_c.so[0m
[12.143s] [ 48%] [32mBuilding CXX object CMakeFiles/turtlesim__rosidl_typesupport_cpp.dir/rosidl_typesupport_cpp/turtlesim/srv/teleport_relative__type_support.cpp.o[0m
[12.228s] [ 49%] [32mBuilding CXX object CMakeFiles/turtlesim__rosidl_typesupport_fastrtps_c.dir/rosidl_typesupport_fastrtps_c/turtlesim/srv/detail/kill__type_support_c.cpp.o[0m
[12.320s] [ 49%] Built target turtlesim__rosidl_typesupport_introspection_c
[12.359s] [ 50%] [32mBuilding CXX object CMakeFiles/turtlesim__rosidl_typesupport_fastrtps_c.dir/rosidl_typesupport_fastrtps_c/turtlesim/srv/detail/set_pen__type_support_c.cpp.o[0m
[12.583s] [ 51%] [32mBuilding CXX object CMakeFiles/turtlesim__rosidl_typesupport_introspection_cpp.dir/rosidl_typesupport_introspection_cpp/turtlesim/msg/detail/color__type_support.cpp.o[0m
[12.604s] [ 52%] [32mBuilding CXX object CMakeFiles/turtlesim__rosidl_typesupport_fastrtps_c.dir/rosidl_typesupport_fastrtps_c/turtlesim/srv/detail/spawn__type_support_c.cpp.o[0m
[12.607s] [ 53%] [32m[1mLinking CXX shared library libturtlesim__rosidl_typesupport_cpp.so[0m
[12.615s] [ 54%] [32mBuilding CXX object CMakeFiles/turtlesim__rosidl_typesupport_fastrtps_c.dir/rosidl_typesupport_fastrtps_c/turtlesim/srv/detail/teleport_absolute__type_support_c.cpp.o[0m
[12.729s] [ 55%] [32mBuilding CXX object CMakeFiles/turtlesim__rosidl_typesupport_fastrtps_c.dir/rosidl_typesupport_fastrtps_c/turtlesim/srv/detail/teleport_relative__type_support_c.cpp.o[0m
[12.747s] [ 56%] [32mBuilding CXX object CMakeFiles/turtlesim__rosidl_typesupport_fastrtps_cpp.dir/rosidl_typesupport_fastrtps_cpp/turtlesim/msg/detail/dds_fastrtps/color__type_support.cpp.o[0m
[12.885s] [ 56%] Built target turtlesim__rosidl_typesupport_cpp
[12.928s] [ 57%] [34m[1mGenerating include/turtlesim/moc_turtle_frame.cpp[0m
[13.002s] [ 58%] [32mBuilding CXX object CMakeFiles/turtle_teleop_key.dir/tutorials/teleop_turtle_key.cpp.o[0m
[13.034s] [ 59%] [32mBuilding CXX object CMakeFiles/turtlesim_node.dir/src/turtlesim.cpp.o[0m
[13.110s] [ 60%] [32mBuilding CXX object CMakeFiles/turtlesim_node.dir/src/turtle.cpp.o[0m
[13.263s] [ 61%] [32mBuilding CXX object CMakeFiles/turtlesim__rosidl_typesupport_introspection_cpp.dir/rosidl_typesupport_introspection_cpp/turtlesim/msg/detail/pose__type_support.cpp.o[0m
[13.324s] [ 62%] [32mBuilding CXX object CMakeFiles/turtlesim__rosidl_typesupport_introspection_cpp.dir/rosidl_typesupport_introspection_cpp/turtlesim/srv/detail/kill__type_support.cpp.o[0m
[13.359s] [ 63%] [32mBuilding CXX object CMakeFiles/turtlesim__rosidl_typesupport_introspection_cpp.dir/rosidl_typesupport_introspection_cpp/turtlesim/srv/detail/set_pen__type_support.cpp.o[0m
[13.415s] [ 64%] [32m[1mLinking CXX shared library libturtlesim__rosidl_typesupport_fastrtps_c.so[0m
[13.549s] [ 65%] [32mBuilding CXX object CMakeFiles/turtlesim__rosidl_typesupport_fastrtps_cpp.dir/rosidl_typesupport_fastrtps_cpp/turtlesim/msg/detail/dds_fastrtps/pose__type_support.cpp.o[0m
[13.843s] [ 65%] Built target turtlesim__rosidl_typesupport_fastrtps_c
[13.931s] [ 66%] [32mBuilding CXX object CMakeFiles/draw_square.dir/tutorials/draw_square.cpp.o[0m
[13.950s] [ 67%] [32mBuilding CXX object CMakeFiles/turtlesim__rosidl_typesupport_introspection_cpp.dir/rosidl_typesupport_introspection_cpp/turtlesim/srv/detail/spawn__type_support.cpp.o[0m
[14.119s] [ 68%] [32mBuilding CXX object CMakeFiles/turtlesim__rosidl_typesupport_introspection_cpp.dir/rosidl_typesupport_introspection_cpp/turtlesim/srv/detail/teleport_absolute__type_support.cpp.o[0m
[14.151s] [ 69%] [32mBuilding CXX object CMakeFiles/turtlesim__rosidl_typesupport_introspection_cpp.dir/rosidl_typesupport_introspection_cpp/turtlesim/srv/detail/teleport_relative__type_support.cpp.o[0m
[14.249s] [ 70%] [32mBuilding CXX object CMakeFiles/turtlesim__rosidl_typesupport_fastrtps_cpp.dir/rosidl_typesupport_fastrtps_cpp/turtlesim/srv/detail/dds_fastrtps/kill__type_support.cpp.o[0m
[14.740s] [ 71%] [32mBuilding CXX object CMakeFiles/turtlesim__rosidl_typesupport_fastrtps_cpp.dir/rosidl_typesupport_fastrtps_cpp/turtlesim/srv/detail/dds_fastrtps/set_pen__type_support.cpp.o[0m
[14.830s] [ 72%] [32mBuilding CXX object CMakeFiles/turtlesim__rosidl_typesupport_fastrtps_cpp.dir/rosidl_typesupport_fastrtps_cpp/turtlesim/srv/detail/dds_fastrtps/spawn__type_support.cpp.o[0m
[14.932s] [ 73%] [32mBuilding CXX object CMakeFiles/turtlesim__rosidl_typesupport_fastrtps_cpp.dir/rosidl_typesupport_fastrtps_cpp/turtlesim/srv/detail/dds_fastrtps/teleport_absolute__type_support.cpp.o[0m
[14.940s] [ 74%] [32m[1mLinking CXX shared library libturtlesim__rosidl_typesupport_introspection_cpp.so[0m
[15.399s] [ 74%] Built target turtlesim__rosidl_typesupport_introspection_cpp
[15.573s] [ 75%] [32mBuilding CXX object CMakeFiles/mimic.dir/tutorials/mimic.cpp.o[0m
[15.659s] [ 76%] [32mBuilding CXX object CMakeFiles/turtlesim_node.dir/src/turtle_frame.cpp.o[0m
[15.681s] [ 77%] [32mBuilding CXX object CMakeFiles/turtlesim_node.dir/include/turtlesim/moc_turtle_frame.cpp.o[0m
[15.689s] [ 78%] [32mBuilding CXX object CMakeFiles/turtlesim__rosidl_typesupport_fastrtps_cpp.dir/rosidl_typesupport_fastrtps_cpp/turtlesim/srv/detail/dds_fastrtps/teleport_relative__type_support.cpp.o[0m
[16.729s] [ 79%] [32m[1mLinking CXX shared library libturtlesim__rosidl_typesupport_fastrtps_cpp.so[0m
[17.099s] [ 79%] Built target turtlesim__rosidl_typesupport_fastrtps_cpp
[17.255s] [ 79%] Built target turtlesim
[17.380s] [ 80%] [34m[1mGenerating Python code for ROS interfaces[0m
[21.841s] [ 80%] Built target turtlesim__py
[22.021s] [ 81%] [32mBuilding C object CMakeFiles/turtlesim__rosidl_generator_py.dir/rosidl_generator_py/turtlesim/action/_rotate_absolute_s.c.o[0m
[22.573s] [ 82%] [32mBuilding C object CMakeFiles/turtlesim__rosidl_generator_py.dir/rosidl_generator_py/turtlesim/msg/_color_s.c.o[0m
[22.940s] [ 83%] [32mBuilding C object CMakeFiles/turtlesim__rosidl_generator_py.dir/rosidl_generator_py/turtlesim/msg/_pose_s.c.o[0m
[22.960s] [ 84%] [32mBuilding C object CMakeFiles/turtlesim__rosidl_generator_py.dir/rosidl_generator_py/turtlesim/srv/_kill_s.c.o[0m
[23.419s] [ 85%] [32mBuilding C object CMakeFiles/turtlesim__rosidl_generator_py.dir/rosidl_generator_py/turtlesim/srv/_set_pen_s.c.o[0m
[23.559s] [ 86%] [32mBuilding C object CMakeFiles/turtlesim__rosidl_generator_py.dir/rosidl_generator_py/turtlesim/srv/_spawn_s.c.o[0m
[23.923s] [ 87%] [32mBuilding C object CMakeFiles/turtlesim__rosidl_generator_py.dir/rosidl_generator_py/turtlesim/srv/_teleport_absolute_s.c.o[0m
[24.051s] [ 88%] [32mBuilding C object CMakeFiles/turtlesim__rosidl_generator_py.dir/rosidl_generator_py/turtlesim/srv/_teleport_relative_s.c.o[0m
[24.513s] [ 89%] [32m[1mLinking C shared library rosidl_generator_py/turtlesim/libturtlesim__rosidl_generator_py.so[0m
[24.840s] [ 89%] Built target turtlesim__rosidl_generator_py
[24.893s] [ 90%] [32mBuilding C object CMakeFiles/turtlesim__rosidl_typesupport_introspection_c__pyext.dir/rosidl_generator_py/turtlesim/_turtlesim_s.ep.rosidl_typesupport_introspection_c.c.o[0m
[24.970s] [ 91%] [32mBuilding C object CMakeFiles/turtlesim__rosidl_typesupport_fastrtps_c__pyext.dir/rosidl_generator_py/turtlesim/_turtlesim_s.ep.rosidl_typesupport_fastrtps_c.c.o[0m
[25.293s] [ 92%] [32m[1mLinking C shared library rosidl_generator_py/turtlesim/turtlesim_s__rosidl_typesupport_introspection_c.cpython-310-x86_64-linux-gnu.so[0m
[25.645s] [ 92%] Built target turtlesim__rosidl_typesupport_introspection_c__pyext
[25.670s] [ 93%] [32m[1mLinking C shared library rosidl_generator_py/turtlesim/turtlesim_s__rosidl_typesupport_fastrtps_c.cpython-310-x86_64-linux-gnu.so[0m
[25.740s] [ 94%] [32mBuilding C object CMakeFiles/turtlesim__rosidl_typesupport_c__pyext.dir/rosidl_generator_py/turtlesim/_turtlesim_s.ep.rosidl_typesupport_c.c.o[0m
[25.981s] [ 94%] Built target turtlesim__rosidl_typesupport_fastrtps_c__pyext
[26.164s] [ 95%] [32m[1mLinking C shared library rosidl_generator_py/turtlesim/turtlesim_s__rosidl_typesupport_c.cpython-310-x86_64-linux-gnu.so[0m
[26.413s] [ 95%] Built target turtlesim__rosidl_typesupport_c__pyext
[26.860s] [ 96%] [32m[1mLinking CXX executable turtle_teleop_key[0m
[27.544s] [ 96%] Built target turtle_teleop_key
[34.567s] [ 97%] [32m[1mLinking CXX executable draw_square[0m
[35.143s] [ 98%] [32m[1mLinking CXX executable mimic[0m
[35.594s] [ 98%] Built target draw_square
[35.963s] [ 98%] Built target mimic
[39.047s] [100%] [32m[1mLinking CXX executable turtlesim_node[0m
[41.507s] [100%] Built target turtlesim_node
[41.518s] Invoked command in '/home/alex/ros2_ws/build/turtlesim' returned '0': CMAKE_PREFIX_PATH=${CMAKE_PREFIX_PATH}:/home/alex/ros2_ws/install/my_py_pkg:/opt/ros/humble /usr/bin/cmake --build /home/alex/ros2_ws/build/turtlesim -- -j8 -l8
[41.684s] Invoking command in '/home/alex/ros2_ws/build/turtlesim': CMAKE_PREFIX_PATH=${CMAKE_PREFIX_PATH}:/home/alex/ros2_ws/install/my_py_pkg:/opt/ros/humble /usr/bin/cmake --install /home/alex/ros2_ws/build/turtlesim
[41.691s] -- Install configuration: ""
[41.691s] -- Installing: /home/alex/ros2_ws/install/turtlesim/share/ament_index/resource_index/rosidl_interfaces/turtlesim
[41.692s] -- Installing: /home/alex/ros2_ws/install/turtlesim/include/turtlesim/turtlesim
[41.692s] -- Installing: /home/alex/ros2_ws/install/turtlesim/include/turtlesim/turtlesim/msg
[41.692s] -- Installing: /home/alex/ros2_ws/install/turtlesim/include/turtlesim/turtlesim/msg/detail
[41.692s] -- Installing: /home/alex/ros2_ws/install/turtlesim/include/turtlesim/turtlesim/msg/detail/pose__functions.c
[41.693s] -- Installing: /home/alex/ros2_ws/install/turtlesim/include/turtlesim/turtlesim/msg/detail/pose__functions.h
[41.693s] -- Installing: /home/alex/ros2_ws/install/turtlesim/include/turtlesim/turtlesim/msg/detail/color__struct.h
[41.693s] -- Installing: /home/alex/ros2_ws/install/turtlesim/include/turtlesim/turtlesim/msg/detail/color__type_support.h
[41.693s] -- Installing: /home/alex/ros2_ws/install/turtlesim/include/turtlesim/turtlesim/msg/detail/pose__struct.h
[41.693s] -- Installing: /home/alex/ros2_ws/install/turtlesim/include/turtlesim/turtlesim/msg/detail/pose__type_support.h
[41.694s] -- Installing: /home/alex/ros2_ws/install/turtlesim/include/turtlesim/turtlesim/msg/detail/color__functions.c
[41.694s] -- Installing: /home/alex/ros2_ws/install/turtlesim/include/turtlesim/turtlesim/msg/detail/color__functions.h
[41.694s] -- Installing: /home/alex/ros2_ws/install/turtlesim/include/turtlesim/turtlesim/msg/pose.h
[41.695s] -- Installing: /home/alex/ros2_ws/install/turtlesim/include/turtlesim/turtlesim/msg/rosidl_generator_c__visibility_control.h
[41.695s] -- Installing: /home/alex/ros2_ws/install/turtlesim/include/turtlesim/turtlesim/msg/color.h
[41.696s] -- Installing: /home/alex/ros2_ws/install/turtlesim/include/turtlesim/turtlesim/srv
[41.696s] -- Installing: /home/alex/ros2_ws/install/turtlesim/include/turtlesim/turtlesim/srv/detail
[41.696s] -- Installing: /home/alex/ros2_ws/install/turtlesim/include/turtlesim/turtlesim/srv/detail/kill__type_support.h
[41.696s] -- Installing: /home/alex/ros2_ws/install/turtlesim/include/turtlesim/turtlesim/srv/detail/spawn__struct.h
[41.696s] -- Installing: /home/alex/ros2_ws/install/turtlesim/include/turtlesim/turtlesim/srv/detail/spawn__type_support.h
[41.697s] -- Installing: /home/alex/ros2_ws/install/turtlesim/include/turtlesim/turtlesim/srv/detail/spawn__functions.c
[41.697s] -- Installing: /home/alex/ros2_ws/install/turtlesim/include/turtlesim/turtlesim/srv/detail/spawn__functions.h
[41.697s] -- Installing: /home/alex/ros2_ws/install/turtlesim/include/turtlesim/turtlesim/srv/detail/teleport_absolute__functions.c
[41.697s] -- Installing: /home/alex/ros2_ws/install/turtlesim/include/turtlesim/turtlesim/srv/detail/teleport_relative__functions.h
[41.697s] -- Installing: /home/alex/ros2_ws/install/turtlesim/include/turtlesim/turtlesim/srv/detail/kill__functions.h
[41.697s] -- Installing: /home/alex/ros2_ws/install/turtlesim/include/turtlesim/turtlesim/srv/detail/set_pen__functions.h
[41.698s] -- Installing: /home/alex/ros2_ws/install/turtlesim/include/turtlesim/turtlesim/srv/detail/teleport_absolute__type_support.h
[41.698s] -- Installing: /home/alex/ros2_ws/install/turtlesim/include/turtlesim/turtlesim/srv/detail/teleport_relative__type_support.h
[41.698s] -- Installing: /home/alex/ros2_ws/install/turtlesim/include/turtlesim/turtlesim/srv/detail/teleport_relative__functions.c
[41.698s] -- Installing: /home/alex/ros2_ws/install/turtlesim/include/turtlesim/turtlesim/srv/detail/kill__functions.c
[41.699s] -- Installing: /home/alex/ros2_ws/install/turtlesim/include/turtlesim/turtlesim/srv/detail/teleport_absolute__struct.h
[41.699s] -- Installing: /home/alex/ros2_ws/install/turtlesim/include/turtlesim/turtlesim/srv/detail/teleport_relative__struct.h
[41.699s] -- Installing: /home/alex/ros2_ws/install/turtlesim/include/turtlesim/turtlesim/srv/detail/kill__struct.h
[41.699s] -- Installing: /home/alex/ros2_ws/install/turtlesim/include/turtlesim/turtlesim/srv/detail/set_pen__struct.h
[41.699s] -- Installing: /home/alex/ros2_ws/install/turtlesim/include/turtlesim/turtlesim/srv/detail/set_pen__type_support.h
[41.700s] -- Installing: /home/alex/ros2_ws/install/turtlesim/include/turtlesim/turtlesim/srv/detail/set_pen__functions.c
[41.700s] -- Installing: /home/alex/ros2_ws/install/turtlesim/include/turtlesim/turtlesim/srv/detail/teleport_absolute__functions.h
[41.700s] -- Installing: /home/alex/ros2_ws/install/turtlesim/include/turtlesim/turtlesim/srv/teleport_relative.h
[41.701s] -- Installing: /home/alex/ros2_ws/install/turtlesim/include/turtlesim/turtlesim/srv/teleport_absolute.h
[41.701s] -- Installing: /home/alex/ros2_ws/install/turtlesim/include/turtlesim/turtlesim/srv/kill.h
[41.701s] -- Installing: /home/alex/ros2_ws/install/turtlesim/include/turtlesim/turtlesim/srv/spawn.h
[41.701s] -- Installing: /home/alex/ros2_ws/install/turtlesim/include/turtlesim/turtlesim/srv/set_pen.h
[41.702s] -- Installing: /home/alex/ros2_ws/install/turtlesim/include/turtlesim/turtlesim/action
[41.702s] -- Installing: /home/alex/ros2_ws/install/turtlesim/include/turtlesim/turtlesim/action/detail
[41.702s] -- Installing: /home/alex/ros2_ws/install/turtlesim/include/turtlesim/turtlesim/action/detail/rotate_absolute__functions.h
[41.702s] -- Installing: /home/alex/ros2_ws/install/turtlesim/include/turtlesim/turtlesim/action/detail/rotate_absolute__struct.h
[41.703s] -- Installing: /home/alex/ros2_ws/install/turtlesim/include/turtlesim/turtlesim/action/detail/rotate_absolute__type_support.h
[41.703s] -- Installing: /home/alex/ros2_ws/install/turtlesim/include/turtlesim/turtlesim/action/detail/rotate_absolute__functions.c
[41.703s] -- Installing: /home/alex/ros2_ws/install/turtlesim/include/turtlesim/turtlesim/action/rotate_absolute.h
[41.703s] -- Installing: /home/alex/ros2_ws/install/turtlesim/share/turtlesim/environment/library_path.sh
[41.704s] -- Installing: /home/alex/ros2_ws/install/turtlesim/share/turtlesim/environment/library_path.dsv
[41.704s] -- Installing: /home/alex/ros2_ws/install/turtlesim/lib/libturtlesim__rosidl_generator_c.so
[41.704s] -- Set runtime path of "/home/alex/ros2_ws/install/turtlesim/lib/libturtlesim__rosidl_generator_c.so" to ""
[41.704s] -- Up-to-date: /home/alex/ros2_ws/install/turtlesim/include/turtlesim/turtlesim
[41.704s] -- Up-to-date: /home/alex/ros2_ws/install/turtlesim/include/turtlesim/turtlesim/msg
[41.704s] -- Up-to-date: /home/alex/ros2_ws/install/turtlesim/include/turtlesim/turtlesim/msg/detail
[41.705s] -- Installing: /home/alex/ros2_ws/install/turtlesim/include/turtlesim/turtlesim/msg/detail/pose__rosidl_typesupport_fastrtps_c.h
[41.705s] -- Installing: /home/alex/ros2_ws/install/turtlesim/include/turtlesim/turtlesim/msg/detail/color__rosidl_typesupport_fastrtps_c.h
[41.705s] -- Installing: /home/alex/ros2_ws/install/turtlesim/include/turtlesim/turtlesim/msg/rosidl_typesupport_fastrtps_c__visibility_control.h
[41.705s] -- Up-to-date: /home/alex/ros2_ws/install/turtlesim/include/turtlesim/turtlesim/srv
[41.705s] -- Up-to-date: /home/alex/ros2_ws/install/turtlesim/include/turtlesim/turtlesim/srv/detail
[41.706s] -- Installing: /home/alex/ros2_ws/install/turtlesim/include/turtlesim/turtlesim/srv/detail/teleport_relative__rosidl_typesupport_fastrtps_c.h
[41.706s] -- Installing: /home/alex/ros2_ws/install/turtlesim/include/turtlesim/turtlesim/srv/detail/teleport_absolute__rosidl_typesupport_fastrtps_c.h
[41.706s] -- Installing: /home/alex/ros2_ws/install/turtlesim/include/turtlesim/turtlesim/srv/detail/spawn__rosidl_typesupport_fastrtps_c.h
[41.706s] -- Installing: /home/alex/ros2_ws/install/turtlesim/include/turtlesim/turtlesim/srv/detail/set_pen__rosidl_typesupport_fastrtps_c.h
[41.707s] -- Installing: /home/alex/ros2_ws/install/turtlesim/include/turtlesim/turtlesim/srv/detail/kill__rosidl_typesupport_fastrtps_c.h
[41.707s] -- Up-to-date: /home/alex/ros2_ws/install/turtlesim/include/turtlesim/turtlesim/action
[41.707s] -- Up-to-date: /home/alex/ros2_ws/install/turtlesim/include/turtlesim/turtlesim/action/detail
[41.707s] -- Installing: /home/alex/ros2_ws/install/turtlesim/include/turtlesim/turtlesim/action/detail/rotate_absolute__rosidl_typesupport_fastrtps_c.h
[41.707s] -- Installing: /home/alex/ros2_ws/install/turtlesim/lib/libturtlesim__rosidl_typesupport_fastrtps_c.so
[41.707s] -- Set runtime path of "/home/alex/ros2_ws/install/turtlesim/lib/libturtlesim__rosidl_typesupport_fastrtps_c.so" to ""
[41.708s] -- Up-to-date: /home/alex/ros2_ws/install/turtlesim/include/turtlesim/turtlesim
[41.708s] -- Up-to-date: /home/alex/ros2_ws/install/turtlesim/include/turtlesim/turtlesim/msg
[41.708s] -- Up-to-date: /home/alex/ros2_ws/install/turtlesim/include/turtlesim/turtlesim/msg/detail
[41.708s] -- Installing: /home/alex/ros2_ws/install/turtlesim/include/turtlesim/turtlesim/msg/detail/pose__builder.hpp
[41.708s] -- Installing: /home/alex/ros2_ws/install/turtlesim/include/turtlesim/turtlesim/msg/detail/pose__traits.hpp
[41.709s] -- Installing: /home/alex/ros2_ws/install/turtlesim/include/turtlesim/turtlesim/msg/detail/color__struct.hpp
[41.709s] -- Installing: /home/alex/ros2_ws/install/turtlesim/include/turtlesim/turtlesim/msg/detail/pose__struct.hpp
[41.709s] -- Installing: /home/alex/ros2_ws/install/turtlesim/include/turtlesim/turtlesim/msg/detail/color__traits.hpp
[41.709s] -- Installing: /home/alex/ros2_ws/install/turtlesim/include/turtlesim/turtlesim/msg/detail/color__builder.hpp
[41.709s] -- Installing: /home/alex/ros2_ws/install/turtlesim/include/turtlesim/turtlesim/msg/pose.hpp
[41.709s] -- Installing: /home/alex/ros2_ws/install/turtlesim/include/turtlesim/turtlesim/msg/color.hpp
[41.710s] -- Up-to-date: /home/alex/ros2_ws/install/turtlesim/include/turtlesim/turtlesim/srv
[41.710s] -- Up-to-date: /home/alex/ros2_ws/install/turtlesim/include/turtlesim/turtlesim/srv/detail
[41.710s] -- Installing: /home/alex/ros2_ws/install/turtlesim/include/turtlesim/turtlesim/srv/detail/set_pen__struct.hpp
[41.711s] -- Installing: /home/alex/ros2_ws/install/turtlesim/include/turtlesim/turtlesim/srv/detail/spawn__traits.hpp
[41.711s] -- Installing: /home/alex/ros2_ws/install/turtlesim/include/turtlesim/turtlesim/srv/detail/kill__struct.hpp
[41.711s] -- Installing: /home/alex/ros2_ws/install/turtlesim/include/turtlesim/turtlesim/srv/detail/spawn__builder.hpp
[41.711s] -- Installing: /home/alex/ros2_ws/install/turtlesim/include/turtlesim/turtlesim/srv/detail/teleport_absolute__builder.hpp
[41.711s] -- Installing: /home/alex/ros2_ws/install/turtlesim/include/turtlesim/turtlesim/srv/detail/spawn__struct.hpp
[41.712s] -- Installing: /home/alex/ros2_ws/install/turtlesim/include/turtlesim/turtlesim/srv/detail/teleport_absolute__struct.hpp
[41.712s] -- Installing: /home/alex/ros2_ws/install/turtlesim/include/turtlesim/turtlesim/srv/detail/teleport_relative__builder.hpp
[41.712s] -- Installing: /home/alex/ros2_ws/install/turtlesim/include/turtlesim/turtlesim/srv/detail/kill__builder.hpp
[41.712s] -- Installing: /home/alex/ros2_ws/install/turtlesim/include/turtlesim/turtlesim/srv/detail/set_pen__traits.hpp
[41.712s] -- Installing: /home/alex/ros2_ws/install/turtlesim/include/turtlesim/turtlesim/srv/detail/teleport_absolute__traits.hpp
[41.712s] -- Installing: /home/alex/ros2_ws/install/turtlesim/include/turtlesim/turtlesim/srv/detail/teleport_relative__traits.hpp
[41.713s] -- Installing: /home/alex/ros2_ws/install/turtlesim/include/turtlesim/turtlesim/srv/detail/set_pen__builder.hpp
[41.713s] -- Installing: /home/alex/ros2_ws/install/turtlesim/include/turtlesim/turtlesim/srv/detail/kill__traits.hpp
[41.713s] -- Installing: /home/alex/ros2_ws/install/turtlesim/include/turtlesim/turtlesim/srv/detail/teleport_relative__struct.hpp
[41.713s] -- Installing: /home/alex/ros2_ws/install/turtlesim/include/turtlesim/turtlesim/srv/kill.hpp
[41.713s] -- Installing: /home/alex/ros2_ws/install/turtlesim/include/turtlesim/turtlesim/srv/teleport_absolute.hpp
[41.714s] -- Installing: /home/alex/ros2_ws/install/turtlesim/include/turtlesim/turtlesim/srv/set_pen.hpp
[41.714s] -- Installing: /home/alex/ros2_ws/install/turtlesim/include/turtlesim/turtlesim/srv/spawn.hpp
[41.714s] -- Installing: /home/alex/ros2_ws/install/turtlesim/include/turtlesim/turtlesim/srv/teleport_relative.hpp
[41.714s] -- Up-to-date: /home/alex/ros2_ws/install/turtlesim/include/turtlesim/turtlesim/action
[41.714s] -- Up-to-date: /home/alex/ros2_ws/install/turtlesim/include/turtlesim/turtlesim/action/detail
[41.715s] -- Installing: /home/alex/ros2_ws/install/turtlesim/include/turtlesim/turtlesim/action/detail/rotate_absolute__struct.hpp
[41.715s] -- Installing: /home/alex/ros2_ws/install/turtlesim/include/turtlesim/turtlesim/action/detail/rotate_absolute__builder.hpp
[41.715s] -- Installing: /home/alex/ros2_ws/install/turtlesim/include/turtlesim/turtlesim/action/detail/rotate_absolute__traits.hpp
[41.715s] -- Installing: /home/alex/ros2_ws/install/turtlesim/include/turtlesim/turtlesim/action/rotate_absolute.hpp
[41.716s] -- Up-to-date: /home/alex/ros2_ws/install/turtlesim/include/turtlesim/turtlesim
[41.716s] -- Up-to-date: /home/alex/ros2_ws/install/turtlesim/include/turtlesim/turtlesim/msg
[41.716s] -- Up-to-date: /home/alex/ros2_ws/install/turtlesim/include/turtlesim/turtlesim/msg/detail
[41.716s] -- Installing: /home/alex/ros2_ws/install/turtlesim/include/turtlesim/turtlesim/msg/detail/dds_fastrtps
[41.716s] -- Installing: /home/alex/ros2_ws/install/turtlesim/include/turtlesim/turtlesim/msg/detail/pose__rosidl_typesupport_fastrtps_cpp.hpp
[41.717s] -- Installing: /home/alex/ros2_ws/install/turtlesim/include/turtlesim/turtlesim/msg/detail/color__rosidl_typesupport_fastrtps_cpp.hpp
[41.717s] -- Installing: /home/alex/ros2_ws/install/turtlesim/include/turtlesim/turtlesim/msg/rosidl_typesupport_fastrtps_cpp__visibility_control.h
[41.717s] -- Up-to-date: /home/alex/ros2_ws/install/turtlesim/include/turtlesim/turtlesim/srv
[41.717s] -- Up-to-date: /home/alex/ros2_ws/install/turtlesim/include/turtlesim/turtlesim/srv/detail
[41.718s] -- Installing: /home/alex/ros2_ws/install/turtlesim/include/turtlesim/turtlesim/srv/detail/dds_fastrtps
[41.718s] -- Installing: /home/alex/ros2_ws/install/turtlesim/include/turtlesim/turtlesim/srv/detail/set_pen__rosidl_typesupport_fastrtps_cpp.hpp
[41.718s] -- Installing: /home/alex/ros2_ws/install/turtlesim/include/turtlesim/turtlesim/srv/detail/teleport_absolute__rosidl_typesupport_fastrtps_cpp.hpp
[41.718s] -- Installing: /home/alex/ros2_ws/install/turtlesim/include/turtlesim/turtlesim/srv/detail/teleport_relative__rosidl_typesupport_fastrtps_cpp.hpp
[41.719s] -- Installing: /home/alex/ros2_ws/install/turtlesim/include/turtlesim/turtlesim/srv/detail/spawn__rosidl_typesupport_fastrtps_cpp.hpp
[41.719s] -- Installing: /home/alex/ros2_ws/install/turtlesim/include/turtlesim/turtlesim/srv/detail/kill__rosidl_typesupport_fastrtps_cpp.hpp
[41.719s] -- Up-to-date: /home/alex/ros2_ws/install/turtlesim/include/turtlesim/turtlesim/action
[41.720s] -- Up-to-date: /home/alex/ros2_ws/install/turtlesim/include/turtlesim/turtlesim/action/detail
[41.720s] -- Installing: /home/alex/ros2_ws/install/turtlesim/include/turtlesim/turtlesim/action/detail/dds_fastrtps
[41.720s] -- Installing: /home/alex/ros2_ws/install/turtlesim/include/turtlesim/turtlesim/action/detail/rotate_absolute__rosidl_typesupport_fastrtps_cpp.hpp
[41.720s] -- Installing: /home/alex/ros2_ws/install/turtlesim/lib/libturtlesim__rosidl_typesupport_fastrtps_cpp.so
[41.720s] -- Set runtime path of "/home/alex/ros2_ws/install/turtlesim/lib/libturtlesim__rosidl_typesupport_fastrtps_cpp.so" to ""
[41.720s] -- Up-to-date: /home/alex/ros2_ws/install/turtlesim/include/turtlesim/turtlesim
[41.721s] -- Up-to-date: /home/alex/ros2_ws/install/turtlesim/include/turtlesim/turtlesim/msg
[41.721s] -- Up-to-date: /home/alex/ros2_ws/install/turtlesim/include/turtlesim/turtlesim/msg/detail
[41.721s] -- Installing: /home/alex/ros2_ws/install/turtlesim/include/turtlesim/turtlesim/msg/detail/color__type_support.c
[41.721s] -- Installing: /home/alex/ros2_ws/install/turtlesim/include/turtlesim/turtlesim/msg/detail/color__rosidl_typesupport_introspection_c.h
[41.722s] -- Installing: /home/alex/ros2_ws/install/turtlesim/include/turtlesim/turtlesim/msg/detail/pose__rosidl_typesupport_introspection_c.h
[41.722s] -- Installing: /home/alex/ros2_ws/install/turtlesim/include/turtlesim/turtlesim/msg/detail/pose__type_support.c
[41.722s] -- Installing: /home/alex/ros2_ws/install/turtlesim/include/turtlesim/turtlesim/msg/rosidl_typesupport_introspection_c__visibility_control.h
[41.722s] -- Up-to-date: /home/alex/ros2_ws/install/turtlesim/include/turtlesim/turtlesim/srv
[41.722s] -- Up-to-date: /home/alex/ros2_ws/install/turtlesim/include/turtlesim/turtlesim/srv/detail
[41.722s] -- Installing: /home/alex/ros2_ws/install/turtlesim/include/turtlesim/turtlesim/srv/detail/kill__type_support.c
[41.723s] -- Installing: /home/alex/ros2_ws/install/turtlesim/include/turtlesim/turtlesim/srv/detail/teleport_absolute__type_support.c
[41.723s] -- Installing: /home/alex/ros2_ws/install/turtlesim/include/turtlesim/turtlesim/srv/detail/set_pen__rosidl_typesupport_introspection_c.h
[41.723s] -- Installing: /home/alex/ros2_ws/install/turtlesim/include/turtlesim/turtlesim/srv/detail/kill__rosidl_typesupport_introspection_c.h
[41.723s] -- Installing: /home/alex/ros2_ws/install/turtlesim/include/turtlesim/turtlesim/srv/detail/teleport_relative__type_support.c
[41.723s] -- Installing: /home/alex/ros2_ws/install/turtlesim/include/turtlesim/turtlesim/srv/detail/teleport_relative__rosidl_typesupport_introspection_c.h
[41.723s] -- Installing: /home/alex/ros2_ws/install/turtlesim/include/turtlesim/turtlesim/srv/detail/spawn__type_support.c
[41.723s] -- Installing: /home/alex/ros2_ws/install/turtlesim/include/turtlesim/turtlesim/srv/detail/set_pen__type_support.c
[41.723s] -- Installing: /home/alex/ros2_ws/install/turtlesim/include/turtlesim/turtlesim/srv/detail/teleport_absolute__rosidl_typesupport_introspection_c.h
[41.723s] -- Installing: /home/alex/ros2_ws/install/turtlesim/include/turtlesim/turtlesim/srv/detail/spawn__rosidl_typesupport_introspection_c.h
[41.723s] -- Up-to-date: /home/alex/ros2_ws/install/turtlesim/include/turtlesim/turtlesim/action
[41.723s] -- Up-to-date: /home/alex/ros2_ws/install/turtlesim/include/turtlesim/turtlesim/action/detail
[41.723s] -- Installing: /home/alex/ros2_ws/install/turtlesim/include/turtlesim/turtlesim/action/detail/rotate_absolute__type_support.c
[41.724s] -- Installing: /home/alex/ros2_ws/install/turtlesim/include/turtlesim/turtlesim/action/detail/rotate_absolute__rosidl_typesupport_introspection_c.h
[41.724s] -- Installing: /home/alex/ros2_ws/install/turtlesim/lib/libturtlesim__rosidl_typesupport_introspection_c.so
[41.724s] -- Set runtime path of "/home/alex/ros2_ws/install/turtlesim/lib/libturtlesim__rosidl_typesupport_introspection_c.so" to ""
[41.724s] -- Installing: /home/alex/ros2_ws/install/turtlesim/lib/libturtlesim__rosidl_typesupport_c.so
[41.724s] -- Set runtime path of "/home/alex/ros2_ws/install/turtlesim/lib/libturtlesim__rosidl_typesupport_c.so" to ""
[41.724s] -- Up-to-date: /home/alex/ros2_ws/install/turtlesim/include/turtlesim/turtlesim
[41.724s] -- Up-to-date: /home/alex/ros2_ws/install/turtlesim/include/turtlesim/turtlesim/msg
[41.724s] -- Up-to-date: /home/alex/ros2_ws/install/turtlesim/include/turtlesim/turtlesim/msg/detail
[41.724s] -- Installing: /home/alex/ros2_ws/install/turtlesim/include/turtlesim/turtlesim/msg/detail/color__type_support.cpp
[41.724s] -- Installing: /home/alex/ros2_ws/install/turtlesim/include/turtlesim/turtlesim/msg/detail/color__rosidl_typesupport_introspection_cpp.hpp
[41.724s] -- Installing: /home/alex/ros2_ws/install/turtlesim/include/turtlesim/turtlesim/msg/detail/pose__type_support.cpp
[41.724s] -- Installing: /home/alex/ros2_ws/install/turtlesim/include/turtlesim/turtlesim/msg/detail/pose__rosidl_typesupport_introspection_cpp.hpp
[41.724s] -- Up-to-date: /home/alex/ros2_ws/install/turtlesim/include/turtlesim/turtlesim/srv
[41.724s] -- Up-to-date: /home/alex/ros2_ws/install/turtlesim/include/turtlesim/turtlesim/srv/detail
[41.724s] -- Installing: /home/alex/ros2_ws/install/turtlesim/include/turtlesim/turtlesim/srv/detail/teleport_absolute__rosidl_typesupport_introspection_cpp.hpp
[41.724s] -- Installing: /home/alex/ros2_ws/install/turtlesim/include/turtlesim/turtlesim/srv/detail/teleport_relative__type_support.cpp
[41.724s] -- Installing: /home/alex/ros2_ws/install/turtlesim/include/turtlesim/turtlesim/srv/detail/teleport_relative__rosidl_typesupport_introspection_cpp.hpp
[41.724s] -- Installing: /home/alex/ros2_ws/install/turtlesim/include/turtlesim/turtlesim/srv/detail/spawn__rosidl_typesupport_introspection_cpp.hpp
[41.725s] -- Installing: /home/alex/ros2_ws/install/turtlesim/include/turtlesim/turtlesim/srv/detail/spawn__type_support.cpp
[41.725s] -- Installing: /home/alex/ros2_ws/install/turtlesim/include/turtlesim/turtlesim/srv/detail/set_pen__type_support.cpp
[41.725s] -- Installing: /home/alex/ros2_ws/install/turtlesim/include/turtlesim/turtlesim/srv/detail/teleport_absolute__type_support.cpp
[41.725s] -- Installing: /home/alex/ros2_ws/install/turtlesim/include/turtlesim/turtlesim/srv/detail/kill__rosidl_typesupport_introspection_cpp.hpp
[41.725s] -- Installing: /home/alex/ros2_ws/install/turtlesim/include/turtlesim/turtlesim/srv/detail/kill__type_support.cpp
[41.725s] -- Installing: /home/alex/ros2_ws/install/turtlesim/include/turtlesim/turtlesim/srv/detail/set_pen__rosidl_typesupport_introspection_cpp.hpp
[41.725s] -- Up-to-date: /home/alex/ros2_ws/install/turtlesim/include/turtlesim/turtlesim/action
[41.725s] -- Up-to-date: /home/alex/ros2_ws/install/turtlesim/include/turtlesim/turtlesim/action/detail
[41.725s] -- Installing: /home/alex/ros2_ws/install/turtlesim/include/turtlesim/turtlesim/action/detail/rotate_absolute__type_support.cpp
[41.725s] -- Installing: /home/alex/ros2_ws/install/turtlesim/include/turtlesim/turtlesim/action/detail/rotate_absolute__rosidl_typesupport_introspection_cpp.hpp
[41.725s] -- Installing: /home/alex/ros2_ws/install/turtlesim/lib/libturtlesim__rosidl_typesupport_introspection_cpp.so
[41.725s] -- Set runtime path of "/home/alex/ros2_ws/install/turtlesim/lib/libturtlesim__rosidl_typesupport_introspection_cpp.so" to ""
[41.725s] -- Installing: /home/alex/ros2_ws/install/turtlesim/lib/libturtlesim__rosidl_typesupport_cpp.so
[41.725s] -- Set runtime path of "/home/alex/ros2_ws/install/turtlesim/lib/libturtlesim__rosidl_typesupport_cpp.so" to ""
[41.725s] -- Installing: /home/alex/ros2_ws/install/turtlesim/share/turtlesim/environment/pythonpath.sh
[41.725s] -- Installing: /home/alex/ros2_ws/install/turtlesim/share/turtlesim/environment/pythonpath.dsv
[41.725s] -- Installing: /home/alex/ros2_ws/install/turtlesim/local/lib/python3.10/dist-packages/turtlesim-1.4.2-py3.10.egg-info
[41.726s] -- Installing: /home/alex/ros2_ws/install/turtlesim/local/lib/python3.10/dist-packages/turtlesim-1.4.2-py3.10.egg-info/dependency_links.txt
[41.726s] -- Installing: /home/alex/ros2_ws/install/turtlesim/local/lib/python3.10/dist-packages/turtlesim-1.4.2-py3.10.egg-info/PKG-INFO
[41.726s] -- Installing: /home/alex/ros2_ws/install/turtlesim/local/lib/python3.10/dist-packages/turtlesim-1.4.2-py3.10.egg-info/top_level.txt
[41.726s] -- Installing: /home/alex/ros2_ws/install/turtlesim/local/lib/python3.10/dist-packages/turtlesim-1.4.2-py3.10.egg-info/SOURCES.txt
[41.726s] -- Installing: /home/alex/ros2_ws/install/turtlesim/local/lib/python3.10/dist-packages/turtlesim
[41.726s] -- Installing: /home/alex/ros2_ws/install/turtlesim/local/lib/python3.10/dist-packages/turtlesim/libturtlesim__rosidl_generator_py.so
[41.726s] -- Installing: /home/alex/ros2_ws/install/turtlesim/local/lib/python3.10/dist-packages/turtlesim/turtlesim_s__rosidl_typesupport_fastrtps_c.cpython-310-x86_64-linux-gnu.so
[41.726s] -- Installing: /home/alex/ros2_ws/install/turtlesim/local/lib/python3.10/dist-packages/turtlesim/msg
[41.726s] -- Installing: /home/alex/ros2_ws/install/turtlesim/local/lib/python3.10/dist-packages/turtlesim/msg/_color_s.c
[41.726s] -- Installing: /home/alex/ros2_ws/install/turtlesim/local/lib/python3.10/dist-packages/turtlesim/msg/__init__.py
[41.726s] -- Installing: /home/alex/ros2_ws/install/turtlesim/local/lib/python3.10/dist-packages/turtlesim/msg/_pose.py
[41.726s] -- Installing: /home/alex/ros2_ws/install/turtlesim/local/lib/python3.10/dist-packages/turtlesim/msg/_color.py
[41.726s] -- Installing: /home/alex/ros2_ws/install/turtlesim/local/lib/python3.10/dist-packages/turtlesim/msg/_pose_s.c
[41.726s] -- Installing: /home/alex/ros2_ws/install/turtlesim/local/lib/python3.10/dist-packages/turtlesim/__init__.py
[41.726s] -- Installing: /home/alex/ros2_ws/install/turtlesim/local/lib/python3.10/dist-packages/turtlesim/_turtlesim_s.ep.rosidl_typesupport_introspection_c.c
[41.726s] -- Installing: /home/alex/ros2_ws/install/turtlesim/local/lib/python3.10/dist-packages/turtlesim/_turtlesim_s.ep.rosidl_typesupport_c.c
[41.726s] -- Installing: /home/alex/ros2_ws/install/turtlesim/local/lib/python3.10/dist-packages/turtlesim/turtlesim_s__rosidl_typesupport_c.cpython-310-x86_64-linux-gnu.so
[41.727s] -- Installing: /home/alex/ros2_ws/install/turtlesim/local/lib/python3.10/dist-packages/turtlesim/srv
[41.727s] -- Installing: /home/alex/ros2_ws/install/turtlesim/local/lib/python3.10/dist-packages/turtlesim/srv/_kill.py
[41.727s] -- Installing: /home/alex/ros2_ws/install/turtlesim/local/lib/python3.10/dist-packages/turtlesim/srv/_spawn.py
[41.727s] -- Installing: /home/alex/ros2_ws/install/turtlesim/local/lib/python3.10/dist-packages/turtlesim/srv/_spawn_s.c
[41.727s] -- Installing: /home/alex/ros2_ws/install/turtlesim/local/lib/python3.10/dist-packages/turtlesim/srv/__init__.py
[41.727s] -- Installing: /home/alex/ros2_ws/install/turtlesim/local/lib/python3.10/dist-packages/turtlesim/srv/_teleport_relative.py
[41.727s] -- Installing: /home/alex/ros2_ws/install/turtlesim/local/lib/python3.10/dist-packages/turtlesim/srv/_set_pen.py
[41.727s] -- Installing: /home/alex/ros2_ws/install/turtlesim/local/lib/python3.10/dist-packages/turtlesim/srv/_kill_s.c
[41.727s] -- Installing: /home/alex/ros2_ws/install/turtlesim/local/lib/python3.10/dist-packages/turtlesim/srv/_teleport_absolute.py
[41.727s] -- Installing: /home/alex/ros2_ws/install/turtlesim/local/lib/python3.10/dist-packages/turtlesim/srv/_teleport_relative_s.c
[41.727s] -- Installing: /home/alex/ros2_ws/install/turtlesim/local/lib/python3.10/dist-packages/turtlesim/srv/_set_pen_s.c
[41.727s] -- Installing: /home/alex/ros2_ws/install/turtlesim/local/lib/python3.10/dist-packages/turtlesim/srv/_teleport_absolute_s.c
[41.727s] -- Installing: /home/alex/ros2_ws/install/turtlesim/local/lib/python3.10/dist-packages/turtlesim/action
[41.727s] -- Installing: /home/alex/ros2_ws/install/turtlesim/local/lib/python3.10/dist-packages/turtlesim/action/_rotate_absolute.py
[41.727s] -- Installing: /home/alex/ros2_ws/install/turtlesim/local/lib/python3.10/dist-packages/turtlesim/action/__init__.py
[41.727s] -- Installing: /home/alex/ros2_ws/install/turtlesim/local/lib/python3.10/dist-packages/turtlesim/action/_rotate_absolute_s.c
[41.727s] -- Installing: /home/alex/ros2_ws/install/turtlesim/local/lib/python3.10/dist-packages/turtlesim/turtlesim_s__rosidl_typesupport_introspection_c.cpython-310-x86_64-linux-gnu.so
[41.727s] -- Installing: /home/alex/ros2_ws/install/turtlesim/local/lib/python3.10/dist-packages/turtlesim/_turtlesim_s.ep.rosidl_typesupport_fastrtps_c.c
[41.774s] Listing '/home/alex/ros2_ws/install/turtlesim/local/lib/python3.10/dist-packages/turtlesim'...
[41.774s] Compiling '/home/alex/ros2_ws/install/turtlesim/local/lib/python3.10/dist-packages/turtlesim/__init__.py'...
[41.774s] Listing '/home/alex/ros2_ws/install/turtlesim/local/lib/python3.10/dist-packages/turtlesim/action'...
[41.775s] Compiling '/home/alex/ros2_ws/install/turtlesim/local/lib/python3.10/dist-packages/turtlesim/action/__init__.py'...
[41.775s] Compiling '/home/alex/ros2_ws/install/turtlesim/local/lib/python3.10/dist-packages/turtlesim/action/_rotate_absolute.py'...
[41.775s] Listing '/home/alex/ros2_ws/install/turtlesim/local/lib/python3.10/dist-packages/turtlesim/msg'...
[41.775s] Compiling '/home/alex/ros2_ws/install/turtlesim/local/lib/python3.10/dist-packages/turtlesim/msg/__init__.py'...
[41.775s] Compiling '/home/alex/ros2_ws/install/turtlesim/local/lib/python3.10/dist-packages/turtlesim/msg/_color.py'...
[41.775s] Compiling '/home/alex/ros2_ws/install/turtlesim/local/lib/python3.10/dist-packages/turtlesim/msg/_pose.py'...
[41.775s] Listing '/home/alex/ros2_ws/install/turtlesim/local/lib/python3.10/dist-packages/turtlesim/srv'...
[41.775s] Compiling '/home/alex/ros2_ws/install/turtlesim/local/lib/python3.10/dist-packages/turtlesim/srv/__init__.py'...
[41.775s] Compiling '/home/alex/ros2_ws/install/turtlesim/local/lib/python3.10/dist-packages/turtlesim/srv/_kill.py'...
[41.775s] Compiling '/home/alex/ros2_ws/install/turtlesim/local/lib/python3.10/dist-packages/turtlesim/srv/_set_pen.py'...
[41.775s] Compiling '/home/alex/ros2_ws/install/turtlesim/local/lib/python3.10/dist-packages/turtlesim/srv/_spawn.py'...
[41.775s] Compiling '/home/alex/ros2_ws/install/turtlesim/local/lib/python3.10/dist-packages/turtlesim/srv/_teleport_absolute.py'...
[41.775s] Compiling '/home/alex/ros2_ws/install/turtlesim/local/lib/python3.10/dist-packages/turtlesim/srv/_teleport_relative.py'...
[41.779s] -- Installing: /home/alex/ros2_ws/install/turtlesim/local/lib/python3.10/dist-packages/turtlesim/turtlesim_s__rosidl_typesupport_fastrtps_c.cpython-310-x86_64-linux-gnu.so
[41.779s] -- Set runtime path of "/home/alex/ros2_ws/install/turtlesim/local/lib/python3.10/dist-packages/turtlesim/turtlesim_s__rosidl_typesupport_fastrtps_c.cpython-310-x86_64-linux-gnu.so" to ""
[41.779s] -- Installing: /home/alex/ros2_ws/install/turtlesim/local/lib/python3.10/dist-packages/turtlesim/turtlesim_s__rosidl_typesupport_introspection_c.cpython-310-x86_64-linux-gnu.so
[41.780s] -- Set runtime path of "/home/alex/ros2_ws/install/turtlesim/local/lib/python3.10/dist-packages/turtlesim/turtlesim_s__rosidl_typesupport_introspection_c.cpython-310-x86_64-linux-gnu.so" to ""
[41.780s] -- Installing: /home/alex/ros2_ws/install/turtlesim/local/lib/python3.10/dist-packages/turtlesim/turtlesim_s__rosidl_typesupport_c.cpython-310-x86_64-linux-gnu.so
[41.780s] -- Set runtime path of "/home/alex/ros2_ws/install/turtlesim/local/lib/python3.10/dist-packages/turtlesim/turtlesim_s__rosidl_typesupport_c.cpython-310-x86_64-linux-gnu.so" to ""
[41.781s] -- Installing: /home/alex/ros2_ws/install/turtlesim/lib/libturtlesim__rosidl_generator_py.so
[41.781s] -- Set runtime path of "/home/alex/ros2_ws/install/turtlesim/lib/libturtlesim__rosidl_generator_py.so" to ""
[41.781s] -- Installing: /home/alex/ros2_ws/install/turtlesim/share/turtlesim/action/RotateAbsolute.idl
[41.782s] -- Installing: /home/alex/ros2_ws/install/turtlesim/share/turtlesim/msg/Color.idl
[41.782s] -- Installing: /home/alex/ros2_ws/install/turtlesim/share/turtlesim/msg/Pose.idl
[41.782s] -- Installing: /home/alex/ros2_ws/install/turtlesim/share/turtlesim/srv/Kill.idl
[41.782s] -- Installing: /home/alex/ros2_ws/install/turtlesim/share/turtlesim/srv/SetPen.idl
[41.782s] -- Installing: /home/alex/ros2_ws/install/turtlesim/share/turtlesim/srv/Spawn.idl
[41.783s] -- Installing: /home/alex/ros2_ws/install/turtlesim/share/turtlesim/srv/TeleportAbsolute.idl
[41.783s] -- Installing: /home/alex/ros2_ws/install/turtlesim/share/turtlesim/srv/TeleportRelative.idl
[41.783s] -- Installing: /home/alex/ros2_ws/install/turtlesim/share/turtlesim/action/RotateAbsolute.action
[41.783s] -- Installing: /home/alex/ros2_ws/install/turtlesim/share/turtlesim/msg/Color.msg
[41.783s] -- Installing: /home/alex/ros2_ws/install/turtlesim/share/turtlesim/msg/Pose.msg
[41.784s] -- Installing: /home/alex/ros2_ws/install/turtlesim/share/turtlesim/srv/Kill.srv
[41.784s] -- Installing: /home/alex/ros2_ws/install/turtlesim/share/turtlesim/srv/Kill_Request.msg
[41.784s] -- Installing: /home/alex/ros2_ws/install/turtlesim/share/turtlesim/srv/Kill_Response.msg
[41.784s] -- Installing: /home/alex/ros2_ws/install/turtlesim/share/turtlesim/srv/SetPen.srv
[41.784s] -- Installing: /home/alex/ros2_ws/install/turtlesim/share/turtlesim/srv/SetPen_Request.msg
[41.785s] -- Installing: /home/alex/ros2_ws/install/turtlesim/share/turtlesim/srv/SetPen_Response.msg
[41.785s] -- Installing: /home/alex/ros2_ws/install/turtlesim/share/turtlesim/srv/Spawn.srv
[41.785s] -- Installing: /home/alex/ros2_ws/install/turtlesim/share/turtlesim/srv/Spawn_Request.msg
[41.785s] -- Installing: /home/alex/ros2_ws/install/turtlesim/share/turtlesim/srv/Spawn_Response.msg
[41.785s] -- Installing: /home/alex/ros2_ws/install/turtlesim/share/turtlesim/srv/TeleportAbsolute.srv
[41.786s] -- Installing: /home/alex/ros2_ws/install/turtlesim/share/turtlesim/srv/TeleportAbsolute_Request.msg
[41.786s] -- Installing: /home/alex/ros2_ws/install/turtlesim/share/turtlesim/srv/TeleportAbsolute_Response.msg
[41.786s] -- Installing: /home/alex/ros2_ws/install/turtlesim/share/turtlesim/srv/TeleportRelative.srv
[41.786s] -- Installing: /home/alex/ros2_ws/install/turtlesim/share/turtlesim/srv/TeleportRelative_Request.msg
[41.786s] -- Installing: /home/alex/ros2_ws/install/turtlesim/share/turtlesim/srv/TeleportRelative_Response.msg
[41.787s] -- Installing: /home/alex/ros2_ws/install/turtlesim/lib/turtlesim/turtlesim_node
[41.796s] -- Set runtime path of "/home/alex/ros2_ws/install/turtlesim/lib/turtlesim/turtlesim_node" to ""
[41.796s] -- Installing: /home/alex/ros2_ws/install/turtlesim/lib/turtlesim/turtle_teleop_key
[41.798s] -- Set runtime path of "/home/alex/ros2_ws/install/turtlesim/lib/turtlesim/turtle_teleop_key" to ""
[41.798s] -- Installing: /home/alex/ros2_ws/install/turtlesim/lib/turtlesim/draw_square
[41.802s] -- Set runtime path of "/home/alex/ros2_ws/install/turtlesim/lib/turtlesim/draw_square" to ""
[41.802s] -- Installing: /home/alex/ros2_ws/install/turtlesim/lib/turtlesim/mimic
[41.805s] -- Set runtime path of "/home/alex/ros2_ws/install/turtlesim/lib/turtlesim/mimic" to ""
[41.805s] -- Installing: /home/alex/ros2_ws/install/turtlesim/share/turtlesim/images
[41.805s] -- Installing: /home/alex/ros2_ws/install/turtlesim/share/turtlesim/images/crystal.png
[41.806s] -- Installing: /home/alex/ros2_ws/install/turtlesim/share/turtlesim/images/bouncy.png
[41.806s] -- Installing: /home/alex/ros2_ws/install/turtlesim/share/turtlesim/images/galactic.png
[41.806s] -- Installing: /home/alex/ros2_ws/install/turtlesim/share/turtlesim/images/dashing.png
[41.806s] -- Installing: /home/alex/ros2_ws/install/turtlesim/share/turtlesim/images/rolling.png
[41.807s] -- Installing: /home/alex/ros2_ws/install/turtlesim/share/turtlesim/images/eloquent.png
[41.807s] -- Installing: /home/alex/ros2_ws/install/turtlesim/share/turtlesim/images/humble.png
[41.807s] -- Installing: /home/alex/ros2_ws/install/turtlesim/share/turtlesim/images/foxy.png
[41.807s] -- Installing: /home/alex/ros2_ws/install/turtlesim/share/turtlesim/images/ardent.png
[41.807s] -- Installing: /home/alex/ros2_ws/install/turtlesim/share/turtlesim/launch
[41.808s] -- Installing: /home/alex/ros2_ws/install/turtlesim/share/turtlesim/launch/multisim.launch.py
[41.808s] -- Installing: /home/alex/ros2_ws/install/turtlesim/share/ament_index/resource_index/package_run_dependencies/turtlesim
[41.808s] -- Installing: /home/alex/ros2_ws/install/turtlesim/share/ament_index/resource_index/parent_prefix_path/turtlesim
[41.808s] -- Installing: /home/alex/ros2_ws/install/turtlesim/share/turtlesim/environment/ament_prefix_path.sh
[41.809s] -- Installing: /home/alex/ros2_ws/install/turtlesim/share/turtlesim/environment/ament_prefix_path.dsv
[41.809s] -- Installing: /home/alex/ros2_ws/install/turtlesim/share/turtlesim/environment/path.sh
[41.809s] -- Installing: /home/alex/ros2_ws/install/turtlesim/share/turtlesim/environment/path.dsv
[41.809s] -- Installing: /home/alex/ros2_ws/install/turtlesim/share/turtlesim/local_setup.bash
[41.809s] -- Installing: /home/alex/ros2_ws/install/turtlesim/share/turtlesim/local_setup.sh
[41.810s] -- Installing: /home/alex/ros2_ws/install/turtlesim/share/turtlesim/local_setup.zsh
[41.810s] -- Installing: /home/alex/ros2_ws/install/turtlesim/share/turtlesim/local_setup.dsv
[41.810s] -- Installing: /home/alex/ros2_ws/install/turtlesim/share/turtlesim/package.dsv
[41.810s] -- Installing: /home/alex/ros2_ws/install/turtlesim/share/ament_index/resource_index/packages/turtlesim
[41.811s] -- Installing: /home/alex/ros2_ws/install/turtlesim/share/turtlesim/cmake/export_turtlesim__rosidl_generator_cExport.cmake
[41.811s] -- Installing: /home/alex/ros2_ws/install/turtlesim/share/turtlesim/cmake/export_turtlesim__rosidl_generator_cExport-noconfig.cmake
[41.811s] -- Installing: /home/alex/ros2_ws/install/turtlesim/share/turtlesim/cmake/export_turtlesim__rosidl_typesupport_fastrtps_cExport.cmake
[41.811s] -- Installing: /home/alex/ros2_ws/install/turtlesim/share/turtlesim/cmake/export_turtlesim__rosidl_typesupport_fastrtps_cExport-noconfig.cmake
[41.812s] -- Installing: /home/alex/ros2_ws/install/turtlesim/share/turtlesim/cmake/export_turtlesim__rosidl_generator_cppExport.cmake
[41.812s] -- Installing: /home/alex/ros2_ws/install/turtlesim/share/turtlesim/cmake/export_turtlesim__rosidl_typesupport_fastrtps_cppExport.cmake
[41.812s] -- Installing: /home/alex/ros2_ws/install/turtlesim/share/turtlesim/cmake/export_turtlesim__rosidl_typesupport_fastrtps_cppExport-noconfig.cmake
[41.812s] -- Installing: /home/alex/ros2_ws/install/turtlesim/share/turtlesim/cmake/turtlesim__rosidl_typesupport_introspection_cExport.cmake
[41.812s] -- Installing: /home/alex/ros2_ws/install/turtlesim/share/turtlesim/cmake/turtlesim__rosidl_typesupport_introspection_cExport-noconfig.cmake
[41.812s] -- Installing: /home/alex/ros2_ws/install/turtlesim/share/turtlesim/cmake/turtlesim__rosidl_typesupport_cExport.cmake
[41.813s] -- Installing: /home/alex/ros2_ws/install/turtlesim/share/turtlesim/cmake/turtlesim__rosidl_typesupport_cExport-noconfig.cmake
[41.813s] -- Installing: /home/alex/ros2_ws/install/turtlesim/share/turtlesim/cmake/turtlesim__rosidl_typesupport_introspection_cppExport.cmake
[41.813s] -- Installing: /home/alex/ros2_ws/install/turtlesim/share/turtlesim/cmake/turtlesim__rosidl_typesupport_introspection_cppExport-noconfig.cmake
[41.813s] -- Installing: /home/alex/ros2_ws/install/turtlesim/share/turtlesim/cmake/turtlesim__rosidl_typesupport_cppExport.cmake
[41.813s] -- Installing: /home/alex/ros2_ws/install/turtlesim/share/turtlesim/cmake/turtlesim__rosidl_typesupport_cppExport-noconfig.cmake
[41.814s] -- Installing: /home/alex/ros2_ws/install/turtlesim/share/turtlesim/cmake/export_turtlesim__rosidl_generator_pyExport.cmake
[41.814s] -- Installing: /home/alex/ros2_ws/install/turtlesim/share/turtlesim/cmake/export_turtlesim__rosidl_generator_pyExport-noconfig.cmake
[41.814s] -- Installing: /home/alex/ros2_ws/install/turtlesim/share/turtlesim/cmake/rosidl_cmake-extras.cmake
[41.814s] -- Installing: /home/alex/ros2_ws/install/turtlesim/share/turtlesim/cmake/ament_cmake_export_dependencies-extras.cmake
[41.814s] -- Installing: /home/alex/ros2_ws/install/turtlesim/share/turtlesim/cmake/ament_cmake_export_include_directories-extras.cmake
[41.814s] -- Installing: /home/alex/ros2_ws/install/turtlesim/share/turtlesim/cmake/ament_cmake_export_libraries-extras.cmake
[41.814s] -- Installing: /home/alex/ros2_ws/install/turtlesim/share/turtlesim/cmake/ament_cmake_export_targets-extras.cmake
[41.815s] -- Installing: /home/alex/ros2_ws/install/turtlesim/share/turtlesim/cmake/rosidl_cmake_export_typesupport_targets-extras.cmake
[41.815s] -- Installing: /home/alex/ros2_ws/install/turtlesim/share/turtlesim/cmake/rosidl_cmake_export_typesupport_libraries-extras.cmake
[41.815s] -- Installing: /home/alex/ros2_ws/install/turtlesim/share/turtlesim/cmake/turtlesimConfig.cmake
[41.815s] -- Installing: /home/alex/ros2_ws/install/turtlesim/share/turtlesim/cmake/turtlesimConfig-version.cmake
[41.815s] -- Installing: /home/alex/ros2_ws/install/turtlesim/share/turtlesim/package.xml
[41.816s] Invoked command in '/home/alex/ros2_ws/build/turtlesim' returned '0': CMAKE_PREFIX_PATH=${CMAKE_PREFIX_PATH}:/home/alex/ros2_ws/install/my_py_pkg:/opt/ros/humble /usr/bin/cmake --install /home/alex/ros2_ws/build/turtlesim
