[0.625s] Invoking command in '/home/alex/ros2_ws/src/my_py_pkg': PYTHONPATH=/home/alex/ros2_ws/build/my_py_pkg/prefix_override:/home/alex/ros2_ws/install/my_py_pkg/lib/python3.10/site-packages:${PYTHONPATH} /usr/bin/python3 setup.py egg_info --egg-base ../../build/my_py_pkg build --build-base /home/alex/ros2_ws/build/my_py_pkg/build install --record /home/alex/ros2_ws/build/my_py_pkg/install.log --single-version-externally-managed
[0.819s] running egg_info
[0.819s] writing ../../build/my_py_pkg/my_py_pkg.egg-info/PKG-INFO
[0.819s] writing dependency_links to ../../build/my_py_pkg/my_py_pkg.egg-info/dependency_links.txt
[0.820s] writing entry points to ../../build/my_py_pkg/my_py_pkg.egg-info/entry_points.txt
[0.820s] writing requirements to ../../build/my_py_pkg/my_py_pkg.egg-info/requires.txt
[0.820s] writing top-level names to ../../build/my_py_pkg/my_py_pkg.egg-info/top_level.txt
[0.821s] reading manifest file '../../build/my_py_pkg/my_py_pkg.egg-info/SOURCES.txt'
[0.822s] writing manifest file '../../build/my_py_pkg/my_py_pkg.egg-info/SOURCES.txt'
[0.822s] running build
[0.822s] running build_py
[0.822s] copying my_py_pkg/robot_news_station.py -> /home/alex/ros2_ws/build/my_py_pkg/build/lib/my_py_pkg
[0.822s] copying my_py_pkg/template_python_node.py -> /home/alex/ros2_ws/build/my_py_pkg/build/lib/my_py_pkg
[0.823s] copying my_py_pkg/add_two_ints_client_no_oop.py -> /home/alex/ros2_ws/build/my_py_pkg/build/lib/my_py_pkg
[0.823s] copying my_py_pkg/add_two_ints_server.py -> /home/alex/ros2_ws/build/my_py_pkg/build/lib/my_py_pkg
[0.823s] copying my_py_pkg/number_publisher.py -> /home/alex/ros2_ws/build/my_py_pkg/build/lib/my_py_pkg
[0.823s] copying my_py_pkg/smartphone.py -> /home/alex/ros2_ws/build/my_py_pkg/build/lib/my_py_pkg
[0.823s] copying my_py_pkg/add_two_ints_client.py -> /home/alex/ros2_ws/build/my_py_pkg/build/lib/my_py_pkg
[0.823s] copying my_py_pkg/my_first_node.py -> /home/alex/ros2_ws/build/my_py_pkg/build/lib/my_py_pkg
[0.823s] copying my_py_pkg/number_counter.py -> /home/alex/ros2_ws/build/my_py_pkg/build/lib/my_py_pkg
[0.823s] running install
[0.823s] running install_lib
[0.824s] copying /home/alex/ros2_ws/build/my_py_pkg/build/lib/my_py_pkg/robot_news_station.py -> /home/alex/ros2_ws/install/my_py_pkg/lib/python3.10/site-packages/my_py_pkg
[0.824s] copying /home/alex/ros2_ws/build/my_py_pkg/build/lib/my_py_pkg/template_python_node.py -> /home/alex/ros2_ws/install/my_py_pkg/lib/python3.10/site-packages/my_py_pkg
[0.824s] copying /home/alex/ros2_ws/build/my_py_pkg/build/lib/my_py_pkg/add_two_ints_client_no_oop.py -> /home/alex/ros2_ws/install/my_py_pkg/lib/python3.10/site-packages/my_py_pkg
[0.825s] copying /home/alex/ros2_ws/build/my_py_pkg/build/lib/my_py_pkg/add_two_ints_server.py -> /home/alex/ros2_ws/install/my_py_pkg/lib/python3.10/site-packages/my_py_pkg
[0.825s] copying /home/alex/ros2_ws/build/my_py_pkg/build/lib/my_py_pkg/number_publisher.py -> /home/alex/ros2_ws/install/my_py_pkg/lib/python3.10/site-packages/my_py_pkg
[0.825s] copying /home/alex/ros2_ws/build/my_py_pkg/build/lib/my_py_pkg/smartphone.py -> /home/alex/ros2_ws/install/my_py_pkg/lib/python3.10/site-packages/my_py_pkg
[0.825s] copying /home/alex/ros2_ws/build/my_py_pkg/build/lib/my_py_pkg/add_two_ints_client.py -> /home/alex/ros2_ws/install/my_py_pkg/lib/python3.10/site-packages/my_py_pkg
[0.825s] copying /home/alex/ros2_ws/build/my_py_pkg/build/lib/my_py_pkg/my_first_node.py -> /home/alex/ros2_ws/install/my_py_pkg/lib/python3.10/site-packages/my_py_pkg
[0.825s] copying /home/alex/ros2_ws/build/my_py_pkg/build/lib/my_py_pkg/number_counter.py -> /home/alex/ros2_ws/install/my_py_pkg/lib/python3.10/site-packages/my_py_pkg
[0.825s] byte-compiling /home/alex/ros2_ws/install/my_py_pkg/lib/python3.10/site-packages/my_py_pkg/robot_news_station.py to robot_news_station.cpython-310.pyc
[0.825s] byte-compiling /home/alex/ros2_ws/install/my_py_pkg/lib/python3.10/site-packages/my_py_pkg/template_python_node.py to template_python_node.cpython-310.pyc
[0.826s] byte-compiling /home/alex/ros2_ws/install/my_py_pkg/lib/python3.10/site-packages/my_py_pkg/add_two_ints_client_no_oop.py to add_two_ints_client_no_oop.cpython-310.pyc
[0.826s] byte-compiling /home/alex/ros2_ws/install/my_py_pkg/lib/python3.10/site-packages/my_py_pkg/add_two_ints_server.py to add_two_ints_server.cpython-310.pyc
[0.826s] byte-compiling /home/alex/ros2_ws/install/my_py_pkg/lib/python3.10/site-packages/my_py_pkg/number_publisher.py to number_publisher.cpython-310.pyc
[0.827s] byte-compiling /home/alex/ros2_ws/install/my_py_pkg/lib/python3.10/site-packages/my_py_pkg/smartphone.py to smartphone.cpython-310.pyc
[0.827s] byte-compiling /home/alex/ros2_ws/install/my_py_pkg/lib/python3.10/site-packages/my_py_pkg/add_two_ints_client.py to add_two_ints_client.cpython-310.pyc
[0.827s] byte-compiling /home/alex/ros2_ws/install/my_py_pkg/lib/python3.10/site-packages/my_py_pkg/my_first_node.py to my_first_node.cpython-310.pyc
[0.827s] byte-compiling /home/alex/ros2_ws/install/my_py_pkg/lib/python3.10/site-packages/my_py_pkg/number_counter.py to number_counter.cpython-310.pyc
[0.828s] running install_data
[0.828s] copying package.xml -> /home/alex/ros2_ws/install/my_py_pkg/share/my_py_pkg
[0.828s] running install_egg_info
[0.830s] removing '/home/alex/ros2_ws/install/my_py_pkg/lib/python3.10/site-packages/my_py_pkg-0.0.0-py3.10.egg-info' (and everything under it)
[0.830s] Copying ../../build/my_py_pkg/my_py_pkg.egg-info to /home/alex/ros2_ws/install/my_py_pkg/lib/python3.10/site-packages/my_py_pkg-0.0.0-py3.10.egg-info
[0.831s] running install_scripts
[0.847s] Installing add_two_ints_client script to /home/alex/ros2_ws/install/my_py_pkg/lib/my_py_pkg
[0.847s] Installing add_two_ints_client_no_oop script to /home/alex/ros2_ws/install/my_py_pkg/lib/my_py_pkg
[0.848s] Installing add_two_ints_server script to /home/alex/ros2_ws/install/my_py_pkg/lib/my_py_pkg
[0.848s] Installing number_counter script to /home/alex/ros2_ws/install/my_py_pkg/lib/my_py_pkg
[0.848s] Installing number_publisher script to /home/alex/ros2_ws/install/my_py_pkg/lib/my_py_pkg
[0.848s] Installing py_node script to /home/alex/ros2_ws/install/my_py_pkg/lib/my_py_pkg
[0.848s] Installing robot_news_station script to /home/alex/ros2_ws/install/my_py_pkg/lib/my_py_pkg
[0.848s] Installing smartphone script to /home/alex/ros2_ws/install/my_py_pkg/lib/my_py_pkg
[0.848s] writing list of installed files to '/home/alex/ros2_ws/build/my_py_pkg/install.log'
[0.871s] Invoked command in '/home/alex/ros2_ws/src/my_py_pkg' returned '0': PYTHONPATH=/home/alex/ros2_ws/build/my_py_pkg/prefix_override:/home/alex/ros2_ws/install/my_py_pkg/lib/python3.10/site-packages:${PYTHONPATH} /usr/bin/python3 setup.py egg_info --egg-base ../../build/my_py_pkg build --build-base /home/alex/ros2_ws/build/my_py_pkg/build install --record /home/alex/ros2_ws/build/my_py_pkg/install.log --single-version-externally-managed
