[0.621s] Invoking command in '/home/alex/ros2_ws/build/webots_ros2_msgs': CMAKE_PREFIX_PATH=${CMAKE_PREFIX_PATH}:/home/alex/rmf_ws/install/rmf_demos_tasks:/home/alex/rmf_ws/install/rmf_demos_panel:/home/alex/rmf_ws/install/rmf_demos_fleet_adapter:/home/alex/rmf_ws/install/rmf_demos_bridges:/home/alex/ros2_ws/install/my_py_pkg:/opt/ros/humble /usr/bin/cmake /home/alex/ros2_ws/src/webots_ros2/webots_ros2_msgs -DCMAKE_INSTALL_PREFIX=/home/alex/ros2_ws/install/webots_ros2_msgs
[0.743s] -- The C compiler identification is GNU 11.4.0
[0.851s] -- The CXX compiler identification is GNU 11.4.0
[0.862s] -- Detecting C compiler ABI info
[0.911s] -- Detecting C compiler ABI info - done
[0.920s] -- Check for working C compiler: /usr/bin/cc - skipped
[0.920s] -- Detecting C compile features
[0.921s] -- Detecting C compile features - done
[0.924s] -- Detecting CXX compiler ABI info
[0.990s] -- Detecting CXX compiler ABI info - done
[1.001s] -- Check for working CXX compiler: /usr/bin/c++ - skipped
[1.001s] -- Detecting CXX compile features
[1.002s] -- Detecting CXX compile features - done
[1.005s] -- Found ament_cmake: 1.3.7 (/opt/ros/humble/share/ament_cmake/cmake)
[1.178s] -- Found Python3: /usr/bin/python3.10 (found version "3.10.12") found components: Interpreter 
[1.287s] -- Found builtin_interfaces: 1.2.1 (/opt/ros/humble/share/builtin_interfaces/cmake)
[1.334s] -- Found rosidl_generator_c: 3.1.5 (/opt/ros/humble/share/rosidl_generator_c/cmake)
[1.344s] -- Found rosidl_adapter: 3.1.5 (/opt/ros/humble/share/rosidl_adapter/cmake)
[1.357s] -- Found rosidl_generator_cpp: 3.1.5 (/opt/ros/humble/share/rosidl_generator_cpp/cmake)
[1.371s] -- Using all available rosidl_typesupport_c: rosidl_typesupport_fastrtps_c;rosidl_typesupport_introspection_c
[1.393s] -- Using all available rosidl_typesupport_cpp: rosidl_typesupport_fastrtps_cpp;rosidl_typesupport_introspection_cpp
[1.412s] -- Found rosidl_default_generators: 1.2.0 (/opt/ros/humble/share/rosidl_default_generators/cmake)
[1.423s] -- Found geometry_msgs: 4.2.3 (/opt/ros/humble/share/geometry_msgs/cmake)
[1.514s] -- Found vision_msgs: 4.1.1 (/opt/ros/humble/share/vision_msgs/cmake)
[1.871s] -- Found ament_cmake_cppcheck: 0.12.10 (/opt/ros/humble/share/ament_cmake_cppcheck/cmake)
[1.873s] -- Found ament_cmake_cpplint: 0.12.10 (/opt/ros/humble/share/ament_cmake_cpplint/cmake)
[1.876s] -- Found ament_cmake_uncrustify: 0.12.10 (/opt/ros/humble/share/ament_cmake_uncrustify/cmake)
[1.879s] -- Found ament_cmake_ros: 0.10.0 (/opt/ros/humble/share/ament_cmake_ros/cmake)
[2.240s] -- Using all available rosidl_typesupport_c: rosidl_typesupport_fastrtps_c;rosidl_typesupport_introspection_c
[2.381s] -- Using all available rosidl_typesupport_cpp: rosidl_typesupport_fastrtps_cpp;rosidl_typesupport_introspection_cpp
[2.400s] -- Found PythonInterp: /usr/bin/python3 (found suitable version "3.10.12", minimum required is "3.6") 
[2.402s] -- Found python_cmake_module: 0.10.0 (/opt/ros/humble/share/python_cmake_module/cmake)
[2.424s] -- Found PythonLibs: /usr/lib/x86_64-linux-gnu/libpython3.10.so (found suitable version "3.10.12", minimum required is "3.5") 
[2.424s] -- Using PYTHON_EXECUTABLE: /usr/bin/python3
[2.424s] -- Using PYTHON_INCLUDE_DIRS: /usr/include/python3.10
[2.424s] -- Using PYTHON_LIBRARIES: /usr/lib/x86_64-linux-gnu/libpython3.10.so
[2.441s] -- Found PythonExtra: .so  
[2.504s] -- Found ament_cmake_flake8: 0.12.10 (/opt/ros/humble/share/ament_cmake_flake8/cmake)
[2.507s] -- Found ament_cmake_pep257: 0.12.10 (/opt/ros/humble/share/ament_cmake_pep257/cmake)
[2.510s] -- Found ament_lint_auto: 0.12.10 (/opt/ros/humble/share/ament_lint_auto/cmake)
[2.526s] -- Added test 'lint_cmake' to check CMake code style
[2.526s] -- Added test 'xmllint' to check XML markup files
[2.529s] -- Configuring done
[2.569s] -- Generating done
[2.571s] -- Build files have been written to: /home/alex/ros2_ws/build/webots_ros2_msgs
