[0.086s] Invoking command in '/home/alex/ros2_ws/build/my_cpp_pkg': CMAKE_PREFIX_PATH=/opt/ros/humble /usr/bin/cmake --build /home/alex/ros2_ws/build/my_cpp_pkg -- -j8 -l8
[0.114s] -- Found ament_cmake: 1.3.6 (/opt/ros/humble/share/ament_cmake/cmake)
[0.239s] -- Found rclcpp: 16.0.7 (/opt/ros/humble/share/rclcpp/cmake)
[0.273s] -- Found rosidl_generator_c: 3.1.5 (/opt/ros/humble/share/rosidl_generator_c/cmake)
[0.275s] -- Found rosidl_adapter: 3.1.5 (/opt/ros/humble/share/rosidl_adapter/cmake)
[0.279s] -- Found rosidl_generator_cpp: 3.1.5 (/opt/ros/humble/share/rosidl_generator_cpp/cmake)
[0.288s] -- Using all available rosidl_typesupport_c: rosidl_typesupport_fastrtps_c;rosidl_typesupport_introspection_c
[0.301s] -- Using all available rosidl_typesupport_cpp: rosidl_typesupport_fastrtps_cpp;rosidl_typesupport_introspection_cpp
[0.354s] -- Found rmw_implementation_cmake: 6.1.1 (/opt/ros/humble/share/rmw_implementation_cmake/cmake)
[0.355s] -- Found rmw_fastrtps_cpp: 6.2.5 (/opt/ros/humble/share/rmw_fastrtps_cpp/cmake)
[0.465s] -- Using RMW implementation 'rmw_fastrtps_cpp' as default
[0.608s] -- Found example_interfaces: 0.9.3 (/opt/ros/humble/share/example_interfaces/cmake)
[0.735s] -- Found ament_lint_auto: 0.12.9 (/opt/ros/humble/share/ament_lint_auto/cmake)
[0.794s] -- Added test 'cppcheck' to perform static code analysis on C / C++ code
[0.794s] -- Configured cppcheck include dirs: 
[0.794s] -- Configured cppcheck exclude dirs and/or files: 
[0.795s] -- Added test 'lint_cmake' to check CMake code style
[0.796s] -- Added test 'uncrustify' to check C / C++ code style
[0.797s] -- Configured uncrustify additional arguments: 
[0.797s] -- Added test 'xmllint' to check XML markup files
[0.798s] -- Configuring done
[0.829s] -- Generating done
[0.831s] -- Build files have been written to: /home/alex/ros2_ws/build/my_cpp_pkg
[0.853s] [35m[1mConsolidate compiler generated dependencies of target cpp_node[0m
[0.854s] [35m[1mConsolidate compiler generated dependencies of target number_counter[0m
[0.854s] [35m[1mConsolidate compiler generated dependencies of target smartphone[0m
[0.854s] [35m[1mConsolidate compiler generated dependencies of target robot_news_station[0m
[0.855s] [35m[1mConsolidate compiler generated dependencies of target number_publisher[0m
[0.856s] [35m[1mConsolidate compiler generated dependencies of target add_two_ints_client[0m
[0.867s] [35m[1mConsolidate compiler generated dependencies of target add_two_ints_server[0m
[0.867s] [35m[1mConsolidate compiler generated dependencies of target add_two_ints_client_no_oop[0m
[0.876s] [ 12%] [32mBuilding CXX object CMakeFiles/add_two_ints_client.dir/src/add_two_ints_client.cpp.o[0m
[0.876s] [ 18%] [32mBuilding CXX object CMakeFiles/robot_news_station.dir/src/robot_news_station.cpp.o[0m
[0.877s] [ 18%] [32mBuilding CXX object CMakeFiles/number_publisher.dir/src/number_publisher.cpp.o[0m
[0.879s] [ 25%] [32mBuilding CXX object CMakeFiles/cpp_node.dir/src/my_first_node.cpp.o[0m
[0.879s] [ 31%] [32mBuilding CXX object CMakeFiles/number_counter.dir/src/number_counter.cpp.o[0m
[0.879s] [ 37%] [32mBuilding CXX object CMakeFiles/smartphone.dir/src/smartphone.cpp.o[0m
[0.887s] [ 43%] [32mBuilding CXX object CMakeFiles/add_two_ints_server.dir/src/add_two_ints_server.cpp.o[0m
[0.888s] [ 50%] [32mBuilding CXX object CMakeFiles/add_two_ints_client_no_oop.dir/src/add_two_ints_client_no_oop.cpp.o[0m
[6.407s] [ 56%] [32m[1mLinking CXX executable cpp_node[0m
[6.923s] [ 56%] Built target cpp_node
[7.228s] [ 62%] [32m[1mLinking CXX executable add_two_ints_client[0m
[7.800s] [ 62%] Built target add_two_ints_client
[9.054s] [ 68%] [32m[1mLinking CXX executable add_two_ints_client_no_oop[0m
[9.627s] [ 68%] Built target add_two_ints_client_no_oop
[9.901s] [ 75%] [32m[1mLinking CXX executable add_two_ints_server[0m
[10.555s] [ 75%] Built target add_two_ints_server
[11.252s] [ 81%] [32m[1mLinking CXX executable robot_news_station[0m
[11.955s] [ 81%] Built target robot_news_station
[11.964s] [ 87%] [32m[1mLinking CXX executable number_publisher[0m
[12.296s] [ 87%] Built target number_publisher
[17.706s] [ 93%] [32m[1mLinking CXX executable number_counter[0m
[18.249s] [100%] [32m[1mLinking CXX executable smartphone[0m
[18.685s] [100%] Built target number_counter
[19.106s] [100%] Built target smartphone
[19.119s] Invoked command in '/home/alex/ros2_ws/build/my_cpp_pkg' returned '0': CMAKE_PREFIX_PATH=/opt/ros/humble /usr/bin/cmake --build /home/alex/ros2_ws/build/my_cpp_pkg -- -j8 -l8
[19.346s] Invoking command in '/home/alex/ros2_ws/build/my_cpp_pkg': CMAKE_PREFIX_PATH=/opt/ros/humble /usr/bin/cmake --install /home/alex/ros2_ws/build/my_cpp_pkg
[19.361s] -- Install configuration: ""
[19.361s] -- Installing: /home/alex/ros2_ws/install/my_cpp_pkg/lib/my_cpp_pkg/cpp_node
[19.361s] -- Set runtime path of "/home/alex/ros2_ws/install/my_cpp_pkg/lib/my_cpp_pkg/cpp_node" to ""
[19.361s] -- Installing: /home/alex/ros2_ws/install/my_cpp_pkg/lib/my_cpp_pkg/robot_news_station
[19.361s] -- Set runtime path of "/home/alex/ros2_ws/install/my_cpp_pkg/lib/my_cpp_pkg/robot_news_station" to ""
[19.361s] -- Installing: /home/alex/ros2_ws/install/my_cpp_pkg/lib/my_cpp_pkg/smartphone
[19.361s] -- Set runtime path of "/home/alex/ros2_ws/install/my_cpp_pkg/lib/my_cpp_pkg/smartphone" to ""
[19.361s] -- Installing: /home/alex/ros2_ws/install/my_cpp_pkg/lib/my_cpp_pkg/number_publisher
[19.362s] -- Set runtime path of "/home/alex/ros2_ws/install/my_cpp_pkg/lib/my_cpp_pkg/number_publisher" to ""
[19.362s] -- Installing: /home/alex/ros2_ws/install/my_cpp_pkg/lib/my_cpp_pkg/number_counter
[19.374s] -- Set runtime path of "/home/alex/ros2_ws/install/my_cpp_pkg/lib/my_cpp_pkg/number_counter" to ""
[19.374s] -- Installing: /home/alex/ros2_ws/install/my_cpp_pkg/lib/my_cpp_pkg/add_two_ints_server
[19.375s] -- Set runtime path of "/home/alex/ros2_ws/install/my_cpp_pkg/lib/my_cpp_pkg/add_two_ints_server" to ""
[19.375s] -- Installing: /home/alex/ros2_ws/install/my_cpp_pkg/lib/my_cpp_pkg/add_two_ints_client
[19.377s] -- Set runtime path of "/home/alex/ros2_ws/install/my_cpp_pkg/lib/my_cpp_pkg/add_two_ints_client" to ""
[19.377s] -- Installing: /home/alex/ros2_ws/install/my_cpp_pkg/lib/my_cpp_pkg/add_two_ints_client_no_oop
[19.378s] -- Set runtime path of "/home/alex/ros2_ws/install/my_cpp_pkg/lib/my_cpp_pkg/add_two_ints_client_no_oop" to ""
[19.378s] -- Installing: /home/alex/ros2_ws/install/my_cpp_pkg/share/ament_index/resource_index/package_run_dependencies/my_cpp_pkg
[19.379s] -- Installing: /home/alex/ros2_ws/install/my_cpp_pkg/share/ament_index/resource_index/parent_prefix_path/my_cpp_pkg
[19.379s] -- Installing: /home/alex/ros2_ws/install/my_cpp_pkg/share/my_cpp_pkg/environment/ament_prefix_path.sh
[19.379s] -- Installing: /home/alex/ros2_ws/install/my_cpp_pkg/share/my_cpp_pkg/environment/ament_prefix_path.dsv
[19.379s] -- Installing: /home/alex/ros2_ws/install/my_cpp_pkg/share/my_cpp_pkg/environment/path.sh
[19.380s] -- Installing: /home/alex/ros2_ws/install/my_cpp_pkg/share/my_cpp_pkg/environment/path.dsv
[19.380s] -- Installing: /home/alex/ros2_ws/install/my_cpp_pkg/share/my_cpp_pkg/local_setup.bash
[19.380s] -- Installing: /home/alex/ros2_ws/install/my_cpp_pkg/share/my_cpp_pkg/local_setup.sh
[19.381s] -- Installing: /home/alex/ros2_ws/install/my_cpp_pkg/share/my_cpp_pkg/local_setup.zsh
[19.381s] -- Installing: /home/alex/ros2_ws/install/my_cpp_pkg/share/my_cpp_pkg/local_setup.dsv
[19.383s] -- Installing: /home/alex/ros2_ws/install/my_cpp_pkg/share/my_cpp_pkg/package.dsv
[19.384s] -- Installing: /home/alex/ros2_ws/install/my_cpp_pkg/share/ament_index/resource_index/packages/my_cpp_pkg
[19.384s] -- Installing: /home/alex/ros2_ws/install/my_cpp_pkg/share/my_cpp_pkg/cmake/my_cpp_pkgConfig.cmake
[19.384s] -- Installing: /home/alex/ros2_ws/install/my_cpp_pkg/share/my_cpp_pkg/cmake/my_cpp_pkgConfig-version.cmake
[19.384s] -- Installing: /home/alex/ros2_ws/install/my_cpp_pkg/share/my_cpp_pkg/package.xml
[19.396s] Invoked command in '/home/alex/ros2_ws/build/my_cpp_pkg' returned '0': CMAKE_PREFIX_PATH=/opt/ros/humble /usr/bin/cmake --install /home/alex/ros2_ws/build/my_cpp_pkg
