[0.718s] Invoking command in '/home/alex/ros2_ws/src/my_py_pkg': PYTHONPATH=/home/alex/ros2_ws/build/my_py_pkg/prefix_override:/home/alex/ros2_ws/install/my_py_pkg/lib/python3.10/site-packages:${PYTHONPATH} /usr/bin/python3 setup.py egg_info --egg-base ../../build/my_py_pkg build --build-base /home/alex/ros2_ws/build/my_py_pkg/build install --record /home/alex/ros2_ws/build/my_py_pkg/install.log --single-version-externally-managed
[0.953s] running egg_info
[0.954s] writing ../../build/my_py_pkg/my_py_pkg.egg-info/PKG-INFO
[0.954s] writing dependency_links to ../../build/my_py_pkg/my_py_pkg.egg-info/dependency_links.txt
[0.955s] writing entry points to ../../build/my_py_pkg/my_py_pkg.egg-info/entry_points.txt
[0.955s] writing requirements to ../../build/my_py_pkg/my_py_pkg.egg-info/requires.txt
[0.955s] writing top-level names to ../../build/my_py_pkg/my_py_pkg.egg-info/top_level.txt
[0.957s] reading manifest file '../../build/my_py_pkg/my_py_pkg.egg-info/SOURCES.txt'
[0.958s] writing manifest file '../../build/my_py_pkg/my_py_pkg.egg-info/SOURCES.txt'
[0.958s] running build
[0.958s] running build_py
[0.959s] running install
[0.960s] running install_lib
[0.961s] running install_data
[0.962s] running install_egg_info
[0.964s] removing '/home/alex/ros2_ws/install/my_py_pkg/lib/python3.10/site-packages/my_py_pkg-0.0.0-py3.10.egg-info' (and everything under it)
[0.964s] Copying ../../build/my_py_pkg/my_py_pkg.egg-info to /home/alex/ros2_ws/install/my_py_pkg/lib/python3.10/site-packages/my_py_pkg-0.0.0-py3.10.egg-info
[0.966s] running install_scripts
[0.988s] Installing add_two_ints_client script to /home/alex/ros2_ws/install/my_py_pkg/lib/my_py_pkg
[0.988s] Installing add_two_ints_client_no_oop script to /home/alex/ros2_ws/install/my_py_pkg/lib/my_py_pkg
[0.988s] Installing add_two_ints_server script to /home/alex/ros2_ws/install/my_py_pkg/lib/my_py_pkg
[0.988s] Installing number_counter script to /home/alex/ros2_ws/install/my_py_pkg/lib/my_py_pkg
[0.989s] Installing number_publisher script to /home/alex/ros2_ws/install/my_py_pkg/lib/my_py_pkg
[0.989s] Installing py_node script to /home/alex/ros2_ws/install/my_py_pkg/lib/my_py_pkg
[0.989s] Installing robot_news_station script to /home/alex/ros2_ws/install/my_py_pkg/lib/my_py_pkg
[0.989s] Installing smartphone script to /home/alex/ros2_ws/install/my_py_pkg/lib/my_py_pkg
[0.989s] writing list of installed files to '/home/alex/ros2_ws/build/my_py_pkg/install.log'
[1.026s] Invoked command in '/home/alex/ros2_ws/src/my_py_pkg' returned '0': PYTHONPATH=/home/alex/ros2_ws/build/my_py_pkg/prefix_override:/home/alex/ros2_ws/install/my_py_pkg/lib/python3.10/site-packages:${PYTHONPATH} /usr/bin/python3 setup.py egg_info --egg-base ../../build/my_py_pkg build --build-base /home/alex/ros2_ws/build/my_py_pkg/build install --record /home/alex/ros2_ws/build/my_py_pkg/install.log --single-version-externally-managed
