[0.591s] Invoking command in '/home/alex/ros2_ws/src/my_py_pkg': PYTHONPATH=/home/alex/ros2_ws/build/my_py_pkg/prefix_override:/home/alex/ros2_ws/install/my_py_pkg/lib/python3.10/site-packages:${PYTHONPATH} /usr/bin/python3 setup.py egg_info --egg-base ../../build/my_py_pkg build --build-base /home/alex/ros2_ws/build/my_py_pkg/build install --record /home/alex/ros2_ws/build/my_py_pkg/install.log --single-version-externally-managed
[0.775s] running egg_info
[0.775s] creating ../../build/my_py_pkg/my_py_pkg.egg-info
[0.775s] writing ../../build/my_py_pkg/my_py_pkg.egg-info/PKG-INFO
[0.776s] writing dependency_links to ../../build/my_py_pkg/my_py_pkg.egg-info/dependency_links.txt
[0.776s] writing entry points to ../../build/my_py_pkg/my_py_pkg.egg-info/entry_points.txt
[0.776s] writing requirements to ../../build/my_py_pkg/my_py_pkg.egg-info/requires.txt
[0.776s] writing top-level names to ../../build/my_py_pkg/my_py_pkg.egg-info/top_level.txt
[0.776s] writing manifest file '../../build/my_py_pkg/my_py_pkg.egg-info/SOURCES.txt'
[0.778s] reading manifest file '../../build/my_py_pkg/my_py_pkg.egg-info/SOURCES.txt'
[0.778s] writing manifest file '../../build/my_py_pkg/my_py_pkg.egg-info/SOURCES.txt'
[0.778s] running build
[0.778s] running build_py
[0.779s] creating /home/alex/ros2_ws/build/my_py_pkg/build
[0.779s] creating /home/alex/ros2_ws/build/my_py_pkg/build/lib
[0.779s] creating /home/alex/ros2_ws/build/my_py_pkg/build/lib/my_py_pkg
[0.780s] copying my_py_pkg/robot_news_station.py -> /home/alex/ros2_ws/build/my_py_pkg/build/lib/my_py_pkg
[0.780s] copying my_py_pkg/template_python_node.py -> /home/alex/ros2_ws/build/my_py_pkg/build/lib/my_py_pkg
[0.780s] copying my_py_pkg/add_two_ints_client_no_oop.py -> /home/alex/ros2_ws/build/my_py_pkg/build/lib/my_py_pkg
[0.780s] copying my_py_pkg/add_two_ints_server.py -> /home/alex/ros2_ws/build/my_py_pkg/build/lib/my_py_pkg
[0.780s] copying my_py_pkg/number_publisher.py -> /home/alex/ros2_ws/build/my_py_pkg/build/lib/my_py_pkg
[0.780s] copying my_py_pkg/smartphone.py -> /home/alex/ros2_ws/build/my_py_pkg/build/lib/my_py_pkg
[0.781s] copying my_py_pkg/__init__.py -> /home/alex/ros2_ws/build/my_py_pkg/build/lib/my_py_pkg
[0.781s] copying my_py_pkg/add_two_ints_client.py -> /home/alex/ros2_ws/build/my_py_pkg/build/lib/my_py_pkg
[0.781s] copying my_py_pkg/my_first_node.py -> /home/alex/ros2_ws/build/my_py_pkg/build/lib/my_py_pkg
[0.781s] copying my_py_pkg/number_counter.py -> /home/alex/ros2_ws/build/my_py_pkg/build/lib/my_py_pkg
[0.781s] running install
[0.781s] running install_lib
[0.782s] creating /home/alex/ros2_ws/install/my_py_pkg/lib/python3.10/site-packages/my_py_pkg
[0.782s] copying /home/alex/ros2_ws/build/my_py_pkg/build/lib/my_py_pkg/robot_news_station.py -> /home/alex/ros2_ws/install/my_py_pkg/lib/python3.10/site-packages/my_py_pkg
[0.782s] copying /home/alex/ros2_ws/build/my_py_pkg/build/lib/my_py_pkg/template_python_node.py -> /home/alex/ros2_ws/install/my_py_pkg/lib/python3.10/site-packages/my_py_pkg
[0.782s] copying /home/alex/ros2_ws/build/my_py_pkg/build/lib/my_py_pkg/add_two_ints_client_no_oop.py -> /home/alex/ros2_ws/install/my_py_pkg/lib/python3.10/site-packages/my_py_pkg
[0.782s] copying /home/alex/ros2_ws/build/my_py_pkg/build/lib/my_py_pkg/add_two_ints_server.py -> /home/alex/ros2_ws/install/my_py_pkg/lib/python3.10/site-packages/my_py_pkg
[0.783s] copying /home/alex/ros2_ws/build/my_py_pkg/build/lib/my_py_pkg/number_publisher.py -> /home/alex/ros2_ws/install/my_py_pkg/lib/python3.10/site-packages/my_py_pkg
[0.783s] copying /home/alex/ros2_ws/build/my_py_pkg/build/lib/my_py_pkg/smartphone.py -> /home/alex/ros2_ws/install/my_py_pkg/lib/python3.10/site-packages/my_py_pkg
[0.783s] copying /home/alex/ros2_ws/build/my_py_pkg/build/lib/my_py_pkg/__init__.py -> /home/alex/ros2_ws/install/my_py_pkg/lib/python3.10/site-packages/my_py_pkg
[0.783s] copying /home/alex/ros2_ws/build/my_py_pkg/build/lib/my_py_pkg/add_two_ints_client.py -> /home/alex/ros2_ws/install/my_py_pkg/lib/python3.10/site-packages/my_py_pkg
[0.783s] copying /home/alex/ros2_ws/build/my_py_pkg/build/lib/my_py_pkg/my_first_node.py -> /home/alex/ros2_ws/install/my_py_pkg/lib/python3.10/site-packages/my_py_pkg
[0.783s] copying /home/alex/ros2_ws/build/my_py_pkg/build/lib/my_py_pkg/number_counter.py -> /home/alex/ros2_ws/install/my_py_pkg/lib/python3.10/site-packages/my_py_pkg
[0.784s] byte-compiling /home/alex/ros2_ws/install/my_py_pkg/lib/python3.10/site-packages/my_py_pkg/robot_news_station.py to robot_news_station.cpython-310.pyc
[0.784s] byte-compiling /home/alex/ros2_ws/install/my_py_pkg/lib/python3.10/site-packages/my_py_pkg/template_python_node.py to template_python_node.cpython-310.pyc
[0.785s] byte-compiling /home/alex/ros2_ws/install/my_py_pkg/lib/python3.10/site-packages/my_py_pkg/add_two_ints_client_no_oop.py to add_two_ints_client_no_oop.cpython-310.pyc
[0.785s] byte-compiling /home/alex/ros2_ws/install/my_py_pkg/lib/python3.10/site-packages/my_py_pkg/add_two_ints_server.py to add_two_ints_server.cpython-310.pyc
[0.785s] byte-compiling /home/alex/ros2_ws/install/my_py_pkg/lib/python3.10/site-packages/my_py_pkg/number_publisher.py to number_publisher.cpython-310.pyc
[0.786s] byte-compiling /home/alex/ros2_ws/install/my_py_pkg/lib/python3.10/site-packages/my_py_pkg/smartphone.py to smartphone.cpython-310.pyc
[0.786s] byte-compiling /home/alex/ros2_ws/install/my_py_pkg/lib/python3.10/site-packages/my_py_pkg/__init__.py to __init__.cpython-310.pyc
[0.786s] byte-compiling /home/alex/ros2_ws/install/my_py_pkg/lib/python3.10/site-packages/my_py_pkg/add_two_ints_client.py to add_two_ints_client.cpython-310.pyc
[0.787s] byte-compiling /home/alex/ros2_ws/install/my_py_pkg/lib/python3.10/site-packages/my_py_pkg/my_first_node.py to my_first_node.cpython-310.pyc
[0.787s] byte-compiling /home/alex/ros2_ws/install/my_py_pkg/lib/python3.10/site-packages/my_py_pkg/number_counter.py to number_counter.cpython-310.pyc
[0.787s] running install_data
[0.788s] creating /home/alex/ros2_ws/install/my_py_pkg/share/ament_index
[0.788s] creating /home/alex/ros2_ws/install/my_py_pkg/share/ament_index/resource_index
[0.788s] creating /home/alex/ros2_ws/install/my_py_pkg/share/ament_index/resource_index/packages
[0.788s] copying resource/my_py_pkg -> /home/alex/ros2_ws/install/my_py_pkg/share/ament_index/resource_index/packages
[0.789s] copying package.xml -> /home/alex/ros2_ws/install/my_py_pkg/share/my_py_pkg
[0.789s] running install_egg_info
[0.790s] Copying ../../build/my_py_pkg/my_py_pkg.egg-info to /home/alex/ros2_ws/install/my_py_pkg/lib/python3.10/site-packages/my_py_pkg-0.0.0-py3.10.egg-info
[0.791s] running install_scripts
[0.806s] Installing add_two_ints_client script to /home/alex/ros2_ws/install/my_py_pkg/lib/my_py_pkg
[0.806s] Installing add_two_ints_client_no_oop script to /home/alex/ros2_ws/install/my_py_pkg/lib/my_py_pkg
[0.806s] Installing add_two_ints_server script to /home/alex/ros2_ws/install/my_py_pkg/lib/my_py_pkg
[0.806s] Installing number_counter script to /home/alex/ros2_ws/install/my_py_pkg/lib/my_py_pkg
[0.806s] Installing number_publisher script to /home/alex/ros2_ws/install/my_py_pkg/lib/my_py_pkg
[0.806s] Installing py_node script to /home/alex/ros2_ws/install/my_py_pkg/lib/my_py_pkg
[0.807s] Installing robot_news_station script to /home/alex/ros2_ws/install/my_py_pkg/lib/my_py_pkg
[0.807s] Installing smartphone script to /home/alex/ros2_ws/install/my_py_pkg/lib/my_py_pkg
[0.807s] writing list of installed files to '/home/alex/ros2_ws/build/my_py_pkg/install.log'
[0.827s] Invoked command in '/home/alex/ros2_ws/src/my_py_pkg' returned '0': PYTHONPATH=/home/alex/ros2_ws/build/my_py_pkg/prefix_override:/home/alex/ros2_ws/install/my_py_pkg/lib/python3.10/site-packages:${PYTHONPATH} /usr/bin/python3 setup.py egg_info --egg-base ../../build/my_py_pkg build --build-base /home/alex/ros2_ws/build/my_py_pkg/build install --record /home/alex/ros2_ws/build/my_py_pkg/install.log --single-version-externally-managed
