[0.082s] Invoking command in '/home/alex/ros2_ws/build/webots_ros2_driver': AMENT_PREFIX_PATH=/home/alex/ros2_ws/install/webots_ros2_msgs:/home/alex/ros2_ws/install/webots_ros2_importer:${AMENT_PREFIX_PATH} CMAKE_PREFIX_PATH=/home/alex/ros2_ws/install/webots_ros2_msgs:/home/alex/ros2_ws/install/turtlesim:/home/alex/ros2_ws/install/my_robot_interfaces:/home/alex/ros2_ws/install/my_cpp_pkg:/home/alex/rmf_ws/install/rmf_demos_gz_classic:/home/alex/rmf_ws/install/rmf_demos_gz:/home/alex/rmf_ws/install/rmf_demos:/home/alex/rmf_ws/install/rmf_demos_maps:/home/alex/rmf_ws/install/rmf_demos_dashboard_resources:/home/alex/rmf_ws/install/rmf_demos_assets:/home/alex/ros2_ws/install/my_py_pkg:/home/alex/rmf_ws/install/rmf_demos_tasks:/home/alex/rmf_ws/install/rmf_demos_panel:/home/alex/rmf_ws/install/rmf_demos_fleet_adapter:/home/alex/rmf_ws/install/rmf_demos_bridges:/opt/ros/humble LD_LIBRARY_PATH=/home/alex/ros2_ws/install/webots_ros2_msgs/lib PYTHONPATH=/home/alex/ros2_ws/install/webots_ros2_msgs/local/lib/python3.10/dist-packages:/home/alex/ros2_ws/install/webots_ros2_importer/lib/python3.10/site-packages:${PYTHONPATH} /usr/bin/cmake /home/alex/ros2_ws/src/webots_ros2/webots_ros2_driver -DCMAKE_INSTALL_PREFIX=/home/alex/ros2_ws/install/webots_ros2_driver
[0.160s] -- The C compiler identification is GNU 11.4.0
[0.225s] -- The CXX compiler identification is GNU 11.4.0
[0.231s] -- Detecting C compiler ABI info
[0.278s] -- Detecting C compiler ABI info - done
[0.284s] -- Check for working C compiler: /usr/bin/cc - skipped
[0.284s] -- Detecting C compile features
[0.285s] -- Detecting C compile features - done
[0.288s] -- Detecting CXX compiler ABI info
[0.342s] -- Detecting CXX compiler ABI info - done
[0.348s] -- Check for working CXX compiler: /usr/bin/c++ - skipped
[0.349s] -- Detecting CXX compile features
[0.349s] -- Detecting CXX compile features - done
[0.352s] -- Found ament_cmake: 1.3.7 (/opt/ros/humble/share/ament_cmake/cmake)
[0.496s] -- Found Python3: /usr/bin/python3.10 (found version "3.10.12") found components: Interpreter 
[0.585s] -- Found rosgraph_msgs: 1.2.1 (/opt/ros/humble/share/rosgraph_msgs/cmake)
[0.620s] -- Found rosidl_generator_c: 3.1.5 (/opt/ros/humble/share/rosidl_generator_c/cmake)
[0.626s] -- Found rosidl_adapter: 3.1.5 (/opt/ros/humble/share/rosidl_adapter/cmake)
[0.635s] -- Found rosidl_generator_cpp: 3.1.5 (/opt/ros/humble/share/rosidl_generator_cpp/cmake)
[0.648s] -- Using all available rosidl_typesupport_c: rosidl_typesupport_fastrtps_c;rosidl_typesupport_introspection_c
[0.667s] -- Using all available rosidl_typesupport_cpp: rosidl_typesupport_fastrtps_cpp;rosidl_typesupport_introspection_cpp
[0.719s] -- Found rclcpp: 16.0.8 (/opt/ros/humble/share/rclcpp/cmake)
[0.783s] -- Found rmw_implementation_cmake: 6.1.1 (/opt/ros/humble/share/rmw_implementation_cmake/cmake)
[0.787s] -- Found rmw_fastrtps_cpp: 6.2.6 (/opt/ros/humble/share/rmw_fastrtps_cpp/cmake)
[0.871s] -- Found OpenSSL: /usr/lib/x86_64-linux-gnu/libcrypto.so (found version "3.0.2")  
[0.894s] -- Found FastRTPS: /opt/ros/humble/include  
[0.933s] -- Using RMW implementation 'rmw_fastrtps_cpp' as default
[0.944s] -- Looking for pthread.h
[0.996s] -- Looking for pthread.h - found
[0.996s] -- Performing Test CMAKE_HAVE_LIBC_PTHREAD
[1.044s] -- Performing Test CMAKE_HAVE_LIBC_PTHREAD - Success
[1.045s] -- Found Threads: TRUE  
[1.173s] -- Found pluginlib: 5.1.0 (/opt/ros/humble/share/pluginlib/cmake)
[1.200s] -- Found sensor_msgs: 4.2.3 (/opt/ros/humble/share/sensor_msgs/cmake)
[1.315s] -- Found tf2_geometry_msgs: 0.25.5 (/opt/ros/humble/share/tf2_geometry_msgs/cmake)
[1.333s] -- Found eigen3_cmake_module: 0.1.1 (/opt/ros/humble/share/eigen3_cmake_module/cmake)
[1.334s] -- Found Eigen3: TRUE (found version "3.4.0") 
[1.334s] -- Ensuring Eigen3 include directory is part of orocos-kdl CMake target
[1.660s] -- Found vision_msgs: 4.1.1 (/opt/ros/humble/share/vision_msgs/cmake)
[1.718s] -- Found webots_ros2_msgs: 2023.1.1 (/home/alex/ros2_ws/install/webots_ros2_msgs/share/webots_ros2_msgs/cmake)
[1.820s] -- Found TinyXML2 via Config file: TinyXML2_DIR-NOTFOUND
[1.841s] -- Found PythonLibs: /usr/lib/x86_64-linux-gnu/libpython3.10.so (found suitable exact version "3.10.12") 
[2.072s] -- Configuring done
[2.093s] -- Generating done
[2.094s] -- Build files have been written to: /home/alex/ros2_ws/build/webots_ros2_driver
[2.103s] Invoked command in '/home/alex/ros2_ws/build/webots_ros2_driver' returned '0': AMENT_PREFIX_PATH=/home/alex/ros2_ws/install/webots_ros2_msgs:/home/alex/ros2_ws/install/webots_ros2_importer:${AMENT_PREFIX_PATH} CMAKE_PREFIX_PATH=/home/alex/ros2_ws/install/webots_ros2_msgs:/home/alex/ros2_ws/install/turtlesim:/home/alex/ros2_ws/install/my_robot_interfaces:/home/alex/ros2_ws/install/my_cpp_pkg:/home/alex/rmf_ws/install/rmf_demos_gz_classic:/home/alex/rmf_ws/install/rmf_demos_gz:/home/alex/rmf_ws/install/rmf_demos:/home/alex/rmf_ws/install/rmf_demos_maps:/home/alex/rmf_ws/install/rmf_demos_dashboard_resources:/home/alex/rmf_ws/install/rmf_demos_assets:/home/alex/ros2_ws/install/my_py_pkg:/home/alex/rmf_ws/install/rmf_demos_tasks:/home/alex/rmf_ws/install/rmf_demos_panel:/home/alex/rmf_ws/install/rmf_demos_fleet_adapter:/home/alex/rmf_ws/install/rmf_demos_bridges:/opt/ros/humble LD_LIBRARY_PATH=/home/alex/ros2_ws/install/webots_ros2_msgs/lib PYTHONPATH=/home/alex/ros2_ws/install/webots_ros2_msgs/local/lib/python3.10/dist-packages:/home/alex/ros2_ws/install/webots_ros2_importer/lib/python3.10/site-packages:${PYTHONPATH} /usr/bin/cmake /home/alex/ros2_ws/src/webots_ros2/webots_ros2_driver -DCMAKE_INSTALL_PREFIX=/home/alex/ros2_ws/install/webots_ros2_driver
[2.104s] Invoking command in '/home/alex/ros2_ws/build/webots_ros2_driver': AMENT_PREFIX_PATH=/home/alex/ros2_ws/install/webots_ros2_msgs:/home/alex/ros2_ws/install/webots_ros2_importer:${AMENT_PREFIX_PATH} CMAKE_PREFIX_PATH=/home/alex/ros2_ws/install/webots_ros2_msgs:/home/alex/ros2_ws/install/turtlesim:/home/alex/ros2_ws/install/my_robot_interfaces:/home/alex/ros2_ws/install/my_cpp_pkg:/home/alex/rmf_ws/install/rmf_demos_gz_classic:/home/alex/rmf_ws/install/rmf_demos_gz:/home/alex/rmf_ws/install/rmf_demos:/home/alex/rmf_ws/install/rmf_demos_maps:/home/alex/rmf_ws/install/rmf_demos_dashboard_resources:/home/alex/rmf_ws/install/rmf_demos_assets:/home/alex/ros2_ws/install/my_py_pkg:/home/alex/rmf_ws/install/rmf_demos_tasks:/home/alex/rmf_ws/install/rmf_demos_panel:/home/alex/rmf_ws/install/rmf_demos_fleet_adapter:/home/alex/rmf_ws/install/rmf_demos_bridges:/opt/ros/humble LD_LIBRARY_PATH=/home/alex/ros2_ws/install/webots_ros2_msgs/lib PYTHONPATH=/home/alex/ros2_ws/install/webots_ros2_msgs/local/lib/python3.10/dist-packages:/home/alex/ros2_ws/install/webots_ros2_importer/lib/python3.10/site-packages:${PYTHONPATH} /usr/bin/cmake --build /home/alex/ros2_ws/build/webots_ros2_driver -- -j8 -l8
[2.144s] [  0%] Built target ament_cmake_python_copy_webots_ros2_driver
[2.145s] [  0%] Built target ament_cmake_python_copy_vehicle
[2.146s] [  0%] Built target ament_cmake_python_copy_controller
[2.417s] running egg_info
[2.417s] creating vehicle.egg-info
[2.417s] writing vehicle.egg-info/PKG-INFO
[2.417s] writing dependency_links to vehicle.egg-info/dependency_links.txt
[2.417s] writing top-level names to vehicle.egg-info/top_level.txt
[2.418s] writing manifest file 'vehicle.egg-info/SOURCES.txt'
[2.419s] running egg_info
[2.419s] reading manifest file 'vehicle.egg-info/SOURCES.txt'
[2.420s] creating controller.egg-info
[2.420s] writing controller.egg-info/PKG-INFO
[2.420s] writing dependency_links to controller.egg-info/dependency_links.txt
[2.420s] running egg_info
[2.420s] writing top-level names to controller.egg-info/top_level.txt
[2.420s] writing manifest file 'vehicle.egg-info/SOURCES.txt'
[2.420s] writing manifest file 'controller.egg-info/SOURCES.txt'
[2.421s] creating webots_ros2_driver.egg-info
[2.421s] writing webots_ros2_driver.egg-info/PKG-INFO
[2.421s] writing dependency_links to webots_ros2_driver.egg-info/dependency_links.txt
[2.421s] writing top-level names to webots_ros2_driver.egg-info/top_level.txt
[2.421s] writing manifest file 'webots_ros2_driver.egg-info/SOURCES.txt'
[2.422s] reading manifest file 'controller.egg-info/SOURCES.txt'
[2.423s] writing manifest file 'controller.egg-info/SOURCES.txt'
[2.424s] reading manifest file 'webots_ros2_driver.egg-info/SOURCES.txt'
[2.424s] writing manifest file 'webots_ros2_driver.egg-info/SOURCES.txt'
[2.446s] [  0%] Built target ament_cmake_python_build_vehicle_egg
[2.450s] [  0%] Built target ament_cmake_python_build_controller_egg
[2.450s] [  0%] Built target ament_cmake_python_build_webots_ros2_driver_egg
[17.580s] [  0%] Built target compile-lib-controller
[17.759s] [  0%] Built target compile-generic-window
[19.140s] [  0%] Built target compile-lib-vehicle
[19.158s] [ 22%] [32mBuilding CXX object CMakeFiles/webots_ros2_driver_rgbd.dir/src/plugins/Ros2SensorPlugin.cpp.o[0m
[19.158s] [ 22%] [32mBuilding CXX object CMakeFiles/webots_ros2_driver_rgbd.dir/src/plugins/dynamic/Ros2RGBD.cpp.o[0m
[19.158s] [ 22%] [32mBuilding CXX object CMakeFiles/driver.dir/src/Driver.cpp.o[0m
[19.158s] [ 22%] [32mBuilding CXX object CMakeFiles/webots_ros2_driver_imu.dir/src/plugins/dynamic/Ros2IMU.cpp.o[0m
[19.159s] [ 22%] [32mBuilding CXX object CMakeFiles/webots_ros2_driver_imu.dir/src/utils/Utils.cpp.o[0m
[19.159s] [ 25%] [32mBuilding CXX object CMakeFiles/webots_ros2_driver_rgbd.dir/src/utils/Utils.cpp.o[0m
[19.159s] [ 29%] [32mBuilding CXX object CMakeFiles/driver.dir/src/WebotsNode.cpp.o[0m
[19.159s] [ 22%] [32mBuilding CXX object CMakeFiles/webots_ros2_driver_imu.dir/src/plugins/Ros2SensorPlugin.cpp.o[0m
[19.728s] [ 33%] [32mBuilding CXX object CMakeFiles/driver.dir/src/PythonPlugin.cpp.o[0m
[19.743s] [ 37%] [32mBuilding CXX object CMakeFiles/driver.dir/src/plugins/Ros2SensorPlugin.cpp.o[0m
[24.369s] [ 40%] [32mBuilding CXX object CMakeFiles/driver.dir/src/plugins/static/Ros2Lidar.cpp.o[0m
[24.376s] [ 44%] [32mBuilding CXX object CMakeFiles/driver.dir/src/plugins/static/Ros2LED.cpp.o[0m
[24.662s] [ 48%] [32mBuilding CXX object CMakeFiles/driver.dir/src/plugins/static/Ros2Pen.cpp.o[0m
[24.939s] [ 51%] [32mBuilding CXX object CMakeFiles/driver.dir/src/plugins/static/Ros2Camera.cpp.o[0m
[25.109s] [ 55%] [32mBuilding CXX object CMakeFiles/driver.dir/src/plugins/static/Ros2GPS.cpp.o[0m
[26.522s] [ 59%] [32m[1mLinking CXX shared library libwebots_ros2_driver_imu.so[0m
[26.957s] [ 59%] Built target webots_ros2_driver_imu
[26.969s] [ 62%] [32mBuilding CXX object CMakeFiles/driver.dir/src/plugins/static/Ros2RangeFinder.cpp.o[0m
[27.035s] [ 66%] [32m[1mLinking CXX shared library libwebots_ros2_driver_rgbd.so[0m
[27.388s] [ 66%] Built target webots_ros2_driver_rgbd
[27.399s] [ 70%] [32mBuilding CXX object CMakeFiles/driver.dir/src/plugins/static/Ros2DistanceSensor.cpp.o[0m
[34.144s] [ 74%] [32mBuilding CXX object CMakeFiles/driver.dir/src/plugins/static/Ros2LightSensor.cpp.o[0m
[34.680s] [ 77%] [32mBuilding CXX object CMakeFiles/driver.dir/src/plugins/static/Ros2Emitter.cpp.o[0m
[36.367s] [ 81%] [32mBuilding CXX object CMakeFiles/driver.dir/src/plugins/static/Ros2Receiver.cpp.o[0m
[36.673s] [ 85%] [32mBuilding CXX object CMakeFiles/driver.dir/src/plugins/static/Ros2Compass.cpp.o[0m
[36.869s] [ 88%] [32mBuilding CXX object CMakeFiles/driver.dir/src/plugins/static/Ros2VacuumGripper.cpp.o[0m
[38.543s] [ 92%] [32mBuilding CXX object CMakeFiles/driver.dir/src/utils/Math.cpp.o[0m
[39.892s] [ 96%] [32mBuilding CXX object CMakeFiles/driver.dir/src/utils/Utils.cpp.o[0m
[48.348s] [100%] [32m[1mLinking CXX executable driver[0m
[50.196s] [100%] Built target driver
[50.204s] Invoked command in '/home/alex/ros2_ws/build/webots_ros2_driver' returned '0': AMENT_PREFIX_PATH=/home/alex/ros2_ws/install/webots_ros2_msgs:/home/alex/ros2_ws/install/webots_ros2_importer:${AMENT_PREFIX_PATH} CMAKE_PREFIX_PATH=/home/alex/ros2_ws/install/webots_ros2_msgs:/home/alex/ros2_ws/install/turtlesim:/home/alex/ros2_ws/install/my_robot_interfaces:/home/alex/ros2_ws/install/my_cpp_pkg:/home/alex/rmf_ws/install/rmf_demos_gz_classic:/home/alex/rmf_ws/install/rmf_demos_gz:/home/alex/rmf_ws/install/rmf_demos:/home/alex/rmf_ws/install/rmf_demos_maps:/home/alex/rmf_ws/install/rmf_demos_dashboard_resources:/home/alex/rmf_ws/install/rmf_demos_assets:/home/alex/ros2_ws/install/my_py_pkg:/home/alex/rmf_ws/install/rmf_demos_tasks:/home/alex/rmf_ws/install/rmf_demos_panel:/home/alex/rmf_ws/install/rmf_demos_fleet_adapter:/home/alex/rmf_ws/install/rmf_demos_bridges:/opt/ros/humble LD_LIBRARY_PATH=/home/alex/ros2_ws/install/webots_ros2_msgs/lib PYTHONPATH=/home/alex/ros2_ws/install/webots_ros2_msgs/local/lib/python3.10/dist-packages:/home/alex/ros2_ws/install/webots_ros2_importer/lib/python3.10/site-packages:${PYTHONPATH} /usr/bin/cmake --build /home/alex/ros2_ws/build/webots_ros2_driver -- -j8 -l8
[50.241s] Invoking command in '/home/alex/ros2_ws/build/webots_ros2_driver': AMENT_PREFIX_PATH=/home/alex/ros2_ws/install/webots_ros2_msgs:/home/alex/ros2_ws/install/webots_ros2_importer:${AMENT_PREFIX_PATH} CMAKE_PREFIX_PATH=/home/alex/ros2_ws/install/webots_ros2_msgs:/home/alex/ros2_ws/install/turtlesim:/home/alex/ros2_ws/install/my_robot_interfaces:/home/alex/ros2_ws/install/my_cpp_pkg:/home/alex/rmf_ws/install/rmf_demos_gz_classic:/home/alex/rmf_ws/install/rmf_demos_gz:/home/alex/rmf_ws/install/rmf_demos:/home/alex/rmf_ws/install/rmf_demos_maps:/home/alex/rmf_ws/install/rmf_demos_dashboard_resources:/home/alex/rmf_ws/install/rmf_demos_assets:/home/alex/ros2_ws/install/my_py_pkg:/home/alex/rmf_ws/install/rmf_demos_tasks:/home/alex/rmf_ws/install/rmf_demos_panel:/home/alex/rmf_ws/install/rmf_demos_fleet_adapter:/home/alex/rmf_ws/install/rmf_demos_bridges:/opt/ros/humble LD_LIBRARY_PATH=/home/alex/ros2_ws/install/webots_ros2_msgs/lib PYTHONPATH=/home/alex/ros2_ws/install/webots_ros2_msgs/local/lib/python3.10/dist-packages:/home/alex/ros2_ws/install/webots_ros2_importer/lib/python3.10/site-packages:${PYTHONPATH} /usr/bin/cmake --install /home/alex/ros2_ws/build/webots_ros2_driver
[50.246s] -- Install configuration: ""
[50.246s] -- Installing: /home/alex/ros2_ws/install/webots_ros2_driver/share/webots_ros2_driver/environment/pythonpath.sh
[50.247s] -- Installing: /home/alex/ros2_ws/install/webots_ros2_driver/share/webots_ros2_driver/environment/pythonpath.dsv
[50.247s] -- Installing: /home/alex/ros2_ws/install/webots_ros2_driver/local/lib/python3.10/dist-packages/controller-2023.1.1-py3.10.egg-info
[50.247s] -- Installing: /home/alex/ros2_ws/install/webots_ros2_driver/local/lib/python3.10/dist-packages/controller-2023.1.1-py3.10.egg-info/dependency_links.txt
[50.247s] -- Installing: /home/alex/ros2_ws/install/webots_ros2_driver/local/lib/python3.10/dist-packages/controller-2023.1.1-py3.10.egg-info/SOURCES.txt
[50.247s] -- Installing: /home/alex/ros2_ws/install/webots_ros2_driver/local/lib/python3.10/dist-packages/controller-2023.1.1-py3.10.egg-info/top_level.txt
[50.247s] -- Installing: /home/alex/ros2_ws/install/webots_ros2_driver/local/lib/python3.10/dist-packages/controller-2023.1.1-py3.10.egg-info/PKG-INFO
[50.247s] -- Installing: /home/alex/ros2_ws/install/webots_ros2_driver/local/lib/python3.10/dist-packages/controller
[50.247s] -- Installing: /home/alex/ros2_ws/install/webots_ros2_driver/local/lib/python3.10/dist-packages/controller/brake.py
[50.247s] -- Installing: /home/alex/ros2_ws/install/webots_ros2_driver/local/lib/python3.10/dist-packages/controller/skin.py
[50.247s] -- Installing: /home/alex/ros2_ws/install/webots_ros2_driver/local/lib/python3.10/dist-packages/controller/receiver.py
[50.247s] -- Installing: /home/alex/ros2_ws/install/webots_ros2_driver/local/lib/python3.10/dist-packages/controller/radar.py
[50.247s] -- Installing: /home/alex/ros2_ws/install/webots_ros2_driver/local/lib/python3.10/dist-packages/controller/led.py
[50.247s] -- Installing: /home/alex/ros2_ws/install/webots_ros2_driver/local/lib/python3.10/dist-packages/controller/accelerometer.py
[50.247s] -- Installing: /home/alex/ros2_ws/install/webots_ros2_driver/local/lib/python3.10/dist-packages/controller/radar_target.py
[50.248s] -- Installing: /home/alex/ros2_ws/install/webots_ros2_driver/local/lib/python3.10/dist-packages/controller/constants.py
[50.248s] -- Installing: /home/alex/ros2_ws/install/webots_ros2_driver/local/lib/python3.10/dist-packages/controller/display.py
[50.248s] -- Installing: /home/alex/ros2_ws/install/webots_ros2_driver/local/lib/python3.10/dist-packages/controller/inertial_unit.py
[50.248s] -- Installing: /home/alex/ros2_ws/install/webots_ros2_driver/local/lib/python3.10/dist-packages/controller/ansi_codes.py
[50.248s] -- Installing: /home/alex/ros2_ws/install/webots_ros2_driver/local/lib/python3.10/dist-packages/controller/distance_sensor.py
[50.248s] -- Installing: /home/alex/ros2_ws/install/webots_ros2_driver/local/lib/python3.10/dist-packages/controller/robot.py
[50.248s] -- Installing: /home/alex/ros2_ws/install/webots_ros2_driver/local/lib/python3.10/dist-packages/controller/connector.py
[50.248s] -- Installing: /home/alex/ros2_ws/install/webots_ros2_driver/local/lib/python3.10/dist-packages/controller/sensor.py
[50.248s] -- Installing: /home/alex/ros2_ws/install/webots_ros2_driver/local/lib/python3.10/dist-packages/controller/motion.py
[50.248s] -- Installing: /home/alex/ros2_ws/install/webots_ros2_driver/local/lib/python3.10/dist-packages/controller/lidar.py
[50.248s] -- Installing: /home/alex/ros2_ws/install/webots_ros2_driver/local/lib/python3.10/dist-packages/controller/speaker.py
[50.248s] -- Installing: /home/alex/ros2_ws/install/webots_ros2_driver/local/lib/python3.10/dist-packages/controller/pen.py
[50.248s] -- Installing: /home/alex/ros2_ws/install/webots_ros2_driver/local/lib/python3.10/dist-packages/controller/mouse.py
[50.248s] -- Installing: /home/alex/ros2_ws/install/webots_ros2_driver/local/lib/python3.10/dist-packages/controller/field.py
[50.248s] -- Installing: /home/alex/ros2_ws/install/webots_ros2_driver/local/lib/python3.10/dist-packages/controller/node.py
[50.248s] -- Installing: /home/alex/ros2_ws/install/webots_ros2_driver/local/lib/python3.10/dist-packages/controller/position_sensor.py
[50.249s] -- Installing: /home/alex/ros2_ws/install/webots_ros2_driver/local/lib/python3.10/dist-packages/controller/lidar_point.py
[50.249s] -- Installing: /home/alex/ros2_ws/install/webots_ros2_driver/local/lib/python3.10/dist-packages/controller/camera.py
[50.249s] -- Installing: /home/alex/ros2_ws/install/webots_ros2_driver/local/lib/python3.10/dist-packages/controller/compass.py
[50.249s] -- Installing: /home/alex/ros2_ws/install/webots_ros2_driver/local/lib/python3.10/dist-packages/controller/vacuum_gripper.py
[50.249s] -- Installing: /home/alex/ros2_ws/install/webots_ros2_driver/local/lib/python3.10/dist-packages/controller/motor.py
[50.249s] -- Installing: /home/alex/ros2_ws/install/webots_ros2_driver/local/lib/python3.10/dist-packages/controller/device.py
[50.249s] -- Installing: /home/alex/ros2_ws/install/webots_ros2_driver/local/lib/python3.10/dist-packages/controller/touch_sensor.py
[50.249s] -- Installing: /home/alex/ros2_ws/install/webots_ros2_driver/local/lib/python3.10/dist-packages/controller/keyboard.py
[50.249s] -- Installing: /home/alex/ros2_ws/install/webots_ros2_driver/local/lib/python3.10/dist-packages/controller/wb.py
[50.249s] -- Installing: /home/alex/ros2_ws/install/webots_ros2_driver/local/lib/python3.10/dist-packages/controller/range_finder.py
[50.249s] -- Installing: /home/alex/ros2_ws/install/webots_ros2_driver/local/lib/python3.10/dist-packages/controller/supervisor.py
[50.249s] -- Installing: /home/alex/ros2_ws/install/webots_ros2_driver/local/lib/python3.10/dist-packages/controller/gps.py
[50.249s] -- Installing: /home/alex/ros2_ws/install/webots_ros2_driver/local/lib/python3.10/dist-packages/controller/gyro.py
[50.249s] -- Installing: /home/alex/ros2_ws/install/webots_ros2_driver/local/lib/python3.10/dist-packages/controller/joystick.py
[50.249s] -- Installing: /home/alex/ros2_ws/install/webots_ros2_driver/local/lib/python3.10/dist-packages/controller/altimeter.py
[50.249s] -- Installing: /home/alex/ros2_ws/install/webots_ros2_driver/local/lib/python3.10/dist-packages/controller/light_sensor.py
[50.250s] -- Installing: /home/alex/ros2_ws/install/webots_ros2_driver/local/lib/python3.10/dist-packages/controller/__init__.py
[50.250s] -- Installing: /home/alex/ros2_ws/install/webots_ros2_driver/local/lib/python3.10/dist-packages/controller/emitter.py
[50.298s] Listing '/home/alex/ros2_ws/install/webots_ros2_driver/local/lib/python3.10/dist-packages/controller'...
[50.298s] Compiling '/home/alex/ros2_ws/install/webots_ros2_driver/local/lib/python3.10/dist-packages/controller/__init__.py'...
[50.299s] Compiling '/home/alex/ros2_ws/install/webots_ros2_driver/local/lib/python3.10/dist-packages/controller/accelerometer.py'...
[50.299s] Compiling '/home/alex/ros2_ws/install/webots_ros2_driver/local/lib/python3.10/dist-packages/controller/altimeter.py'...
[50.299s] Compiling '/home/alex/ros2_ws/install/webots_ros2_driver/local/lib/python3.10/dist-packages/controller/ansi_codes.py'...
[50.299s] Compiling '/home/alex/ros2_ws/install/webots_ros2_driver/local/lib/python3.10/dist-packages/controller/brake.py'...
[50.299s] Compiling '/home/alex/ros2_ws/install/webots_ros2_driver/local/lib/python3.10/dist-packages/controller/camera.py'...
[50.299s] Compiling '/home/alex/ros2_ws/install/webots_ros2_driver/local/lib/python3.10/dist-packages/controller/compass.py'...
[50.299s] Compiling '/home/alex/ros2_ws/install/webots_ros2_driver/local/lib/python3.10/dist-packages/controller/connector.py'...
[50.299s] Compiling '/home/alex/ros2_ws/install/webots_ros2_driver/local/lib/python3.10/dist-packages/controller/constants.py'...
[50.299s] Compiling '/home/alex/ros2_ws/install/webots_ros2_driver/local/lib/python3.10/dist-packages/controller/device.py'...
[50.299s] Compiling '/home/alex/ros2_ws/install/webots_ros2_driver/local/lib/python3.10/dist-packages/controller/display.py'...
[50.299s] Compiling '/home/alex/ros2_ws/install/webots_ros2_driver/local/lib/python3.10/dist-packages/controller/distance_sensor.py'...
[50.299s] Compiling '/home/alex/ros2_ws/install/webots_ros2_driver/local/lib/python3.10/dist-packages/controller/emitter.py'...
[50.299s] Compiling '/home/alex/ros2_ws/install/webots_ros2_driver/local/lib/python3.10/dist-packages/controller/field.py'...
[50.299s] Compiling '/home/alex/ros2_ws/install/webots_ros2_driver/local/lib/python3.10/dist-packages/controller/gps.py'...
[50.299s] Compiling '/home/alex/ros2_ws/install/webots_ros2_driver/local/lib/python3.10/dist-packages/controller/gyro.py'...
[50.299s] Compiling '/home/alex/ros2_ws/install/webots_ros2_driver/local/lib/python3.10/dist-packages/controller/inertial_unit.py'...
[50.299s] Compiling '/home/alex/ros2_ws/install/webots_ros2_driver/local/lib/python3.10/dist-packages/controller/joystick.py'...
[50.299s] Compiling '/home/alex/ros2_ws/install/webots_ros2_driver/local/lib/python3.10/dist-packages/controller/keyboard.py'...
[50.299s] Compiling '/home/alex/ros2_ws/install/webots_ros2_driver/local/lib/python3.10/dist-packages/controller/led.py'...
[50.299s] Compiling '/home/alex/ros2_ws/install/webots_ros2_driver/local/lib/python3.10/dist-packages/controller/lidar.py'...
[50.299s] Compiling '/home/alex/ros2_ws/install/webots_ros2_driver/local/lib/python3.10/dist-packages/controller/lidar_point.py'...
[50.299s] Compiling '/home/alex/ros2_ws/install/webots_ros2_driver/local/lib/python3.10/dist-packages/controller/light_sensor.py'...
[50.299s] Compiling '/home/alex/ros2_ws/install/webots_ros2_driver/local/lib/python3.10/dist-packages/controller/motion.py'...
[50.300s] Compiling '/home/alex/ros2_ws/install/webots_ros2_driver/local/lib/python3.10/dist-packages/controller/motor.py'...
[50.300s] Compiling '/home/alex/ros2_ws/install/webots_ros2_driver/local/lib/python3.10/dist-packages/controller/mouse.py'...
[50.300s] Compiling '/home/alex/ros2_ws/install/webots_ros2_driver/local/lib/python3.10/dist-packages/controller/node.py'...
[50.300s] Compiling '/home/alex/ros2_ws/install/webots_ros2_driver/local/lib/python3.10/dist-packages/controller/pen.py'...
[50.300s] Compiling '/home/alex/ros2_ws/install/webots_ros2_driver/local/lib/python3.10/dist-packages/controller/position_sensor.py'...
[50.300s] Compiling '/home/alex/ros2_ws/install/webots_ros2_driver/local/lib/python3.10/dist-packages/controller/radar.py'...
[50.300s] Compiling '/home/alex/ros2_ws/install/webots_ros2_driver/local/lib/python3.10/dist-packages/controller/radar_target.py'...
[50.300s] Compiling '/home/alex/ros2_ws/install/webots_ros2_driver/local/lib/python3.10/dist-packages/controller/range_finder.py'...
[50.300s] Compiling '/home/alex/ros2_ws/install/webots_ros2_driver/local/lib/python3.10/dist-packages/controller/receiver.py'...
[50.300s] Compiling '/home/alex/ros2_ws/install/webots_ros2_driver/local/lib/python3.10/dist-packages/controller/robot.py'...
[50.300s] Compiling '/home/alex/ros2_ws/install/webots_ros2_driver/local/lib/python3.10/dist-packages/controller/sensor.py'...
[50.300s] Compiling '/home/alex/ros2_ws/install/webots_ros2_driver/local/lib/python3.10/dist-packages/controller/skin.py'...
[50.300s] Compiling '/home/alex/ros2_ws/install/webots_ros2_driver/local/lib/python3.10/dist-packages/controller/speaker.py'...
[50.300s] Compiling '/home/alex/ros2_ws/install/webots_ros2_driver/local/lib/python3.10/dist-packages/controller/supervisor.py'...
[50.300s] Compiling '/home/alex/ros2_ws/install/webots_ros2_driver/local/lib/python3.10/dist-packages/controller/touch_sensor.py'...
[50.300s] Compiling '/home/alex/ros2_ws/install/webots_ros2_driver/local/lib/python3.10/dist-packages/controller/vacuum_gripper.py'...
[50.300s] Compiling '/home/alex/ros2_ws/install/webots_ros2_driver/local/lib/python3.10/dist-packages/controller/wb.py'...
[50.302s] -- Installing: /home/alex/ros2_ws/install/webots_ros2_driver/local/lib/python3.10/dist-packages/vehicle-2023.1.1-py3.10.egg-info
[50.302s] -- Installing: /home/alex/ros2_ws/install/webots_ros2_driver/local/lib/python3.10/dist-packages/vehicle-2023.1.1-py3.10.egg-info/dependency_links.txt
[50.302s] -- Installing: /home/alex/ros2_ws/install/webots_ros2_driver/local/lib/python3.10/dist-packages/vehicle-2023.1.1-py3.10.egg-info/SOURCES.txt
[50.302s] -- Installing: /home/alex/ros2_ws/install/webots_ros2_driver/local/lib/python3.10/dist-packages/vehicle-2023.1.1-py3.10.egg-info/top_level.txt
[50.302s] -- Installing: /home/alex/ros2_ws/install/webots_ros2_driver/local/lib/python3.10/dist-packages/vehicle-2023.1.1-py3.10.egg-info/PKG-INFO
[50.302s] -- Installing: /home/alex/ros2_ws/install/webots_ros2_driver/local/lib/python3.10/dist-packages/vehicle
[50.302s] -- Installing: /home/alex/ros2_ws/install/webots_ros2_driver/local/lib/python3.10/dist-packages/vehicle/driver.py
[50.302s] -- Installing: /home/alex/ros2_ws/install/webots_ros2_driver/local/lib/python3.10/dist-packages/vehicle/car.py
[50.302s] -- Installing: /home/alex/ros2_ws/install/webots_ros2_driver/local/lib/python3.10/dist-packages/vehicle/__init__.py
[50.331s] Listing '/home/alex/ros2_ws/install/webots_ros2_driver/local/lib/python3.10/dist-packages/vehicle'...
[50.331s] Compiling '/home/alex/ros2_ws/install/webots_ros2_driver/local/lib/python3.10/dist-packages/vehicle/__init__.py'...
[50.331s] Compiling '/home/alex/ros2_ws/install/webots_ros2_driver/local/lib/python3.10/dist-packages/vehicle/car.py'...
[50.331s] Compiling '/home/alex/ros2_ws/install/webots_ros2_driver/local/lib/python3.10/dist-packages/vehicle/driver.py'...
[50.334s] -- Installing: /home/alex/ros2_ws/install/webots_ros2_driver/local/lib/python3.10/dist-packages/webots_ros2_driver-2023.1.1-py3.10.egg-info
[50.334s] -- Installing: /home/alex/ros2_ws/install/webots_ros2_driver/local/lib/python3.10/dist-packages/webots_ros2_driver-2023.1.1-py3.10.egg-info/dependency_links.txt
[50.334s] -- Installing: /home/alex/ros2_ws/install/webots_ros2_driver/local/lib/python3.10/dist-packages/webots_ros2_driver-2023.1.1-py3.10.egg-info/SOURCES.txt
[50.334s] -- Installing: /home/alex/ros2_ws/install/webots_ros2_driver/local/lib/python3.10/dist-packages/webots_ros2_driver-2023.1.1-py3.10.egg-info/top_level.txt
[50.334s] -- Installing: /home/alex/ros2_ws/install/webots_ros2_driver/local/lib/python3.10/dist-packages/webots_ros2_driver-2023.1.1-py3.10.egg-info/PKG-INFO
[50.334s] -- Installing: /home/alex/ros2_ws/install/webots_ros2_driver/local/lib/python3.10/dist-packages/webots_ros2_driver
[50.334s] -- Installing: /home/alex/ros2_ws/install/webots_ros2_driver/local/lib/python3.10/dist-packages/webots_ros2_driver/utils.py
[50.335s] -- Installing: /home/alex/ros2_ws/install/webots_ros2_driver/local/lib/python3.10/dist-packages/webots_ros2_driver/urdf_spawner.py
[50.335s] -- Installing: /home/alex/ros2_ws/install/webots_ros2_driver/local/lib/python3.10/dist-packages/webots_ros2_driver/ros2_supervisor.py
[50.335s] -- Installing: /home/alex/ros2_ws/install/webots_ros2_driver/local/lib/python3.10/dist-packages/webots_ros2_driver/webots_controller.py
[50.335s] -- Installing: /home/alex/ros2_ws/install/webots_ros2_driver/local/lib/python3.10/dist-packages/webots_ros2_driver/wait_for_controller_connection.py
[50.335s] -- Installing: /home/alex/ros2_ws/install/webots_ros2_driver/local/lib/python3.10/dist-packages/webots_ros2_driver/webots_launcher.py
[50.335s] -- Installing: /home/alex/ros2_ws/install/webots_ros2_driver/local/lib/python3.10/dist-packages/webots_ros2_driver/__init__.py
[50.368s] Listing '/home/alex/ros2_ws/install/webots_ros2_driver/local/lib/python3.10/dist-packages/webots_ros2_driver'...
[50.368s] Compiling '/home/alex/ros2_ws/install/webots_ros2_driver/local/lib/python3.10/dist-packages/webots_ros2_driver/__init__.py'...
[50.368s] Compiling '/home/alex/ros2_ws/install/webots_ros2_driver/local/lib/python3.10/dist-packages/webots_ros2_driver/ros2_supervisor.py'...
[50.368s] Compiling '/home/alex/ros2_ws/install/webots_ros2_driver/local/lib/python3.10/dist-packages/webots_ros2_driver/urdf_spawner.py'...
[50.368s] Compiling '/home/alex/ros2_ws/install/webots_ros2_driver/local/lib/python3.10/dist-packages/webots_ros2_driver/utils.py'...
[50.368s] Compiling '/home/alex/ros2_ws/install/webots_ros2_driver/local/lib/python3.10/dist-packages/webots_ros2_driver/wait_for_controller_connection.py'...
[50.368s] Compiling '/home/alex/ros2_ws/install/webots_ros2_driver/local/lib/python3.10/dist-packages/webots_ros2_driver/webots_controller.py'...
[50.368s] Compiling '/home/alex/ros2_ws/install/webots_ros2_driver/local/lib/python3.10/dist-packages/webots_ros2_driver/webots_launcher.py'...
[50.371s] -- Installing: /home/alex/ros2_ws/install/webots_ros2_driver/include
[50.371s] -- Installing: /home/alex/ros2_ws/install/webots_ros2_driver/include/webots_ros2_driver
[50.371s] -- Installing: /home/alex/ros2_ws/install/webots_ros2_driver/include/webots_ros2_driver/PluginInterface.hpp
[50.372s] -- Installing: /home/alex/ros2_ws/install/webots_ros2_driver/include/webots_ros2_driver/PythonPlugin.hpp
[50.372s] -- Installing: /home/alex/ros2_ws/install/webots_ros2_driver/include/webots_ros2_driver/plugins
[50.372s] -- Installing: /home/alex/ros2_ws/install/webots_ros2_driver/include/webots_ros2_driver/plugins/static
[50.372s] -- Installing: /home/alex/ros2_ws/install/webots_ros2_driver/include/webots_ros2_driver/plugins/static/Ros2Receiver.hpp
[50.372s] -- Installing: /home/alex/ros2_ws/install/webots_ros2_driver/include/webots_ros2_driver/plugins/static/Ros2Lidar.hpp
[50.372s] -- Installing: /home/alex/ros2_ws/install/webots_ros2_driver/include/webots_ros2_driver/plugins/static/Ros2Emitter.hpp
[50.372s] -- Installing: /home/alex/ros2_ws/install/webots_ros2_driver/include/webots_ros2_driver/plugins/static/Ros2Camera.hpp
[50.372s] -- Installing: /home/alex/ros2_ws/install/webots_ros2_driver/include/webots_ros2_driver/plugins/static/Ros2RangeFinder.hpp
[50.372s] -- Installing: /home/alex/ros2_ws/install/webots_ros2_driver/include/webots_ros2_driver/plugins/static/Ros2VacuumGripper.hpp
[50.372s] -- Installing: /home/alex/ros2_ws/install/webots_ros2_driver/include/webots_ros2_driver/plugins/static/Ros2GPS.hpp
[50.373s] -- Installing: /home/alex/ros2_ws/install/webots_ros2_driver/include/webots_ros2_driver/plugins/static/Ros2Compass.hpp
[50.373s] -- Installing: /home/alex/ros2_ws/install/webots_ros2_driver/include/webots_ros2_driver/plugins/static/Ros2Pen.hpp
[50.373s] -- Installing: /home/alex/ros2_ws/install/webots_ros2_driver/include/webots_ros2_driver/plugins/static/Ros2LED.hpp
[50.373s] -- Installing: /home/alex/ros2_ws/install/webots_ros2_driver/include/webots_ros2_driver/plugins/static/Ros2DistanceSensor.hpp
[50.373s] -- Installing: /home/alex/ros2_ws/install/webots_ros2_driver/include/webots_ros2_driver/plugins/static/Ros2LightSensor.hpp
[50.373s] -- Installing: /home/alex/ros2_ws/install/webots_ros2_driver/include/webots_ros2_driver/plugins/dynamic
[50.373s] -- Installing: /home/alex/ros2_ws/install/webots_ros2_driver/include/webots_ros2_driver/plugins/dynamic/Ros2RGBD.hpp
[50.373s] -- Installing: /home/alex/ros2_ws/install/webots_ros2_driver/include/webots_ros2_driver/plugins/dynamic/Ros2IMU.hpp
[50.373s] -- Installing: /home/alex/ros2_ws/install/webots_ros2_driver/include/webots_ros2_driver/plugins/Ros2SensorPlugin.hpp
[50.373s] -- Installing: /home/alex/ros2_ws/install/webots_ros2_driver/include/webots_ros2_driver/utils
[50.374s] -- Installing: /home/alex/ros2_ws/install/webots_ros2_driver/include/webots_ros2_driver/utils/Utils.hpp
[50.374s] -- Installing: /home/alex/ros2_ws/install/webots_ros2_driver/include/webots_ros2_driver/utils/Math.hpp
[50.374s] -- Installing: /home/alex/ros2_ws/install/webots_ros2_driver/include/webots_ros2_driver/WebotsNode.hpp
[50.374s] -- Installing: /home/alex/ros2_ws/install/webots_ros2_driver/lib/webots_ros2_driver/driver
[50.381s] -- Installing: /home/alex/ros2_ws/install/webots_ros2_driver/lib/libwebots_ros2_driver_imu.so
[50.382s] -- Installing: /home/alex/ros2_ws/install/webots_ros2_driver/lib/libwebots_ros2_driver_rgbd.so
[50.383s] -- Installing: /home/alex/ros2_ws/install/webots_ros2_driver/include/webots/c
[50.384s] -- Installing: /home/alex/ros2_ws/install/webots_ros2_driver/include/webots/c/webots
[50.384s] -- Installing: /home/alex/ros2_ws/install/webots_ros2_driver/include/webots/c/webots/mouse.h
[50.384s] -- Installing: /home/alex/ros2_ws/install/webots_ros2_driver/include/webots/c/webots/radio.h
[50.384s] -- Installing: /home/alex/ros2_ws/install/webots_ros2_driver/include/webots/c/webots/touch_sensor.h
[50.384s] -- Installing: /home/alex/ros2_ws/install/webots_ros2_driver/include/webots/c/webots/accelerometer.h
[50.384s] -- Installing: /home/alex/ros2_ws/install/webots_ros2_driver/include/webots/c/webots/contact_point.h
[50.384s] -- Installing: /home/alex/ros2_ws/install/webots_ros2_driver/include/webots/c/webots/position_sensor.h
[50.384s] -- Installing: /home/alex/ros2_ws/install/webots_ros2_driver/include/webots/c/webots/inertial_unit.h
[50.384s] -- Installing: /home/alex/ros2_ws/install/webots_ros2_driver/include/webots/c/webots/light_sensor.h
[50.385s] -- Installing: /home/alex/ros2_ws/install/webots_ros2_driver/include/webots/c/webots/lidar_point.h
[50.385s] -- Installing: /home/alex/ros2_ws/install/webots_ros2_driver/include/webots/c/webots/radar.h
[50.385s] -- Installing: /home/alex/ros2_ws/install/webots_ros2_driver/include/webots/c/webots/robot.h
[50.385s] -- Installing: /home/alex/ros2_ws/install/webots_ros2_driver/include/webots/c/webots/vacuum_gripper.h
[50.385s] -- Installing: /home/alex/ros2_ws/install/webots_ros2_driver/include/webots/c/webots/lidar.h
[50.385s] -- Installing: /home/alex/ros2_ws/install/webots_ros2_driver/include/webots/c/webots/speaker.h
[50.385s] -- Installing: /home/alex/ros2_ws/install/webots_ros2_driver/include/webots/c/webots/display.h
[50.385s] -- Installing: /home/alex/ros2_ws/install/webots_ros2_driver/include/webots/c/webots/altimeter.h
[50.385s] -- Installing: /home/alex/ros2_ws/install/webots_ros2_driver/include/webots/c/webots/radar_target.h
[50.385s] -- Installing: /home/alex/ros2_ws/install/webots_ros2_driver/include/webots/c/webots/types.h
[50.386s] -- Installing: /home/alex/ros2_ws/install/webots_ros2_driver/include/webots/c/webots/compass.h
[50.386s] -- Installing: /home/alex/ros2_ws/install/webots_ros2_driver/include/webots/c/webots/pen.h
[50.386s] -- Installing: /home/alex/ros2_ws/install/webots_ros2_driver/include/webots/c/webots/brake.h
[50.386s] -- Installing: /home/alex/ros2_ws/install/webots_ros2_driver/include/webots/c/webots/camera_recognition_object.h
[50.386s] -- Installing: /home/alex/ros2_ws/install/webots_ros2_driver/include/webots/c/webots/camera.h
[50.386s] -- Installing: /home/alex/ros2_ws/install/webots_ros2_driver/include/webots/c/webots/gyro.h
[50.386s] -- Installing: /home/alex/ros2_ws/install/webots_ros2_driver/include/webots/c/webots/gps.h
[50.386s] -- Installing: /home/alex/ros2_ws/install/webots_ros2_driver/include/webots/c/webots/console.h
[50.386s] -- Installing: /home/alex/ros2_ws/install/webots_ros2_driver/include/webots/c/webots/led.h
[50.386s] -- Installing: /home/alex/ros2_ws/install/webots_ros2_driver/include/webots/c/webots/skin.h
[50.386s] -- Installing: /home/alex/ros2_ws/install/webots_ros2_driver/include/webots/c/webots/mouse_state.h
[50.387s] -- Installing: /home/alex/ros2_ws/install/webots_ros2_driver/include/webots/c/webots/microphone.h
[50.387s] -- Installing: /home/alex/ros2_ws/install/webots_ros2_driver/include/webots/c/webots/motor.h
[50.387s] -- Installing: /home/alex/ros2_ws/install/webots_ros2_driver/include/webots/c/webots/plugins
[50.387s] -- Installing: /home/alex/ros2_ws/install/webots_ros2_driver/include/webots/c/webots/plugins/robot_window
[50.387s] -- Installing: /home/alex/ros2_ws/install/webots_ros2_driver/include/webots/c/webots/plugins/robot_window/default.h
[50.387s] -- Installing: /home/alex/ros2_ws/install/webots_ros2_driver/include/webots/c/webots/plugins/robot_window/generic_robot_window
[50.387s] -- Installing: /home/alex/ros2_ws/install/webots_ros2_driver/include/webots/c/webots/plugins/robot_window/generic_robot_window/generic.h
[50.387s] -- Installing: /home/alex/ros2_ws/install/webots_ros2_driver/include/webots/c/webots/plugins/robot_window/robot_window.h
[50.387s] -- Installing: /home/alex/ros2_ws/install/webots_ros2_driver/include/webots/c/webots/plugins/robot_window/robot_wwi.h
[50.387s] -- Installing: /home/alex/ros2_ws/install/webots_ros2_driver/include/webots/c/webots/nodes.h
[50.388s] -- Installing: /home/alex/ros2_ws/install/webots_ros2_driver/include/webots/c/webots/range_finder.h
[50.388s] -- Installing: /home/alex/ros2_ws/install/webots_ros2_driver/include/webots/c/webots/keyboard.h
[50.388s] -- Installing: /home/alex/ros2_ws/install/webots_ros2_driver/include/webots/c/webots/device.h
[50.388s] -- Installing: /home/alex/ros2_ws/install/webots_ros2_driver/include/webots/c/webots/connector.h
[50.388s] -- Installing: /home/alex/ros2_ws/install/webots_ros2_driver/include/webots/c/webots/utils
[50.388s] -- Installing: /home/alex/ros2_ws/install/webots_ros2_driver/include/webots/c/webots/utils/ansi_codes.h
[50.388s] -- Installing: /home/alex/ros2_ws/install/webots_ros2_driver/include/webots/c/webots/utils/motion.h
[50.388s] -- Installing: /home/alex/ros2_ws/install/webots_ros2_driver/include/webots/c/webots/utils/string.h
[50.388s] -- Installing: /home/alex/ros2_ws/install/webots_ros2_driver/include/webots/c/webots/utils/system.h
[50.388s] -- Installing: /home/alex/ros2_ws/install/webots_ros2_driver/include/webots/c/webots/joystick.h
[50.388s] -- Installing: /home/alex/ros2_ws/install/webots_ros2_driver/include/webots/c/webots/vehicle
[50.389s] -- Installing: /home/alex/ros2_ws/install/webots_ros2_driver/include/webots/c/webots/vehicle/driver.h
[50.389s] -- Installing: /home/alex/ros2_ws/install/webots_ros2_driver/include/webots/c/webots/vehicle/car.h
[50.389s] -- Installing: /home/alex/ros2_ws/install/webots_ros2_driver/include/webots/c/webots/supervisor.h
[50.389s] -- Installing: /home/alex/ros2_ws/install/webots_ros2_driver/include/webots/c/webots/distance_sensor.h
[50.389s] -- Installing: /home/alex/ros2_ws/install/webots_ros2_driver/include/webots/c/webots/receiver.h
[50.389s] -- Installing: /home/alex/ros2_ws/install/webots_ros2_driver/include/webots/c/webots/emitter.h
[50.389s] -- Installing: /home/alex/ros2_ws/install/webots_ros2_driver/include/webots/c/webots/remote_control.h
[50.389s] -- Installing: /home/alex/ros2_ws/install/webots_ros2_driver/include/webots/cpp
[50.389s] -- Installing: /home/alex/ros2_ws/install/webots_ros2_driver/include/webots/cpp/webots
[50.390s] -- Installing: /home/alex/ros2_ws/install/webots_ros2_driver/include/webots/cpp/webots/Accelerometer.hpp
[50.390s] -- Installing: /home/alex/ros2_ws/install/webots_ros2_driver/include/webots/cpp/webots/Device.hpp
[50.390s] -- Installing: /home/alex/ros2_ws/install/webots_ros2_driver/include/webots/cpp/webots/Receiver.hpp
[50.390s] -- Installing: /home/alex/ros2_ws/install/webots_ros2_driver/include/webots/cpp/webots/Robot.hpp
[50.390s] -- Installing: /home/alex/ros2_ws/install/webots_ros2_driver/include/webots/cpp/webots/PositionSensor.hpp
[50.390s] -- Installing: /home/alex/ros2_ws/install/webots_ros2_driver/include/webots/cpp/webots/GPS.hpp
[50.390s] -- Installing: /home/alex/ros2_ws/install/webots_ros2_driver/include/webots/cpp/webots/Keyboard.hpp
[50.390s] -- Installing: /home/alex/ros2_ws/install/webots_ros2_driver/include/webots/cpp/webots/RangeFinder.hpp
[50.390s] -- Installing: /home/alex/ros2_ws/install/webots_ros2_driver/include/webots/cpp/webots/LED.hpp
[50.390s] -- Installing: /home/alex/ros2_ws/install/webots_ros2_driver/include/webots/cpp/webots/DistanceSensor.hpp
[50.391s] -- Installing: /home/alex/ros2_ws/install/webots_ros2_driver/include/webots/cpp/webots/TouchSensor.hpp
[50.391s] -- Installing: /home/alex/ros2_ws/install/webots_ros2_driver/include/webots/cpp/webots/Supervisor.hpp
[50.391s] -- Installing: /home/alex/ros2_ws/install/webots_ros2_driver/include/webots/cpp/webots/InertialUnit.hpp
[50.391s] -- Installing: /home/alex/ros2_ws/install/webots_ros2_driver/include/webots/cpp/webots/Speaker.hpp
[50.391s] -- Installing: /home/alex/ros2_ws/install/webots_ros2_driver/include/webots/cpp/webots/Field.hpp
[50.391s] -- Installing: /home/alex/ros2_ws/install/webots_ros2_driver/include/webots/cpp/webots/Motor.hpp
[50.391s] -- Installing: /home/alex/ros2_ws/install/webots_ros2_driver/include/webots/cpp/webots/Radar.hpp
[50.391s] -- Installing: /home/alex/ros2_ws/install/webots_ros2_driver/include/webots/cpp/webots/Gyro.hpp
[50.391s] -- Installing: /home/alex/ros2_ws/install/webots_ros2_driver/include/webots/cpp/webots/Skin.hpp
[50.391s] -- Installing: /home/alex/ros2_ws/install/webots_ros2_driver/include/webots/cpp/webots/Compass.hpp
[50.392s] -- Installing: /home/alex/ros2_ws/install/webots_ros2_driver/include/webots/cpp/webots/Pen.hpp
[50.392s] -- Installing: /home/alex/ros2_ws/install/webots_ros2_driver/include/webots/cpp/webots/Brake.hpp
[50.392s] -- Installing: /home/alex/ros2_ws/install/webots_ros2_driver/include/webots/cpp/webots/VacuumGripper.hpp
[50.392s] -- Installing: /home/alex/ros2_ws/install/webots_ros2_driver/include/webots/cpp/webots/Joystick.hpp
[50.392s] -- Installing: /home/alex/ros2_ws/install/webots_ros2_driver/include/webots/cpp/webots/LightSensor.hpp
[50.392s] -- Installing: /home/alex/ros2_ws/install/webots_ros2_driver/include/webots/cpp/webots/Display.hpp
[50.392s] -- Installing: /home/alex/ros2_ws/install/webots_ros2_driver/include/webots/cpp/webots/Altimeter.hpp
[50.392s] -- Installing: /home/alex/ros2_ws/install/webots_ros2_driver/include/webots/cpp/webots/Emitter.hpp
[50.392s] -- Installing: /home/alex/ros2_ws/install/webots_ros2_driver/include/webots/cpp/webots/utils
[50.392s] -- Installing: /home/alex/ros2_ws/install/webots_ros2_driver/include/webots/cpp/webots/utils/Motion.hpp
[50.393s] -- Installing: /home/alex/ros2_ws/install/webots_ros2_driver/include/webots/cpp/webots/utils/AnsiCodes.hpp
[50.393s] -- Installing: /home/alex/ros2_ws/install/webots_ros2_driver/include/webots/cpp/webots/vehicle
[50.393s] -- Installing: /home/alex/ros2_ws/install/webots_ros2_driver/include/webots/cpp/webots/vehicle/Driver.hpp
[50.393s] -- Installing: /home/alex/ros2_ws/install/webots_ros2_driver/include/webots/cpp/webots/vehicle/Car.hpp
[50.393s] -- Installing: /home/alex/ros2_ws/install/webots_ros2_driver/include/webots/cpp/webots/Mouse.hpp
[50.393s] -- Installing: /home/alex/ros2_ws/install/webots_ros2_driver/include/webots/cpp/webots/Camera.hpp
[50.393s] -- Installing: /home/alex/ros2_ws/install/webots_ros2_driver/include/webots/cpp/webots/ImageRef.hpp
[50.393s] -- Installing: /home/alex/ros2_ws/install/webots_ros2_driver/include/webots/cpp/webots/Lidar.hpp
[50.393s] -- Installing: /home/alex/ros2_ws/install/webots_ros2_driver/include/webots/cpp/webots/Connector.hpp
[50.393s] -- Installing: /home/alex/ros2_ws/install/webots_ros2_driver/include/webots/cpp/webots/Node.hpp
[50.394s] -- Installing: /home/alex/ros2_ws/install/webots_ros2_driver/lib/controller
[50.394s] -- Installing: /home/alex/ros2_ws/install/webots_ros2_driver/lib/controller/.gitignore
[50.394s] -- Installing: /home/alex/ros2_ws/install/webots_ros2_driver/lib/controller/libCppCar.so
[50.394s] -- Installing: /home/alex/ros2_ws/install/webots_ros2_driver/lib/controller/libdriver.so
[50.394s] -- Installing: /home/alex/ros2_ws/install/webots_ros2_driver/lib/controller/libgeneric_robot_window.so
[50.394s] -- Installing: /home/alex/ros2_ws/install/webots_ros2_driver/lib/controller/libCppDriver.so
[50.394s] -- Installing: /home/alex/ros2_ws/install/webots_ros2_driver/lib/controller/libCppController.so
[50.395s] -- Installing: /home/alex/ros2_ws/install/webots_ros2_driver/lib/controller/libcar.so
[50.395s] -- Installing: /home/alex/ros2_ws/install/webots_ros2_driver/lib/controller/libController.so
[50.395s] -- Installing: /home/alex/ros2_ws/install/webots_ros2_driver/share/webots_ros2_driver/webots_ros2_imu.xml
[50.395s] -- Installing: /home/alex/ros2_ws/install/webots_ros2_driver/share/webots_ros2_driver/webots_ros2_rgbd.xml
[50.396s] -- Installing: /home/alex/ros2_ws/install/webots_ros2_driver/lib/webots_ros2_driver/ros2_supervisor.py
[50.396s] -- Installing: /home/alex/ros2_ws/install/webots_ros2_driver/share/webots_ros2_driver/scripts
[50.396s] -- Installing: /home/alex/ros2_ws/install/webots_ros2_driver/share/webots_ros2_driver/scripts/webots_tcp_client.py
[50.396s] -- Installing: /home/alex/ros2_ws/install/webots_ros2_driver/share/webots_ros2_driver/scripts/webots-controller
[50.396s] -- Installing: /home/alex/ros2_ws/install/webots_ros2_driver/share/webots_ros2_driver/environment/library_path.sh
[50.396s] -- Installing: /home/alex/ros2_ws/install/webots_ros2_driver/share/webots_ros2_driver/environment/library_path.dsv
[50.396s] -- Installing: /home/alex/ros2_ws/install/webots_ros2_driver/share/ament_index/resource_index/package_run_dependencies/webots_ros2_driver
[50.396s] -- Installing: /home/alex/ros2_ws/install/webots_ros2_driver/share/ament_index/resource_index/parent_prefix_path/webots_ros2_driver
[50.397s] -- Installing: /home/alex/ros2_ws/install/webots_ros2_driver/share/webots_ros2_driver/environment/ament_prefix_path.sh
[50.397s] -- Installing: /home/alex/ros2_ws/install/webots_ros2_driver/share/webots_ros2_driver/environment/ament_prefix_path.dsv
[50.397s] -- Installing: /home/alex/ros2_ws/install/webots_ros2_driver/share/webots_ros2_driver/environment/path.sh
[50.397s] -- Installing: /home/alex/ros2_ws/install/webots_ros2_driver/share/webots_ros2_driver/environment/path.dsv
[50.397s] -- Installing: /home/alex/ros2_ws/install/webots_ros2_driver/share/webots_ros2_driver/local_setup.bash
[50.397s] -- Installing: /home/alex/ros2_ws/install/webots_ros2_driver/share/webots_ros2_driver/local_setup.sh
[50.397s] -- Installing: /home/alex/ros2_ws/install/webots_ros2_driver/share/webots_ros2_driver/local_setup.zsh
[50.397s] -- Installing: /home/alex/ros2_ws/install/webots_ros2_driver/share/webots_ros2_driver/local_setup.dsv
[50.397s] -- Installing: /home/alex/ros2_ws/install/webots_ros2_driver/share/webots_ros2_driver/package.dsv
[50.397s] -- Installing: /home/alex/ros2_ws/install/webots_ros2_driver/share/ament_index/resource_index/packages/webots_ros2_driver
[50.398s] -- Installing: /home/alex/ros2_ws/install/webots_ros2_driver/share/ament_index/resource_index/webots_ros2_driver__pluginlib__plugin/webots_ros2_driver
[50.398s] -- Installing: /home/alex/ros2_ws/install/webots_ros2_driver/share/webots_ros2_driver/cmake/ament_cmake_export_include_directories-extras.cmake
[50.398s] -- Installing: /home/alex/ros2_ws/install/webots_ros2_driver/share/webots_ros2_driver/cmake/ament_cmake_export_dependencies-extras.cmake
[50.398s] -- Installing: /home/alex/ros2_ws/install/webots_ros2_driver/share/webots_ros2_driver/cmake/ament_cmake_export_libraries-extras.cmake
[50.398s] -- Installing: /home/alex/ros2_ws/install/webots_ros2_driver/share/webots_ros2_driver/cmake/webots_ros2_driverConfig.cmake
[50.398s] -- Installing: /home/alex/ros2_ws/install/webots_ros2_driver/share/webots_ros2_driver/cmake/webots_ros2_driverConfig-version.cmake
[50.398s] -- Installing: /home/alex/ros2_ws/install/webots_ros2_driver/share/webots_ros2_driver/package.xml
[50.400s] Invoked command in '/home/alex/ros2_ws/build/webots_ros2_driver' returned '0': AMENT_PREFIX_PATH=/home/alex/ros2_ws/install/webots_ros2_msgs:/home/alex/ros2_ws/install/webots_ros2_importer:${AMENT_PREFIX_PATH} CMAKE_PREFIX_PATH=/home/alex/ros2_ws/install/webots_ros2_msgs:/home/alex/ros2_ws/install/turtlesim:/home/alex/ros2_ws/install/my_robot_interfaces:/home/alex/ros2_ws/install/my_cpp_pkg:/home/alex/rmf_ws/install/rmf_demos_gz_classic:/home/alex/rmf_ws/install/rmf_demos_gz:/home/alex/rmf_ws/install/rmf_demos:/home/alex/rmf_ws/install/rmf_demos_maps:/home/alex/rmf_ws/install/rmf_demos_dashboard_resources:/home/alex/rmf_ws/install/rmf_demos_assets:/home/alex/ros2_ws/install/my_py_pkg:/home/alex/rmf_ws/install/rmf_demos_tasks:/home/alex/rmf_ws/install/rmf_demos_panel:/home/alex/rmf_ws/install/rmf_demos_fleet_adapter:/home/alex/rmf_ws/install/rmf_demos_bridges:/opt/ros/humble LD_LIBRARY_PATH=/home/alex/ros2_ws/install/webots_ros2_msgs/lib PYTHONPATH=/home/alex/ros2_ws/install/webots_ros2_msgs/local/lib/python3.10/dist-packages:/home/alex/ros2_ws/install/webots_ros2_importer/lib/python3.10/site-packages:${PYTHONPATH} /usr/bin/cmake --install /home/alex/ros2_ws/build/webots_ros2_driver
