[0.268s] Invoking command in '/home/alex/ros2_ws/build/my_cpp_pkg': CMAKE_PREFIX_PATH=/home/alex/rmf_ws/install/rmf_demos_gz_classic:/home/alex/rmf_ws/install/rmf_demos_gz:/home/alex/rmf_ws/install/rmf_demos:/home/alex/rmf_ws/install/rmf_demos_maps:/home/alex/rmf_ws/install/rmf_demos_dashboard_resources:/home/alex/rmf_ws/install/rmf_demos_assets:/home/alex/ros2_ws/install/webots_ros2_control:/home/alex/ros2_ws/install/webots_ros2_driver:/home/alex/ros2_ws/install/webots_ros2_msgs:/home/alex/rmf_ws/install/rmf_demos_tasks:/home/alex/rmf_ws/install/rmf_demos_panel:/home/alex/rmf_ws/install/rmf_demos_fleet_adapter:/home/alex/rmf_ws/install/rmf_demos_bridges:/home/alex/ros2_ws/install/webots_ros2:/home/alex/ros2_ws/install/webots_ros2_universal_robot:/home/alex/ros2_ws/install/webots_ros2_turtlebot:/home/alex/ros2_ws/install/webots_ros2_tiago:/home/alex/ros2_ws/install/webots_ros2_tests:/home/alex/ros2_ws/install/webots_ros2_tesla:/home/alex/ros2_ws/install/webots_ros2_mavic:/home/alex/ros2_ws/install/webots_ros2_epuck:/home/alex/ros2_ws/install/webots_ros2_importer:/home/alex/ros2_ws/install/my_py_pkg:/opt/ros/humble:/home/alex/ros2_ws/install/turtlesim:/home/alex/ros2_ws/install/my_robot_interfaces:/home/alex/ros2_ws/install/my_cpp_pkg /usr/bin/cmake --build /home/alex/ros2_ws/build/my_cpp_pkg -- -j8 -l8
[0.353s] [ 12%] Built target robot_news_station
[0.362s] [ 25%] Built target cpp_node
[0.363s] [ 37%] Built target number_publisher
[0.369s] [ 50%] Built target smartphone
[0.374s] [ 62%] Built target number_counter
[0.380s] [ 75%] Built target add_two_ints_client
[0.382s] [ 87%] Built target add_two_ints_server
[0.384s] [100%] Built target add_two_ints_client_no_oop
[0.406s] Invoked command in '/home/alex/ros2_ws/build/my_cpp_pkg' returned '0': CMAKE_PREFIX_PATH=/home/alex/rmf_ws/install/rmf_demos_gz_classic:/home/alex/rmf_ws/install/rmf_demos_gz:/home/alex/rmf_ws/install/rmf_demos:/home/alex/rmf_ws/install/rmf_demos_maps:/home/alex/rmf_ws/install/rmf_demos_dashboard_resources:/home/alex/rmf_ws/install/rmf_demos_assets:/home/alex/ros2_ws/install/webots_ros2_control:/home/alex/ros2_ws/install/webots_ros2_driver:/home/alex/ros2_ws/install/webots_ros2_msgs:/home/alex/rmf_ws/install/rmf_demos_tasks:/home/alex/rmf_ws/install/rmf_demos_panel:/home/alex/rmf_ws/install/rmf_demos_fleet_adapter:/home/alex/rmf_ws/install/rmf_demos_bridges:/home/alex/ros2_ws/install/webots_ros2:/home/alex/ros2_ws/install/webots_ros2_universal_robot:/home/alex/ros2_ws/install/webots_ros2_turtlebot:/home/alex/ros2_ws/install/webots_ros2_tiago:/home/alex/ros2_ws/install/webots_ros2_tests:/home/alex/ros2_ws/install/webots_ros2_tesla:/home/alex/ros2_ws/install/webots_ros2_mavic:/home/alex/ros2_ws/install/webots_ros2_epuck:/home/alex/ros2_ws/install/webots_ros2_importer:/home/alex/ros2_ws/install/my_py_pkg:/opt/ros/humble:/home/alex/ros2_ws/install/turtlesim:/home/alex/ros2_ws/install/my_robot_interfaces:/home/alex/ros2_ws/install/my_cpp_pkg /usr/bin/cmake --build /home/alex/ros2_ws/build/my_cpp_pkg -- -j8 -l8
[0.472s] Invoking command in '/home/alex/ros2_ws/build/my_cpp_pkg': CMAKE_PREFIX_PATH=/home/alex/rmf_ws/install/rmf_demos_gz_classic:/home/alex/rmf_ws/install/rmf_demos_gz:/home/alex/rmf_ws/install/rmf_demos:/home/alex/rmf_ws/install/rmf_demos_maps:/home/alex/rmf_ws/install/rmf_demos_dashboard_resources:/home/alex/rmf_ws/install/rmf_demos_assets:/home/alex/ros2_ws/install/webots_ros2_control:/home/alex/ros2_ws/install/webots_ros2_driver:/home/alex/ros2_ws/install/webots_ros2_msgs:/home/alex/rmf_ws/install/rmf_demos_tasks:/home/alex/rmf_ws/install/rmf_demos_panel:/home/alex/rmf_ws/install/rmf_demos_fleet_adapter:/home/alex/rmf_ws/install/rmf_demos_bridges:/home/alex/ros2_ws/install/webots_ros2:/home/alex/ros2_ws/install/webots_ros2_universal_robot:/home/alex/ros2_ws/install/webots_ros2_turtlebot:/home/alex/ros2_ws/install/webots_ros2_tiago:/home/alex/ros2_ws/install/webots_ros2_tests:/home/alex/ros2_ws/install/webots_ros2_tesla:/home/alex/ros2_ws/install/webots_ros2_mavic:/home/alex/ros2_ws/install/webots_ros2_epuck:/home/alex/ros2_ws/install/webots_ros2_importer:/home/alex/ros2_ws/install/my_py_pkg:/opt/ros/humble:/home/alex/ros2_ws/install/turtlesim:/home/alex/ros2_ws/install/my_robot_interfaces:/home/alex/ros2_ws/install/my_cpp_pkg /usr/bin/cmake --install /home/alex/ros2_ws/build/my_cpp_pkg
[0.482s] -- Install configuration: ""
[0.482s] -- Up-to-date: /home/alex/ros2_ws/install/my_cpp_pkg/lib/my_cpp_pkg/cpp_node
[0.482s] -- Up-to-date: /home/alex/ros2_ws/install/my_cpp_pkg/lib/my_cpp_pkg/robot_news_station
[0.482s] -- Up-to-date: /home/alex/ros2_ws/install/my_cpp_pkg/lib/my_cpp_pkg/smartphone
[0.483s] -- Up-to-date: /home/alex/ros2_ws/install/my_cpp_pkg/lib/my_cpp_pkg/number_publisher
[0.483s] -- Up-to-date: /home/alex/ros2_ws/install/my_cpp_pkg/lib/my_cpp_pkg/number_counter
[0.484s] -- Up-to-date: /home/alex/ros2_ws/install/my_cpp_pkg/lib/my_cpp_pkg/add_two_ints_server
[0.484s] -- Up-to-date: /home/alex/ros2_ws/install/my_cpp_pkg/lib/my_cpp_pkg/add_two_ints_client
[0.484s] -- Up-to-date: /home/alex/ros2_ws/install/my_cpp_pkg/lib/my_cpp_pkg/add_two_ints_client_no_oop
[0.485s] -- Up-to-date: /home/alex/ros2_ws/install/my_cpp_pkg/share/ament_index/resource_index/package_run_dependencies/my_cpp_pkg
[0.485s] -- Up-to-date: /home/alex/ros2_ws/install/my_cpp_pkg/share/ament_index/resource_index/parent_prefix_path/my_cpp_pkg
[0.485s] -- Up-to-date: /home/alex/ros2_ws/install/my_cpp_pkg/share/my_cpp_pkg/environment/ament_prefix_path.sh
[0.485s] -- Up-to-date: /home/alex/ros2_ws/install/my_cpp_pkg/share/my_cpp_pkg/environment/ament_prefix_path.dsv
[0.485s] -- Up-to-date: /home/alex/ros2_ws/install/my_cpp_pkg/share/my_cpp_pkg/environment/path.sh
[0.486s] -- Up-to-date: /home/alex/ros2_ws/install/my_cpp_pkg/share/my_cpp_pkg/environment/path.dsv
[0.486s] -- Up-to-date: /home/alex/ros2_ws/install/my_cpp_pkg/share/my_cpp_pkg/local_setup.bash
[0.486s] -- Up-to-date: /home/alex/ros2_ws/install/my_cpp_pkg/share/my_cpp_pkg/local_setup.sh
[0.486s] -- Up-to-date: /home/alex/ros2_ws/install/my_cpp_pkg/share/my_cpp_pkg/local_setup.zsh
[0.486s] -- Up-to-date: /home/alex/ros2_ws/install/my_cpp_pkg/share/my_cpp_pkg/local_setup.dsv
[0.486s] -- Installing: /home/alex/ros2_ws/install/my_cpp_pkg/share/my_cpp_pkg/package.dsv
[0.486s] -- Up-to-date: /home/alex/ros2_ws/install/my_cpp_pkg/share/ament_index/resource_index/packages/my_cpp_pkg
[0.487s] -- Up-to-date: /home/alex/ros2_ws/install/my_cpp_pkg/share/my_cpp_pkg/cmake/my_cpp_pkgConfig.cmake
[0.487s] -- Up-to-date: /home/alex/ros2_ws/install/my_cpp_pkg/share/my_cpp_pkg/cmake/my_cpp_pkgConfig-version.cmake
[0.487s] -- Up-to-date: /home/alex/ros2_ws/install/my_cpp_pkg/share/my_cpp_pkg/package.xml
[0.488s] Invoked command in '/home/alex/ros2_ws/build/my_cpp_pkg' returned '0': CMAKE_PREFIX_PATH=/home/alex/rmf_ws/install/rmf_demos_gz_classic:/home/alex/rmf_ws/install/rmf_demos_gz:/home/alex/rmf_ws/install/rmf_demos:/home/alex/rmf_ws/install/rmf_demos_maps:/home/alex/rmf_ws/install/rmf_demos_dashboard_resources:/home/alex/rmf_ws/install/rmf_demos_assets:/home/alex/ros2_ws/install/webots_ros2_control:/home/alex/ros2_ws/install/webots_ros2_driver:/home/alex/ros2_ws/install/webots_ros2_msgs:/home/alex/rmf_ws/install/rmf_demos_tasks:/home/alex/rmf_ws/install/rmf_demos_panel:/home/alex/rmf_ws/install/rmf_demos_fleet_adapter:/home/alex/rmf_ws/install/rmf_demos_bridges:/home/alex/ros2_ws/install/webots_ros2:/home/alex/ros2_ws/install/webots_ros2_universal_robot:/home/alex/ros2_ws/install/webots_ros2_turtlebot:/home/alex/ros2_ws/install/webots_ros2_tiago:/home/alex/ros2_ws/install/webots_ros2_tests:/home/alex/ros2_ws/install/webots_ros2_tesla:/home/alex/ros2_ws/install/webots_ros2_mavic:/home/alex/ros2_ws/install/webots_ros2_epuck:/home/alex/ros2_ws/install/webots_ros2_importer:/home/alex/ros2_ws/install/my_py_pkg:/opt/ros/humble:/home/alex/ros2_ws/install/turtlesim:/home/alex/ros2_ws/install/my_robot_interfaces:/home/alex/ros2_ws/install/my_cpp_pkg /usr/bin/cmake --install /home/alex/ros2_ws/build/my_cpp_pkg
