[0.768s] Invoking command in '/home/alex/ros2_ws/src/my_py_pkg': CMAKE_PREFIX_PATH=/home/alex/ros2_ws/install/my_robot_interfaces:/home/alex/ros2_ws/install/turtlesim:/home/alex/ros2_ws/install/my_cpp_pkg LD_LIBRARY_PATH=/home/alex/ros2_ws/install/my_robot_interfaces/lib:/home/alex/ros2_ws/install/turtlesim/lib:/opt/ros/humble/opt/rviz_ogre_vendor/lib:/opt/ros/humble/lib/x86_64-linux-gnu:/opt/ros/humble/lib PYTHONPATH=/home/alex/ros2_ws/build/my_py_pkg/prefix_override:/home/alex/ros2_ws/install/my_py_pkg/lib/python3.10/site-packages:${PYTHONPATH} /usr/bin/python3 setup.py egg_info --egg-base ../../build/my_py_pkg build --build-base /home/alex/ros2_ws/build/my_py_pkg/build install --record /home/alex/ros2_ws/build/my_py_pkg/install.log --single-version-externally-managed
[0.969s] running egg_info
[0.969s] writing ../../build/my_py_pkg/my_py_pkg.egg-info/PKG-INFO
[0.970s] writing dependency_links to ../../build/my_py_pkg/my_py_pkg.egg-info/dependency_links.txt
[0.970s] writing entry points to ../../build/my_py_pkg/my_py_pkg.egg-info/entry_points.txt
[0.970s] writing requirements to ../../build/my_py_pkg/my_py_pkg.egg-info/requires.txt
[0.970s] writing top-level names to ../../build/my_py_pkg/my_py_pkg.egg-info/top_level.txt
[0.971s] reading manifest file '../../build/my_py_pkg/my_py_pkg.egg-info/SOURCES.txt'
[0.972s] writing manifest file '../../build/my_py_pkg/my_py_pkg.egg-info/SOURCES.txt'
[0.972s] running build
[0.972s] running build_py
[0.973s] running install
[0.973s] running install_lib
[0.974s] running install_data
[0.974s] running install_egg_info
[0.976s] removing '/home/alex/ros2_ws/install/my_py_pkg/lib/python3.10/site-packages/my_py_pkg-0.0.0-py3.10.egg-info' (and everything under it)
[0.976s] Copying ../../build/my_py_pkg/my_py_pkg.egg-info to /home/alex/ros2_ws/install/my_py_pkg/lib/python3.10/site-packages/my_py_pkg-0.0.0-py3.10.egg-info
[0.977s] running install_scripts
[0.992s] Installing add_two_ints_client script to /home/alex/ros2_ws/install/my_py_pkg/lib/my_py_pkg
[0.992s] Installing add_two_ints_client_no_oop = my_py_pkg.add_two_ints_client_no_oop:mainhardware_status_publisher script to /home/alex/ros2_ws/install/my_py_pkg/lib/my_py_pkg
[0.992s] Installing add_two_ints_server script to /home/alex/ros2_ws/install/my_py_pkg/lib/my_py_pkg
[0.992s] Installing number_counter script to /home/alex/ros2_ws/install/my_py_pkg/lib/my_py_pkg
[0.992s] Installing number_publisher script to /home/alex/ros2_ws/install/my_py_pkg/lib/my_py_pkg
[0.992s] Installing py_node script to /home/alex/ros2_ws/install/my_py_pkg/lib/my_py_pkg
[0.992s] Installing robot_news_station script to /home/alex/ros2_ws/install/my_py_pkg/lib/my_py_pkg
[0.992s] Installing smartphone script to /home/alex/ros2_ws/install/my_py_pkg/lib/my_py_pkg
[0.992s] writing list of installed files to '/home/alex/ros2_ws/build/my_py_pkg/install.log'
[1.012s] Invoked command in '/home/alex/ros2_ws/src/my_py_pkg' returned '0': CMAKE_PREFIX_PATH=/home/alex/ros2_ws/install/my_robot_interfaces:/home/alex/ros2_ws/install/turtlesim:/home/alex/ros2_ws/install/my_cpp_pkg LD_LIBRARY_PATH=/home/alex/ros2_ws/install/my_robot_interfaces/lib:/home/alex/ros2_ws/install/turtlesim/lib:/opt/ros/humble/opt/rviz_ogre_vendor/lib:/opt/ros/humble/lib/x86_64-linux-gnu:/opt/ros/humble/lib PYTHONPATH=/home/alex/ros2_ws/build/my_py_pkg/prefix_override:/home/alex/ros2_ws/install/my_py_pkg/lib/python3.10/site-packages:${PYTHONPATH} /usr/bin/python3 setup.py egg_info --egg-base ../../build/my_py_pkg build --build-base /home/alex/ros2_ws/build/my_py_pkg/build install --record /home/alex/ros2_ws/build/my_py_pkg/install.log --single-version-externally-managed
