[  6%] [32mBuilding CXX object CMakeFiles/robot_news_station.dir/src/robot_news_station.cpp.o[0m
[ 12%] [32mBuilding CXX object CMakeFiles/cpp_node.dir/src/my_first_node.cpp.o[0m
[ 18%] [32mBuilding CXX object CMakeFiles/add_two_ints_client.dir/src/add_two_ints_client.cpp.o[0m
[ 25%] [32mBuilding CXX object CMakeFiles/smartphone.dir/src/smartphone.cpp.o[0m
[ 31%] [32mBuilding CXX object CMakeFiles/number_publisher.dir/src/number_publisher.cpp.o[0m
[ 37%] [32mBuilding CXX object CMakeFiles/number_counter.dir/src/number_counter.cpp.o[0m
[ 43%] [32mBuilding CXX object CMakeFiles/add_two_ints_server.dir/src/add_two_ints_server.cpp.o[0m
[ 50%] [32mBuilding CXX object CMakeFiles/add_two_ints_client_no_oop.dir/src/add_two_ints_client_no_oop.cpp.o[0m
[ 56%] [32m[1mLinking CXX executable cpp_node[0m
[ 62%] [32m[1mLinking CXX executable add_two_ints_client[0m
[ 68%] [32m[1mLinking CXX executable add_two_ints_server[0m
[ 68%] Built target cpp_node
[ 68%] Built target add_two_ints_client
[ 68%] Built target add_two_ints_server
[ 75%] [32m[1mLinking CXX executable add_two_ints_client_no_oop[0m
[ 75%] Built target add_two_ints_client_no_oop
[ 81%] [32m[1mLinking CXX executable number_publisher[0m
[ 87%] [32m[1mLinking CXX executable robot_news_station[0m
[ 87%] Built target number_publisher
[ 87%] Built target robot_news_station
[ 93%] [32m[1mLinking CXX executable smartphone[0m
[100%] [32m[1mLinking CXX executable number_counter[0m
[100%] Built target smartphone
[100%] Built target number_counter
