[0.116s] Invoking command in '/home/alex/ros2_ws/build/my_cpp_pkg': CMAKE_PREFIX_PATH=/opt/ros/humble /usr/bin/cmake --build /home/alex/ros2_ws/build/my_cpp_pkg -- -j8 -l8
[0.167s] [  6%] [32mBuilding CXX object CMakeFiles/robot_news_station.dir/src/robot_news_station.cpp.o[0m
[0.172s] [ 12%] [32mBuilding CXX object CMakeFiles/cpp_node.dir/src/my_first_node.cpp.o[0m
[0.180s] [ 18%] [32mBuilding CXX object CMakeFiles/add_two_ints_client.dir/src/add_two_ints_client.cpp.o[0m
[0.180s] [ 25%] [32mBuilding CXX object CMakeFiles/smartphone.dir/src/smartphone.cpp.o[0m
[0.180s] [ 31%] [32mBuilding CXX object CMakeFiles/number_publisher.dir/src/number_publisher.cpp.o[0m
[0.184s] [ 37%] [32mBuilding CXX object CMakeFiles/number_counter.dir/src/number_counter.cpp.o[0m
[0.192s] [ 43%] [32mBuilding CXX object CMakeFiles/add_two_ints_server.dir/src/add_two_ints_server.cpp.o[0m
[0.362s] [ 50%] [32mBuilding CXX object CMakeFiles/add_two_ints_client_no_oop.dir/src/add_two_ints_client_no_oop.cpp.o[0m
[12.781s] [ 56%] [32m[1mLinking CXX executable cpp_node[0m
[13.041s] [ 62%] [32m[1mLinking CXX executable add_two_ints_client[0m
[13.216s] [ 68%] [32m[1mLinking CXX executable add_two_ints_server[0m
[13.602s] [ 68%] Built target cpp_node
[13.813s] [ 68%] Built target add_two_ints_client
[14.026s] [ 68%] Built target add_two_ints_server
[14.096s] [ 75%] [32m[1mLinking CXX executable add_two_ints_client_no_oop[0m
[14.803s] [ 75%] Built target add_two_ints_client_no_oop
[15.944s] [ 81%] [32m[1mLinking CXX executable number_publisher[0m
[16.230s] [ 87%] [32m[1mLinking CXX executable robot_news_station[0m
[16.592s] [ 87%] Built target number_publisher
[16.871s] [ 87%] Built target robot_news_station
[29.230s] [ 93%] [32m[1mLinking CXX executable smartphone[0m
[29.905s] [100%] [32m[1mLinking CXX executable number_counter[0m
[30.346s] [100%] Built target smartphone
[30.866s] [100%] Built target number_counter
