[0.532s] Invoking command in '/home/alex/ros2_ws/build/roscpp_tutorials': /usr/bin/cmake /home/alex/ros2_ws/src/ros_tutorials/roscpp_tutorials -DCATKIN_INSTALL_INTO_PREFIX_ROOT=0 -DCMAKE_INSTALL_PREFIX=/home/alex/ros2_ws/install/roscpp_tutorials
[0.615s] -- The C compiler identification is GNU 11.4.0
[0.743s] -- The CXX compiler identification is GNU 11.4.0
[0.754s] -- Detecting C compiler ABI info
[0.835s] -- Detecting C compiler ABI info - done
[0.846s] -- Check for working C compiler: /usr/bin/cc - skipped
[0.847s] -- Detecting C compile features
[0.847s] -- Detecting C compile features - done
[0.852s] -- Detecting CXX compiler ABI info
[0.943s] -- Detecting CXX compiler ABI info - done
[0.955s] -- Check for working CXX compiler: /usr/bin/c++ - skipped
[0.955s] -- Detecting CXX compile features
[0.956s] -- Detecting CXX compile features - done
[1.144s] -- Found Boost: /usr/lib/x86_64-linux-gnu/cmake/Boost-1.74.0/BoostConfig.cmake (found version "1.74.0") found components: date_time thread 
[1.160s] [31mCMake Error at CMakeLists.txt:5 (find_package):
[1.160s]   By not providing "Findcatkin.cmake" in CMAKE_MODULE_PATH this project has
[1.160s]   asked CMake to find a package configuration file provided by "catkin", but
[1.160s]   CMake did not find one.
[1.160s] 
[1.160s]   Could not find a package configuration file provided by "catkin" with any
[1.160s]   of the following names:
[1.160s] 
[1.160s]     catkinConfig.cmake
[1.160s]     catkin-config.cmake
[1.160s] 
[1.160s]   Add the installation prefix of "catkin" to CMAKE_PREFIX_PATH or set
[1.161s]   "catkin_DIR" to a directory containing one of the above files.  If "catkin"
[1.161s]   provides a separate development package or SDK, be sure it has been
[1.161s]   installed.
[1.161s] 
[1.161s] [0m
[1.161s] -- Configuring incomplete, errors occurred!
[1.161s] See also "/home/alex/ros2_ws/build/roscpp_tutorials/CMakeFiles/CMakeOutput.log".
