[2.485s] Invoking command in '/home/alex/ros2_ws/src/webots_ros2/webots_ros2_epuck': AMENT_PREFIX_PATH=/home/alex/ros2_ws/install/webots_ros2_importer:/home/alex/ros2_ws/install/webots_ros2:/home/alex/ros2_ws/install/webots_ros2_universal_robot:/home/alex/ros2_ws/install/webots_ros2_turtlebot:/home/alex/ros2_ws/install/webots_ros2_tiago:/home/alex/ros2_ws/install/webots_ros2_tests:/home/alex/ros2_ws/install/webots_ros2_tesla:/home/alex/ros2_ws/install/webots_ros2_mavic:/home/alex/ros2_ws/install/webots_ros2_epuck:/home/alex/ros2_ws/install/webots_ros2_control:/home/alex/ros2_ws/install/webots_ros2_driver:/home/alex/ros2_ws/install/webots_ros2_msgs:/home/alex/ros2_ws/install/turtlesim:/home/alex/ros2_ws/install/my_py_pkg:/home/alex/ros2_ws/install/my_robot_interfaces:/home/alex/ros2_ws/install/my_cpp_pkg:/home/alex/rmf_ws/install/rmf_demos_gz_classic:/home/alex/rmf_ws/install/rmf_demos_gz:/home/alex/rmf_ws/install/rmf_demos:/home/alex/rmf_ws/install/rmf_demos_tasks:/home/alex/rmf_ws/install/rmf_demos_panel:/home/alex/rmf_ws/install/rmf_demos_maps:/home/alex/rmf_ws/install/rmf_demos_fleet_adapter:/home/alex/rmf_ws/install/rmf_demos_dashboard_resources:/home/alex/rmf_ws/install/rmf_demos_bridges:/home/alex/rmf_ws/install/rmf_demos_assets:/opt/ros/humble PYTHONPATH=/home/alex/ros2_ws/build/webots_ros2_epuck/prefix_override:/home/alex/ros2_ws/install/webots_ros2_epuck/lib/python3.10/site-packages:/home/alex/ros2_ws/install/webots_ros2_importer/lib/python3.10/site-packages:/home/alex/ros2_ws/install/webots_ros2/lib/python3.10/site-packages:/home/alex/ros2_ws/install/webots_ros2_universal_robot/lib/python3.10/site-packages:/home/alex/ros2_ws/install/webots_ros2_turtlebot/lib/python3.10/site-packages:/home/alex/ros2_ws/install/webots_ros2_tiago/lib/python3.10/site-packages:/home/alex/ros2_ws/install/webots_ros2_tests/lib/python3.10/site-packages:/home/alex/ros2_ws/install/webots_ros2_tesla/lib/python3.10/site-packages:/home/alex/ros2_ws/install/webots_ros2_mavic/lib/python3.10/site-packages:/home/alex/ros2_ws/install/webots_ros2_epuck/lib/python3.10/site-packages:/home/alex/ros2_ws/install/webots_ros2_driver/local/lib/python3.10/dist-packages:/home/alex/ros2_ws/install/webots_ros2_msgs/local/lib/python3.10/dist-packages:/home/alex/ros2_ws/install/turtlesim/local/lib/python3.10/dist-packages:/home/alex/ros2_ws/install/my_py_pkg/lib/python3.10/site-packages:/home/alex/ros2_ws/install/my_robot_interfaces/local/lib/python3.10/dist-packages:/home/alex/rmf_ws/install/rmf_demos_tasks/lib/python3.10/site-packages:/home/alex/rmf_ws/install/rmf_demos_panel/lib/python3.10/site-packages:/home/alex/rmf_ws/install/rmf_demos_fleet_adapter/lib/python3.10/site-packages:/home/alex/rmf_ws/install/rmf_demos_bridges/lib/python3.10/site-packages:/opt/ros/humble/lib/python/site-packages:/opt/ros/humble/lib/python3.10/site-packages:/opt/ros/humble/local/lib/python3.10/dist-packages /usr/bin/python3 setup.py egg_info --egg-base ../../../build/webots_ros2_epuck build --build-base /home/alex/ros2_ws/build/webots_ros2_epuck/build install --record /home/alex/ros2_ws/build/webots_ros2_epuck/install.log --single-version-externally-managed
[2.902s] running egg_info
[2.903s] writing ../../../build/webots_ros2_epuck/webots_ros2_epuck.egg-info/PKG-INFO
[2.904s] writing dependency_links to ../../../build/webots_ros2_epuck/webots_ros2_epuck.egg-info/dependency_links.txt
[2.904s] writing entry points to ../../../build/webots_ros2_epuck/webots_ros2_epuck.egg-info/entry_points.txt
[2.904s] writing requirements to ../../../build/webots_ros2_epuck/webots_ros2_epuck.egg-info/requires.txt
[2.905s] writing top-level names to ../../../build/webots_ros2_epuck/webots_ros2_epuck.egg-info/top_level.txt
[2.907s] reading manifest file '../../../build/webots_ros2_epuck/webots_ros2_epuck.egg-info/SOURCES.txt'
[2.910s] writing manifest file '../../../build/webots_ros2_epuck/webots_ros2_epuck.egg-info/SOURCES.txt'
[2.911s] running build
[2.911s] running build_py
[2.912s] copying webots_ros2_epuck/drive_calibrator.py -> /home/alex/ros2_ws/build/webots_ros2_epuck/build/lib/webots_ros2_epuck
[2.913s] copying webots_ros2_epuck/simple_mapper.py -> /home/alex/ros2_ws/build/webots_ros2_epuck/build/lib/webots_ros2_epuck
[2.913s] copying webots_ros2_epuck/epuck_node.py -> /home/alex/ros2_ws/build/webots_ros2_epuck/build/lib/webots_ros2_epuck
[2.913s] copying webots_ros2_epuck/__init__.py -> /home/alex/ros2_ws/build/webots_ros2_epuck/build/lib/webots_ros2_epuck
[2.913s] running install
[2.914s] running install_lib
[2.914s] copying /home/alex/ros2_ws/build/webots_ros2_epuck/build/lib/webots_ros2_epuck/drive_calibrator.py -> /home/alex/ros2_ws/install/webots_ros2_epuck/lib/python3.10/site-packages/webots_ros2_epuck
[2.914s] copying /home/alex/ros2_ws/build/webots_ros2_epuck/build/lib/webots_ros2_epuck/simple_mapper.py -> /home/alex/ros2_ws/install/webots_ros2_epuck/lib/python3.10/site-packages/webots_ros2_epuck
[2.915s] copying /home/alex/ros2_ws/build/webots_ros2_epuck/build/lib/webots_ros2_epuck/epuck_node.py -> /home/alex/ros2_ws/install/webots_ros2_epuck/lib/python3.10/site-packages/webots_ros2_epuck
[2.915s] copying /home/alex/ros2_ws/build/webots_ros2_epuck/build/lib/webots_ros2_epuck/__init__.py -> /home/alex/ros2_ws/install/webots_ros2_epuck/lib/python3.10/site-packages/webots_ros2_epuck
[2.915s] byte-compiling /home/alex/ros2_ws/install/webots_ros2_epuck/lib/python3.10/site-packages/webots_ros2_epuck/drive_calibrator.py to drive_calibrator.cpython-310.pyc
[2.916s] byte-compiling /home/alex/ros2_ws/install/webots_ros2_epuck/lib/python3.10/site-packages/webots_ros2_epuck/simple_mapper.py to simple_mapper.cpython-310.pyc
[2.918s] byte-compiling /home/alex/ros2_ws/install/webots_ros2_epuck/lib/python3.10/site-packages/webots_ros2_epuck/epuck_node.py to epuck_node.cpython-310.pyc
[2.919s] byte-compiling /home/alex/ros2_ws/install/webots_ros2_epuck/lib/python3.10/site-packages/webots_ros2_epuck/__init__.py to __init__.cpython-310.pyc
[2.920s] running install_data
[2.921s] copying resource/webots_ros2_epuck -> /home/alex/ros2_ws/install/webots_ros2_epuck/share/ament_index/resource_index/packages
[2.921s] copying launch/robot_launch.py -> /home/alex/ros2_ws/install/webots_ros2_epuck/share/webots_ros2_epuck/launch
[2.921s] copying launch/robot_tools_launch.py -> /home/alex/ros2_ws/install/webots_ros2_epuck/share/webots_ros2_epuck/launch
[2.922s] copying launch/rats_life_launch.py -> /home/alex/ros2_ws/install/webots_ros2_epuck/share/webots_ros2_epuck/launch
[2.922s] copying launch/rats_life_waypoints_launch.py -> /home/alex/ros2_ws/install/webots_ros2_epuck/share/webots_ros2_epuck/launch
[2.922s] copying worlds/epuck_world.wbt -> /home/alex/ros2_ws/install/webots_ros2_epuck/share/webots_ros2_epuck/worlds
[2.923s] copying worlds/.epuck_world.wbproj -> /home/alex/ros2_ws/install/webots_ros2_epuck/share/webots_ros2_epuck/worlds
[2.923s] copying worlds/rats_life_benchmark.wbt -> /home/alex/ros2_ws/install/webots_ros2_epuck/share/webots_ros2_epuck/worlds
[2.923s] copying worlds/.rats_life_benchmark.wbproj -> /home/alex/ros2_ws/install/webots_ros2_epuck/share/webots_ros2_epuck/worlds
[2.923s] copying protos/LegoTallInterval.proto -> /home/alex/ros2_ws/install/webots_ros2_epuck/share/webots_ros2_epuck/protos
[2.923s] copying protos/LegoTallWall.proto -> /home/alex/ros2_ws/install/webots_ros2_epuck/share/webots_ros2_epuck/protos
[2.924s] copying resource/all.rviz -> /home/alex/ros2_ws/install/webots_ros2_epuck/share/webots_ros2_epuck/resource
[2.924s] copying resource/nav2_params.yaml -> /home/alex/ros2_ws/install/webots_ros2_epuck/share/webots_ros2_epuck/resource
[2.924s] copying resource/nav2_params_iron.yaml -> /home/alex/ros2_ws/install/webots_ros2_epuck/share/webots_ros2_epuck/resource
[2.924s] copying resource/map_rats_life.pgm -> /home/alex/ros2_ws/install/webots_ros2_epuck/share/webots_ros2_epuck/resource
[2.924s] copying resource/map_rats_life.yaml -> /home/alex/ros2_ws/install/webots_ros2_epuck/share/webots_ros2_epuck/resource
[2.925s] copying resource/nav2_rats_life_waypoints.yaml -> /home/alex/ros2_ws/install/webots_ros2_epuck/share/webots_ros2_epuck/resource
[2.925s] copying resource/epuck_world_map.pgm -> /home/alex/ros2_ws/install/webots_ros2_epuck/share/webots_ros2_epuck/resource
[2.925s] copying resource/epuck_world_map.yaml -> /home/alex/ros2_ws/install/webots_ros2_epuck/share/webots_ros2_epuck/resource
[2.925s] copying resource/epuck_webots.urdf -> /home/alex/ros2_ws/install/webots_ros2_epuck/share/webots_ros2_epuck/resource
[2.925s] copying resource/ros2_control.yml -> /home/alex/ros2_ws/install/webots_ros2_epuck/share/webots_ros2_epuck/resource
[2.926s] copying package.xml -> /home/alex/ros2_ws/install/webots_ros2_epuck/share/webots_ros2_epuck
[2.926s] running install_egg_info
[2.928s] removing '/home/alex/ros2_ws/install/webots_ros2_epuck/lib/python3.10/site-packages/webots_ros2_epuck-2023.1.1-py3.10.egg-info' (and everything under it)
[2.929s] Copying ../../../build/webots_ros2_epuck/webots_ros2_epuck.egg-info to /home/alex/ros2_ws/install/webots_ros2_epuck/lib/python3.10/site-packages/webots_ros2_epuck-2023.1.1-py3.10.egg-info
[2.930s] running install_scripts
[2.957s] Installing drive_calibrator script to /home/alex/ros2_ws/install/webots_ros2_epuck/lib/webots_ros2_epuck
[2.958s] Installing epuck_node script to /home/alex/ros2_ws/install/webots_ros2_epuck/lib/webots_ros2_epuck
[2.958s] Installing simple_mapper script to /home/alex/ros2_ws/install/webots_ros2_epuck/lib/webots_ros2_epuck
[2.958s] writing list of installed files to '/home/alex/ros2_ws/build/webots_ros2_epuck/install.log'
[3.155s] Invoked command in '/home/alex/ros2_ws/src/webots_ros2/webots_ros2_epuck' returned '0': AMENT_PREFIX_PATH=/home/alex/ros2_ws/install/webots_ros2_importer:/home/alex/ros2_ws/install/webots_ros2:/home/alex/ros2_ws/install/webots_ros2_universal_robot:/home/alex/ros2_ws/install/webots_ros2_turtlebot:/home/alex/ros2_ws/install/webots_ros2_tiago:/home/alex/ros2_ws/install/webots_ros2_tests:/home/alex/ros2_ws/install/webots_ros2_tesla:/home/alex/ros2_ws/install/webots_ros2_mavic:/home/alex/ros2_ws/install/webots_ros2_epuck:/home/alex/ros2_ws/install/webots_ros2_control:/home/alex/ros2_ws/install/webots_ros2_driver:/home/alex/ros2_ws/install/webots_ros2_msgs:/home/alex/ros2_ws/install/turtlesim:/home/alex/ros2_ws/install/my_py_pkg:/home/alex/ros2_ws/install/my_robot_interfaces:/home/alex/ros2_ws/install/my_cpp_pkg:/home/alex/rmf_ws/install/rmf_demos_gz_classic:/home/alex/rmf_ws/install/rmf_demos_gz:/home/alex/rmf_ws/install/rmf_demos:/home/alex/rmf_ws/install/rmf_demos_tasks:/home/alex/rmf_ws/install/rmf_demos_panel:/home/alex/rmf_ws/install/rmf_demos_maps:/home/alex/rmf_ws/install/rmf_demos_fleet_adapter:/home/alex/rmf_ws/install/rmf_demos_dashboard_resources:/home/alex/rmf_ws/install/rmf_demos_bridges:/home/alex/rmf_ws/install/rmf_demos_assets:/opt/ros/humble PYTHONPATH=/home/alex/ros2_ws/build/webots_ros2_epuck/prefix_override:/home/alex/ros2_ws/install/webots_ros2_epuck/lib/python3.10/site-packages:/home/alex/ros2_ws/install/webots_ros2_importer/lib/python3.10/site-packages:/home/alex/ros2_ws/install/webots_ros2/lib/python3.10/site-packages:/home/alex/ros2_ws/install/webots_ros2_universal_robot/lib/python3.10/site-packages:/home/alex/ros2_ws/install/webots_ros2_turtlebot/lib/python3.10/site-packages:/home/alex/ros2_ws/install/webots_ros2_tiago/lib/python3.10/site-packages:/home/alex/ros2_ws/install/webots_ros2_tests/lib/python3.10/site-packages:/home/alex/ros2_ws/install/webots_ros2_tesla/lib/python3.10/site-packages:/home/alex/ros2_ws/install/webots_ros2_mavic/lib/python3.10/site-packages:/home/alex/ros2_ws/install/webots_ros2_epuck/lib/python3.10/site-packages:/home/alex/ros2_ws/install/webots_ros2_driver/local/lib/python3.10/dist-packages:/home/alex/ros2_ws/install/webots_ros2_msgs/local/lib/python3.10/dist-packages:/home/alex/ros2_ws/install/turtlesim/local/lib/python3.10/dist-packages:/home/alex/ros2_ws/install/my_py_pkg/lib/python3.10/site-packages:/home/alex/ros2_ws/install/my_robot_interfaces/local/lib/python3.10/dist-packages:/home/alex/rmf_ws/install/rmf_demos_tasks/lib/python3.10/site-packages:/home/alex/rmf_ws/install/rmf_demos_panel/lib/python3.10/site-packages:/home/alex/rmf_ws/install/rmf_demos_fleet_adapter/lib/python3.10/site-packages:/home/alex/rmf_ws/install/rmf_demos_bridges/lib/python3.10/site-packages:/opt/ros/humble/lib/python/site-packages:/opt/ros/humble/lib/python3.10/site-packages:/opt/ros/humble/local/lib/python3.10/dist-packages /usr/bin/python3 setup.py egg_info --egg-base ../../../build/webots_ros2_epuck build --build-base /home/alex/ros2_ws/build/webots_ros2_epuck/build install --record /home/alex/ros2_ws/build/webots_ros2_epuck/install.log --single-version-externally-managed
