[0.132s] Invoking command in '/home/alex/ros2_ws/build/my_cpp_pkg': CMAKE_PREFIX_PATH=/opt/ros/humble /usr/bin/cmake /home/alex/ros2_ws/src/my_cpp_pkg -DCMAKE_INSTALL_PREFIX=/home/alex/ros2_ws/install/my_cpp_pkg
[0.323s] -- The C compiler identification is GNU 11.4.0
[0.923s] -- The CXX compiler identification is GNU 11.4.0
[1.122s] -- Detecting C compiler ABI info
[1.291s] -- Detecting C compiler ABI info - done
[1.300s] -- Check for working C compiler: /usr/bin/cc - skipped
[1.301s] -- Detecting C compile features
[1.302s] -- Detecting C compile features - done
[1.305s] -- Detecting CXX compiler ABI info
[1.462s] -- Detecting CXX compiler ABI info - done
[1.474s] -- Check for working CXX compiler: /usr/bin/c++ - skipped
[1.474s] -- Detecting CXX compile features
[1.474s] -- Detecting CXX compile features - done
[1.476s] -- Found ament_cmake: 1.3.5 (/opt/ros/humble/share/ament_cmake/cmake)
[1.652s] -- Found Python3: /usr/bin/python3.10 (found version "3.10.12") found components: Interpreter 
[1.737s] -- Found rclcpp: 16.0.6 (/opt/ros/humble/share/rclcpp/cmake)
[1.884s] -- Found rosidl_generator_c: 3.1.5 (/opt/ros/humble/share/rosidl_generator_c/cmake)
[1.888s] -- Found rosidl_adapter: 3.1.5 (/opt/ros/humble/share/rosidl_adapter/cmake)
[1.897s] -- Found rosidl_generator_cpp: 3.1.5 (/opt/ros/humble/share/rosidl_generator_cpp/cmake)
[1.912s] -- Using all available rosidl_typesupport_c: rosidl_typesupport_fastrtps_c;rosidl_typesupport_introspection_c
[1.929s] -- Using all available rosidl_typesupport_cpp: rosidl_typesupport_fastrtps_cpp;rosidl_typesupport_introspection_cpp
[2.006s] -- Found rmw_implementation_cmake: 6.1.1 (/opt/ros/humble/share/rmw_implementation_cmake/cmake)
[2.009s] -- Found rmw_fastrtps_cpp: 6.2.4 (/opt/ros/humble/share/rmw_fastrtps_cpp/cmake)
[3.195s] -- Found OpenSSL: /usr/lib/x86_64-linux-gnu/libcrypto.so (found version "3.0.2")  
[5.440s] -- Found FastRTPS: /opt/ros/humble/include  
[8.326s] -- Using RMW implementation 'rmw_fastrtps_cpp' as default
[8.335s] -- Looking for pthread.h
[8.525s] -- Looking for pthread.h - found
[8.526s] -- Performing Test CMAKE_HAVE_LIBC_PTHREAD
[8.681s] -- Performing Test CMAKE_HAVE_LIBC_PTHREAD - Success
[8.682s] -- Found Threads: TRUE  
[8.913s] -- Found example_interfaces: 0.9.3 (/opt/ros/humble/share/example_interfaces/cmake)
[9.083s] -- Found ament_lint_auto: 0.12.8 (/opt/ros/humble/share/ament_lint_auto/cmake)
[9.161s] -- Added test 'cppcheck' to perform static code analysis on C / C++ code
[9.161s] -- Configured cppcheck include dirs: 
[9.162s] -- Configured cppcheck exclude dirs and/or files: 
[9.162s] -- Added test 'lint_cmake' to check CMake code style
[9.163s] -- Added test 'uncrustify' to check C / C++ code style
[9.164s] -- Configured uncrustify additional arguments: 
[9.164s] -- Added test 'xmllint' to check XML markup files
[9.165s] -- Configuring done
[9.200s] -- Generating done
[9.202s] -- Build files have been written to: /home/alex/ros2_ws/build/my_cpp_pkg
