[1.893s] Invoking command in '/home/alex/ros2_ws/src/webots_ros2/webots_ros2_universal_robot': AMENT_PREFIX_PATH=/home/alex/ros2_ws/install/webots_ros2_control:/home/alex/ros2_ws/install/webots_ros2_driver:/home/alex/ros2_ws/install/webots_ros2_msgs:/home/alex/ros2_ws/install/webots_ros2_importer:${AMENT_PREFIX_PATH} CMAKE_PREFIX_PATH=/home/alex/ros2_ws/install/webots_ros2_control:/home/alex/ros2_ws/install/webots_ros2_driver:/home/alex/ros2_ws/install/webots_ros2_msgs:${CMAKE_PREFIX_PATH} LD_LIBRARY_PATH=/home/alex/ros2_ws/install/webots_ros2_control/lib:/home/alex/ros2_ws/install/webots_ros2_driver/lib:/home/alex/ros2_ws/install/webots_ros2_msgs/lib PYTHONPATH=/home/alex/ros2_ws/build/webots_ros2_universal_robot/prefix_override:/home/alex/ros2_ws/install/webots_ros2_universal_robot/lib/python3.10/site-packages:/home/alex/ros2_ws/install/webots_ros2_driver/local/lib/python3.10/dist-packages:/home/alex/ros2_ws/install/webots_ros2_msgs/local/lib/python3.10/dist-packages:/home/alex/ros2_ws/install/webots_ros2_importer/lib/python3.10/site-packages:${PYTHONPATH} /usr/bin/python3 setup.py egg_info --egg-base ../../../build/webots_ros2_universal_robot build --build-base /home/alex/ros2_ws/build/webots_ros2_universal_robot/build install --record /home/alex/ros2_ws/build/webots_ros2_universal_robot/install.log --single-version-externally-managed
[2.357s] running egg_info
[2.357s] creating ../../../build/webots_ros2_universal_robot/webots_ros2_universal_robot.egg-info
[2.357s] writing ../../../build/webots_ros2_universal_robot/webots_ros2_universal_robot.egg-info/PKG-INFO
[2.358s] writing dependency_links to ../../../build/webots_ros2_universal_robot/webots_ros2_universal_robot.egg-info/dependency_links.txt
[2.358s] writing entry points to ../../../build/webots_ros2_universal_robot/webots_ros2_universal_robot.egg-info/entry_points.txt
[2.358s] writing requirements to ../../../build/webots_ros2_universal_robot/webots_ros2_universal_robot.egg-info/requires.txt
[2.358s] writing top-level names to ../../../build/webots_ros2_universal_robot/webots_ros2_universal_robot.egg-info/top_level.txt
[2.358s] writing manifest file '../../../build/webots_ros2_universal_robot/webots_ros2_universal_robot.egg-info/SOURCES.txt'
[2.361s] reading manifest file '../../../build/webots_ros2_universal_robot/webots_ros2_universal_robot.egg-info/SOURCES.txt'
[2.362s] writing manifest file '../../../build/webots_ros2_universal_robot/webots_ros2_universal_robot.egg-info/SOURCES.txt'
[2.362s] running build
[2.362s] running build_py
[2.362s] creating /home/alex/ros2_ws/build/webots_ros2_universal_robot/build
[2.362s] creating /home/alex/ros2_ws/build/webots_ros2_universal_robot/build/lib
[2.363s] creating /home/alex/ros2_ws/build/webots_ros2_universal_robot/build/lib/webots_ros2_universal_robot
[2.363s] copying webots_ros2_universal_robot/abb_controller.py -> /home/alex/ros2_ws/build/webots_ros2_universal_robot/build/lib/webots_ros2_universal_robot
[2.363s] copying webots_ros2_universal_robot/follow_joint_trajectory_client.py -> /home/alex/ros2_ws/build/webots_ros2_universal_robot/build/lib/webots_ros2_universal_robot
[2.363s] copying webots_ros2_universal_robot/ur5e_controller.py -> /home/alex/ros2_ws/build/webots_ros2_universal_robot/build/lib/webots_ros2_universal_robot
[2.363s] copying webots_ros2_universal_robot/__init__.py -> /home/alex/ros2_ws/build/webots_ros2_universal_robot/build/lib/webots_ros2_universal_robot
[2.364s] running install
[2.364s] running install_lib
[2.364s] creating /home/alex/ros2_ws/install/webots_ros2_universal_robot/lib/python3.10/site-packages/webots_ros2_universal_robot
[2.364s] copying /home/alex/ros2_ws/build/webots_ros2_universal_robot/build/lib/webots_ros2_universal_robot/abb_controller.py -> /home/alex/ros2_ws/install/webots_ros2_universal_robot/lib/python3.10/site-packages/webots_ros2_universal_robot
[2.364s] copying /home/alex/ros2_ws/build/webots_ros2_universal_robot/build/lib/webots_ros2_universal_robot/follow_joint_trajectory_client.py -> /home/alex/ros2_ws/install/webots_ros2_universal_robot/lib/python3.10/site-packages/webots_ros2_universal_robot
[2.365s] copying /home/alex/ros2_ws/build/webots_ros2_universal_robot/build/lib/webots_ros2_universal_robot/ur5e_controller.py -> /home/alex/ros2_ws/install/webots_ros2_universal_robot/lib/python3.10/site-packages/webots_ros2_universal_robot
[2.365s] copying /home/alex/ros2_ws/build/webots_ros2_universal_robot/build/lib/webots_ros2_universal_robot/__init__.py -> /home/alex/ros2_ws/install/webots_ros2_universal_robot/lib/python3.10/site-packages/webots_ros2_universal_robot
[2.365s] byte-compiling /home/alex/ros2_ws/install/webots_ros2_universal_robot/lib/python3.10/site-packages/webots_ros2_universal_robot/abb_controller.py to abb_controller.cpython-310.pyc
[2.365s] byte-compiling /home/alex/ros2_ws/install/webots_ros2_universal_robot/lib/python3.10/site-packages/webots_ros2_universal_robot/follow_joint_trajectory_client.py to follow_joint_trajectory_client.cpython-310.pyc
[2.367s] byte-compiling /home/alex/ros2_ws/install/webots_ros2_universal_robot/lib/python3.10/site-packages/webots_ros2_universal_robot/ur5e_controller.py to ur5e_controller.cpython-310.pyc
[2.368s] byte-compiling /home/alex/ros2_ws/install/webots_ros2_universal_robot/lib/python3.10/site-packages/webots_ros2_universal_robot/__init__.py to __init__.cpython-310.pyc
[2.368s] running install_data
[2.368s] creating /home/alex/ros2_ws/install/webots_ros2_universal_robot/share/ament_index
[2.369s] creating /home/alex/ros2_ws/install/webots_ros2_universal_robot/share/ament_index/resource_index
[2.369s] creating /home/alex/ros2_ws/install/webots_ros2_universal_robot/share/ament_index/resource_index/packages
[2.369s] copying resource/webots_ros2_universal_robot -> /home/alex/ros2_ws/install/webots_ros2_universal_robot/share/ament_index/resource_index/packages
[2.370s] creating /home/alex/ros2_ws/install/webots_ros2_universal_robot/share/webots_ros2_universal_robot/launch
[2.370s] copying launch/robot_launch/robot_nodes_launch.py -> /home/alex/ros2_ws/install/webots_ros2_universal_robot/share/webots_ros2_universal_robot/launch
[2.370s] copying launch/robot_launch/robot_world_launch.py -> /home/alex/ros2_ws/install/webots_ros2_universal_robot/share/webots_ros2_universal_robot/launch
[2.370s] copying launch/robot_launch/robot_moveit_nodes_launch.py -> /home/alex/ros2_ws/install/webots_ros2_universal_robot/share/webots_ros2_universal_robot/launch
[2.370s] copying launch/multirobot_launch.py -> /home/alex/ros2_ws/install/webots_ros2_universal_robot/share/webots_ros2_universal_robot/launch
[2.371s] creating /home/alex/ros2_ws/install/webots_ros2_universal_robot/share/webots_ros2_universal_robot/worlds
[2.371s] copying worlds/universal_robot.wbt -> /home/alex/ros2_ws/install/webots_ros2_universal_robot/share/webots_ros2_universal_robot/worlds
[2.371s] copying worlds/.universal_robot.wbproj -> /home/alex/ros2_ws/install/webots_ros2_universal_robot/share/webots_ros2_universal_robot/worlds
[2.373s] copying worlds/robotic_arms.wbt -> /home/alex/ros2_ws/install/webots_ros2_universal_robot/share/webots_ros2_universal_robot/worlds
[2.374s] copying worlds/.robotic_arms.wbproj -> /home/alex/ros2_ws/install/webots_ros2_universal_robot/share/webots_ros2_universal_robot/worlds
[2.375s] copying package.xml -> /home/alex/ros2_ws/install/webots_ros2_universal_robot/share/webots_ros2_universal_robot
[2.375s] creating /home/alex/ros2_ws/install/webots_ros2_universal_robot/share/webots_ros2_universal_robot/resource
[2.375s] copying resource/ros2_control_abb_config.yaml -> /home/alex/ros2_ws/install/webots_ros2_universal_robot/share/webots_ros2_universal_robot/resource
[2.375s] copying resource/ur5e_with_gripper.urdf.xacro -> /home/alex/ros2_ws/install/webots_ros2_universal_robot/share/webots_ros2_universal_robot/resource
[2.375s] copying resource/moveit_kinematics.yaml -> /home/alex/ros2_ws/install/webots_ros2_universal_robot/share/webots_ros2_universal_robot/resource
[2.376s] copying resource/moveit_ur5e.srdf -> /home/alex/ros2_ws/install/webots_ros2_universal_robot/share/webots_ros2_universal_robot/resource
[2.376s] copying resource/ur5e_with_gripper.urdf -> /home/alex/ros2_ws/install/webots_ros2_universal_robot/share/webots_ros2_universal_robot/resource
[2.376s] copying resource/webots_abb_description.urdf -> /home/alex/ros2_ws/install/webots_ros2_universal_robot/share/webots_ros2_universal_robot/resource
[2.376s] copying resource/ros2_control_config.yaml -> /home/alex/ros2_ws/install/webots_ros2_universal_robot/share/webots_ros2_universal_robot/resource
[2.376s] copying resource/moveit_movegroup.yaml -> /home/alex/ros2_ws/install/webots_ros2_universal_robot/share/webots_ros2_universal_robot/resource
[2.377s] copying resource/moveit_visualization.rviz -> /home/alex/ros2_ws/install/webots_ros2_universal_robot/share/webots_ros2_universal_robot/resource
[2.377s] copying resource/moveit_controllers.yaml -> /home/alex/ros2_ws/install/webots_ros2_universal_robot/share/webots_ros2_universal_robot/resource
[2.377s] creating /home/alex/ros2_ws/install/webots_ros2_universal_robot/share/webots_ros2_universal_robot/resource/robotiq
[2.377s] creating /home/alex/ros2_ws/install/webots_ros2_universal_robot/share/webots_ros2_universal_robot/resource/robotiq/robotiq_3f_gripper_visualization
[2.377s] creating /home/alex/ros2_ws/install/webots_ros2_universal_robot/share/webots_ros2_universal_robot/resource/robotiq/robotiq_3f_gripper_visualization/meshes
[2.377s] creating /home/alex/ros2_ws/install/webots_ros2_universal_robot/share/webots_ros2_universal_robot/resource/robotiq/robotiq_3f_gripper_visualization/meshes/robotiq-3f-gripper_articulated
[2.377s] creating /home/alex/ros2_ws/install/webots_ros2_universal_robot/share/webots_ros2_universal_robot/resource/robotiq/robotiq_3f_gripper_visualization/meshes/robotiq-3f-gripper_articulated/collision
[2.378s] copying resource/robotiq/robotiq_3f_gripper_visualization/meshes/robotiq-3f-gripper_articulated/collision/link_0.STL -> /home/alex/ros2_ws/install/webots_ros2_universal_robot/share/webots_ros2_universal_robot/resource/robotiq/robotiq_3f_gripper_visualization/meshes/robotiq-3f-gripper_articulated/collision
[2.378s] copying resource/robotiq/robotiq_3f_gripper_visualization/meshes/robotiq-3f-gripper_articulated/collision/link_3.STL -> /home/alex/ros2_ws/install/webots_ros2_universal_robot/share/webots_ros2_universal_robot/resource/robotiq/robotiq_3f_gripper_visualization/meshes/robotiq-3f-gripper_articulated/collision
[2.378s] copying resource/robotiq/robotiq_3f_gripper_visualization/meshes/robotiq-3f-gripper_articulated/collision/link_2.STL -> /home/alex/ros2_ws/install/webots_ros2_universal_robot/share/webots_ros2_universal_robot/resource/robotiq/robotiq_3f_gripper_visualization/meshes/robotiq-3f-gripper_articulated/collision
[2.378s] copying resource/robotiq/robotiq_3f_gripper_visualization/meshes/robotiq-3f-gripper_articulated/collision/link_1.STL -> /home/alex/ros2_ws/install/webots_ros2_universal_robot/share/webots_ros2_universal_robot/resource/robotiq/robotiq_3f_gripper_visualization/meshes/robotiq-3f-gripper_articulated/collision
[2.378s] copying resource/robotiq/robotiq_3f_gripper_visualization/meshes/robotiq-3f-gripper_articulated/collision/palm.STL -> /home/alex/ros2_ws/install/webots_ros2_universal_robot/share/webots_ros2_universal_robot/resource/robotiq/robotiq_3f_gripper_visualization/meshes/robotiq-3f-gripper_articulated/collision
[2.378s] creating /home/alex/ros2_ws/install/webots_ros2_universal_robot/share/webots_ros2_universal_robot/resource/robotiq/robotiq_3f_gripper_visualization/meshes/robotiq-3f-gripper_articulated/visual
[2.378s] copying resource/robotiq/robotiq_3f_gripper_visualization/meshes/robotiq-3f-gripper_articulated/visual/link_1.dae -> /home/alex/ros2_ws/install/webots_ros2_universal_robot/share/webots_ros2_universal_robot/resource/robotiq/robotiq_3f_gripper_visualization/meshes/robotiq-3f-gripper_articulated/visual
[2.378s] copying resource/robotiq/robotiq_3f_gripper_visualization/meshes/robotiq-3f-gripper_articulated/visual/link_2.dae -> /home/alex/ros2_ws/install/webots_ros2_universal_robot/share/webots_ros2_universal_robot/resource/robotiq/robotiq_3f_gripper_visualization/meshes/robotiq-3f-gripper_articulated/visual
[2.379s] copying resource/robotiq/robotiq_3f_gripper_visualization/meshes/robotiq-3f-gripper_articulated/visual/link_0.dae -> /home/alex/ros2_ws/install/webots_ros2_universal_robot/share/webots_ros2_universal_robot/resource/robotiq/robotiq_3f_gripper_visualization/meshes/robotiq-3f-gripper_articulated/visual
[2.379s] copying resource/robotiq/robotiq_3f_gripper_visualization/meshes/robotiq-3f-gripper_articulated/visual/palm.dae -> /home/alex/ros2_ws/install/webots_ros2_universal_robot/share/webots_ros2_universal_robot/resource/robotiq/robotiq_3f_gripper_visualization/meshes/robotiq-3f-gripper_articulated/visual
[2.379s] copying resource/robotiq/robotiq_3f_gripper_visualization/meshes/robotiq-3f-gripper_articulated/visual/link_3.dae -> /home/alex/ros2_ws/install/webots_ros2_universal_robot/share/webots_ros2_universal_robot/resource/robotiq/robotiq_3f_gripper_visualization/meshes/robotiq-3f-gripper_articulated/visual
[2.379s] creating /home/alex/ros2_ws/install/webots_ros2_universal_robot/share/webots_ros2_universal_robot/resource/robotiq/robotiq_3f_gripper_visualization/cfg
[2.379s] copying resource/robotiq/robotiq_3f_gripper_visualization/cfg/robotiq-3f-gripper_articulated_macro.xacro -> /home/alex/ros2_ws/install/webots_ros2_universal_robot/share/webots_ros2_universal_robot/resource/robotiq/robotiq_3f_gripper_visualization/cfg
[2.379s] copying resource/robotiq/robotiq_3f_gripper_visualization/cfg/robotiq-3f-gripper_finger_articulated_macro.xacro -> /home/alex/ros2_ws/install/webots_ros2_universal_robot/share/webots_ros2_universal_robot/resource/robotiq/robotiq_3f_gripper_visualization/cfg
[2.380s] creating /home/alex/ros2_ws/install/webots_ros2_universal_robot/share/webots_ros2_universal_robot/resource/Universal_Robots_ROS2_Driver
[2.380s] creating /home/alex/ros2_ws/install/webots_ros2_universal_robot/share/webots_ros2_universal_robot/resource/Universal_Robots_ROS2_Driver/ur_description
[2.380s] creating /home/alex/ros2_ws/install/webots_ros2_universal_robot/share/webots_ros2_universal_robot/resource/Universal_Robots_ROS2_Driver/ur_description/meshes
[2.380s] creating /home/alex/ros2_ws/install/webots_ros2_universal_robot/share/webots_ros2_universal_robot/resource/Universal_Robots_ROS2_Driver/ur_description/meshes/ur5e
[2.380s] creating /home/alex/ros2_ws/install/webots_ros2_universal_robot/share/webots_ros2_universal_robot/resource/Universal_Robots_ROS2_Driver/ur_description/meshes/ur5e/collision
[2.380s] copying resource/Universal_Robots_ROS2_Driver/ur_description/meshes/ur5e/collision/shoulder.stl -> /home/alex/ros2_ws/install/webots_ros2_universal_robot/share/webots_ros2_universal_robot/resource/Universal_Robots_ROS2_Driver/ur_description/meshes/ur5e/collision
[2.380s] copying resource/Universal_Robots_ROS2_Driver/ur_description/meshes/ur5e/collision/wrist2.stl -> /home/alex/ros2_ws/install/webots_ros2_universal_robot/share/webots_ros2_universal_robot/resource/Universal_Robots_ROS2_Driver/ur_description/meshes/ur5e/collision
[2.380s] copying resource/Universal_Robots_ROS2_Driver/ur_description/meshes/ur5e/collision/base.stl -> /home/alex/ros2_ws/install/webots_ros2_universal_robot/share/webots_ros2_universal_robot/resource/Universal_Robots_ROS2_Driver/ur_description/meshes/ur5e/collision
[2.380s] copying resource/Universal_Robots_ROS2_Driver/ur_description/meshes/ur5e/collision/wrist1.stl -> /home/alex/ros2_ws/install/webots_ros2_universal_robot/share/webots_ros2_universal_robot/resource/Universal_Robots_ROS2_Driver/ur_description/meshes/ur5e/collision
[2.381s] copying resource/Universal_Robots_ROS2_Driver/ur_description/meshes/ur5e/collision/forearm.stl -> /home/alex/ros2_ws/install/webots_ros2_universal_robot/share/webots_ros2_universal_robot/resource/Universal_Robots_ROS2_Driver/ur_description/meshes/ur5e/collision
[2.381s] copying resource/Universal_Robots_ROS2_Driver/ur_description/meshes/ur5e/collision/upperarm.stl -> /home/alex/ros2_ws/install/webots_ros2_universal_robot/share/webots_ros2_universal_robot/resource/Universal_Robots_ROS2_Driver/ur_description/meshes/ur5e/collision
[2.381s] copying resource/Universal_Robots_ROS2_Driver/ur_description/meshes/ur5e/collision/wrist3.stl -> /home/alex/ros2_ws/install/webots_ros2_universal_robot/share/webots_ros2_universal_robot/resource/Universal_Robots_ROS2_Driver/ur_description/meshes/ur5e/collision
[2.381s] creating /home/alex/ros2_ws/install/webots_ros2_universal_robot/share/webots_ros2_universal_robot/resource/Universal_Robots_ROS2_Driver/ur_description/meshes/ur5e/visual
[2.381s] copying resource/Universal_Robots_ROS2_Driver/ur_description/meshes/ur5e/visual/wrist2.dae -> /home/alex/ros2_ws/install/webots_ros2_universal_robot/share/webots_ros2_universal_robot/resource/Universal_Robots_ROS2_Driver/ur_description/meshes/ur5e/visual
[2.381s] copying resource/Universal_Robots_ROS2_Driver/ur_description/meshes/ur5e/visual/shoulder.dae -> /home/alex/ros2_ws/install/webots_ros2_universal_robot/share/webots_ros2_universal_robot/resource/Universal_Robots_ROS2_Driver/ur_description/meshes/ur5e/visual
[2.381s] copying resource/Universal_Robots_ROS2_Driver/ur_description/meshes/ur5e/visual/wrist3.dae -> /home/alex/ros2_ws/install/webots_ros2_universal_robot/share/webots_ros2_universal_robot/resource/Universal_Robots_ROS2_Driver/ur_description/meshes/ur5e/visual
[2.381s] copying resource/Universal_Robots_ROS2_Driver/ur_description/meshes/ur5e/visual/forearm.dae -> /home/alex/ros2_ws/install/webots_ros2_universal_robot/share/webots_ros2_universal_robot/resource/Universal_Robots_ROS2_Driver/ur_description/meshes/ur5e/visual
[2.381s] copying resource/Universal_Robots_ROS2_Driver/ur_description/meshes/ur5e/visual/base.dae -> /home/alex/ros2_ws/install/webots_ros2_universal_robot/share/webots_ros2_universal_robot/resource/Universal_Robots_ROS2_Driver/ur_description/meshes/ur5e/visual
[2.381s] copying resource/Universal_Robots_ROS2_Driver/ur_description/meshes/ur5e/visual/upperarm.dae -> /home/alex/ros2_ws/install/webots_ros2_universal_robot/share/webots_ros2_universal_robot/resource/Universal_Robots_ROS2_Driver/ur_description/meshes/ur5e/visual
[2.382s] copying resource/Universal_Robots_ROS2_Driver/ur_description/meshes/ur5e/visual/wrist1.dae -> /home/alex/ros2_ws/install/webots_ros2_universal_robot/share/webots_ros2_universal_robot/resource/Universal_Robots_ROS2_Driver/ur_description/meshes/ur5e/visual
[2.384s] creating /home/alex/ros2_ws/install/webots_ros2_universal_robot/share/webots_ros2_universal_robot/resource/Universal_Robots_ROS2_Driver/ur_description/config
[2.384s] copying resource/Universal_Robots_ROS2_Driver/ur_description/config/initial_positions.yaml -> /home/alex/ros2_ws/install/webots_ros2_universal_robot/share/webots_ros2_universal_robot/resource/Universal_Robots_ROS2_Driver/ur_description/config
[2.384s] creating /home/alex/ros2_ws/install/webots_ros2_universal_robot/share/webots_ros2_universal_robot/resource/Universal_Robots_ROS2_Driver/ur_description/config/ur5e
[2.384s] copying resource/Universal_Robots_ROS2_Driver/ur_description/config/ur5e/default_kinematics.yaml -> /home/alex/ros2_ws/install/webots_ros2_universal_robot/share/webots_ros2_universal_robot/resource/Universal_Robots_ROS2_Driver/ur_description/config/ur5e
[2.384s] copying resource/Universal_Robots_ROS2_Driver/ur_description/config/ur5e/visual_parameters.yaml -> /home/alex/ros2_ws/install/webots_ros2_universal_robot/share/webots_ros2_universal_robot/resource/Universal_Robots_ROS2_Driver/ur_description/config/ur5e
[2.385s] copying resource/Universal_Robots_ROS2_Driver/ur_description/config/ur5e/physical_parameters.yaml -> /home/alex/ros2_ws/install/webots_ros2_universal_robot/share/webots_ros2_universal_robot/resource/Universal_Robots_ROS2_Driver/ur_description/config/ur5e
[2.385s] copying resource/Universal_Robots_ROS2_Driver/ur_description/config/ur5e/joint_limits.yaml -> /home/alex/ros2_ws/install/webots_ros2_universal_robot/share/webots_ros2_universal_robot/resource/Universal_Robots_ROS2_Driver/ur_description/config/ur5e
[2.385s] creating /home/alex/ros2_ws/install/webots_ros2_universal_robot/share/webots_ros2_universal_robot/resource/Universal_Robots_ROS2_Driver/ur_description/urdf
[2.385s] copying resource/Universal_Robots_ROS2_Driver/ur_description/urdf/ur.ros2_control.xacro -> /home/alex/ros2_ws/install/webots_ros2_universal_robot/share/webots_ros2_universal_robot/resource/Universal_Robots_ROS2_Driver/ur_description/urdf
[2.385s] copying resource/Universal_Robots_ROS2_Driver/ur_description/urdf/ur.urdf.xacro -> /home/alex/ros2_ws/install/webots_ros2_universal_robot/share/webots_ros2_universal_robot/resource/Universal_Robots_ROS2_Driver/ur_description/urdf
[2.385s] copying resource/Universal_Robots_ROS2_Driver/ur_description/urdf/ur_macro.xacro -> /home/alex/ros2_ws/install/webots_ros2_universal_robot/share/webots_ros2_universal_robot/resource/Universal_Robots_ROS2_Driver/ur_description/urdf
[2.385s] creating /home/alex/ros2_ws/install/webots_ros2_universal_robot/share/webots_ros2_universal_robot/resource/Universal_Robots_ROS2_Driver/ur_description/urdf/inc
[2.386s] copying resource/Universal_Robots_ROS2_Driver/ur_description/urdf/inc/ur_transmissions.xacro -> /home/alex/ros2_ws/install/webots_ros2_universal_robot/share/webots_ros2_universal_robot/resource/Universal_Robots_ROS2_Driver/ur_description/urdf/inc
[2.386s] copying resource/Universal_Robots_ROS2_Driver/ur_description/urdf/inc/ur_common.xacro -> /home/alex/ros2_ws/install/webots_ros2_universal_robot/share/webots_ros2_universal_robot/resource/Universal_Robots_ROS2_Driver/ur_description/urdf/inc
[2.386s] running install_egg_info
[2.387s] Copying ../../../build/webots_ros2_universal_robot/webots_ros2_universal_robot.egg-info to /home/alex/ros2_ws/install/webots_ros2_universal_robot/lib/python3.10/site-packages/webots_ros2_universal_robot-2023.1.1-py3.10.egg-info
[2.388s] running install_scripts
[2.412s] Installing abb_controller script to /home/alex/ros2_ws/install/webots_ros2_universal_robot/lib/webots_ros2_universal_robot
[2.412s] Installing ur5e_controller script to /home/alex/ros2_ws/install/webots_ros2_universal_robot/lib/webots_ros2_universal_robot
[2.412s] writing list of installed files to '/home/alex/ros2_ws/build/webots_ros2_universal_robot/install.log'
[2.547s] Invoked command in '/home/alex/ros2_ws/src/webots_ros2/webots_ros2_universal_robot' returned '0': AMENT_PREFIX_PATH=/home/alex/ros2_ws/install/webots_ros2_control:/home/alex/ros2_ws/install/webots_ros2_driver:/home/alex/ros2_ws/install/webots_ros2_msgs:/home/alex/ros2_ws/install/webots_ros2_importer:${AMENT_PREFIX_PATH} CMAKE_PREFIX_PATH=/home/alex/ros2_ws/install/webots_ros2_control:/home/alex/ros2_ws/install/webots_ros2_driver:/home/alex/ros2_ws/install/webots_ros2_msgs:${CMAKE_PREFIX_PATH} LD_LIBRARY_PATH=/home/alex/ros2_ws/install/webots_ros2_control/lib:/home/alex/ros2_ws/install/webots_ros2_driver/lib:/home/alex/ros2_ws/install/webots_ros2_msgs/lib PYTHONPATH=/home/alex/ros2_ws/build/webots_ros2_universal_robot/prefix_override:/home/alex/ros2_ws/install/webots_ros2_universal_robot/lib/python3.10/site-packages:/home/alex/ros2_ws/install/webots_ros2_driver/local/lib/python3.10/dist-packages:/home/alex/ros2_ws/install/webots_ros2_msgs/local/lib/python3.10/dist-packages:/home/alex/ros2_ws/install/webots_ros2_importer/lib/python3.10/site-packages:${PYTHONPATH} /usr/bin/python3 setup.py egg_info --egg-base ../../../build/webots_ros2_universal_robot build --build-base /home/alex/ros2_ws/build/webots_ros2_universal_robot/build install --record /home/alex/ros2_ws/build/webots_ros2_universal_robot/install.log --single-version-externally-managed
