[0.114s] Invoking command in '/home/alex/ros2_ws/build/my_cpp_pkg': CMAKE_PREFIX_PATH=${CMAKE_PREFIX_PATH}:/home/alex/ros2_ws/install/my_py_pkg:/opt/ros/humble /usr/bin/cmake --build /home/alex/ros2_ws/build/my_cpp_pkg -- -j8 -l8
[0.172s] [ 12%] Built target cpp_node
[0.178s] [ 25%] Built target robot_news_station
[0.184s] [ 37%] Built target smartphone
[0.187s] [ 50%] Built target number_counter
[0.190s] [ 62%] Built target number_publisher
[0.193s] [ 75%] Built target add_two_ints_server
[0.221s] [ 87%] Built target add_two_ints_client_no_oop
[0.222s] [100%] Built target add_two_ints_client
[0.238s] Invoked command in '/home/alex/ros2_ws/build/my_cpp_pkg' returned '0': CMAKE_PREFIX_PATH=${CMAKE_PREFIX_PATH}:/home/alex/ros2_ws/install/my_py_pkg:/opt/ros/humble /usr/bin/cmake --build /home/alex/ros2_ws/build/my_cpp_pkg -- -j8 -l8
[0.289s] Invoking command in '/home/alex/ros2_ws/build/my_cpp_pkg': CMAKE_PREFIX_PATH=${CMAKE_PREFIX_PATH}:/home/alex/ros2_ws/install/my_py_pkg:/opt/ros/humble /usr/bin/cmake --install /home/alex/ros2_ws/build/my_cpp_pkg
[0.294s] -- Install configuration: ""
[0.295s] -- Up-to-date: /home/alex/ros2_ws/install/my_cpp_pkg/lib/my_cpp_pkg/cpp_node
[0.295s] -- Up-to-date: /home/alex/ros2_ws/install/my_cpp_pkg/lib/my_cpp_pkg/robot_news_station
[0.295s] -- Up-to-date: /home/alex/ros2_ws/install/my_cpp_pkg/lib/my_cpp_pkg/smartphone
[0.295s] -- Up-to-date: /home/alex/ros2_ws/install/my_cpp_pkg/lib/my_cpp_pkg/number_publisher
[0.295s] -- Up-to-date: /home/alex/ros2_ws/install/my_cpp_pkg/lib/my_cpp_pkg/number_counter
[0.295s] -- Up-to-date: /home/alex/ros2_ws/install/my_cpp_pkg/lib/my_cpp_pkg/add_two_ints_server
[0.296s] -- Up-to-date: /home/alex/ros2_ws/install/my_cpp_pkg/lib/my_cpp_pkg/add_two_ints_client
[0.296s] -- Up-to-date: /home/alex/ros2_ws/install/my_cpp_pkg/lib/my_cpp_pkg/add_two_ints_client_no_oop
[0.296s] -- Up-to-date: /home/alex/ros2_ws/install/my_cpp_pkg/share/ament_index/resource_index/package_run_dependencies/my_cpp_pkg
[0.296s] -- Up-to-date: /home/alex/ros2_ws/install/my_cpp_pkg/share/ament_index/resource_index/parent_prefix_path/my_cpp_pkg
[0.296s] -- Up-to-date: /home/alex/ros2_ws/install/my_cpp_pkg/share/my_cpp_pkg/environment/ament_prefix_path.sh
[0.296s] -- Up-to-date: /home/alex/ros2_ws/install/my_cpp_pkg/share/my_cpp_pkg/environment/ament_prefix_path.dsv
[0.296s] -- Up-to-date: /home/alex/ros2_ws/install/my_cpp_pkg/share/my_cpp_pkg/environment/path.sh
[0.297s] -- Up-to-date: /home/alex/ros2_ws/install/my_cpp_pkg/share/my_cpp_pkg/environment/path.dsv
[0.297s] -- Up-to-date: /home/alex/ros2_ws/install/my_cpp_pkg/share/my_cpp_pkg/local_setup.bash
[0.297s] -- Up-to-date: /home/alex/ros2_ws/install/my_cpp_pkg/share/my_cpp_pkg/local_setup.sh
[0.297s] -- Up-to-date: /home/alex/ros2_ws/install/my_cpp_pkg/share/my_cpp_pkg/local_setup.zsh
[0.297s] -- Up-to-date: /home/alex/ros2_ws/install/my_cpp_pkg/share/my_cpp_pkg/local_setup.dsv
[0.297s] -- Installing: /home/alex/ros2_ws/install/my_cpp_pkg/share/my_cpp_pkg/package.dsv
[0.297s] -- Up-to-date: /home/alex/ros2_ws/install/my_cpp_pkg/share/ament_index/resource_index/packages/my_cpp_pkg
[0.297s] -- Up-to-date: /home/alex/ros2_ws/install/my_cpp_pkg/share/my_cpp_pkg/cmake/my_cpp_pkgConfig.cmake
[0.297s] -- Up-to-date: /home/alex/ros2_ws/install/my_cpp_pkg/share/my_cpp_pkg/cmake/my_cpp_pkgConfig-version.cmake
[0.297s] -- Up-to-date: /home/alex/ros2_ws/install/my_cpp_pkg/share/my_cpp_pkg/package.xml
[0.301s] Invoked command in '/home/alex/ros2_ws/build/my_cpp_pkg' returned '0': CMAKE_PREFIX_PATH=${CMAKE_PREFIX_PATH}:/home/alex/ros2_ws/install/my_py_pkg:/opt/ros/humble /usr/bin/cmake --install /home/alex/ros2_ws/build/my_cpp_pkg
