[0.405s] Invoking command in '/home/alex/ros2_ws/build/my_robot_interfaces': CMAKE_PREFIX_PATH=${CMAKE_PREFIX_PATH}:/home/alex/rmf_ws/install/rmf_demos_tasks:/home/alex/rmf_ws/install/rmf_demos_panel:/home/alex/rmf_ws/install/rmf_demos_fleet_adapter:/home/alex/rmf_ws/install/rmf_demos_bridges:/home/alex/ros2_ws/install/webots_ros2:/home/alex/ros2_ws/install/webots_ros2_universal_robot:/home/alex/ros2_ws/install/webots_ros2_turtlebot:/home/alex/ros2_ws/install/webots_ros2_tiago:/home/alex/ros2_ws/install/webots_ros2_tests:/home/alex/ros2_ws/install/webots_ros2_tesla:/home/alex/ros2_ws/install/webots_ros2_mavic:/home/alex/ros2_ws/install/webots_ros2_epuck:/home/alex/ros2_ws/install/webots_ros2_importer:/home/alex/ros2_ws/install/my_py_pkg:/opt/ros/humble /usr/bin/cmake --build /home/alex/ros2_ws/build/my_robot_interfaces -- -j8 -l8
[0.455s] [35m[1mConsolidate compiler generated dependencies of target my_robot_interfaces__rosidl_generator_c[0m
[0.470s] [  3%] Built target my_robot_interfaces__cpp
[0.493s] [ 12%] Built target my_robot_interfaces__rosidl_generator_c
[0.503s] [ 12%] Built target ament_cmake_python_copy_my_robot_interfaces
[0.511s] [35m[1mConsolidate compiler generated dependencies of target my_robot_interfaces__rosidl_typesupport_fastrtps_cpp[0m
[0.514s] [35m[1mConsolidate compiler generated dependencies of target my_robot_interfaces__rosidl_typesupport_cpp[0m
[0.526s] [35m[1mConsolidate compiler generated dependencies of target my_robot_interfaces__rosidl_typesupport_introspection_cpp[0m
[0.537s] [35m[1mConsolidate compiler generated dependencies of target my_robot_interfaces__rosidl_typesupport_fastrtps_c[0m
[0.538s] [ 22%] Built target my_robot_interfaces__rosidl_typesupport_fastrtps_cpp
[0.543s] [35m[1mConsolidate compiler generated dependencies of target my_robot_interfaces__rosidl_typesupport_introspection_c[0m
[0.543s] [ 32%] Built target my_robot_interfaces__rosidl_typesupport_cpp
[0.547s] [35m[1mConsolidate compiler generated dependencies of target my_robot_interfaces__rosidl_typesupport_c[0m
[0.560s] [ 41%] Built target my_robot_interfaces__rosidl_typesupport_introspection_cpp
[0.578s] [ 61%] Built target my_robot_interfaces__rosidl_typesupport_introspection_c
[0.578s] [ 61%] Built target my_robot_interfaces__rosidl_typesupport_fastrtps_c
[0.580s] [ 70%] Built target my_robot_interfaces__rosidl_typesupport_c
[0.612s] [ 70%] Built target my_robot_interfaces
[0.635s] [ 74%] Built target my_robot_interfaces__py
[0.648s] [35m[1mConsolidate compiler generated dependencies of target my_robot_interfaces__rosidl_generator_py[0m
[0.662s] [ 80%] Built target my_robot_interfaces__rosidl_generator_py
[0.677s] [35m[1mConsolidate compiler generated dependencies of target my_robot_interfaces__rosidl_typesupport_fastrtps_c__pyext[0m
[0.678s] [35m[1mConsolidate compiler generated dependencies of target my_robot_interfaces__rosidl_typesupport_introspection_c__pyext[0m
[0.681s] [35m[1mConsolidate compiler generated dependencies of target my_robot_interfaces__rosidl_typesupport_c__pyext[0m
[0.694s] [ 87%] Built target my_robot_interfaces__rosidl_typesupport_fastrtps_c__pyext
[0.698s] [ 93%] Built target my_robot_interfaces__rosidl_typesupport_c__pyext
[0.701s] [100%] Built target my_robot_interfaces__rosidl_typesupport_introspection_c__pyext
[0.978s] running egg_info
[0.979s] writing my_robot_interfaces.egg-info/PKG-INFO
[0.979s] writing dependency_links to my_robot_interfaces.egg-info/dependency_links.txt
[0.979s] writing top-level names to my_robot_interfaces.egg-info/top_level.txt
[0.982s] reading manifest file 'my_robot_interfaces.egg-info/SOURCES.txt'
[0.983s] writing manifest file 'my_robot_interfaces.egg-info/SOURCES.txt'
[1.014s] [100%] Built target ament_cmake_python_build_my_robot_interfaces_egg
