[0.929s] Invoking command in '/home/alex/ros2_ws/build/webots_ros2_msgs': CMAKE_PREFIX_PATH=${CMAKE_PREFIX_PATH}:/home/alex/ros2_ws/install/my_py_pkg:/home/alex/rmf_ws/install/rmf_demos_tasks:/home/alex/rmf_ws/install/rmf_demos_panel:/home/alex/rmf_ws/install/rmf_demos_fleet_adapter:/home/alex/rmf_ws/install/rmf_demos_bridges:/opt/ros/humble /usr/bin/cmake --build /home/alex/ros2_ws/build/webots_ros2_msgs -- -j8 -l8
[1.058s] -- Found ament_cmake: 1.3.7 (/opt/ros/humble/share/ament_cmake/cmake)
[1.482s] -- Found builtin_interfaces: 1.2.1 (/opt/ros/humble/share/builtin_interfaces/cmake)
[1.524s] -- Found rosidl_generator_c: 3.1.5 (/opt/ros/humble/share/rosidl_generator_c/cmake)
[1.529s] -- Found rosidl_adapter: 3.1.5 (/opt/ros/humble/share/rosidl_adapter/cmake)
[1.536s] -- Found rosidl_generator_cpp: 3.1.5 (/opt/ros/humble/share/rosidl_generator_cpp/cmake)
[1.548s] -- Using all available rosidl_typesupport_c: rosidl_typesupport_fastrtps_c;rosidl_typesupport_introspection_c
[1.565s] -- Using all available rosidl_typesupport_cpp: rosidl_typesupport_fastrtps_cpp;rosidl_typesupport_introspection_cpp
[1.581s] -- Found rosidl_default_generators: 1.2.0 (/opt/ros/humble/share/rosidl_default_generators/cmake)
[1.589s] -- Found geometry_msgs: 4.2.3 (/opt/ros/humble/share/geometry_msgs/cmake)
[1.691s] -- Found vision_msgs: 4.1.1 (/opt/ros/humble/share/vision_msgs/cmake)
[2.118s] -- Found ament_cmake_cppcheck: 0.12.10 (/opt/ros/humble/share/ament_cmake_cppcheck/cmake)
[2.119s] -- Found ament_cmake_cpplint: 0.12.10 (/opt/ros/humble/share/ament_cmake_cpplint/cmake)
[2.120s] -- Found ament_cmake_uncrustify: 0.12.10 (/opt/ros/humble/share/ament_cmake_uncrustify/cmake)
[2.121s] -- Found ament_cmake_ros: 0.10.0 (/opt/ros/humble/share/ament_cmake_ros/cmake)
[3.076s] -- Using all available rosidl_typesupport_c: rosidl_typesupport_fastrtps_c;rosidl_typesupport_introspection_c
[3.603s] -- Using all available rosidl_typesupport_cpp: rosidl_typesupport_fastrtps_cpp;rosidl_typesupport_introspection_cpp
[3.666s] -- Found python_cmake_module: 0.10.0 (/opt/ros/humble/share/python_cmake_module/cmake)
[3.731s] -- Using PYTHON_EXECUTABLE: /usr/bin/python3
[3.731s] -- Using PYTHON_INCLUDE_DIRS: /usr/include/python3.10
[3.731s] -- Using PYTHON_LIBRARIES: /usr/lib/x86_64-linux-gnu/libpython3.10.so
[3.894s] -- Found ament_cmake_flake8: 0.12.10 (/opt/ros/humble/share/ament_cmake_flake8/cmake)
[3.897s] -- Found ament_cmake_pep257: 0.12.10 (/opt/ros/humble/share/ament_cmake_pep257/cmake)
[3.903s] -- Found ament_lint_auto: 0.12.10 (/opt/ros/humble/share/ament_lint_auto/cmake)
[3.934s] -- Added test 'lint_cmake' to check CMake code style
[3.935s] -- Added test 'xmllint' to check XML markup files
[3.942s] -- Configuring done
[4.128s] -- Generating done
[4.138s] -- Build files have been written to: /home/alex/ros2_ws/build/webots_ros2_msgs
[4.205s] [35m[1mConsolidate compiler generated dependencies of target webots_ros2_msgs__rosidl_generator_c[0m
[4.221s] [  0%] Built target webots_ros2_msgs__cpp
[4.247s] [ 12%] Built target webots_ros2_msgs__rosidl_generator_c
[4.257s] [35m[1mConsolidate compiler generated dependencies of target webots_ros2_msgs__rosidl_typesupport_introspection_cpp[0m
[4.258s] [35m[1mConsolidate compiler generated dependencies of target webots_ros2_msgs__rosidl_typesupport_cpp[0m
[4.259s] [35m[1mConsolidate compiler generated dependencies of target webots_ros2_msgs__rosidl_typesupport_fastrtps_cpp[0m
[4.260s] [ 12%] Built target ament_cmake_python_copy_webots_ros2_msgs
[4.282s] [35m[1mConsolidate compiler generated dependencies of target webots_ros2_msgs__rosidl_typesupport_c[0m
[4.293s] [35m[1mConsolidate compiler generated dependencies of target webots_ros2_msgs__rosidl_typesupport_introspection_c[0m
[4.298s] [35m[1mConsolidate compiler generated dependencies of target webots_ros2_msgs__rosidl_typesupport_fastrtps_c[0m
[4.324s] [ 24%] Built target webots_ros2_msgs__rosidl_typesupport_c
[4.326s] [ 36%] Built target webots_ros2_msgs__rosidl_typesupport_cpp
[4.330s] [ 48%] Built target webots_ros2_msgs__rosidl_typesupport_introspection_cpp
[4.333s] [ 60%] Built target webots_ros2_msgs__rosidl_typesupport_introspection_c
[4.337s] [ 71%] Built target webots_ros2_msgs__rosidl_typesupport_fastrtps_cpp
[4.366s] [ 83%] Built target webots_ros2_msgs__rosidl_typesupport_fastrtps_c
[4.408s] [ 83%] Built target webots_ros2_msgs
[4.455s] [ 84%] Built target webots_ros2_msgs__py
[4.480s] [35m[1mConsolidate compiler generated dependencies of target webots_ros2_msgs__rosidl_generator_py[0m
[4.503s] [ 95%] Built target webots_ros2_msgs__rosidl_generator_py
[4.512s] [35m[1mConsolidate compiler generated dependencies of target webots_ros2_msgs__rosidl_typesupport_fastrtps_c__pyext[0m
[4.512s] [35m[1mConsolidate compiler generated dependencies of target webots_ros2_msgs__rosidl_typesupport_c__pyext[0m
[4.512s] [35m[1mConsolidate compiler generated dependencies of target webots_ros2_msgs__rosidl_typesupport_introspection_c__pyext[0m
[4.522s] [ 98%] Built target webots_ros2_msgs__rosidl_typesupport_c__pyext
[4.522s] [100%] Built target webots_ros2_msgs__rosidl_typesupport_introspection_c__pyext
[4.522s] [100%] Built target webots_ros2_msgs__rosidl_typesupport_fastrtps_c__pyext
[4.670s] running egg_info
[4.670s] writing webots_ros2_msgs.egg-info/PKG-INFO
[4.670s] writing dependency_links to webots_ros2_msgs.egg-info/dependency_links.txt
[4.670s] writing top-level names to webots_ros2_msgs.egg-info/top_level.txt
[4.672s] reading manifest file 'webots_ros2_msgs.egg-info/SOURCES.txt'
[4.680s] writing manifest file 'webots_ros2_msgs.egg-info/SOURCES.txt'
[4.698s] [100%] Built target ament_cmake_python_build_webots_ros2_msgs_egg
