running egg_info
writing ../../../build/webots_ros2_importer/webots_ros2_importer.egg-info/PKG-INFO
writing dependency_links to ../../../build/webots_ros2_importer/webots_ros2_importer.egg-info/dependency_links.txt
writing entry points to ../../../build/webots_ros2_importer/webots_ros2_importer.egg-info/entry_points.txt
writing requirements to ../../../build/webots_ros2_importer/webots_ros2_importer.egg-info/requires.txt
writing top-level names to ../../../build/webots_ros2_importer/webots_ros2_importer.egg-info/top_level.txt
reading manifest file '../../../build/webots_ros2_importer/webots_ros2_importer.egg-info/SOURCES.txt'
writing manifest file '../../../build/webots_ros2_importer/webots_ros2_importer.egg-info/SOURCES.txt'
running build
running build_py
copying webots_ros2_importer/urdf2proto.py -> /home/alex/ros2_ws/build/webots_ros2_importer/build/lib/webots_ros2_importer
copying webots_ros2_importer/xacro2proto.py -> /home/alex/ros2_ws/build/webots_ros2_importer/build/lib/webots_ros2_importer
copying webots_ros2_importer/__init__.py -> /home/alex/ros2_ws/build/webots_ros2_importer/build/lib/webots_ros2_importer
copying webots_ros2_importer/urdf2webots/urdf2webots/importer.py -> /home/alex/ros2_ws/build/webots_ros2_importer/build/lib/webots_ros2_importer/urdf2webots/urdf2webots
copying webots_ros2_importer/urdf2webots/urdf2webots/writeRobot.py -> /home/alex/ros2_ws/build/webots_ros2_importer/build/lib/webots_ros2_importer/urdf2webots/urdf2webots
copying webots_ros2_importer/urdf2webots/urdf2webots/gazebo_materials.py -> /home/alex/ros2_ws/build/webots_ros2_importer/build/lib/webots_ros2_importer/urdf2webots/urdf2webots
copying webots_ros2_importer/urdf2webots/urdf2webots/parserURDF.py -> /home/alex/ros2_ws/build/webots_ros2_importer/build/lib/webots_ros2_importer/urdf2webots/urdf2webots
copying webots_ros2_importer/urdf2webots/urdf2webots/math_utils.py -> /home/alex/ros2_ws/build/webots_ros2_importer/build/lib/webots_ros2_importer/urdf2webots/urdf2webots
copying webots_ros2_importer/urdf2webots/urdf2webots/__init__.py -> /home/alex/ros2_ws/build/webots_ros2_importer/build/lib/webots_ros2_importer/urdf2webots/urdf2webots
running install
running install_lib
copying /home/alex/ros2_ws/build/webots_ros2_importer/build/lib/webots_ros2_importer/urdf2proto.py -> /home/alex/ros2_ws/install/webots_ros2_importer/lib/python3.10/site-packages/webots_ros2_importer
copying /home/alex/ros2_ws/build/webots_ros2_importer/build/lib/webots_ros2_importer/xacro2proto.py -> /home/alex/ros2_ws/install/webots_ros2_importer/lib/python3.10/site-packages/webots_ros2_importer
copying /home/alex/ros2_ws/build/webots_ros2_importer/build/lib/webots_ros2_importer/urdf2webots/urdf2webots/importer.py -> /home/alex/ros2_ws/install/webots_ros2_importer/lib/python3.10/site-packages/webots_ros2_importer/urdf2webots/urdf2webots
copying /home/alex/ros2_ws/build/webots_ros2_importer/build/lib/webots_ros2_importer/urdf2webots/urdf2webots/writeRobot.py -> /home/alex/ros2_ws/install/webots_ros2_importer/lib/python3.10/site-packages/webots_ros2_importer/urdf2webots/urdf2webots
copying /home/alex/ros2_ws/build/webots_ros2_importer/build/lib/webots_ros2_importer/urdf2webots/urdf2webots/gazebo_materials.py -> /home/alex/ros2_ws/install/webots_ros2_importer/lib/python3.10/site-packages/webots_ros2_importer/urdf2webots/urdf2webots
copying /home/alex/ros2_ws/build/webots_ros2_importer/build/lib/webots_ros2_importer/urdf2webots/urdf2webots/parserURDF.py -> /home/alex/ros2_ws/install/webots_ros2_importer/lib/python3.10/site-packages/webots_ros2_importer/urdf2webots/urdf2webots
copying /home/alex/ros2_ws/build/webots_ros2_importer/build/lib/webots_ros2_importer/urdf2webots/urdf2webots/math_utils.py -> /home/alex/ros2_ws/install/webots_ros2_importer/lib/python3.10/site-packages/webots_ros2_importer/urdf2webots/urdf2webots
copying /home/alex/ros2_ws/build/webots_ros2_importer/build/lib/webots_ros2_importer/urdf2webots/urdf2webots/__init__.py -> /home/alex/ros2_ws/install/webots_ros2_importer/lib/python3.10/site-packages/webots_ros2_importer/urdf2webots/urdf2webots
copying /home/alex/ros2_ws/build/webots_ros2_importer/build/lib/webots_ros2_importer/__init__.py -> /home/alex/ros2_ws/install/webots_ros2_importer/lib/python3.10/site-packages/webots_ros2_importer
byte-compiling /home/alex/ros2_ws/install/webots_ros2_importer/lib/python3.10/site-packages/webots_ros2_importer/urdf2proto.py to urdf2proto.cpython-310.pyc
byte-compiling /home/alex/ros2_ws/install/webots_ros2_importer/lib/python3.10/site-packages/webots_ros2_importer/xacro2proto.py to xacro2proto.cpython-310.pyc
byte-compiling /home/alex/ros2_ws/install/webots_ros2_importer/lib/python3.10/site-packages/webots_ros2_importer/urdf2webots/urdf2webots/importer.py to importer.cpython-310.pyc
byte-compiling /home/alex/ros2_ws/install/webots_ros2_importer/lib/python3.10/site-packages/webots_ros2_importer/urdf2webots/urdf2webots/writeRobot.py to writeRobot.cpython-310.pyc
byte-compiling /home/alex/ros2_ws/install/webots_ros2_importer/lib/python3.10/site-packages/webots_ros2_importer/urdf2webots/urdf2webots/gazebo_materials.py to gazebo_materials.cpython-310.pyc
byte-compiling /home/alex/ros2_ws/install/webots_ros2_importer/lib/python3.10/site-packages/webots_ros2_importer/urdf2webots/urdf2webots/parserURDF.py to parserURDF.cpython-310.pyc
byte-compiling /home/alex/ros2_ws/install/webots_ros2_importer/lib/python3.10/site-packages/webots_ros2_importer/urdf2webots/urdf2webots/math_utils.py to math_utils.cpython-310.pyc
byte-compiling /home/alex/ros2_ws/install/webots_ros2_importer/lib/python3.10/site-packages/webots_ros2_importer/urdf2webots/urdf2webots/__init__.py to __init__.cpython-310.pyc
byte-compiling /home/alex/ros2_ws/install/webots_ros2_importer/lib/python3.10/site-packages/webots_ros2_importer/__init__.py to __init__.cpython-310.pyc
running install_data
copying resource/webots_ros2_importer -> /home/alex/ros2_ws/install/webots_ros2_importer/share/ament_index/resource_index/packages
copying package.xml -> /home/alex/ros2_ws/install/webots_ros2_importer/share/webots_ros2_importer
running install_egg_info
removing '/home/alex/ros2_ws/install/webots_ros2_importer/lib/python3.10/site-packages/webots_ros2_importer-2023.1.1-py3.10.egg-info' (and everything under it)
Copying ../../../build/webots_ros2_importer/webots_ros2_importer.egg-info to /home/alex/ros2_ws/install/webots_ros2_importer/lib/python3.10/site-packages/webots_ros2_importer-2023.1.1-py3.10.egg-info
running install_scripts
Installing urdf2proto script to /home/alex/ros2_ws/install/webots_ros2_importer/lib/webots_ros2_importer
Installing xacro2proto script to /home/alex/ros2_ws/install/webots_ros2_importer/lib/webots_ros2_importer
writing list of installed files to '/home/alex/ros2_ws/build/webots_ros2_importer/install.log'
