[1.472s] Invoking command in '/home/alex/ros2_ws/src/webots_ros2/webots_ros2_importer': PYTHONPATH=/home/alex/ros2_ws/build/webots_ros2_importer/prefix_override:/home/alex/ros2_ws/install/webots_ros2_importer/lib/python3.10/site-packages:${PYTHONPATH} /usr/bin/python3 setup.py egg_info --egg-base ../../../build/webots_ros2_importer build --build-base /home/alex/ros2_ws/build/webots_ros2_importer/build install --record /home/alex/ros2_ws/build/webots_ros2_importer/install.log --single-version-externally-managed
[1.816s] running egg_info
[1.817s] writing ../../../build/webots_ros2_importer/webots_ros2_importer.egg-info/PKG-INFO
[1.817s] writing dependency_links to ../../../build/webots_ros2_importer/webots_ros2_importer.egg-info/dependency_links.txt
[1.817s] writing entry points to ../../../build/webots_ros2_importer/webots_ros2_importer.egg-info/entry_points.txt
[1.817s] writing requirements to ../../../build/webots_ros2_importer/webots_ros2_importer.egg-info/requires.txt
[1.817s] writing top-level names to ../../../build/webots_ros2_importer/webots_ros2_importer.egg-info/top_level.txt
[1.819s] reading manifest file '../../../build/webots_ros2_importer/webots_ros2_importer.egg-info/SOURCES.txt'
[1.819s] writing manifest file '../../../build/webots_ros2_importer/webots_ros2_importer.egg-info/SOURCES.txt'
[1.820s] running build
[1.820s] running build_py
[1.820s] copying webots_ros2_importer/urdf2proto.py -> /home/alex/ros2_ws/build/webots_ros2_importer/build/lib/webots_ros2_importer
[1.820s] copying webots_ros2_importer/xacro2proto.py -> /home/alex/ros2_ws/build/webots_ros2_importer/build/lib/webots_ros2_importer
[1.820s] copying webots_ros2_importer/__init__.py -> /home/alex/ros2_ws/build/webots_ros2_importer/build/lib/webots_ros2_importer
[1.820s] copying webots_ros2_importer/urdf2webots/urdf2webots/importer.py -> /home/alex/ros2_ws/build/webots_ros2_importer/build/lib/webots_ros2_importer/urdf2webots/urdf2webots
[1.821s] copying webots_ros2_importer/urdf2webots/urdf2webots/writeRobot.py -> /home/alex/ros2_ws/build/webots_ros2_importer/build/lib/webots_ros2_importer/urdf2webots/urdf2webots
[1.822s] copying webots_ros2_importer/urdf2webots/urdf2webots/gazebo_materials.py -> /home/alex/ros2_ws/build/webots_ros2_importer/build/lib/webots_ros2_importer/urdf2webots/urdf2webots
[1.822s] copying webots_ros2_importer/urdf2webots/urdf2webots/parserURDF.py -> /home/alex/ros2_ws/build/webots_ros2_importer/build/lib/webots_ros2_importer/urdf2webots/urdf2webots
[1.822s] copying webots_ros2_importer/urdf2webots/urdf2webots/math_utils.py -> /home/alex/ros2_ws/build/webots_ros2_importer/build/lib/webots_ros2_importer/urdf2webots/urdf2webots
[1.822s] copying webots_ros2_importer/urdf2webots/urdf2webots/__init__.py -> /home/alex/ros2_ws/build/webots_ros2_importer/build/lib/webots_ros2_importer/urdf2webots/urdf2webots
[1.822s] running install
[1.822s] running install_lib
[1.823s] copying /home/alex/ros2_ws/build/webots_ros2_importer/build/lib/webots_ros2_importer/urdf2proto.py -> /home/alex/ros2_ws/install/webots_ros2_importer/lib/python3.10/site-packages/webots_ros2_importer
[1.823s] copying /home/alex/ros2_ws/build/webots_ros2_importer/build/lib/webots_ros2_importer/xacro2proto.py -> /home/alex/ros2_ws/install/webots_ros2_importer/lib/python3.10/site-packages/webots_ros2_importer
[1.823s] copying /home/alex/ros2_ws/build/webots_ros2_importer/build/lib/webots_ros2_importer/urdf2webots/urdf2webots/importer.py -> /home/alex/ros2_ws/install/webots_ros2_importer/lib/python3.10/site-packages/webots_ros2_importer/urdf2webots/urdf2webots
[1.823s] copying /home/alex/ros2_ws/build/webots_ros2_importer/build/lib/webots_ros2_importer/urdf2webots/urdf2webots/writeRobot.py -> /home/alex/ros2_ws/install/webots_ros2_importer/lib/python3.10/site-packages/webots_ros2_importer/urdf2webots/urdf2webots
[1.823s] copying /home/alex/ros2_ws/build/webots_ros2_importer/build/lib/webots_ros2_importer/urdf2webots/urdf2webots/gazebo_materials.py -> /home/alex/ros2_ws/install/webots_ros2_importer/lib/python3.10/site-packages/webots_ros2_importer/urdf2webots/urdf2webots
[1.824s] copying /home/alex/ros2_ws/build/webots_ros2_importer/build/lib/webots_ros2_importer/urdf2webots/urdf2webots/parserURDF.py -> /home/alex/ros2_ws/install/webots_ros2_importer/lib/python3.10/site-packages/webots_ros2_importer/urdf2webots/urdf2webots
[1.824s] copying /home/alex/ros2_ws/build/webots_ros2_importer/build/lib/webots_ros2_importer/urdf2webots/urdf2webots/math_utils.py -> /home/alex/ros2_ws/install/webots_ros2_importer/lib/python3.10/site-packages/webots_ros2_importer/urdf2webots/urdf2webots
[1.824s] copying /home/alex/ros2_ws/build/webots_ros2_importer/build/lib/webots_ros2_importer/urdf2webots/urdf2webots/__init__.py -> /home/alex/ros2_ws/install/webots_ros2_importer/lib/python3.10/site-packages/webots_ros2_importer/urdf2webots/urdf2webots
[1.824s] copying /home/alex/ros2_ws/build/webots_ros2_importer/build/lib/webots_ros2_importer/__init__.py -> /home/alex/ros2_ws/install/webots_ros2_importer/lib/python3.10/site-packages/webots_ros2_importer
[1.825s] byte-compiling /home/alex/ros2_ws/install/webots_ros2_importer/lib/python3.10/site-packages/webots_ros2_importer/urdf2proto.py to urdf2proto.cpython-310.pyc
[1.825s] byte-compiling /home/alex/ros2_ws/install/webots_ros2_importer/lib/python3.10/site-packages/webots_ros2_importer/xacro2proto.py to xacro2proto.cpython-310.pyc
[1.826s] byte-compiling /home/alex/ros2_ws/install/webots_ros2_importer/lib/python3.10/site-packages/webots_ros2_importer/urdf2webots/urdf2webots/importer.py to importer.cpython-310.pyc
[1.828s] byte-compiling /home/alex/ros2_ws/install/webots_ros2_importer/lib/python3.10/site-packages/webots_ros2_importer/urdf2webots/urdf2webots/writeRobot.py to writeRobot.cpython-310.pyc
[1.832s] byte-compiling /home/alex/ros2_ws/install/webots_ros2_importer/lib/python3.10/site-packages/webots_ros2_importer/urdf2webots/urdf2webots/gazebo_materials.py to gazebo_materials.cpython-310.pyc
[1.833s] byte-compiling /home/alex/ros2_ws/install/webots_ros2_importer/lib/python3.10/site-packages/webots_ros2_importer/urdf2webots/urdf2webots/parserURDF.py to parserURDF.cpython-310.pyc
[1.840s] byte-compiling /home/alex/ros2_ws/install/webots_ros2_importer/lib/python3.10/site-packages/webots_ros2_importer/urdf2webots/urdf2webots/math_utils.py to math_utils.cpython-310.pyc
[1.861s] byte-compiling /home/alex/ros2_ws/install/webots_ros2_importer/lib/python3.10/site-packages/webots_ros2_importer/urdf2webots/urdf2webots/__init__.py to __init__.cpython-310.pyc
[1.861s] byte-compiling /home/alex/ros2_ws/install/webots_ros2_importer/lib/python3.10/site-packages/webots_ros2_importer/__init__.py to __init__.cpython-310.pyc
[1.861s] running install_data
[1.861s] copying resource/webots_ros2_importer -> /home/alex/ros2_ws/install/webots_ros2_importer/share/ament_index/resource_index/packages
[1.862s] copying package.xml -> /home/alex/ros2_ws/install/webots_ros2_importer/share/webots_ros2_importer
[1.862s] running install_egg_info
[1.862s] removing '/home/alex/ros2_ws/install/webots_ros2_importer/lib/python3.10/site-packages/webots_ros2_importer-2023.1.1-py3.10.egg-info' (and everything under it)
[1.862s] Copying ../../../build/webots_ros2_importer/webots_ros2_importer.egg-info to /home/alex/ros2_ws/install/webots_ros2_importer/lib/python3.10/site-packages/webots_ros2_importer-2023.1.1-py3.10.egg-info
[1.862s] running install_scripts
[1.887s] Installing urdf2proto script to /home/alex/ros2_ws/install/webots_ros2_importer/lib/webots_ros2_importer
[1.887s] Installing xacro2proto script to /home/alex/ros2_ws/install/webots_ros2_importer/lib/webots_ros2_importer
[1.888s] writing list of installed files to '/home/alex/ros2_ws/build/webots_ros2_importer/install.log'
[2.105s] Invoked command in '/home/alex/ros2_ws/src/webots_ros2/webots_ros2_importer' returned '0': PYTHONPATH=/home/alex/ros2_ws/build/webots_ros2_importer/prefix_override:/home/alex/ros2_ws/install/webots_ros2_importer/lib/python3.10/site-packages:${PYTHONPATH} /usr/bin/python3 setup.py egg_info --egg-base ../../../build/webots_ros2_importer build --build-base /home/alex/ros2_ws/build/webots_ros2_importer/build install --record /home/alex/ros2_ws/build/webots_ros2_importer/install.log --single-version-externally-managed
