[0.127s] Invoking command in '/home/alex/ros2_ws/build/my_cpp_pkg': CMAKE_PREFIX_PATH=${CMAKE_PREFIX_PATH}:/home/alex/ros2_ws/install/my_py_pkg:/opt/ros/humble /usr/bin/cmake --build /home/alex/ros2_ws/build/my_cpp_pkg -- -j8 -l8
[0.148s] -- Found ament_cmake: 1.3.5 (/opt/ros/humble/share/ament_cmake/cmake)
[0.273s] -- Found rclcpp: 16.0.6 (/opt/ros/humble/share/rclcpp/cmake)
[0.415s] -- Found rosidl_generator_c: 3.1.5 (/opt/ros/humble/share/rosidl_generator_c/cmake)
[0.418s] -- Found rosidl_adapter: 3.1.5 (/opt/ros/humble/share/rosidl_adapter/cmake)
[0.423s] -- Found rosidl_generator_cpp: 3.1.5 (/opt/ros/humble/share/rosidl_generator_cpp/cmake)
[0.437s] -- Using all available rosidl_typesupport_c: rosidl_typesupport_fastrtps_c;rosidl_typesupport_introspection_c
[0.451s] -- Using all available rosidl_typesupport_cpp: rosidl_typesupport_fastrtps_cpp;rosidl_typesupport_introspection_cpp
[0.524s] -- Found rmw_implementation_cmake: 6.1.1 (/opt/ros/humble/share/rmw_implementation_cmake/cmake)
[0.525s] -- Found rmw_fastrtps_cpp: 6.2.4 (/opt/ros/humble/share/rmw_fastrtps_cpp/cmake)
[4.887s] -- Using RMW implementation 'rmw_fastrtps_cpp' as default
[5.028s] -- Found example_interfaces: 0.9.3 (/opt/ros/humble/share/example_interfaces/cmake)
[5.159s] -- Found ament_lint_auto: 0.12.8 (/opt/ros/humble/share/ament_lint_auto/cmake)
[5.219s] -- Added test 'cppcheck' to perform static code analysis on C / C++ code
[5.219s] -- Configured cppcheck include dirs: 
[5.219s] -- Configured cppcheck exclude dirs and/or files: 
[5.220s] -- Added test 'lint_cmake' to check CMake code style
[5.220s] -- Added test 'uncrustify' to check C / C++ code style
[5.220s] -- Configured uncrustify additional arguments: 
[5.220s] -- Added test 'xmllint' to check XML markup files
[5.221s] -- Configuring done
[5.247s] -- Generating done
[5.249s] -- Build files have been written to: /home/alex/ros2_ws/build/my_cpp_pkg
[5.273s] [35m[1mConsolidate compiler generated dependencies of target number_publisher[0m
[5.274s] [35m[1mConsolidate compiler generated dependencies of target cpp_node[0m
[5.275s] [35m[1mConsolidate compiler generated dependencies of target add_two_ints_client[0m
[5.275s] [35m[1mConsolidate compiler generated dependencies of target add_two_ints_server[0m
[5.276s] [35m[1mConsolidate compiler generated dependencies of target add_two_ints_client_no_oop[0m
[5.278s] [35m[1mConsolidate compiler generated dependencies of target smartphone[0m
[5.279s] [35m[1mConsolidate compiler generated dependencies of target number_counter[0m
[5.283s] [35m[1mConsolidate compiler generated dependencies of target robot_news_station[0m
[5.296s] [ 12%] Built target number_publisher
[5.297s] [ 25%] Built target add_two_ints_client
[5.297s] [ 37%] Built target add_two_ints_server
[5.299s] [ 50%] Built target add_two_ints_client_no_oop
[5.300s] [ 62%] Built target smartphone
[5.301s] [ 75%] Built target number_counter
[5.306s] [ 87%] Built target cpp_node
[5.308s] [100%] Built target robot_news_station
[5.317s] Invoked command in '/home/alex/ros2_ws/build/my_cpp_pkg' returned '0': CMAKE_PREFIX_PATH=${CMAKE_PREFIX_PATH}:/home/alex/ros2_ws/install/my_py_pkg:/opt/ros/humble /usr/bin/cmake --build /home/alex/ros2_ws/build/my_cpp_pkg -- -j8 -l8
[5.359s] Invoking command in '/home/alex/ros2_ws/build/my_cpp_pkg': CMAKE_PREFIX_PATH=${CMAKE_PREFIX_PATH}:/home/alex/ros2_ws/install/my_py_pkg:/opt/ros/humble /usr/bin/cmake --install /home/alex/ros2_ws/build/my_cpp_pkg
[5.366s] -- Install configuration: ""
[5.366s] -- Up-to-date: /home/alex/ros2_ws/install/my_cpp_pkg/lib/my_cpp_pkg/cpp_node
[5.367s] -- Up-to-date: /home/alex/ros2_ws/install/my_cpp_pkg/lib/my_cpp_pkg/robot_news_station
[5.367s] -- Up-to-date: /home/alex/ros2_ws/install/my_cpp_pkg/lib/my_cpp_pkg/smartphone
[5.367s] -- Up-to-date: /home/alex/ros2_ws/install/my_cpp_pkg/lib/my_cpp_pkg/number_publisher
[5.367s] -- Up-to-date: /home/alex/ros2_ws/install/my_cpp_pkg/lib/my_cpp_pkg/number_counter
[5.367s] -- Up-to-date: /home/alex/ros2_ws/install/my_cpp_pkg/lib/my_cpp_pkg/add_two_ints_server
[5.368s] -- Up-to-date: /home/alex/ros2_ws/install/my_cpp_pkg/lib/my_cpp_pkg/add_two_ints_client
[5.368s] -- Up-to-date: /home/alex/ros2_ws/install/my_cpp_pkg/lib/my_cpp_pkg/add_two_ints_client_no_oop
[5.368s] [31mCMake Error at cmake_install.cmake:206 (file):
[5.368s]   file INSTALL cannot find "/home/alex/ros2_ws/src/my_cpp_pkg/launch": No
[5.369s]   such file or directory.
[5.369s] 
[5.369s] [0m
[5.372s] Invoked command in '/home/alex/ros2_ws/build/my_cpp_pkg' returned '1': CMAKE_PREFIX_PATH=${CMAKE_PREFIX_PATH}:/home/alex/ros2_ws/install/my_py_pkg:/opt/ros/humble /usr/bin/cmake --install /home/alex/ros2_ws/build/my_cpp_pkg
