[0.790s] Invoking command in '/home/alex/ros2_ws/src/webots_ros2/webots_ros2': AMENT_PREFIX_PATH=/home/alex/ros2_ws/install/webots_ros2_tests:/home/alex/ros2_ws/install/webots_ros2_universal_robot:/home/alex/ros2_ws/install/webots_ros2_turtlebot:/home/alex/ros2_ws/install/webots_ros2_tiago:/home/alex/ros2_ws/install/webots_ros2_epuck:/home/alex/ros2_ws/install/webots_ros2_tesla:/home/alex/ros2_ws/install/webots_ros2_mavic:/home/alex/ros2_ws/install/webots_ros2_control:/home/alex/ros2_ws/install/webots_ros2_driver:/home/alex/ros2_ws/install/webots_ros2_msgs:/home/alex/ros2_ws/install/webots_ros2_importer:${AMENT_PREFIX_PATH} CMAKE_PREFIX_PATH=/home/alex/ros2_ws/install/webots_ros2_control:/home/alex/ros2_ws/install/webots_ros2_driver:/home/alex/ros2_ws/install/webots_ros2_msgs:${CMAKE_PREFIX_PATH} LD_LIBRARY_PATH=/home/alex/ros2_ws/install/webots_ros2_control/lib:/home/alex/ros2_ws/install/webots_ros2_driver/lib:/home/alex/ros2_ws/install/webots_ros2_msgs/lib PYTHONPATH=/home/alex/ros2_ws/build/webots_ros2/prefix_override:/home/alex/ros2_ws/install/webots_ros2/lib/python3.10/site-packages:/home/alex/ros2_ws/install/webots_ros2_tests/lib/python3.10/site-packages:/home/alex/ros2_ws/install/webots_ros2_universal_robot/lib/python3.10/site-packages:/home/alex/ros2_ws/install/webots_ros2_turtlebot/lib/python3.10/site-packages:/home/alex/ros2_ws/install/webots_ros2_tiago/lib/python3.10/site-packages:/home/alex/ros2_ws/install/webots_ros2_epuck/lib/python3.10/site-packages:/home/alex/ros2_ws/install/webots_ros2_tesla/lib/python3.10/site-packages:/home/alex/ros2_ws/install/webots_ros2_mavic/lib/python3.10/site-packages:/home/alex/ros2_ws/install/webots_ros2_driver/local/lib/python3.10/dist-packages:/home/alex/ros2_ws/install/webots_ros2_msgs/local/lib/python3.10/dist-packages:/home/alex/ros2_ws/install/webots_ros2_importer/lib/python3.10/site-packages:${PYTHONPATH} /usr/bin/python3 setup.py egg_info --egg-base ../../../build/webots_ros2 build --build-base /home/alex/ros2_ws/build/webots_ros2/build install --record /home/alex/ros2_ws/build/webots_ros2/install.log --single-version-externally-managed
[1.034s] running egg_info
[1.035s] creating ../../../build/webots_ros2/webots_ros2.egg-info
[1.035s] writing ../../../build/webots_ros2/webots_ros2.egg-info/PKG-INFO
[1.035s] writing dependency_links to ../../../build/webots_ros2/webots_ros2.egg-info/dependency_links.txt
[1.035s] writing requirements to ../../../build/webots_ros2/webots_ros2.egg-info/requires.txt
[1.035s] writing top-level names to ../../../build/webots_ros2/webots_ros2.egg-info/top_level.txt
[1.035s] writing manifest file '../../../build/webots_ros2/webots_ros2.egg-info/SOURCES.txt'
[1.036s] reading manifest file '../../../build/webots_ros2/webots_ros2.egg-info/SOURCES.txt'
[1.037s] writing manifest file '../../../build/webots_ros2/webots_ros2.egg-info/SOURCES.txt'
[1.037s] running build
[1.037s] running build_py
[1.037s] creating /home/alex/ros2_ws/build/webots_ros2/build
[1.037s] creating /home/alex/ros2_ws/build/webots_ros2/build/lib
[1.037s] creating /home/alex/ros2_ws/build/webots_ros2/build/lib/webots_ros2
[1.037s] copying webots_ros2/__init__.py -> /home/alex/ros2_ws/build/webots_ros2/build/lib/webots_ros2
[1.037s] running install
[1.038s] running install_lib
[1.038s] creating /home/alex/ros2_ws/install/webots_ros2/lib/python3.10/site-packages/webots_ros2
[1.038s] copying /home/alex/ros2_ws/build/webots_ros2/build/lib/webots_ros2/__init__.py -> /home/alex/ros2_ws/install/webots_ros2/lib/python3.10/site-packages/webots_ros2
[1.038s] byte-compiling /home/alex/ros2_ws/install/webots_ros2/lib/python3.10/site-packages/webots_ros2/__init__.py to __init__.cpython-310.pyc
[1.039s] running install_data
[1.039s] copying package.xml -> /home/alex/ros2_ws/install/webots_ros2/share/webots_ros2
[1.039s] creating /home/alex/ros2_ws/install/webots_ros2/share/ament_index
[1.039s] creating /home/alex/ros2_ws/install/webots_ros2/share/ament_index/resource_index
[1.039s] creating /home/alex/ros2_ws/install/webots_ros2/share/ament_index/resource_index/packages
[1.039s] copying resource/webots_ros2 -> /home/alex/ros2_ws/install/webots_ros2/share/ament_index/resource_index/packages
[1.039s] running install_egg_info
[1.041s] Copying ../../../build/webots_ros2/webots_ros2.egg-info to /home/alex/ros2_ws/install/webots_ros2/lib/python3.10/site-packages/webots_ros2-2023.1.1-py3.10.egg-info
[1.041s] running install_scripts
[1.057s] writing list of installed files to '/home/alex/ros2_ws/build/webots_ros2/install.log'
[1.075s] Invoked command in '/home/alex/ros2_ws/src/webots_ros2/webots_ros2' returned '0': AMENT_PREFIX_PATH=/home/alex/ros2_ws/install/webots_ros2_tests:/home/alex/ros2_ws/install/webots_ros2_universal_robot:/home/alex/ros2_ws/install/webots_ros2_turtlebot:/home/alex/ros2_ws/install/webots_ros2_tiago:/home/alex/ros2_ws/install/webots_ros2_epuck:/home/alex/ros2_ws/install/webots_ros2_tesla:/home/alex/ros2_ws/install/webots_ros2_mavic:/home/alex/ros2_ws/install/webots_ros2_control:/home/alex/ros2_ws/install/webots_ros2_driver:/home/alex/ros2_ws/install/webots_ros2_msgs:/home/alex/ros2_ws/install/webots_ros2_importer:${AMENT_PREFIX_PATH} CMAKE_PREFIX_PATH=/home/alex/ros2_ws/install/webots_ros2_control:/home/alex/ros2_ws/install/webots_ros2_driver:/home/alex/ros2_ws/install/webots_ros2_msgs:${CMAKE_PREFIX_PATH} LD_LIBRARY_PATH=/home/alex/ros2_ws/install/webots_ros2_control/lib:/home/alex/ros2_ws/install/webots_ros2_driver/lib:/home/alex/ros2_ws/install/webots_ros2_msgs/lib PYTHONPATH=/home/alex/ros2_ws/build/webots_ros2/prefix_override:/home/alex/ros2_ws/install/webots_ros2/lib/python3.10/site-packages:/home/alex/ros2_ws/install/webots_ros2_tests/lib/python3.10/site-packages:/home/alex/ros2_ws/install/webots_ros2_universal_robot/lib/python3.10/site-packages:/home/alex/ros2_ws/install/webots_ros2_turtlebot/lib/python3.10/site-packages:/home/alex/ros2_ws/install/webots_ros2_tiago/lib/python3.10/site-packages:/home/alex/ros2_ws/install/webots_ros2_epuck/lib/python3.10/site-packages:/home/alex/ros2_ws/install/webots_ros2_tesla/lib/python3.10/site-packages:/home/alex/ros2_ws/install/webots_ros2_mavic/lib/python3.10/site-packages:/home/alex/ros2_ws/install/webots_ros2_driver/local/lib/python3.10/dist-packages:/home/alex/ros2_ws/install/webots_ros2_msgs/local/lib/python3.10/dist-packages:/home/alex/ros2_ws/install/webots_ros2_importer/lib/python3.10/site-packages:${PYTHONPATH} /usr/bin/python3 setup.py egg_info --egg-base ../../../build/webots_ros2 build --build-base /home/alex/ros2_ws/build/webots_ros2/build install --record /home/alex/ros2_ws/build/webots_ros2/install.log --single-version-externally-managed
