[1.071s] Invoking command in '/home/alex/ros2_ws/build/webots_ros2_msgs': CMAKE_PREFIX_PATH=${CMAKE_PREFIX_PATH}:/home/alex/ros2_ws/install/webots_ros2:/home/alex/ros2_ws/install/webots_ros2_universal_robot:/home/alex/ros2_ws/install/webots_ros2_turtlebot:/home/alex/ros2_ws/install/webots_ros2_tiago:/home/alex/ros2_ws/install/webots_ros2_tests:/home/alex/ros2_ws/install/webots_ros2_tesla:/home/alex/ros2_ws/install/webots_ros2_mavic:/home/alex/ros2_ws/install/webots_ros2_epuck:/home/alex/ros2_ws/install/webots_ros2_importer:/home/alex/ros2_ws/install/my_py_pkg:/home/alex/rmf_ws/install/rmf_demos_tasks:/home/alex/rmf_ws/install/rmf_demos_panel:/home/alex/rmf_ws/install/rmf_demos_fleet_adapter:/home/alex/rmf_ws/install/rmf_demos_bridges:/opt/ros/humble /usr/bin/cmake --build /home/alex/ros2_ws/build/webots_ros2_msgs -- -j8 -l8
[1.150s] [ 12%] Built target webots_ros2_msgs__rosidl_generator_c
[1.167s] [ 12%] Built target ament_cmake_python_copy_webots_ros2_msgs
[1.168s] [ 12%] Built target webots_ros2_msgs__cpp
[1.247s] [ 24%] Built target webots_ros2_msgs__rosidl_typesupport_fastrtps_c
[1.250s] [ 36%] Built target webots_ros2_msgs__rosidl_typesupport_introspection_c
[1.272s] [ 48%] Built target webots_ros2_msgs__rosidl_typesupport_c
[1.284s] [ 60%] Built target webots_ros2_msgs__rosidl_typesupport_cpp
[1.286s] [ 71%] Built target webots_ros2_msgs__rosidl_typesupport_fastrtps_cpp
[1.370s] [ 83%] Built target webots_ros2_msgs__rosidl_typesupport_introspection_cpp
[1.428s] [ 83%] Built target webots_ros2_msgs
[1.459s] [ 84%] Built target webots_ros2_msgs__py
[1.567s] [ 95%] Built target webots_ros2_msgs__rosidl_generator_py
[1.622s] [ 97%] Built target webots_ros2_msgs__rosidl_typesupport_fastrtps_c__pyext
[1.638s] [ 99%] Built target webots_ros2_msgs__rosidl_typesupport_introspection_c__pyext
[1.657s] [100%] Built target webots_ros2_msgs__rosidl_typesupport_c__pyext
[1.772s] running egg_info
[1.774s] writing webots_ros2_msgs.egg-info/PKG-INFO
[1.775s] writing dependency_links to webots_ros2_msgs.egg-info/dependency_links.txt
[1.776s] writing top-level names to webots_ros2_msgs.egg-info/top_level.txt
[1.777s] reading manifest file 'webots_ros2_msgs.egg-info/SOURCES.txt'
[1.779s] writing manifest file 'webots_ros2_msgs.egg-info/SOURCES.txt'
[1.810s] [100%] Built target ament_cmake_python_build_webots_ros2_msgs_egg
[1.888s] Invoked command in '/home/alex/ros2_ws/build/webots_ros2_msgs' returned '0': CMAKE_PREFIX_PATH=${CMAKE_PREFIX_PATH}:/home/alex/ros2_ws/install/webots_ros2:/home/alex/ros2_ws/install/webots_ros2_universal_robot:/home/alex/ros2_ws/install/webots_ros2_turtlebot:/home/alex/ros2_ws/install/webots_ros2_tiago:/home/alex/ros2_ws/install/webots_ros2_tests:/home/alex/ros2_ws/install/webots_ros2_tesla:/home/alex/ros2_ws/install/webots_ros2_mavic:/home/alex/ros2_ws/install/webots_ros2_epuck:/home/alex/ros2_ws/install/webots_ros2_importer:/home/alex/ros2_ws/install/my_py_pkg:/home/alex/rmf_ws/install/rmf_demos_tasks:/home/alex/rmf_ws/install/rmf_demos_panel:/home/alex/rmf_ws/install/rmf_demos_fleet_adapter:/home/alex/rmf_ws/install/rmf_demos_bridges:/opt/ros/humble /usr/bin/cmake --build /home/alex/ros2_ws/build/webots_ros2_msgs -- -j8 -l8
[2.170s] Invoking command in '/home/alex/ros2_ws/build/webots_ros2_msgs': CMAKE_PREFIX_PATH=${CMAKE_PREFIX_PATH}:/home/alex/ros2_ws/install/webots_ros2:/home/alex/ros2_ws/install/webots_ros2_universal_robot:/home/alex/ros2_ws/install/webots_ros2_turtlebot:/home/alex/ros2_ws/install/webots_ros2_tiago:/home/alex/ros2_ws/install/webots_ros2_tests:/home/alex/ros2_ws/install/webots_ros2_tesla:/home/alex/ros2_ws/install/webots_ros2_mavic:/home/alex/ros2_ws/install/webots_ros2_epuck:/home/alex/ros2_ws/install/webots_ros2_importer:/home/alex/ros2_ws/install/my_py_pkg:/home/alex/rmf_ws/install/rmf_demos_tasks:/home/alex/rmf_ws/install/rmf_demos_panel:/home/alex/rmf_ws/install/rmf_demos_fleet_adapter:/home/alex/rmf_ws/install/rmf_demos_bridges:/opt/ros/humble /usr/bin/cmake --install /home/alex/ros2_ws/build/webots_ros2_msgs
[2.181s] -- Install configuration: ""
[2.181s] -- Up-to-date: /home/alex/ros2_ws/install/webots_ros2_msgs/share/ament_index/resource_index/rosidl_interfaces/webots_ros2_msgs
[2.181s] -- Up-to-date: /home/alex/ros2_ws/install/webots_ros2_msgs/include/webots_ros2_msgs/webots_ros2_msgs
[2.181s] -- Up-to-date: /home/alex/ros2_ws/install/webots_ros2_msgs/include/webots_ros2_msgs/webots_ros2_msgs/srv
[2.181s] -- Up-to-date: /home/alex/ros2_ws/install/webots_ros2_msgs/include/webots_ros2_msgs/webots_ros2_msgs/srv/emitter_send_string.h
[2.181s] -- Up-to-date: /home/alex/ros2_ws/install/webots_ros2_msgs/include/webots_ros2_msgs/webots_ros2_msgs/srv/set_string.h
[2.181s] -- Up-to-date: /home/alex/ros2_ws/install/webots_ros2_msgs/include/webots_ros2_msgs/webots_ros2_msgs/srv/spawn_node_from_string.h
[2.181s] -- Up-to-date: /home/alex/ros2_ws/install/webots_ros2_msgs/include/webots_ros2_msgs/webots_ros2_msgs/srv/spawn_urdf_robot.h
[2.181s] -- Up-to-date: /home/alex/ros2_ws/install/webots_ros2_msgs/include/webots_ros2_msgs/webots_ros2_msgs/srv/detail
[2.181s] -- Up-to-date: /home/alex/ros2_ws/install/webots_ros2_msgs/include/webots_ros2_msgs/webots_ros2_msgs/srv/detail/spawn_node_from_string__functions.c
[2.182s] -- Up-to-date: /home/alex/ros2_ws/install/webots_ros2_msgs/include/webots_ros2_msgs/webots_ros2_msgs/srv/detail/set_string__type_support.h
[2.182s] -- Up-to-date: /home/alex/ros2_ws/install/webots_ros2_msgs/include/webots_ros2_msgs/webots_ros2_msgs/srv/detail/spawn_node_from_string__struct.h
[2.182s] -- Up-to-date: /home/alex/ros2_ws/install/webots_ros2_msgs/include/webots_ros2_msgs/webots_ros2_msgs/srv/detail/get_bool__functions.h
[2.182s] -- Up-to-date: /home/alex/ros2_ws/install/webots_ros2_msgs/include/webots_ros2_msgs/webots_ros2_msgs/srv/detail/spawn_urdf_robot__functions.h
[2.182s] -- Up-to-date: /home/alex/ros2_ws/install/webots_ros2_msgs/include/webots_ros2_msgs/webots_ros2_msgs/srv/detail/spawn_urdf_robot__struct.h
[2.182s] -- Up-to-date: /home/alex/ros2_ws/install/webots_ros2_msgs/include/webots_ros2_msgs/webots_ros2_msgs/srv/detail/set_string__functions.h
[2.182s] -- Up-to-date: /home/alex/ros2_ws/install/webots_ros2_msgs/include/webots_ros2_msgs/webots_ros2_msgs/srv/detail/spawn_urdf_robot__type_support.h
[2.182s] -- Up-to-date: /home/alex/ros2_ws/install/webots_ros2_msgs/include/webots_ros2_msgs/webots_ros2_msgs/srv/detail/spawn_node_from_string__functions.h
[2.182s] -- Up-to-date: /home/alex/ros2_ws/install/webots_ros2_msgs/include/webots_ros2_msgs/webots_ros2_msgs/srv/detail/emitter_send_string__type_support.h
[2.182s] -- Up-to-date: /home/alex/ros2_ws/install/webots_ros2_msgs/include/webots_ros2_msgs/webots_ros2_msgs/srv/detail/emitter_send_string__functions.h
[2.183s] -- Up-to-date: /home/alex/ros2_ws/install/webots_ros2_msgs/include/webots_ros2_msgs/webots_ros2_msgs/srv/detail/set_string__functions.c
[2.183s] -- Up-to-date: /home/alex/ros2_ws/install/webots_ros2_msgs/include/webots_ros2_msgs/webots_ros2_msgs/srv/detail/emitter_send_string__functions.c
[2.183s] -- Up-to-date: /home/alex/ros2_ws/install/webots_ros2_msgs/include/webots_ros2_msgs/webots_ros2_msgs/srv/detail/get_bool__type_support.h
[2.183s] -- Up-to-date: /home/alex/ros2_ws/install/webots_ros2_msgs/include/webots_ros2_msgs/webots_ros2_msgs/srv/detail/spawn_node_from_string__type_support.h
[2.183s] -- Up-to-date: /home/alex/ros2_ws/install/webots_ros2_msgs/include/webots_ros2_msgs/webots_ros2_msgs/srv/detail/emitter_send_string__struct.h
[2.183s] -- Up-to-date: /home/alex/ros2_ws/install/webots_ros2_msgs/include/webots_ros2_msgs/webots_ros2_msgs/srv/detail/set_string__struct.h
[2.183s] -- Up-to-date: /home/alex/ros2_ws/install/webots_ros2_msgs/include/webots_ros2_msgs/webots_ros2_msgs/srv/detail/get_bool__struct.h
[2.183s] -- Up-to-date: /home/alex/ros2_ws/install/webots_ros2_msgs/include/webots_ros2_msgs/webots_ros2_msgs/srv/detail/spawn_urdf_robot__functions.c
[2.184s] -- Up-to-date: /home/alex/ros2_ws/install/webots_ros2_msgs/include/webots_ros2_msgs/webots_ros2_msgs/srv/detail/get_bool__functions.c
[2.184s] -- Up-to-date: /home/alex/ros2_ws/install/webots_ros2_msgs/include/webots_ros2_msgs/webots_ros2_msgs/srv/get_bool.h
[2.184s] -- Up-to-date: /home/alex/ros2_ws/install/webots_ros2_msgs/include/webots_ros2_msgs/webots_ros2_msgs/msg
[2.184s] -- Up-to-date: /home/alex/ros2_ws/install/webots_ros2_msgs/include/webots_ros2_msgs/webots_ros2_msgs/msg/pen_ink_properties.h
[2.184s] -- Up-to-date: /home/alex/ros2_ws/install/webots_ros2_msgs/include/webots_ros2_msgs/webots_ros2_msgs/msg/urdf_robot.h
[2.184s] -- Up-to-date: /home/alex/ros2_ws/install/webots_ros2_msgs/include/webots_ros2_msgs/webots_ros2_msgs/msg/float_stamped.h
[2.185s] -- Up-to-date: /home/alex/ros2_ws/install/webots_ros2_msgs/include/webots_ros2_msgs/webots_ros2_msgs/msg/camera_recognition_object.h
[2.185s] -- Up-to-date: /home/alex/ros2_ws/install/webots_ros2_msgs/include/webots_ros2_msgs/webots_ros2_msgs/msg/detail
[2.185s] -- Up-to-date: /home/alex/ros2_ws/install/webots_ros2_msgs/include/webots_ros2_msgs/webots_ros2_msgs/msg/detail/urdf_robot__functions.c
[2.185s] -- Up-to-date: /home/alex/ros2_ws/install/webots_ros2_msgs/include/webots_ros2_msgs/webots_ros2_msgs/msg/detail/pen_ink_properties__functions.h
[2.186s] -- Up-to-date: /home/alex/ros2_ws/install/webots_ros2_msgs/include/webots_ros2_msgs/webots_ros2_msgs/msg/detail/urdf_robot__type_support.h
[2.186s] -- Up-to-date: /home/alex/ros2_ws/install/webots_ros2_msgs/include/webots_ros2_msgs/webots_ros2_msgs/msg/detail/camera_recognition_object__struct.h
[2.186s] -- Up-to-date: /home/alex/ros2_ws/install/webots_ros2_msgs/include/webots_ros2_msgs/webots_ros2_msgs/msg/detail/float_stamped__functions.h
[2.186s] -- Up-to-date: /home/alex/ros2_ws/install/webots_ros2_msgs/include/webots_ros2_msgs/webots_ros2_msgs/msg/detail/bool_stamped__functions.c
[2.186s] -- Up-to-date: /home/alex/ros2_ws/install/webots_ros2_msgs/include/webots_ros2_msgs/webots_ros2_msgs/msg/detail/camera_recognition_object__type_support.h
[2.186s] -- Up-to-date: /home/alex/ros2_ws/install/webots_ros2_msgs/include/webots_ros2_msgs/webots_ros2_msgs/msg/detail/urdf_robot__struct.h
[2.186s] -- Up-to-date: /home/alex/ros2_ws/install/webots_ros2_msgs/include/webots_ros2_msgs/webots_ros2_msgs/msg/detail/pen_ink_properties__type_support.h
[2.187s] -- Up-to-date: /home/alex/ros2_ws/install/webots_ros2_msgs/include/webots_ros2_msgs/webots_ros2_msgs/msg/detail/float_stamped__functions.c
[2.187s] -- Up-to-date: /home/alex/ros2_ws/install/webots_ros2_msgs/include/webots_ros2_msgs/webots_ros2_msgs/msg/detail/pen_ink_properties__functions.c
[2.187s] -- Up-to-date: /home/alex/ros2_ws/install/webots_ros2_msgs/include/webots_ros2_msgs/webots_ros2_msgs/msg/detail/camera_recognition_objects__struct.h
[2.187s] -- Up-to-date: /home/alex/ros2_ws/install/webots_ros2_msgs/include/webots_ros2_msgs/webots_ros2_msgs/msg/detail/float_stamped__struct.h
[2.188s] -- Up-to-date: /home/alex/ros2_ws/install/webots_ros2_msgs/include/webots_ros2_msgs/webots_ros2_msgs/msg/detail/float_stamped__type_support.h
[2.188s] -- Up-to-date: /home/alex/ros2_ws/install/webots_ros2_msgs/include/webots_ros2_msgs/webots_ros2_msgs/msg/detail/string_stamped__functions.h
[2.188s] -- Up-to-date: /home/alex/ros2_ws/install/webots_ros2_msgs/include/webots_ros2_msgs/webots_ros2_msgs/msg/detail/string_stamped__struct.h
[2.188s] -- Up-to-date: /home/alex/ros2_ws/install/webots_ros2_msgs/include/webots_ros2_msgs/webots_ros2_msgs/msg/detail/camera_recognition_objects__functions.h
[2.188s] -- Up-to-date: /home/alex/ros2_ws/install/webots_ros2_msgs/include/webots_ros2_msgs/webots_ros2_msgs/msg/detail/pen_ink_properties__struct.h
[2.188s] -- Up-to-date: /home/alex/ros2_ws/install/webots_ros2_msgs/include/webots_ros2_msgs/webots_ros2_msgs/msg/detail/string_stamped__functions.c
[2.189s] -- Up-to-date: /home/alex/ros2_ws/install/webots_ros2_msgs/include/webots_ros2_msgs/webots_ros2_msgs/msg/detail/bool_stamped__type_support.h
[2.189s] -- Up-to-date: /home/alex/ros2_ws/install/webots_ros2_msgs/include/webots_ros2_msgs/webots_ros2_msgs/msg/detail/bool_stamped__functions.h
[2.189s] -- Up-to-date: /home/alex/ros2_ws/install/webots_ros2_msgs/include/webots_ros2_msgs/webots_ros2_msgs/msg/detail/camera_recognition_objects__type_support.h
[2.189s] -- Up-to-date: /home/alex/ros2_ws/install/webots_ros2_msgs/include/webots_ros2_msgs/webots_ros2_msgs/msg/detail/urdf_robot__functions.h
[2.190s] -- Up-to-date: /home/alex/ros2_ws/install/webots_ros2_msgs/include/webots_ros2_msgs/webots_ros2_msgs/msg/detail/camera_recognition_object__functions.h
[2.190s] -- Up-to-date: /home/alex/ros2_ws/install/webots_ros2_msgs/include/webots_ros2_msgs/webots_ros2_msgs/msg/detail/camera_recognition_objects__functions.c
[2.190s] -- Up-to-date: /home/alex/ros2_ws/install/webots_ros2_msgs/include/webots_ros2_msgs/webots_ros2_msgs/msg/detail/bool_stamped__struct.h
[2.190s] -- Up-to-date: /home/alex/ros2_ws/install/webots_ros2_msgs/include/webots_ros2_msgs/webots_ros2_msgs/msg/detail/camera_recognition_object__functions.c
[2.190s] -- Up-to-date: /home/alex/ros2_ws/install/webots_ros2_msgs/include/webots_ros2_msgs/webots_ros2_msgs/msg/detail/string_stamped__type_support.h
[2.190s] -- Up-to-date: /home/alex/ros2_ws/install/webots_ros2_msgs/include/webots_ros2_msgs/webots_ros2_msgs/msg/string_stamped.h
[2.190s] -- Up-to-date: /home/alex/ros2_ws/install/webots_ros2_msgs/include/webots_ros2_msgs/webots_ros2_msgs/msg/rosidl_generator_c__visibility_control.h
[2.191s] -- Up-to-date: /home/alex/ros2_ws/install/webots_ros2_msgs/include/webots_ros2_msgs/webots_ros2_msgs/msg/bool_stamped.h
[2.191s] -- Up-to-date: /home/alex/ros2_ws/install/webots_ros2_msgs/include/webots_ros2_msgs/webots_ros2_msgs/msg/camera_recognition_objects.h
[2.191s] -- Up-to-date: /home/alex/ros2_ws/install/webots_ros2_msgs/share/webots_ros2_msgs/environment/library_path.sh
[2.191s] -- Up-to-date: /home/alex/ros2_ws/install/webots_ros2_msgs/share/webots_ros2_msgs/environment/library_path.dsv
[2.191s] -- Up-to-date: /home/alex/ros2_ws/install/webots_ros2_msgs/lib/libwebots_ros2_msgs__rosidl_generator_c.so
[2.192s] -- Up-to-date: /home/alex/ros2_ws/install/webots_ros2_msgs/include/webots_ros2_msgs/webots_ros2_msgs
[2.192s] -- Up-to-date: /home/alex/ros2_ws/install/webots_ros2_msgs/include/webots_ros2_msgs/webots_ros2_msgs/srv
[2.192s] -- Up-to-date: /home/alex/ros2_ws/install/webots_ros2_msgs/include/webots_ros2_msgs/webots_ros2_msgs/srv/detail
[2.193s] -- Up-to-date: /home/alex/ros2_ws/install/webots_ros2_msgs/include/webots_ros2_msgs/webots_ros2_msgs/srv/detail/get_bool__rosidl_typesupport_fastrtps_c.h
[2.193s] -- Up-to-date: /home/alex/ros2_ws/install/webots_ros2_msgs/include/webots_ros2_msgs/webots_ros2_msgs/srv/detail/set_string__rosidl_typesupport_fastrtps_c.h
[2.193s] -- Up-to-date: /home/alex/ros2_ws/install/webots_ros2_msgs/include/webots_ros2_msgs/webots_ros2_msgs/srv/detail/emitter_send_string__rosidl_typesupport_fastrtps_c.h
[2.193s] -- Up-to-date: /home/alex/ros2_ws/install/webots_ros2_msgs/include/webots_ros2_msgs/webots_ros2_msgs/srv/detail/spawn_node_from_string__rosidl_typesupport_fastrtps_c.h
[2.193s] -- Up-to-date: /home/alex/ros2_ws/install/webots_ros2_msgs/include/webots_ros2_msgs/webots_ros2_msgs/srv/detail/spawn_urdf_robot__rosidl_typesupport_fastrtps_c.h
[2.194s] -- Up-to-date: /home/alex/ros2_ws/install/webots_ros2_msgs/include/webots_ros2_msgs/webots_ros2_msgs/msg
[2.194s] -- Up-to-date: /home/alex/ros2_ws/install/webots_ros2_msgs/include/webots_ros2_msgs/webots_ros2_msgs/msg/detail
[2.194s] -- Up-to-date: /home/alex/ros2_ws/install/webots_ros2_msgs/include/webots_ros2_msgs/webots_ros2_msgs/msg/detail/float_stamped__rosidl_typesupport_fastrtps_c.h
[2.194s] -- Up-to-date: /home/alex/ros2_ws/install/webots_ros2_msgs/include/webots_ros2_msgs/webots_ros2_msgs/msg/detail/camera_recognition_objects__rosidl_typesupport_fastrtps_c.h
[2.194s] -- Up-to-date: /home/alex/ros2_ws/install/webots_ros2_msgs/include/webots_ros2_msgs/webots_ros2_msgs/msg/detail/camera_recognition_object__rosidl_typesupport_fastrtps_c.h
[2.194s] -- Up-to-date: /home/alex/ros2_ws/install/webots_ros2_msgs/include/webots_ros2_msgs/webots_ros2_msgs/msg/detail/string_stamped__rosidl_typesupport_fastrtps_c.h
[2.194s] -- Up-to-date: /home/alex/ros2_ws/install/webots_ros2_msgs/include/webots_ros2_msgs/webots_ros2_msgs/msg/detail/urdf_robot__rosidl_typesupport_fastrtps_c.h
[2.194s] -- Up-to-date: /home/alex/ros2_ws/install/webots_ros2_msgs/include/webots_ros2_msgs/webots_ros2_msgs/msg/detail/pen_ink_properties__rosidl_typesupport_fastrtps_c.h
[2.194s] -- Up-to-date: /home/alex/ros2_ws/install/webots_ros2_msgs/include/webots_ros2_msgs/webots_ros2_msgs/msg/detail/bool_stamped__rosidl_typesupport_fastrtps_c.h
[2.194s] -- Up-to-date: /home/alex/ros2_ws/install/webots_ros2_msgs/include/webots_ros2_msgs/webots_ros2_msgs/msg/rosidl_typesupport_fastrtps_c__visibility_control.h
[2.195s] -- Up-to-date: /home/alex/ros2_ws/install/webots_ros2_msgs/lib/libwebots_ros2_msgs__rosidl_typesupport_fastrtps_c.so
[2.195s] -- Up-to-date: /home/alex/ros2_ws/install/webots_ros2_msgs/include/webots_ros2_msgs/webots_ros2_msgs
[2.195s] -- Up-to-date: /home/alex/ros2_ws/install/webots_ros2_msgs/include/webots_ros2_msgs/webots_ros2_msgs/srv
[2.195s] -- Up-to-date: /home/alex/ros2_ws/install/webots_ros2_msgs/include/webots_ros2_msgs/webots_ros2_msgs/srv/emitter_send_string.hpp
[2.195s] -- Up-to-date: /home/alex/ros2_ws/install/webots_ros2_msgs/include/webots_ros2_msgs/webots_ros2_msgs/srv/spawn_node_from_string.hpp
[2.196s] -- Up-to-date: /home/alex/ros2_ws/install/webots_ros2_msgs/include/webots_ros2_msgs/webots_ros2_msgs/srv/get_bool.hpp
[2.196s] -- Up-to-date: /home/alex/ros2_ws/install/webots_ros2_msgs/include/webots_ros2_msgs/webots_ros2_msgs/srv/spawn_urdf_robot.hpp
[2.196s] -- Up-to-date: /home/alex/ros2_ws/install/webots_ros2_msgs/include/webots_ros2_msgs/webots_ros2_msgs/srv/set_string.hpp
[2.196s] -- Up-to-date: /home/alex/ros2_ws/install/webots_ros2_msgs/include/webots_ros2_msgs/webots_ros2_msgs/srv/detail
[2.196s] -- Up-to-date: /home/alex/ros2_ws/install/webots_ros2_msgs/include/webots_ros2_msgs/webots_ros2_msgs/srv/detail/emitter_send_string__traits.hpp
[2.197s] -- Up-to-date: /home/alex/ros2_ws/install/webots_ros2_msgs/include/webots_ros2_msgs/webots_ros2_msgs/srv/detail/spawn_node_from_string__builder.hpp
[2.197s] -- Up-to-date: /home/alex/ros2_ws/install/webots_ros2_msgs/include/webots_ros2_msgs/webots_ros2_msgs/srv/detail/spawn_urdf_robot__builder.hpp
[2.197s] -- Up-to-date: /home/alex/ros2_ws/install/webots_ros2_msgs/include/webots_ros2_msgs/webots_ros2_msgs/srv/detail/spawn_urdf_robot__struct.hpp
[2.197s] -- Up-to-date: /home/alex/ros2_ws/install/webots_ros2_msgs/include/webots_ros2_msgs/webots_ros2_msgs/srv/detail/set_string__builder.hpp
[2.197s] -- Up-to-date: /home/alex/ros2_ws/install/webots_ros2_msgs/include/webots_ros2_msgs/webots_ros2_msgs/srv/detail/spawn_node_from_string__struct.hpp
[2.197s] -- Up-to-date: /home/alex/ros2_ws/install/webots_ros2_msgs/include/webots_ros2_msgs/webots_ros2_msgs/srv/detail/get_bool__builder.hpp
[2.197s] -- Up-to-date: /home/alex/ros2_ws/install/webots_ros2_msgs/include/webots_ros2_msgs/webots_ros2_msgs/srv/detail/emitter_send_string__builder.hpp
[2.197s] -- Up-to-date: /home/alex/ros2_ws/install/webots_ros2_msgs/include/webots_ros2_msgs/webots_ros2_msgs/srv/detail/set_string__struct.hpp
[2.208s] -- Up-to-date: /home/alex/ros2_ws/install/webots_ros2_msgs/include/webots_ros2_msgs/webots_ros2_msgs/srv/detail/get_bool__traits.hpp
[2.208s] -- Up-to-date: /home/alex/ros2_ws/install/webots_ros2_msgs/include/webots_ros2_msgs/webots_ros2_msgs/srv/detail/spawn_urdf_robot__traits.hpp
[2.208s] -- Up-to-date: /home/alex/ros2_ws/install/webots_ros2_msgs/include/webots_ros2_msgs/webots_ros2_msgs/srv/detail/spawn_node_from_string__traits.hpp
[2.208s] -- Up-to-date: /home/alex/ros2_ws/install/webots_ros2_msgs/include/webots_ros2_msgs/webots_ros2_msgs/srv/detail/set_string__traits.hpp
[2.208s] -- Up-to-date: /home/alex/ros2_ws/install/webots_ros2_msgs/include/webots_ros2_msgs/webots_ros2_msgs/srv/detail/get_bool__struct.hpp
[2.208s] -- Up-to-date: /home/alex/ros2_ws/install/webots_ros2_msgs/include/webots_ros2_msgs/webots_ros2_msgs/srv/detail/emitter_send_string__struct.hpp
[2.209s] -- Up-to-date: /home/alex/ros2_ws/install/webots_ros2_msgs/include/webots_ros2_msgs/webots_ros2_msgs/msg
[2.209s] -- Up-to-date: /home/alex/ros2_ws/install/webots_ros2_msgs/include/webots_ros2_msgs/webots_ros2_msgs/msg/bool_stamped.hpp
[2.209s] -- Up-to-date: /home/alex/ros2_ws/install/webots_ros2_msgs/include/webots_ros2_msgs/webots_ros2_msgs/msg/float_stamped.hpp
[2.209s] -- Up-to-date: /home/alex/ros2_ws/install/webots_ros2_msgs/include/webots_ros2_msgs/webots_ros2_msgs/msg/pen_ink_properties.hpp
[2.209s] -- Up-to-date: /home/alex/ros2_ws/install/webots_ros2_msgs/include/webots_ros2_msgs/webots_ros2_msgs/msg/detail
[2.209s] -- Up-to-date: /home/alex/ros2_ws/install/webots_ros2_msgs/include/webots_ros2_msgs/webots_ros2_msgs/msg/detail/string_stamped__builder.hpp
[2.210s] -- Up-to-date: /home/alex/ros2_ws/install/webots_ros2_msgs/include/webots_ros2_msgs/webots_ros2_msgs/msg/detail/urdf_robot__traits.hpp
[2.210s] -- Up-to-date: /home/alex/ros2_ws/install/webots_ros2_msgs/include/webots_ros2_msgs/webots_ros2_msgs/msg/detail/float_stamped__struct.hpp
[2.210s] -- Up-to-date: /home/alex/ros2_ws/install/webots_ros2_msgs/include/webots_ros2_msgs/webots_ros2_msgs/msg/detail/string_stamped__struct.hpp
[2.210s] -- Up-to-date: /home/alex/ros2_ws/install/webots_ros2_msgs/include/webots_ros2_msgs/webots_ros2_msgs/msg/detail/bool_stamped__traits.hpp
[2.211s] -- Up-to-date: /home/alex/ros2_ws/install/webots_ros2_msgs/include/webots_ros2_msgs/webots_ros2_msgs/msg/detail/camera_recognition_objects__builder.hpp
[2.211s] -- Up-to-date: /home/alex/ros2_ws/install/webots_ros2_msgs/include/webots_ros2_msgs/webots_ros2_msgs/msg/detail/bool_stamped__struct.hpp
[2.211s] -- Up-to-date: /home/alex/ros2_ws/install/webots_ros2_msgs/include/webots_ros2_msgs/webots_ros2_msgs/msg/detail/bool_stamped__builder.hpp
[2.211s] -- Up-to-date: /home/alex/ros2_ws/install/webots_ros2_msgs/include/webots_ros2_msgs/webots_ros2_msgs/msg/detail/camera_recognition_objects__traits.hpp
[2.211s] -- Up-to-date: /home/alex/ros2_ws/install/webots_ros2_msgs/include/webots_ros2_msgs/webots_ros2_msgs/msg/detail/pen_ink_properties__traits.hpp
[2.212s] -- Up-to-date: /home/alex/ros2_ws/install/webots_ros2_msgs/include/webots_ros2_msgs/webots_ros2_msgs/msg/detail/string_stamped__traits.hpp
[2.212s] -- Up-to-date: /home/alex/ros2_ws/install/webots_ros2_msgs/include/webots_ros2_msgs/webots_ros2_msgs/msg/detail/pen_ink_properties__struct.hpp
[2.212s] -- Up-to-date: /home/alex/ros2_ws/install/webots_ros2_msgs/include/webots_ros2_msgs/webots_ros2_msgs/msg/detail/float_stamped__traits.hpp
[2.213s] -- Up-to-date: /home/alex/ros2_ws/install/webots_ros2_msgs/include/webots_ros2_msgs/webots_ros2_msgs/msg/detail/camera_recognition_objects__struct.hpp
[2.213s] -- Up-to-date: /home/alex/ros2_ws/install/webots_ros2_msgs/include/webots_ros2_msgs/webots_ros2_msgs/msg/detail/camera_recognition_object__traits.hpp
[2.213s] -- Up-to-date: /home/alex/ros2_ws/install/webots_ros2_msgs/include/webots_ros2_msgs/webots_ros2_msgs/msg/detail/pen_ink_properties__builder.hpp
[2.213s] -- Up-to-date: /home/alex/ros2_ws/install/webots_ros2_msgs/include/webots_ros2_msgs/webots_ros2_msgs/msg/detail/urdf_robot__builder.hpp
[2.213s] -- Up-to-date: /home/alex/ros2_ws/install/webots_ros2_msgs/include/webots_ros2_msgs/webots_ros2_msgs/msg/detail/float_stamped__builder.hpp
[2.213s] -- Up-to-date: /home/alex/ros2_ws/install/webots_ros2_msgs/include/webots_ros2_msgs/webots_ros2_msgs/msg/detail/urdf_robot__struct.hpp
[2.213s] -- Up-to-date: /home/alex/ros2_ws/install/webots_ros2_msgs/include/webots_ros2_msgs/webots_ros2_msgs/msg/detail/camera_recognition_object__struct.hpp
[2.213s] -- Up-to-date: /home/alex/ros2_ws/install/webots_ros2_msgs/include/webots_ros2_msgs/webots_ros2_msgs/msg/detail/camera_recognition_object__builder.hpp
[2.213s] -- Up-to-date: /home/alex/ros2_ws/install/webots_ros2_msgs/include/webots_ros2_msgs/webots_ros2_msgs/msg/camera_recognition_objects.hpp
[2.213s] -- Up-to-date: /home/alex/ros2_ws/install/webots_ros2_msgs/include/webots_ros2_msgs/webots_ros2_msgs/msg/camera_recognition_object.hpp
[2.214s] -- Up-to-date: /home/alex/ros2_ws/install/webots_ros2_msgs/include/webots_ros2_msgs/webots_ros2_msgs/msg/urdf_robot.hpp
[2.214s] -- Up-to-date: /home/alex/ros2_ws/install/webots_ros2_msgs/include/webots_ros2_msgs/webots_ros2_msgs/msg/string_stamped.hpp
[2.214s] -- Up-to-date: /home/alex/ros2_ws/install/webots_ros2_msgs/include/webots_ros2_msgs/webots_ros2_msgs
[2.214s] -- Up-to-date: /home/alex/ros2_ws/install/webots_ros2_msgs/include/webots_ros2_msgs/webots_ros2_msgs/srv
[2.214s] -- Up-to-date: /home/alex/ros2_ws/install/webots_ros2_msgs/include/webots_ros2_msgs/webots_ros2_msgs/srv/detail
[2.214s] -- Up-to-date: /home/alex/ros2_ws/install/webots_ros2_msgs/include/webots_ros2_msgs/webots_ros2_msgs/srv/detail/dds_fastrtps
[2.214s] -- Up-to-date: /home/alex/ros2_ws/install/webots_ros2_msgs/include/webots_ros2_msgs/webots_ros2_msgs/srv/detail/set_string__rosidl_typesupport_fastrtps_cpp.hpp
[2.215s] -- Up-to-date: /home/alex/ros2_ws/install/webots_ros2_msgs/include/webots_ros2_msgs/webots_ros2_msgs/srv/detail/get_bool__rosidl_typesupport_fastrtps_cpp.hpp
[2.215s] -- Up-to-date: /home/alex/ros2_ws/install/webots_ros2_msgs/include/webots_ros2_msgs/webots_ros2_msgs/srv/detail/spawn_node_from_string__rosidl_typesupport_fastrtps_cpp.hpp
[2.215s] -- Up-to-date: /home/alex/ros2_ws/install/webots_ros2_msgs/include/webots_ros2_msgs/webots_ros2_msgs/srv/detail/emitter_send_string__rosidl_typesupport_fastrtps_cpp.hpp
[2.215s] -- Up-to-date: /home/alex/ros2_ws/install/webots_ros2_msgs/include/webots_ros2_msgs/webots_ros2_msgs/srv/detail/spawn_urdf_robot__rosidl_typesupport_fastrtps_cpp.hpp
[2.215s] -- Up-to-date: /home/alex/ros2_ws/install/webots_ros2_msgs/include/webots_ros2_msgs/webots_ros2_msgs/msg
[2.215s] -- Up-to-date: /home/alex/ros2_ws/install/webots_ros2_msgs/include/webots_ros2_msgs/webots_ros2_msgs/msg/rosidl_typesupport_fastrtps_cpp__visibility_control.h
[2.216s] -- Up-to-date: /home/alex/ros2_ws/install/webots_ros2_msgs/include/webots_ros2_msgs/webots_ros2_msgs/msg/detail
[2.216s] -- Up-to-date: /home/alex/ros2_ws/install/webots_ros2_msgs/include/webots_ros2_msgs/webots_ros2_msgs/msg/detail/dds_fastrtps
[2.216s] -- Up-to-date: /home/alex/ros2_ws/install/webots_ros2_msgs/include/webots_ros2_msgs/webots_ros2_msgs/msg/detail/bool_stamped__rosidl_typesupport_fastrtps_cpp.hpp
[2.217s] -- Up-to-date: /home/alex/ros2_ws/install/webots_ros2_msgs/include/webots_ros2_msgs/webots_ros2_msgs/msg/detail/urdf_robot__rosidl_typesupport_fastrtps_cpp.hpp
[2.217s] -- Up-to-date: /home/alex/ros2_ws/install/webots_ros2_msgs/include/webots_ros2_msgs/webots_ros2_msgs/msg/detail/camera_recognition_object__rosidl_typesupport_fastrtps_cpp.hpp
[2.217s] -- Up-to-date: /home/alex/ros2_ws/install/webots_ros2_msgs/include/webots_ros2_msgs/webots_ros2_msgs/msg/detail/pen_ink_properties__rosidl_typesupport_fastrtps_cpp.hpp
[2.217s] -- Up-to-date: /home/alex/ros2_ws/install/webots_ros2_msgs/include/webots_ros2_msgs/webots_ros2_msgs/msg/detail/float_stamped__rosidl_typesupport_fastrtps_cpp.hpp
[2.217s] -- Up-to-date: /home/alex/ros2_ws/install/webots_ros2_msgs/include/webots_ros2_msgs/webots_ros2_msgs/msg/detail/string_stamped__rosidl_typesupport_fastrtps_cpp.hpp
[2.218s] -- Up-to-date: /home/alex/ros2_ws/install/webots_ros2_msgs/include/webots_ros2_msgs/webots_ros2_msgs/msg/detail/camera_recognition_objects__rosidl_typesupport_fastrtps_cpp.hpp
[2.218s] -- Up-to-date: /home/alex/ros2_ws/install/webots_ros2_msgs/lib/libwebots_ros2_msgs__rosidl_typesupport_fastrtps_cpp.so
[2.220s] -- Up-to-date: /home/alex/ros2_ws/install/webots_ros2_msgs/include/webots_ros2_msgs/webots_ros2_msgs
[2.220s] -- Up-to-date: /home/alex/ros2_ws/install/webots_ros2_msgs/include/webots_ros2_msgs/webots_ros2_msgs/srv
[2.220s] -- Up-to-date: /home/alex/ros2_ws/install/webots_ros2_msgs/include/webots_ros2_msgs/webots_ros2_msgs/srv/detail
[2.221s] -- Up-to-date: /home/alex/ros2_ws/install/webots_ros2_msgs/include/webots_ros2_msgs/webots_ros2_msgs/srv/detail/emitter_send_string__type_support.c
[2.221s] -- Up-to-date: /home/alex/ros2_ws/install/webots_ros2_msgs/include/webots_ros2_msgs/webots_ros2_msgs/srv/detail/spawn_urdf_robot__type_support.c
[2.221s] -- Up-to-date: /home/alex/ros2_ws/install/webots_ros2_msgs/include/webots_ros2_msgs/webots_ros2_msgs/srv/detail/set_string__rosidl_typesupport_introspection_c.h
[2.221s] -- Up-to-date: /home/alex/ros2_ws/install/webots_ros2_msgs/include/webots_ros2_msgs/webots_ros2_msgs/srv/detail/spawn_node_from_string__rosidl_typesupport_introspection_c.h
[2.221s] -- Up-to-date: /home/alex/ros2_ws/install/webots_ros2_msgs/include/webots_ros2_msgs/webots_ros2_msgs/srv/detail/set_string__type_support.c
[2.222s] -- Up-to-date: /home/alex/ros2_ws/install/webots_ros2_msgs/include/webots_ros2_msgs/webots_ros2_msgs/srv/detail/spawn_urdf_robot__rosidl_typesupport_introspection_c.h
[2.222s] -- Up-to-date: /home/alex/ros2_ws/install/webots_ros2_msgs/include/webots_ros2_msgs/webots_ros2_msgs/srv/detail/spawn_node_from_string__type_support.c
[2.222s] -- Up-to-date: /home/alex/ros2_ws/install/webots_ros2_msgs/include/webots_ros2_msgs/webots_ros2_msgs/srv/detail/get_bool__type_support.c
[2.222s] -- Up-to-date: /home/alex/ros2_ws/install/webots_ros2_msgs/include/webots_ros2_msgs/webots_ros2_msgs/srv/detail/emitter_send_string__rosidl_typesupport_introspection_c.h
[2.223s] -- Up-to-date: /home/alex/ros2_ws/install/webots_ros2_msgs/include/webots_ros2_msgs/webots_ros2_msgs/srv/detail/get_bool__rosidl_typesupport_introspection_c.h
[2.223s] -- Up-to-date: /home/alex/ros2_ws/install/webots_ros2_msgs/include/webots_ros2_msgs/webots_ros2_msgs/msg
[2.223s] -- Up-to-date: /home/alex/ros2_ws/install/webots_ros2_msgs/include/webots_ros2_msgs/webots_ros2_msgs/msg/rosidl_typesupport_introspection_c__visibility_control.h
[2.223s] -- Up-to-date: /home/alex/ros2_ws/install/webots_ros2_msgs/include/webots_ros2_msgs/webots_ros2_msgs/msg/detail
[2.225s] -- Up-to-date: /home/alex/ros2_ws/install/webots_ros2_msgs/include/webots_ros2_msgs/webots_ros2_msgs/msg/detail/urdf_robot__rosidl_typesupport_introspection_c.h
[2.225s] -- Up-to-date: /home/alex/ros2_ws/install/webots_ros2_msgs/include/webots_ros2_msgs/webots_ros2_msgs/msg/detail/camera_recognition_objects__rosidl_typesupport_introspection_c.h
[2.226s] -- Up-to-date: /home/alex/ros2_ws/install/webots_ros2_msgs/include/webots_ros2_msgs/webots_ros2_msgs/msg/detail/float_stamped__type_support.c
[2.226s] -- Up-to-date: /home/alex/ros2_ws/install/webots_ros2_msgs/include/webots_ros2_msgs/webots_ros2_msgs/msg/detail/pen_ink_properties__rosidl_typesupport_introspection_c.h
[2.226s] -- Up-to-date: /home/alex/ros2_ws/install/webots_ros2_msgs/include/webots_ros2_msgs/webots_ros2_msgs/msg/detail/float_stamped__rosidl_typesupport_introspection_c.h
[2.227s] -- Up-to-date: /home/alex/ros2_ws/install/webots_ros2_msgs/include/webots_ros2_msgs/webots_ros2_msgs/msg/detail/urdf_robot__type_support.c
[2.227s] -- Up-to-date: /home/alex/ros2_ws/install/webots_ros2_msgs/include/webots_ros2_msgs/webots_ros2_msgs/msg/detail/bool_stamped__rosidl_typesupport_introspection_c.h
[2.227s] -- Up-to-date: /home/alex/ros2_ws/install/webots_ros2_msgs/include/webots_ros2_msgs/webots_ros2_msgs/msg/detail/pen_ink_properties__type_support.c
[2.227s] -- Up-to-date: /home/alex/ros2_ws/install/webots_ros2_msgs/include/webots_ros2_msgs/webots_ros2_msgs/msg/detail/bool_stamped__type_support.c
[2.228s] -- Up-to-date: /home/alex/ros2_ws/install/webots_ros2_msgs/include/webots_ros2_msgs/webots_ros2_msgs/msg/detail/camera_recognition_objects__type_support.c
[2.228s] -- Up-to-date: /home/alex/ros2_ws/install/webots_ros2_msgs/include/webots_ros2_msgs/webots_ros2_msgs/msg/detail/camera_recognition_object__type_support.c
[2.228s] -- Up-to-date: /home/alex/ros2_ws/install/webots_ros2_msgs/include/webots_ros2_msgs/webots_ros2_msgs/msg/detail/string_stamped__type_support.c
[2.228s] -- Up-to-date: /home/alex/ros2_ws/install/webots_ros2_msgs/include/webots_ros2_msgs/webots_ros2_msgs/msg/detail/string_stamped__rosidl_typesupport_introspection_c.h
[2.228s] -- Up-to-date: /home/alex/ros2_ws/install/webots_ros2_msgs/include/webots_ros2_msgs/webots_ros2_msgs/msg/detail/camera_recognition_object__rosidl_typesupport_introspection_c.h
[2.229s] -- Up-to-date: /home/alex/ros2_ws/install/webots_ros2_msgs/lib/libwebots_ros2_msgs__rosidl_typesupport_introspection_c.so
[2.231s] -- Up-to-date: /home/alex/ros2_ws/install/webots_ros2_msgs/lib/libwebots_ros2_msgs__rosidl_typesupport_c.so
[2.232s] -- Up-to-date: /home/alex/ros2_ws/install/webots_ros2_msgs/include/webots_ros2_msgs/webots_ros2_msgs
[2.232s] -- Up-to-date: /home/alex/ros2_ws/install/webots_ros2_msgs/include/webots_ros2_msgs/webots_ros2_msgs/srv
[2.232s] -- Up-to-date: /home/alex/ros2_ws/install/webots_ros2_msgs/include/webots_ros2_msgs/webots_ros2_msgs/srv/detail
[2.232s] -- Up-to-date: /home/alex/ros2_ws/install/webots_ros2_msgs/include/webots_ros2_msgs/webots_ros2_msgs/srv/detail/spawn_node_from_string__rosidl_typesupport_introspection_cpp.hpp
[2.232s] -- Up-to-date: /home/alex/ros2_ws/install/webots_ros2_msgs/include/webots_ros2_msgs/webots_ros2_msgs/srv/detail/spawn_urdf_robot__rosidl_typesupport_introspection_cpp.hpp
[2.232s] -- Up-to-date: /home/alex/ros2_ws/install/webots_ros2_msgs/include/webots_ros2_msgs/webots_ros2_msgs/srv/detail/emitter_send_string__rosidl_typesupport_introspection_cpp.hpp
[2.232s] -- Up-to-date: /home/alex/ros2_ws/install/webots_ros2_msgs/include/webots_ros2_msgs/webots_ros2_msgs/srv/detail/set_string__rosidl_typesupport_introspection_cpp.hpp
[2.232s] -- Up-to-date: /home/alex/ros2_ws/install/webots_ros2_msgs/include/webots_ros2_msgs/webots_ros2_msgs/srv/detail/get_bool__type_support.cpp
[2.232s] -- Up-to-date: /home/alex/ros2_ws/install/webots_ros2_msgs/include/webots_ros2_msgs/webots_ros2_msgs/srv/detail/set_string__type_support.cpp
[2.233s] -- Up-to-date: /home/alex/ros2_ws/install/webots_ros2_msgs/include/webots_ros2_msgs/webots_ros2_msgs/srv/detail/spawn_urdf_robot__type_support.cpp
[2.233s] -- Up-to-date: /home/alex/ros2_ws/install/webots_ros2_msgs/include/webots_ros2_msgs/webots_ros2_msgs/srv/detail/get_bool__rosidl_typesupport_introspection_cpp.hpp
[2.233s] -- Up-to-date: /home/alex/ros2_ws/install/webots_ros2_msgs/include/webots_ros2_msgs/webots_ros2_msgs/srv/detail/spawn_node_from_string__type_support.cpp
[2.233s] -- Up-to-date: /home/alex/ros2_ws/install/webots_ros2_msgs/include/webots_ros2_msgs/webots_ros2_msgs/srv/detail/emitter_send_string__type_support.cpp
[2.233s] -- Up-to-date: /home/alex/ros2_ws/install/webots_ros2_msgs/include/webots_ros2_msgs/webots_ros2_msgs/msg
[2.233s] -- Up-to-date: /home/alex/ros2_ws/install/webots_ros2_msgs/include/webots_ros2_msgs/webots_ros2_msgs/msg/detail
[2.233s] -- Up-to-date: /home/alex/ros2_ws/install/webots_ros2_msgs/include/webots_ros2_msgs/webots_ros2_msgs/msg/detail/camera_recognition_objects__rosidl_typesupport_introspection_cpp.hpp
[2.234s] -- Up-to-date: /home/alex/ros2_ws/install/webots_ros2_msgs/include/webots_ros2_msgs/webots_ros2_msgs/msg/detail/bool_stamped__type_support.cpp
[2.234s] -- Up-to-date: /home/alex/ros2_ws/install/webots_ros2_msgs/include/webots_ros2_msgs/webots_ros2_msgs/msg/detail/camera_recognition_object__type_support.cpp
[2.234s] -- Up-to-date: /home/alex/ros2_ws/install/webots_ros2_msgs/include/webots_ros2_msgs/webots_ros2_msgs/msg/detail/pen_ink_properties__type_support.cpp
[2.234s] -- Up-to-date: /home/alex/ros2_ws/install/webots_ros2_msgs/include/webots_ros2_msgs/webots_ros2_msgs/msg/detail/float_stamped__type_support.cpp
[2.235s] -- Up-to-date: /home/alex/ros2_ws/install/webots_ros2_msgs/include/webots_ros2_msgs/webots_ros2_msgs/msg/detail/pen_ink_properties__rosidl_typesupport_introspection_cpp.hpp
[2.235s] -- Up-to-date: /home/alex/ros2_ws/install/webots_ros2_msgs/include/webots_ros2_msgs/webots_ros2_msgs/msg/detail/camera_recognition_object__rosidl_typesupport_introspection_cpp.hpp
[2.235s] -- Up-to-date: /home/alex/ros2_ws/install/webots_ros2_msgs/include/webots_ros2_msgs/webots_ros2_msgs/msg/detail/camera_recognition_objects__type_support.cpp
[2.235s] -- Up-to-date: /home/alex/ros2_ws/install/webots_ros2_msgs/include/webots_ros2_msgs/webots_ros2_msgs/msg/detail/urdf_robot__type_support.cpp
[2.235s] -- Up-to-date: /home/alex/ros2_ws/install/webots_ros2_msgs/include/webots_ros2_msgs/webots_ros2_msgs/msg/detail/float_stamped__rosidl_typesupport_introspection_cpp.hpp
[2.236s] -- Up-to-date: /home/alex/ros2_ws/install/webots_ros2_msgs/include/webots_ros2_msgs/webots_ros2_msgs/msg/detail/bool_stamped__rosidl_typesupport_introspection_cpp.hpp
[2.236s] -- Up-to-date: /home/alex/ros2_ws/install/webots_ros2_msgs/include/webots_ros2_msgs/webots_ros2_msgs/msg/detail/urdf_robot__rosidl_typesupport_introspection_cpp.hpp
[2.236s] -- Up-to-date: /home/alex/ros2_ws/install/webots_ros2_msgs/include/webots_ros2_msgs/webots_ros2_msgs/msg/detail/string_stamped__rosidl_typesupport_introspection_cpp.hpp
[2.237s] -- Up-to-date: /home/alex/ros2_ws/install/webots_ros2_msgs/include/webots_ros2_msgs/webots_ros2_msgs/msg/detail/string_stamped__type_support.cpp
[2.237s] -- Up-to-date: /home/alex/ros2_ws/install/webots_ros2_msgs/lib/libwebots_ros2_msgs__rosidl_typesupport_introspection_cpp.so
[2.238s] -- Up-to-date: /home/alex/ros2_ws/install/webots_ros2_msgs/lib/libwebots_ros2_msgs__rosidl_typesupport_cpp.so
[2.238s] -- Up-to-date: /home/alex/ros2_ws/install/webots_ros2_msgs/share/webots_ros2_msgs/environment/pythonpath.sh
[2.238s] -- Up-to-date: /home/alex/ros2_ws/install/webots_ros2_msgs/share/webots_ros2_msgs/environment/pythonpath.dsv
[2.238s] -- Up-to-date: /home/alex/ros2_ws/install/webots_ros2_msgs/local/lib/python3.10/dist-packages/webots_ros2_msgs-2023.1.1-py3.10.egg-info
[2.240s] -- Installing: /home/alex/ros2_ws/install/webots_ros2_msgs/local/lib/python3.10/dist-packages/webots_ros2_msgs-2023.1.1-py3.10.egg-info/dependency_links.txt
[2.242s] -- Installing: /home/alex/ros2_ws/install/webots_ros2_msgs/local/lib/python3.10/dist-packages/webots_ros2_msgs-2023.1.1-py3.10.egg-info/SOURCES.txt
[2.243s] -- Installing: /home/alex/ros2_ws/install/webots_ros2_msgs/local/lib/python3.10/dist-packages/webots_ros2_msgs-2023.1.1-py3.10.egg-info/top_level.txt
[2.245s] -- Installing: /home/alex/ros2_ws/install/webots_ros2_msgs/local/lib/python3.10/dist-packages/webots_ros2_msgs-2023.1.1-py3.10.egg-info/PKG-INFO
[2.248s] -- Up-to-date: /home/alex/ros2_ws/install/webots_ros2_msgs/local/lib/python3.10/dist-packages/webots_ros2_msgs
[2.249s] -- Up-to-date: /home/alex/ros2_ws/install/webots_ros2_msgs/local/lib/python3.10/dist-packages/webots_ros2_msgs/webots_ros2_msgs_s__rosidl_typesupport_fastrtps_c.cpython-310-x86_64-linux-gnu.so
[2.249s] -- Up-to-date: /home/alex/ros2_ws/install/webots_ros2_msgs/local/lib/python3.10/dist-packages/webots_ros2_msgs/libwebots_ros2_msgs__rosidl_generator_py.so
[2.249s] -- Up-to-date: /home/alex/ros2_ws/install/webots_ros2_msgs/local/lib/python3.10/dist-packages/webots_ros2_msgs/webots_ros2_msgs_s__rosidl_typesupport_introspection_c.cpython-310-x86_64-linux-gnu.so
[2.249s] -- Up-to-date: /home/alex/ros2_ws/install/webots_ros2_msgs/local/lib/python3.10/dist-packages/webots_ros2_msgs/srv
[2.249s] -- Up-to-date: /home/alex/ros2_ws/install/webots_ros2_msgs/local/lib/python3.10/dist-packages/webots_ros2_msgs/srv/_set_string.py
[2.250s] -- Up-to-date: /home/alex/ros2_ws/install/webots_ros2_msgs/local/lib/python3.10/dist-packages/webots_ros2_msgs/srv/_get_bool_s.c
[2.250s] -- Up-to-date: /home/alex/ros2_ws/install/webots_ros2_msgs/local/lib/python3.10/dist-packages/webots_ros2_msgs/srv/_get_bool.py
[2.251s] -- Up-to-date: /home/alex/ros2_ws/install/webots_ros2_msgs/local/lib/python3.10/dist-packages/webots_ros2_msgs/srv/_spawn_urdf_robot.py
[2.252s] -- Up-to-date: /home/alex/ros2_ws/install/webots_ros2_msgs/local/lib/python3.10/dist-packages/webots_ros2_msgs/srv/_spawn_urdf_robot_s.c
[2.252s] -- Up-to-date: /home/alex/ros2_ws/install/webots_ros2_msgs/local/lib/python3.10/dist-packages/webots_ros2_msgs/srv/_spawn_node_from_string.py
[2.252s] -- Up-to-date: /home/alex/ros2_ws/install/webots_ros2_msgs/local/lib/python3.10/dist-packages/webots_ros2_msgs/srv/_emitter_send_string.py
[2.253s] -- Up-to-date: /home/alex/ros2_ws/install/webots_ros2_msgs/local/lib/python3.10/dist-packages/webots_ros2_msgs/srv/_set_string_s.c
[2.253s] -- Up-to-date: /home/alex/ros2_ws/install/webots_ros2_msgs/local/lib/python3.10/dist-packages/webots_ros2_msgs/srv/_spawn_node_from_string_s.c
[2.253s] -- Up-to-date: /home/alex/ros2_ws/install/webots_ros2_msgs/local/lib/python3.10/dist-packages/webots_ros2_msgs/srv/__init__.py
[2.253s] -- Up-to-date: /home/alex/ros2_ws/install/webots_ros2_msgs/local/lib/python3.10/dist-packages/webots_ros2_msgs/srv/_emitter_send_string_s.c
[2.254s] -- Up-to-date: /home/alex/ros2_ws/install/webots_ros2_msgs/local/lib/python3.10/dist-packages/webots_ros2_msgs/msg
[2.254s] -- Up-to-date: /home/alex/ros2_ws/install/webots_ros2_msgs/local/lib/python3.10/dist-packages/webots_ros2_msgs/msg/_camera_recognition_object_s.c
[2.254s] -- Up-to-date: /home/alex/ros2_ws/install/webots_ros2_msgs/local/lib/python3.10/dist-packages/webots_ros2_msgs/msg/_urdf_robot_s.c
[2.254s] -- Up-to-date: /home/alex/ros2_ws/install/webots_ros2_msgs/local/lib/python3.10/dist-packages/webots_ros2_msgs/msg/_pen_ink_properties_s.c
[2.255s] -- Up-to-date: /home/alex/ros2_ws/install/webots_ros2_msgs/local/lib/python3.10/dist-packages/webots_ros2_msgs/msg/_pen_ink_properties.py
[2.255s] -- Up-to-date: /home/alex/ros2_ws/install/webots_ros2_msgs/local/lib/python3.10/dist-packages/webots_ros2_msgs/msg/_float_stamped.py
[2.255s] -- Up-to-date: /home/alex/ros2_ws/install/webots_ros2_msgs/local/lib/python3.10/dist-packages/webots_ros2_msgs/msg/_bool_stamped.py
[2.255s] -- Up-to-date: /home/alex/ros2_ws/install/webots_ros2_msgs/local/lib/python3.10/dist-packages/webots_ros2_msgs/msg/_camera_recognition_object.py
[2.256s] -- Up-to-date: /home/alex/ros2_ws/install/webots_ros2_msgs/local/lib/python3.10/dist-packages/webots_ros2_msgs/msg/_bool_stamped_s.c
[2.256s] -- Up-to-date: /home/alex/ros2_ws/install/webots_ros2_msgs/local/lib/python3.10/dist-packages/webots_ros2_msgs/msg/_string_stamped.py
[2.256s] -- Up-to-date: /home/alex/ros2_ws/install/webots_ros2_msgs/local/lib/python3.10/dist-packages/webots_ros2_msgs/msg/_urdf_robot.py
[2.256s] -- Up-to-date: /home/alex/ros2_ws/install/webots_ros2_msgs/local/lib/python3.10/dist-packages/webots_ros2_msgs/msg/_string_stamped_s.c
[2.257s] -- Up-to-date: /home/alex/ros2_ws/install/webots_ros2_msgs/local/lib/python3.10/dist-packages/webots_ros2_msgs/msg/_float_stamped_s.c
[2.257s] -- Up-to-date: /home/alex/ros2_ws/install/webots_ros2_msgs/local/lib/python3.10/dist-packages/webots_ros2_msgs/msg/_camera_recognition_objects.py
[2.257s] -- Up-to-date: /home/alex/ros2_ws/install/webots_ros2_msgs/local/lib/python3.10/dist-packages/webots_ros2_msgs/msg/__init__.py
[2.257s] -- Up-to-date: /home/alex/ros2_ws/install/webots_ros2_msgs/local/lib/python3.10/dist-packages/webots_ros2_msgs/msg/_camera_recognition_objects_s.c
[2.258s] -- Up-to-date: /home/alex/ros2_ws/install/webots_ros2_msgs/local/lib/python3.10/dist-packages/webots_ros2_msgs/_webots_ros2_msgs_s.ep.rosidl_typesupport_introspection_c.c
[2.258s] -- Up-to-date: /home/alex/ros2_ws/install/webots_ros2_msgs/local/lib/python3.10/dist-packages/webots_ros2_msgs/webots_ros2_msgs_s__rosidl_typesupport_c.cpython-310-x86_64-linux-gnu.so
[2.258s] -- Up-to-date: /home/alex/ros2_ws/install/webots_ros2_msgs/local/lib/python3.10/dist-packages/webots_ros2_msgs/_webots_ros2_msgs_s.ep.rosidl_typesupport_fastrtps_c.c
[2.258s] -- Up-to-date: /home/alex/ros2_ws/install/webots_ros2_msgs/local/lib/python3.10/dist-packages/webots_ros2_msgs/_webots_ros2_msgs_s.ep.rosidl_typesupport_c.c
[2.258s] -- Up-to-date: /home/alex/ros2_ws/install/webots_ros2_msgs/local/lib/python3.10/dist-packages/webots_ros2_msgs/__init__.py
[2.265s] Listing '/home/alex/ros2_ws/install/webots_ros2_msgs/local/lib/python3.10/dist-packages/webots_ros2_msgs'...
[2.265s] Listing '/home/alex/ros2_ws/install/webots_ros2_msgs/local/lib/python3.10/dist-packages/webots_ros2_msgs/msg'...
[2.265s] Listing '/home/alex/ros2_ws/install/webots_ros2_msgs/local/lib/python3.10/dist-packages/webots_ros2_msgs/srv'...
[2.286s] -- Up-to-date: /home/alex/ros2_ws/install/webots_ros2_msgs/local/lib/python3.10/dist-packages/webots_ros2_msgs/webots_ros2_msgs_s__rosidl_typesupport_fastrtps_c.cpython-310-x86_64-linux-gnu.so
[2.288s] -- Up-to-date: /home/alex/ros2_ws/install/webots_ros2_msgs/local/lib/python3.10/dist-packages/webots_ros2_msgs/webots_ros2_msgs_s__rosidl_typesupport_introspection_c.cpython-310-x86_64-linux-gnu.so
[2.289s] -- Up-to-date: /home/alex/ros2_ws/install/webots_ros2_msgs/local/lib/python3.10/dist-packages/webots_ros2_msgs/webots_ros2_msgs_s__rosidl_typesupport_c.cpython-310-x86_64-linux-gnu.so
[2.291s] -- Up-to-date: /home/alex/ros2_ws/install/webots_ros2_msgs/lib/libwebots_ros2_msgs__rosidl_generator_py.so
[2.291s] -- Up-to-date: /home/alex/ros2_ws/install/webots_ros2_msgs/share/webots_ros2_msgs/msg/BoolStamped.idl
[2.292s] -- Up-to-date: /home/alex/ros2_ws/install/webots_ros2_msgs/share/webots_ros2_msgs/msg/FloatStamped.idl
[2.292s] -- Up-to-date: /home/alex/ros2_ws/install/webots_ros2_msgs/share/webots_ros2_msgs/msg/StringStamped.idl
[2.292s] -- Up-to-date: /home/alex/ros2_ws/install/webots_ros2_msgs/share/webots_ros2_msgs/msg/CameraRecognitionObject.idl
[2.293s] -- Up-to-date: /home/alex/ros2_ws/install/webots_ros2_msgs/share/webots_ros2_msgs/msg/CameraRecognitionObjects.idl
[2.293s] -- Up-to-date: /home/alex/ros2_ws/install/webots_ros2_msgs/share/webots_ros2_msgs/msg/UrdfRobot.idl
[2.293s] -- Up-to-date: /home/alex/ros2_ws/install/webots_ros2_msgs/share/webots_ros2_msgs/msg/PenInkProperties.idl
[2.293s] -- Up-to-date: /home/alex/ros2_ws/install/webots_ros2_msgs/share/webots_ros2_msgs/srv/EmitterSendString.idl
[2.293s] -- Up-to-date: /home/alex/ros2_ws/install/webots_ros2_msgs/share/webots_ros2_msgs/srv/GetBool.idl
[2.294s] -- Up-to-date: /home/alex/ros2_ws/install/webots_ros2_msgs/share/webots_ros2_msgs/srv/SetString.idl
[2.294s] -- Up-to-date: /home/alex/ros2_ws/install/webots_ros2_msgs/share/webots_ros2_msgs/srv/SpawnNodeFromString.idl
[2.294s] -- Up-to-date: /home/alex/ros2_ws/install/webots_ros2_msgs/share/webots_ros2_msgs/srv/SpawnUrdfRobot.idl
[2.294s] -- Up-to-date: /home/alex/ros2_ws/install/webots_ros2_msgs/share/webots_ros2_msgs/msg/BoolStamped.msg
[2.295s] -- Up-to-date: /home/alex/ros2_ws/install/webots_ros2_msgs/share/webots_ros2_msgs/msg/FloatStamped.msg
[2.295s] -- Up-to-date: /home/alex/ros2_ws/install/webots_ros2_msgs/share/webots_ros2_msgs/msg/StringStamped.msg
[2.295s] -- Up-to-date: /home/alex/ros2_ws/install/webots_ros2_msgs/share/webots_ros2_msgs/msg/CameraRecognitionObject.msg
[2.295s] -- Up-to-date: /home/alex/ros2_ws/install/webots_ros2_msgs/share/webots_ros2_msgs/msg/CameraRecognitionObjects.msg
[2.296s] -- Up-to-date: /home/alex/ros2_ws/install/webots_ros2_msgs/share/webots_ros2_msgs/msg/UrdfRobot.msg
[2.296s] -- Up-to-date: /home/alex/ros2_ws/install/webots_ros2_msgs/share/webots_ros2_msgs/msg/PenInkProperties.msg
[2.296s] -- Up-to-date: /home/alex/ros2_ws/install/webots_ros2_msgs/share/webots_ros2_msgs/srv/EmitterSendString.srv
[2.296s] -- Up-to-date: /home/alex/ros2_ws/install/webots_ros2_msgs/share/webots_ros2_msgs/srv/EmitterSendString_Request.msg
[2.296s] -- Up-to-date: /home/alex/ros2_ws/install/webots_ros2_msgs/share/webots_ros2_msgs/srv/EmitterSendString_Response.msg
[2.297s] -- Up-to-date: /home/alex/ros2_ws/install/webots_ros2_msgs/share/webots_ros2_msgs/srv/GetBool.srv
[2.297s] -- Up-to-date: /home/alex/ros2_ws/install/webots_ros2_msgs/share/webots_ros2_msgs/srv/GetBool_Request.msg
[2.297s] -- Up-to-date: /home/alex/ros2_ws/install/webots_ros2_msgs/share/webots_ros2_msgs/srv/GetBool_Response.msg
[2.297s] -- Up-to-date: /home/alex/ros2_ws/install/webots_ros2_msgs/share/webots_ros2_msgs/srv/SetString.srv
[2.297s] -- Up-to-date: /home/alex/ros2_ws/install/webots_ros2_msgs/share/webots_ros2_msgs/srv/SetString_Request.msg
[2.297s] -- Up-to-date: /home/alex/ros2_ws/install/webots_ros2_msgs/share/webots_ros2_msgs/srv/SetString_Response.msg
[2.297s] -- Up-to-date: /home/alex/ros2_ws/install/webots_ros2_msgs/share/webots_ros2_msgs/srv/SpawnNodeFromString.srv
[2.297s] -- Up-to-date: /home/alex/ros2_ws/install/webots_ros2_msgs/share/webots_ros2_msgs/srv/SpawnNodeFromString_Request.msg
[2.297s] -- Up-to-date: /home/alex/ros2_ws/install/webots_ros2_msgs/share/webots_ros2_msgs/srv/SpawnNodeFromString_Response.msg
[2.297s] -- Up-to-date: /home/alex/ros2_ws/install/webots_ros2_msgs/share/webots_ros2_msgs/srv/SpawnUrdfRobot.srv
[2.297s] -- Up-to-date: /home/alex/ros2_ws/install/webots_ros2_msgs/share/webots_ros2_msgs/srv/SpawnUrdfRobot_Request.msg
[2.297s] -- Up-to-date: /home/alex/ros2_ws/install/webots_ros2_msgs/share/webots_ros2_msgs/srv/SpawnUrdfRobot_Response.msg
[2.297s] -- Up-to-date: /home/alex/ros2_ws/install/webots_ros2_msgs/share/ament_index/resource_index/package_run_dependencies/webots_ros2_msgs
[2.297s] -- Up-to-date: /home/alex/ros2_ws/install/webots_ros2_msgs/share/ament_index/resource_index/parent_prefix_path/webots_ros2_msgs
[2.297s] -- Up-to-date: /home/alex/ros2_ws/install/webots_ros2_msgs/share/webots_ros2_msgs/environment/ament_prefix_path.sh
[2.297s] -- Up-to-date: /home/alex/ros2_ws/install/webots_ros2_msgs/share/webots_ros2_msgs/environment/ament_prefix_path.dsv
[2.298s] -- Up-to-date: /home/alex/ros2_ws/install/webots_ros2_msgs/share/webots_ros2_msgs/environment/path.sh
[2.298s] -- Up-to-date: /home/alex/ros2_ws/install/webots_ros2_msgs/share/webots_ros2_msgs/environment/path.dsv
[2.298s] -- Up-to-date: /home/alex/ros2_ws/install/webots_ros2_msgs/share/webots_ros2_msgs/local_setup.bash
[2.298s] -- Up-to-date: /home/alex/ros2_ws/install/webots_ros2_msgs/share/webots_ros2_msgs/local_setup.sh
[2.298s] -- Up-to-date: /home/alex/ros2_ws/install/webots_ros2_msgs/share/webots_ros2_msgs/local_setup.zsh
[2.299s] -- Up-to-date: /home/alex/ros2_ws/install/webots_ros2_msgs/share/webots_ros2_msgs/local_setup.dsv
[2.299s] -- Installing: /home/alex/ros2_ws/install/webots_ros2_msgs/share/webots_ros2_msgs/package.dsv
[2.299s] -- Up-to-date: /home/alex/ros2_ws/install/webots_ros2_msgs/share/ament_index/resource_index/packages/webots_ros2_msgs
[2.299s] -- Up-to-date: /home/alex/ros2_ws/install/webots_ros2_msgs/share/webots_ros2_msgs/cmake/export_webots_ros2_msgs__rosidl_generator_cExport.cmake
[2.299s] -- Up-to-date: /home/alex/ros2_ws/install/webots_ros2_msgs/share/webots_ros2_msgs/cmake/export_webots_ros2_msgs__rosidl_generator_cExport-noconfig.cmake
[2.300s] -- Up-to-date: /home/alex/ros2_ws/install/webots_ros2_msgs/share/webots_ros2_msgs/cmake/export_webots_ros2_msgs__rosidl_typesupport_fastrtps_cExport.cmake
[2.300s] -- Up-to-date: /home/alex/ros2_ws/install/webots_ros2_msgs/share/webots_ros2_msgs/cmake/export_webots_ros2_msgs__rosidl_typesupport_fastrtps_cExport-noconfig.cmake
[2.300s] -- Up-to-date: /home/alex/ros2_ws/install/webots_ros2_msgs/share/webots_ros2_msgs/cmake/export_webots_ros2_msgs__rosidl_generator_cppExport.cmake
[2.300s] -- Up-to-date: /home/alex/ros2_ws/install/webots_ros2_msgs/share/webots_ros2_msgs/cmake/export_webots_ros2_msgs__rosidl_typesupport_fastrtps_cppExport.cmake
[2.300s] -- Up-to-date: /home/alex/ros2_ws/install/webots_ros2_msgs/share/webots_ros2_msgs/cmake/export_webots_ros2_msgs__rosidl_typesupport_fastrtps_cppExport-noconfig.cmake
[2.300s] -- Up-to-date: /home/alex/ros2_ws/install/webots_ros2_msgs/share/webots_ros2_msgs/cmake/webots_ros2_msgs__rosidl_typesupport_introspection_cExport.cmake
[2.300s] -- Up-to-date: /home/alex/ros2_ws/install/webots_ros2_msgs/share/webots_ros2_msgs/cmake/webots_ros2_msgs__rosidl_typesupport_introspection_cExport-noconfig.cmake
[2.300s] -- Up-to-date: /home/alex/ros2_ws/install/webots_ros2_msgs/share/webots_ros2_msgs/cmake/webots_ros2_msgs__rosidl_typesupport_cExport.cmake
[2.300s] -- Up-to-date: /home/alex/ros2_ws/install/webots_ros2_msgs/share/webots_ros2_msgs/cmake/webots_ros2_msgs__rosidl_typesupport_cExport-noconfig.cmake
[2.300s] -- Up-to-date: /home/alex/ros2_ws/install/webots_ros2_msgs/share/webots_ros2_msgs/cmake/webots_ros2_msgs__rosidl_typesupport_introspection_cppExport.cmake
[2.301s] -- Up-to-date: /home/alex/ros2_ws/install/webots_ros2_msgs/share/webots_ros2_msgs/cmake/webots_ros2_msgs__rosidl_typesupport_introspection_cppExport-noconfig.cmake
[2.302s] -- Up-to-date: /home/alex/ros2_ws/install/webots_ros2_msgs/share/webots_ros2_msgs/cmake/webots_ros2_msgs__rosidl_typesupport_cppExport.cmake
[2.302s] -- Up-to-date: /home/alex/ros2_ws/install/webots_ros2_msgs/share/webots_ros2_msgs/cmake/webots_ros2_msgs__rosidl_typesupport_cppExport-noconfig.cmake
[2.306s] -- Up-to-date: /home/alex/ros2_ws/install/webots_ros2_msgs/share/webots_ros2_msgs/cmake/export_webots_ros2_msgs__rosidl_generator_pyExport.cmake
[2.307s] -- Up-to-date: /home/alex/ros2_ws/install/webots_ros2_msgs/share/webots_ros2_msgs/cmake/export_webots_ros2_msgs__rosidl_generator_pyExport-noconfig.cmake
[2.308s] -- Up-to-date: /home/alex/ros2_ws/install/webots_ros2_msgs/share/webots_ros2_msgs/cmake/rosidl_cmake-extras.cmake
[2.308s] -- Up-to-date: /home/alex/ros2_ws/install/webots_ros2_msgs/share/webots_ros2_msgs/cmake/ament_cmake_export_dependencies-extras.cmake
[2.308s] -- Up-to-date: /home/alex/ros2_ws/install/webots_ros2_msgs/share/webots_ros2_msgs/cmake/ament_cmake_export_include_directories-extras.cmake
[2.308s] -- Up-to-date: /home/alex/ros2_ws/install/webots_ros2_msgs/share/webots_ros2_msgs/cmake/ament_cmake_export_libraries-extras.cmake
[2.308s] -- Up-to-date: /home/alex/ros2_ws/install/webots_ros2_msgs/share/webots_ros2_msgs/cmake/ament_cmake_export_targets-extras.cmake
[2.309s] -- Up-to-date: /home/alex/ros2_ws/install/webots_ros2_msgs/share/webots_ros2_msgs/cmake/rosidl_cmake_export_typesupport_targets-extras.cmake
[2.309s] -- Up-to-date: /home/alex/ros2_ws/install/webots_ros2_msgs/share/webots_ros2_msgs/cmake/rosidl_cmake_export_typesupport_libraries-extras.cmake
[2.310s] -- Up-to-date: /home/alex/ros2_ws/install/webots_ros2_msgs/share/webots_ros2_msgs/cmake/webots_ros2_msgsConfig.cmake
[2.310s] -- Up-to-date: /home/alex/ros2_ws/install/webots_ros2_msgs/share/webots_ros2_msgs/cmake/webots_ros2_msgsConfig-version.cmake
[2.310s] -- Up-to-date: /home/alex/ros2_ws/install/webots_ros2_msgs/share/webots_ros2_msgs/package.xml
[2.690s] Invoked command in '/home/alex/ros2_ws/build/webots_ros2_msgs' returned '0': CMAKE_PREFIX_PATH=${CMAKE_PREFIX_PATH}:/home/alex/ros2_ws/install/webots_ros2:/home/alex/ros2_ws/install/webots_ros2_universal_robot:/home/alex/ros2_ws/install/webots_ros2_turtlebot:/home/alex/ros2_ws/install/webots_ros2_tiago:/home/alex/ros2_ws/install/webots_ros2_tests:/home/alex/ros2_ws/install/webots_ros2_tesla:/home/alex/ros2_ws/install/webots_ros2_mavic:/home/alex/ros2_ws/install/webots_ros2_epuck:/home/alex/ros2_ws/install/webots_ros2_importer:/home/alex/ros2_ws/install/my_py_pkg:/home/alex/rmf_ws/install/rmf_demos_tasks:/home/alex/rmf_ws/install/rmf_demos_panel:/home/alex/rmf_ws/install/rmf_demos_fleet_adapter:/home/alex/rmf_ws/install/rmf_demos_bridges:/opt/ros/humble /usr/bin/cmake --install /home/alex/ros2_ws/build/webots_ros2_msgs
