[0.397s] Invoking command in '/home/alex/ros2_ws/build/my_robot_interfaces': CMAKE_PREFIX_PATH=/home/alex/rmf_ws/install/rmf_demos_gz_classic:/home/alex/rmf_ws/install/rmf_demos_gz:/home/alex/rmf_ws/install/rmf_demos:/home/alex/rmf_ws/install/rmf_demos_maps:/home/alex/rmf_ws/install/rmf_demos_dashboard_resources:/home/alex/rmf_ws/install/rmf_demos_assets:/home/alex/ros2_ws/install/webots_ros2_control:/home/alex/ros2_ws/install/webots_ros2_driver:/home/alex/ros2_ws/install/webots_ros2_msgs:/home/alex/rmf_ws/install/rmf_demos_tasks:/home/alex/rmf_ws/install/rmf_demos_panel:/home/alex/rmf_ws/install/rmf_demos_fleet_adapter:/home/alex/rmf_ws/install/rmf_demos_bridges:/home/alex/ros2_ws/install/webots_ros2:/home/alex/ros2_ws/install/webots_ros2_universal_robot:/home/alex/ros2_ws/install/webots_ros2_turtlebot:/home/alex/ros2_ws/install/webots_ros2_tiago:/home/alex/ros2_ws/install/webots_ros2_tests:/home/alex/ros2_ws/install/webots_ros2_tesla:/home/alex/ros2_ws/install/webots_ros2_mavic:/home/alex/ros2_ws/install/webots_ros2_epuck:/home/alex/ros2_ws/install/webots_ros2_importer:/home/alex/ros2_ws/install/my_py_pkg:/opt/ros/humble:/home/alex/ros2_ws/install/turtlesim:/home/alex/ros2_ws/install/my_robot_interfaces:/home/alex/ros2_ws/install/my_cpp_pkg /usr/bin/cmake --build /home/alex/ros2_ws/build/my_robot_interfaces -- -j8 -l8
[0.471s] [  9%] Built target my_robot_interfaces__rosidl_generator_c
[0.477s] [ 12%] Built target my_robot_interfaces__cpp
[0.498s] [ 12%] Built target ament_cmake_python_copy_my_robot_interfaces
[0.531s] [ 22%] Built target my_robot_interfaces__rosidl_typesupport_fastrtps_c
[0.534s] [ 32%] Built target my_robot_interfaces__rosidl_typesupport_introspection_c
[0.535s] [ 41%] Built target my_robot_interfaces__rosidl_typesupport_c
[0.540s] [ 51%] Built target my_robot_interfaces__rosidl_typesupport_fastrtps_cpp
[0.544s] [ 61%] Built target my_robot_interfaces__rosidl_typesupport_introspection_cpp
[0.560s] [ 70%] Built target my_robot_interfaces__rosidl_typesupport_cpp
[0.584s] [ 70%] Built target my_robot_interfaces
[0.609s] [ 74%] Built target my_robot_interfaces__py
[0.636s] [ 80%] Built target my_robot_interfaces__rosidl_generator_py
[0.666s] [ 87%] Built target my_robot_interfaces__rosidl_typesupport_introspection_c__pyext
[0.666s] [ 93%] Built target my_robot_interfaces__rosidl_typesupport_fastrtps_c__pyext
[0.673s] [100%] Built target my_robot_interfaces__rosidl_typesupport_c__pyext
[0.944s] running egg_info
[0.945s] writing my_robot_interfaces.egg-info/PKG-INFO
[0.945s] writing dependency_links to my_robot_interfaces.egg-info/dependency_links.txt
[0.945s] writing top-level names to my_robot_interfaces.egg-info/top_level.txt
[0.947s] reading manifest file 'my_robot_interfaces.egg-info/SOURCES.txt'
[0.948s] writing manifest file 'my_robot_interfaces.egg-info/SOURCES.txt'
[0.978s] [100%] Built target ament_cmake_python_build_my_robot_interfaces_egg
[0.991s] Invoked command in '/home/alex/ros2_ws/build/my_robot_interfaces' returned '0': CMAKE_PREFIX_PATH=/home/alex/rmf_ws/install/rmf_demos_gz_classic:/home/alex/rmf_ws/install/rmf_demos_gz:/home/alex/rmf_ws/install/rmf_demos:/home/alex/rmf_ws/install/rmf_demos_maps:/home/alex/rmf_ws/install/rmf_demos_dashboard_resources:/home/alex/rmf_ws/install/rmf_demos_assets:/home/alex/ros2_ws/install/webots_ros2_control:/home/alex/ros2_ws/install/webots_ros2_driver:/home/alex/ros2_ws/install/webots_ros2_msgs:/home/alex/rmf_ws/install/rmf_demos_tasks:/home/alex/rmf_ws/install/rmf_demos_panel:/home/alex/rmf_ws/install/rmf_demos_fleet_adapter:/home/alex/rmf_ws/install/rmf_demos_bridges:/home/alex/ros2_ws/install/webots_ros2:/home/alex/ros2_ws/install/webots_ros2_universal_robot:/home/alex/ros2_ws/install/webots_ros2_turtlebot:/home/alex/ros2_ws/install/webots_ros2_tiago:/home/alex/ros2_ws/install/webots_ros2_tests:/home/alex/ros2_ws/install/webots_ros2_tesla:/home/alex/ros2_ws/install/webots_ros2_mavic:/home/alex/ros2_ws/install/webots_ros2_epuck:/home/alex/ros2_ws/install/webots_ros2_importer:/home/alex/ros2_ws/install/my_py_pkg:/opt/ros/humble:/home/alex/ros2_ws/install/turtlesim:/home/alex/ros2_ws/install/my_robot_interfaces:/home/alex/ros2_ws/install/my_cpp_pkg /usr/bin/cmake --build /home/alex/ros2_ws/build/my_robot_interfaces -- -j8 -l8
[1.060s] Invoking command in '/home/alex/ros2_ws/build/my_robot_interfaces': CMAKE_PREFIX_PATH=/home/alex/rmf_ws/install/rmf_demos_gz_classic:/home/alex/rmf_ws/install/rmf_demos_gz:/home/alex/rmf_ws/install/rmf_demos:/home/alex/rmf_ws/install/rmf_demos_maps:/home/alex/rmf_ws/install/rmf_demos_dashboard_resources:/home/alex/rmf_ws/install/rmf_demos_assets:/home/alex/ros2_ws/install/webots_ros2_control:/home/alex/ros2_ws/install/webots_ros2_driver:/home/alex/ros2_ws/install/webots_ros2_msgs:/home/alex/rmf_ws/install/rmf_demos_tasks:/home/alex/rmf_ws/install/rmf_demos_panel:/home/alex/rmf_ws/install/rmf_demos_fleet_adapter:/home/alex/rmf_ws/install/rmf_demos_bridges:/home/alex/ros2_ws/install/webots_ros2:/home/alex/ros2_ws/install/webots_ros2_universal_robot:/home/alex/ros2_ws/install/webots_ros2_turtlebot:/home/alex/ros2_ws/install/webots_ros2_tiago:/home/alex/ros2_ws/install/webots_ros2_tests:/home/alex/ros2_ws/install/webots_ros2_tesla:/home/alex/ros2_ws/install/webots_ros2_mavic:/home/alex/ros2_ws/install/webots_ros2_epuck:/home/alex/ros2_ws/install/webots_ros2_importer:/home/alex/ros2_ws/install/my_py_pkg:/opt/ros/humble:/home/alex/ros2_ws/install/turtlesim:/home/alex/ros2_ws/install/my_robot_interfaces:/home/alex/ros2_ws/install/my_cpp_pkg /usr/bin/cmake --install /home/alex/ros2_ws/build/my_robot_interfaces
[1.069s] -- Install configuration: ""
[1.070s] -- Up-to-date: /home/alex/ros2_ws/install/my_robot_interfaces/share/ament_index/resource_index/rosidl_interfaces/my_robot_interfaces
[1.070s] -- Up-to-date: /home/alex/ros2_ws/install/my_robot_interfaces/include/my_robot_interfaces/my_robot_interfaces
[1.070s] -- Up-to-date: /home/alex/ros2_ws/install/my_robot_interfaces/include/my_robot_interfaces/my_robot_interfaces/msg
[1.070s] -- Up-to-date: /home/alex/ros2_ws/install/my_robot_interfaces/include/my_robot_interfaces/my_robot_interfaces/msg/detail
[1.070s] -- Up-to-date: /home/alex/ros2_ws/install/my_robot_interfaces/include/my_robot_interfaces/my_robot_interfaces/msg/detail/hardware_status__struct.h
[1.070s] -- Up-to-date: /home/alex/ros2_ws/install/my_robot_interfaces/include/my_robot_interfaces/my_robot_interfaces/msg/detail/hardware_status__functions.h
[1.070s] -- Up-to-date: /home/alex/ros2_ws/install/my_robot_interfaces/include/my_robot_interfaces/my_robot_interfaces/msg/detail/hardware_status__functions.c
[1.071s] -- Up-to-date: /home/alex/ros2_ws/install/my_robot_interfaces/include/my_robot_interfaces/my_robot_interfaces/msg/detail/hardware_status__type_support.h
[1.071s] -- Up-to-date: /home/alex/ros2_ws/install/my_robot_interfaces/include/my_robot_interfaces/my_robot_interfaces/msg/rosidl_generator_c__visibility_control.h
[1.071s] -- Up-to-date: /home/alex/ros2_ws/install/my_robot_interfaces/include/my_robot_interfaces/my_robot_interfaces/msg/hardware_status.h
[1.071s] -- Up-to-date: /home/alex/ros2_ws/install/my_robot_interfaces/share/my_robot_interfaces/environment/library_path.sh
[1.071s] -- Up-to-date: /home/alex/ros2_ws/install/my_robot_interfaces/share/my_robot_interfaces/environment/library_path.dsv
[1.071s] -- Up-to-date: /home/alex/ros2_ws/install/my_robot_interfaces/lib/libmy_robot_interfaces__rosidl_generator_c.so
[1.071s] -- Up-to-date: /home/alex/ros2_ws/install/my_robot_interfaces/include/my_robot_interfaces/my_robot_interfaces
[1.071s] -- Up-to-date: /home/alex/ros2_ws/install/my_robot_interfaces/include/my_robot_interfaces/my_robot_interfaces/msg
[1.071s] -- Up-to-date: /home/alex/ros2_ws/install/my_robot_interfaces/include/my_robot_interfaces/my_robot_interfaces/msg/rosidl_typesupport_fastrtps_c__visibility_control.h
[1.071s] -- Up-to-date: /home/alex/ros2_ws/install/my_robot_interfaces/include/my_robot_interfaces/my_robot_interfaces/msg/detail
[1.071s] -- Up-to-date: /home/alex/ros2_ws/install/my_robot_interfaces/include/my_robot_interfaces/my_robot_interfaces/msg/detail/hardware_status__rosidl_typesupport_fastrtps_c.h
[1.072s] -- Up-to-date: /home/alex/ros2_ws/install/my_robot_interfaces/lib/libmy_robot_interfaces__rosidl_typesupport_fastrtps_c.so
[1.072s] -- Up-to-date: /home/alex/ros2_ws/install/my_robot_interfaces/include/my_robot_interfaces/my_robot_interfaces
[1.072s] -- Up-to-date: /home/alex/ros2_ws/install/my_robot_interfaces/include/my_robot_interfaces/my_robot_interfaces/msg
[1.072s] -- Up-to-date: /home/alex/ros2_ws/install/my_robot_interfaces/include/my_robot_interfaces/my_robot_interfaces/msg/rosidl_typesupport_introspection_c__visibility_control.h
[1.072s] -- Up-to-date: /home/alex/ros2_ws/install/my_robot_interfaces/include/my_robot_interfaces/my_robot_interfaces/msg/detail
[1.072s] -- Up-to-date: /home/alex/ros2_ws/install/my_robot_interfaces/include/my_robot_interfaces/my_robot_interfaces/msg/detail/hardware_status__rosidl_typesupport_introspection_c.h
[1.072s] -- Up-to-date: /home/alex/ros2_ws/install/my_robot_interfaces/include/my_robot_interfaces/my_robot_interfaces/msg/detail/hardware_status__type_support.c
[1.072s] -- Up-to-date: /home/alex/ros2_ws/install/my_robot_interfaces/lib/libmy_robot_interfaces__rosidl_typesupport_introspection_c.so
[1.072s] -- Up-to-date: /home/alex/ros2_ws/install/my_robot_interfaces/lib/libmy_robot_interfaces__rosidl_typesupport_c.so
[1.072s] -- Up-to-date: /home/alex/ros2_ws/install/my_robot_interfaces/include/my_robot_interfaces/my_robot_interfaces
[1.073s] -- Up-to-date: /home/alex/ros2_ws/install/my_robot_interfaces/include/my_robot_interfaces/my_robot_interfaces/msg
[1.073s] -- Up-to-date: /home/alex/ros2_ws/install/my_robot_interfaces/include/my_robot_interfaces/my_robot_interfaces/msg/hardware_status.hpp
[1.073s] -- Up-to-date: /home/alex/ros2_ws/install/my_robot_interfaces/include/my_robot_interfaces/my_robot_interfaces/msg/detail
[1.073s] -- Up-to-date: /home/alex/ros2_ws/install/my_robot_interfaces/include/my_robot_interfaces/my_robot_interfaces/msg/detail/hardware_status__traits.hpp
[1.073s] -- Up-to-date: /home/alex/ros2_ws/install/my_robot_interfaces/include/my_robot_interfaces/my_robot_interfaces/msg/detail/hardware_status__struct.hpp
[1.073s] -- Up-to-date: /home/alex/ros2_ws/install/my_robot_interfaces/include/my_robot_interfaces/my_robot_interfaces/msg/detail/hardware_status__builder.hpp
[1.073s] -- Up-to-date: /home/alex/ros2_ws/install/my_robot_interfaces/include/my_robot_interfaces/my_robot_interfaces
[1.073s] -- Up-to-date: /home/alex/ros2_ws/install/my_robot_interfaces/include/my_robot_interfaces/my_robot_interfaces/msg
[1.073s] -- Up-to-date: /home/alex/ros2_ws/install/my_robot_interfaces/include/my_robot_interfaces/my_robot_interfaces/msg/rosidl_typesupport_fastrtps_cpp__visibility_control.h
[1.073s] -- Up-to-date: /home/alex/ros2_ws/install/my_robot_interfaces/include/my_robot_interfaces/my_robot_interfaces/msg/detail
[1.073s] -- Up-to-date: /home/alex/ros2_ws/install/my_robot_interfaces/include/my_robot_interfaces/my_robot_interfaces/msg/detail/dds_fastrtps
[1.073s] -- Up-to-date: /home/alex/ros2_ws/install/my_robot_interfaces/include/my_robot_interfaces/my_robot_interfaces/msg/detail/hardware_status__rosidl_typesupport_fastrtps_cpp.hpp
[1.074s] -- Up-to-date: /home/alex/ros2_ws/install/my_robot_interfaces/lib/libmy_robot_interfaces__rosidl_typesupport_fastrtps_cpp.so
[1.074s] -- Up-to-date: /home/alex/ros2_ws/install/my_robot_interfaces/include/my_robot_interfaces/my_robot_interfaces
[1.074s] -- Up-to-date: /home/alex/ros2_ws/install/my_robot_interfaces/include/my_robot_interfaces/my_robot_interfaces/msg
[1.074s] -- Up-to-date: /home/alex/ros2_ws/install/my_robot_interfaces/include/my_robot_interfaces/my_robot_interfaces/msg/detail
[1.074s] -- Up-to-date: /home/alex/ros2_ws/install/my_robot_interfaces/include/my_robot_interfaces/my_robot_interfaces/msg/detail/hardware_status__type_support.cpp
[1.074s] -- Up-to-date: /home/alex/ros2_ws/install/my_robot_interfaces/include/my_robot_interfaces/my_robot_interfaces/msg/detail/hardware_status__rosidl_typesupport_introspection_cpp.hpp
[1.074s] -- Up-to-date: /home/alex/ros2_ws/install/my_robot_interfaces/lib/libmy_robot_interfaces__rosidl_typesupport_introspection_cpp.so
[1.074s] -- Up-to-date: /home/alex/ros2_ws/install/my_robot_interfaces/lib/libmy_robot_interfaces__rosidl_typesupport_cpp.so
[1.074s] -- Up-to-date: /home/alex/ros2_ws/install/my_robot_interfaces/share/my_robot_interfaces/environment/pythonpath.sh
[1.075s] -- Up-to-date: /home/alex/ros2_ws/install/my_robot_interfaces/share/my_robot_interfaces/environment/pythonpath.dsv
[1.075s] -- Up-to-date: /home/alex/ros2_ws/install/my_robot_interfaces/local/lib/python3.10/dist-packages/my_robot_interfaces-0.0.0-py3.10.egg-info
[1.075s] -- Installing: /home/alex/ros2_ws/install/my_robot_interfaces/local/lib/python3.10/dist-packages/my_robot_interfaces-0.0.0-py3.10.egg-info/dependency_links.txt
[1.075s] -- Installing: /home/alex/ros2_ws/install/my_robot_interfaces/local/lib/python3.10/dist-packages/my_robot_interfaces-0.0.0-py3.10.egg-info/top_level.txt
[1.075s] -- Installing: /home/alex/ros2_ws/install/my_robot_interfaces/local/lib/python3.10/dist-packages/my_robot_interfaces-0.0.0-py3.10.egg-info/PKG-INFO
[1.075s] -- Installing: /home/alex/ros2_ws/install/my_robot_interfaces/local/lib/python3.10/dist-packages/my_robot_interfaces-0.0.0-py3.10.egg-info/SOURCES.txt
[1.075s] -- Up-to-date: /home/alex/ros2_ws/install/my_robot_interfaces/local/lib/python3.10/dist-packages/my_robot_interfaces
[1.075s] -- Up-to-date: /home/alex/ros2_ws/install/my_robot_interfaces/local/lib/python3.10/dist-packages/my_robot_interfaces/my_robot_interfaces_s__rosidl_typesupport_fastrtps_c.cpython-310-x86_64-linux-gnu.so
[1.075s] -- Up-to-date: /home/alex/ros2_ws/install/my_robot_interfaces/local/lib/python3.10/dist-packages/my_robot_interfaces/libmy_robot_interfaces__rosidl_generator_py.so
[1.075s] -- Up-to-date: /home/alex/ros2_ws/install/my_robot_interfaces/local/lib/python3.10/dist-packages/my_robot_interfaces/my_robot_interfaces_s__rosidl_typesupport_introspection_c.cpython-310-x86_64-linux-gnu.so
[1.075s] -- Up-to-date: /home/alex/ros2_ws/install/my_robot_interfaces/local/lib/python3.10/dist-packages/my_robot_interfaces/_my_robot_interfaces_s.ep.rosidl_typesupport_fastrtps_c.c
[1.075s] -- Up-to-date: /home/alex/ros2_ws/install/my_robot_interfaces/local/lib/python3.10/dist-packages/my_robot_interfaces/my_robot_interfaces_s__rosidl_typesupport_c.cpython-310-x86_64-linux-gnu.so
[1.076s] -- Up-to-date: /home/alex/ros2_ws/install/my_robot_interfaces/local/lib/python3.10/dist-packages/my_robot_interfaces/__init__.py
[1.076s] -- Up-to-date: /home/alex/ros2_ws/install/my_robot_interfaces/local/lib/python3.10/dist-packages/my_robot_interfaces/_my_robot_interfaces_s.ep.rosidl_typesupport_introspection_c.c
[1.076s] -- Up-to-date: /home/alex/ros2_ws/install/my_robot_interfaces/local/lib/python3.10/dist-packages/my_robot_interfaces/_my_robot_interfaces_s.ep.rosidl_typesupport_c.c
[1.076s] -- Up-to-date: /home/alex/ros2_ws/install/my_robot_interfaces/local/lib/python3.10/dist-packages/my_robot_interfaces/msg
[1.076s] -- Up-to-date: /home/alex/ros2_ws/install/my_robot_interfaces/local/lib/python3.10/dist-packages/my_robot_interfaces/msg/_hardware_status.py
[1.076s] -- Up-to-date: /home/alex/ros2_ws/install/my_robot_interfaces/local/lib/python3.10/dist-packages/my_robot_interfaces/msg/_hardware_status_s.c
[1.076s] -- Up-to-date: /home/alex/ros2_ws/install/my_robot_interfaces/local/lib/python3.10/dist-packages/my_robot_interfaces/msg/__init__.py
[1.124s] Listing '/home/alex/ros2_ws/install/my_robot_interfaces/local/lib/python3.10/dist-packages/my_robot_interfaces'...
[1.124s] Listing '/home/alex/ros2_ws/install/my_robot_interfaces/local/lib/python3.10/dist-packages/my_robot_interfaces/msg'...
[1.129s] -- Up-to-date: /home/alex/ros2_ws/install/my_robot_interfaces/local/lib/python3.10/dist-packages/my_robot_interfaces/my_robot_interfaces_s__rosidl_typesupport_fastrtps_c.cpython-310-x86_64-linux-gnu.so
[1.129s] -- Up-to-date: /home/alex/ros2_ws/install/my_robot_interfaces/local/lib/python3.10/dist-packages/my_robot_interfaces/my_robot_interfaces_s__rosidl_typesupport_introspection_c.cpython-310-x86_64-linux-gnu.so
[1.130s] -- Up-to-date: /home/alex/ros2_ws/install/my_robot_interfaces/local/lib/python3.10/dist-packages/my_robot_interfaces/my_robot_interfaces_s__rosidl_typesupport_c.cpython-310-x86_64-linux-gnu.so
[1.130s] -- Up-to-date: /home/alex/ros2_ws/install/my_robot_interfaces/lib/libmy_robot_interfaces__rosidl_generator_py.so
[1.130s] -- Up-to-date: /home/alex/ros2_ws/install/my_robot_interfaces/share/my_robot_interfaces/msg/HardwareStatus.idl
[1.130s] -- Up-to-date: /home/alex/ros2_ws/install/my_robot_interfaces/share/my_robot_interfaces/msg/HardwareStatus.msg
[1.131s] -- Up-to-date: /home/alex/ros2_ws/install/my_robot_interfaces/share/ament_index/resource_index/package_run_dependencies/my_robot_interfaces
[1.131s] -- Up-to-date: /home/alex/ros2_ws/install/my_robot_interfaces/share/ament_index/resource_index/parent_prefix_path/my_robot_interfaces
[1.131s] -- Up-to-date: /home/alex/ros2_ws/install/my_robot_interfaces/share/my_robot_interfaces/environment/ament_prefix_path.sh
[1.131s] -- Up-to-date: /home/alex/ros2_ws/install/my_robot_interfaces/share/my_robot_interfaces/environment/ament_prefix_path.dsv
[1.131s] -- Up-to-date: /home/alex/ros2_ws/install/my_robot_interfaces/share/my_robot_interfaces/environment/path.sh
[1.131s] -- Up-to-date: /home/alex/ros2_ws/install/my_robot_interfaces/share/my_robot_interfaces/environment/path.dsv
[1.131s] -- Up-to-date: /home/alex/ros2_ws/install/my_robot_interfaces/share/my_robot_interfaces/local_setup.bash
[1.131s] -- Up-to-date: /home/alex/ros2_ws/install/my_robot_interfaces/share/my_robot_interfaces/local_setup.sh
[1.131s] -- Up-to-date: /home/alex/ros2_ws/install/my_robot_interfaces/share/my_robot_interfaces/local_setup.zsh
[1.132s] -- Up-to-date: /home/alex/ros2_ws/install/my_robot_interfaces/share/my_robot_interfaces/local_setup.dsv
[1.132s] -- Installing: /home/alex/ros2_ws/install/my_robot_interfaces/share/my_robot_interfaces/package.dsv
[1.132s] -- Up-to-date: /home/alex/ros2_ws/install/my_robot_interfaces/share/ament_index/resource_index/packages/my_robot_interfaces
[1.132s] -- Up-to-date: /home/alex/ros2_ws/install/my_robot_interfaces/share/my_robot_interfaces/cmake/export_my_robot_interfaces__rosidl_generator_cExport.cmake
[1.132s] -- Up-to-date: /home/alex/ros2_ws/install/my_robot_interfaces/share/my_robot_interfaces/cmake/export_my_robot_interfaces__rosidl_generator_cExport-noconfig.cmake
[1.132s] -- Up-to-date: /home/alex/ros2_ws/install/my_robot_interfaces/share/my_robot_interfaces/cmake/export_my_robot_interfaces__rosidl_typesupport_fastrtps_cExport.cmake
[1.132s] -- Up-to-date: /home/alex/ros2_ws/install/my_robot_interfaces/share/my_robot_interfaces/cmake/export_my_robot_interfaces__rosidl_typesupport_fastrtps_cExport-noconfig.cmake
[1.132s] -- Up-to-date: /home/alex/ros2_ws/install/my_robot_interfaces/share/my_robot_interfaces/cmake/my_robot_interfaces__rosidl_typesupport_introspection_cExport.cmake
[1.132s] -- Up-to-date: /home/alex/ros2_ws/install/my_robot_interfaces/share/my_robot_interfaces/cmake/my_robot_interfaces__rosidl_typesupport_introspection_cExport-noconfig.cmake
[1.132s] -- Up-to-date: /home/alex/ros2_ws/install/my_robot_interfaces/share/my_robot_interfaces/cmake/my_robot_interfaces__rosidl_typesupport_cExport.cmake
[1.133s] -- Up-to-date: /home/alex/ros2_ws/install/my_robot_interfaces/share/my_robot_interfaces/cmake/my_robot_interfaces__rosidl_typesupport_cExport-noconfig.cmake
[1.133s] -- Up-to-date: /home/alex/ros2_ws/install/my_robot_interfaces/share/my_robot_interfaces/cmake/export_my_robot_interfaces__rosidl_generator_cppExport.cmake
[1.133s] -- Up-to-date: /home/alex/ros2_ws/install/my_robot_interfaces/share/my_robot_interfaces/cmake/export_my_robot_interfaces__rosidl_typesupport_fastrtps_cppExport.cmake
[1.133s] -- Up-to-date: /home/alex/ros2_ws/install/my_robot_interfaces/share/my_robot_interfaces/cmake/export_my_robot_interfaces__rosidl_typesupport_fastrtps_cppExport-noconfig.cmake
[1.133s] -- Up-to-date: /home/alex/ros2_ws/install/my_robot_interfaces/share/my_robot_interfaces/cmake/my_robot_interfaces__rosidl_typesupport_introspection_cppExport.cmake
[1.133s] -- Up-to-date: /home/alex/ros2_ws/install/my_robot_interfaces/share/my_robot_interfaces/cmake/my_robot_interfaces__rosidl_typesupport_introspection_cppExport-noconfig.cmake
[1.133s] -- Up-to-date: /home/alex/ros2_ws/install/my_robot_interfaces/share/my_robot_interfaces/cmake/my_robot_interfaces__rosidl_typesupport_cppExport.cmake
[1.133s] -- Up-to-date: /home/alex/ros2_ws/install/my_robot_interfaces/share/my_robot_interfaces/cmake/my_robot_interfaces__rosidl_typesupport_cppExport-noconfig.cmake
[1.133s] -- Up-to-date: /home/alex/ros2_ws/install/my_robot_interfaces/share/my_robot_interfaces/cmake/export_my_robot_interfaces__rosidl_generator_pyExport.cmake
[1.134s] -- Up-to-date: /home/alex/ros2_ws/install/my_robot_interfaces/share/my_robot_interfaces/cmake/export_my_robot_interfaces__rosidl_generator_pyExport-noconfig.cmake
[1.134s] -- Up-to-date: /home/alex/ros2_ws/install/my_robot_interfaces/share/my_robot_interfaces/cmake/rosidl_cmake-extras.cmake
[1.134s] -- Up-to-date: /home/alex/ros2_ws/install/my_robot_interfaces/share/my_robot_interfaces/cmake/ament_cmake_export_include_directories-extras.cmake
[1.134s] -- Up-to-date: /home/alex/ros2_ws/install/my_robot_interfaces/share/my_robot_interfaces/cmake/ament_cmake_export_libraries-extras.cmake
[1.134s] -- Up-to-date: /home/alex/ros2_ws/install/my_robot_interfaces/share/my_robot_interfaces/cmake/ament_cmake_export_targets-extras.cmake
[1.134s] -- Up-to-date: /home/alex/ros2_ws/install/my_robot_interfaces/share/my_robot_interfaces/cmake/rosidl_cmake_export_typesupport_targets-extras.cmake
[1.134s] -- Up-to-date: /home/alex/ros2_ws/install/my_robot_interfaces/share/my_robot_interfaces/cmake/ament_cmake_export_dependencies-extras.cmake
[1.134s] -- Up-to-date: /home/alex/ros2_ws/install/my_robot_interfaces/share/my_robot_interfaces/cmake/rosidl_cmake_export_typesupport_libraries-extras.cmake
[1.134s] -- Up-to-date: /home/alex/ros2_ws/install/my_robot_interfaces/share/my_robot_interfaces/cmake/my_robot_interfacesConfig.cmake
[1.134s] -- Up-to-date: /home/alex/ros2_ws/install/my_robot_interfaces/share/my_robot_interfaces/cmake/my_robot_interfacesConfig-version.cmake
[1.134s] -- Up-to-date: /home/alex/ros2_ws/install/my_robot_interfaces/share/my_robot_interfaces/package.xml
[1.135s] Invoked command in '/home/alex/ros2_ws/build/my_robot_interfaces' returned '0': CMAKE_PREFIX_PATH=/home/alex/rmf_ws/install/rmf_demos_gz_classic:/home/alex/rmf_ws/install/rmf_demos_gz:/home/alex/rmf_ws/install/rmf_demos:/home/alex/rmf_ws/install/rmf_demos_maps:/home/alex/rmf_ws/install/rmf_demos_dashboard_resources:/home/alex/rmf_ws/install/rmf_demos_assets:/home/alex/ros2_ws/install/webots_ros2_control:/home/alex/ros2_ws/install/webots_ros2_driver:/home/alex/ros2_ws/install/webots_ros2_msgs:/home/alex/rmf_ws/install/rmf_demos_tasks:/home/alex/rmf_ws/install/rmf_demos_panel:/home/alex/rmf_ws/install/rmf_demos_fleet_adapter:/home/alex/rmf_ws/install/rmf_demos_bridges:/home/alex/ros2_ws/install/webots_ros2:/home/alex/ros2_ws/install/webots_ros2_universal_robot:/home/alex/ros2_ws/install/webots_ros2_turtlebot:/home/alex/ros2_ws/install/webots_ros2_tiago:/home/alex/ros2_ws/install/webots_ros2_tests:/home/alex/ros2_ws/install/webots_ros2_tesla:/home/alex/ros2_ws/install/webots_ros2_mavic:/home/alex/ros2_ws/install/webots_ros2_epuck:/home/alex/ros2_ws/install/webots_ros2_importer:/home/alex/ros2_ws/install/my_py_pkg:/opt/ros/humble:/home/alex/ros2_ws/install/turtlesim:/home/alex/ros2_ws/install/my_robot_interfaces:/home/alex/ros2_ws/install/my_cpp_pkg /usr/bin/cmake --install /home/alex/ros2_ws/build/my_robot_interfaces
